Log file open, 10/04/20 13:38:19
LogWindows: Failed to load 'aqProf.dll' (GetLastError=126)
LogWindows: File 'aqProf.dll' does not exist
LogWindows: Failed to load 'VSPerf140.dll' (GetLastError=126)
LogWindows: File 'VSPerf140.dll' does not exist
LogWindows: Failed to load 'VtuneApi.dll' (GetLastError=126)
LogWindows: File 'VtuneApi.dll' does not exist
LogWindows: Failed to load 'VtuneApi32e.dll' (GetLastError=126)
LogWindows: File 'VtuneApi32e.dll' does not exist
LogInit: Display: Running engine for game: MuseoVirtualUdem
LogPlatformFile: Not using cached read wrapper
LogInit: Display: RandInit(-1656204834) SRandInit(-1656204834).
LogInit: Read version file with build ID '3709383'
LogInit: Overriding engine version to CL 3832480, compatible CL 3709383
LogInit: Registered custom module enumerator with build ID '3709383'
LogTaskGraph: Started task graph with 5 named threads and 20 total threads with 3 sets of task threads.
LogStats: Stats thread started at 3.369653
LogD3D11RHI: Aftermath initialized
LogModuleManager: Display: Found up-to-date module file ../../../Engine/Plugins/Marketplace/GameSparks/Binaries/Win64/UE4Editor-GameSparks.dll (API version 3709383).
LogModuleManager: Display: Found up-to-date module file ../../../Engine/Plugins/Marketplace/GameSparks/Binaries/Win64/UE4Editor-OnlineSubsystemGameSparks.dll (API version 3709383).
LogModuleManager: Display: Found up-to-date module file ../../../Engine/Plugins/Online/OnlineSubsystem/Binaries/Win64/UE4Editor-OnlineSubsystem.dll (API version 3709383).
LogModuleManager: Display: Found up-to-date module file ../../../Engine/Plugins/Online/OnlineSubsystemUtils/Binaries/Win64/UE4Editor-OnlineSubsystemUtils.dll (API version 3709383).
LogModuleManager: Display: Found up-to-date module file ../../../Engine/Plugins/Online/OnlineSubsystemUtils/Binaries/Win64/UE4Editor-OnlineBlueprintSupport.dll (API version 3709383).
LogModuleManager: Display: Found up-to-date module file ../../../Engine/Plugins/2D/Paper2D/Binaries/Win64/UE4Editor-Paper2D.dll (API version 3709383).
LogModuleManager: Display: Found up-to-date module file ../../../Engine/Plugins/2D/Paper2D/Binaries/Win64/UE4Editor-Paper2DEditor.dll (API version 3709383).
LogModuleManager: Display: Found up-to-date module file ../../../Engine/Plugins/2D/Paper2D/Binaries/Win64/UE4Editor-PaperSpriteSheetImporter.dll (API version 3709383).
LogModuleManager: Display: Found up-to-date module file ../../../Engine/Plugins/2D/Paper2D/Binaries/Win64/UE4Editor-PaperTiledImporter.dll (API version 3709383).
LogModuleManager: Display: Found up-to-date module file ../../../Engine/Plugins/2D/Paper2D/Binaries/Win64/UE4Editor-SmartSnapping.dll (API version 3709383).
LogModuleManager: Display: Found up-to-date module file ../../../Engine/Plugins/Blendables/LightPropagationVolume/Binaries/Win64/UE4Editor-LightPropagationVolumeRuntime.dll (API version 3709383).
LogModuleManager: Display: Found up-to-date module file ../../../Engine/Plugins/Blendables/LightPropagationVolume/Binaries/Win64/UE4Editor-LightPropagationVolumeEditor.dll (API version 3709383).
LogModuleManager: Display: Found up-to-date module file ../../../Engine/Plugins/Developer/GitSourceControl/Binaries/Win64/UE4Editor-GitSourceControl.dll (API version 3709383).
LogModuleManager: Display: Found up-to-date module file ../../../Engine/Plugins/Developer/PerforceSourceControl/Binaries/Win64/UE4Editor-PerforceSourceControl.dll (API version 3709383).
LogModuleManager: Display: Found up-to-date module file ../../../Engine/Plugins/Developer/SubversionSourceControl/Binaries/Win64/UE4Editor-SubversionSourceControl.dll (API version 3709383).
LogModuleManager: Display: Found up-to-date module file ../../../Engine/Plugins/Developer/UObjectPlugin/Binaries/Win64/UE4Editor-UObjectPlugin.dll (API version 3709383).
LogModuleManager: Display: Found up-to-date module file ../../../Engine/Plugins/Developer/VisualStudioCodeSourceCodeAccess/Binaries/Win64/UE4Editor-VisualStudioCodeSourceCodeAccess.dll (API version 3709383).
LogModuleManager: Display: Found up-to-date module file ../../../Engine/Plugins/Developer/VisualStudioSourceCodeAccess/Binaries/Win64/UE4Editor-VisualStudioSourceCodeAccess.dll (API version 3709383).
LogModuleManager: Display: Found up-to-date module file ../../../Engine/Plugins/Editor/AssetManagerEditor/Binaries/Win64/UE4Editor-AssetManagerEditor.dll (API version 3709383).
LogModuleManager: Display: Found up-to-date module file ../../../Engine/Plugins/Editor/AudioCapture/Binaries/Win64/UE4Editor-AudioCapture.dll (API version 3709383).
LogModuleManager: Display: Found up-to-date module file ../../../Engine/Plugins/Editor/FacialAnimation/Binaries/Win64/UE4Editor-FacialAnimation.dll (API version 3709383).
LogModuleManager: Display: Found up-to-date module file ../../../Engine/Plugins/Editor/FacialAnimation/Binaries/Win64/UE4Editor-FacialAnimationEditor.dll (API version 3709383).
LogModuleManager: Display: Found up-to-date module file ../../../Engine/Plugins/Editor/GameplayTagsEditor/Binaries/Win64/UE4Editor-GameplayTagsEditor.dll (API version 3709383).
LogModuleManager: Display: Found up-to-date module file ../../../Engine/Plugins/Editor/MobileLauncherProfileWizard/Binaries/Win64/UE4Editor-MobileLauncherProfileWizard.dll (API version 3709383).
LogModuleManager: Display: Found up-to-date module file ../../../Engine/Plugins/Editor/PluginBrowser/Binaries/Win64/UE4Editor-PluginBrowser.dll (API version 3709383).
LogModuleManager: Display: Found up-to-date module file ../../../Engine/Plugins/Editor/SpeedTreeImporter/Binaries/Win64/UE4Editor-SpeedTreeImporter.dll (API version 3709383).
LogModuleManager: Display: Found up-to-date module file ../../../Engine/Plugins/Experimental/AlembicImporter/Binaries/Win64/UE4Editor-AlembicImporter.dll (API version 3709383).
LogModuleManager: Display: Found up-to-date module file ../../../Engine/Plugins/Experimental/AlembicImporter/Binaries/Win64/UE4Editor-AlembicLibrary.dll (API version 3709383).
LogModuleManager: Display: Found up-to-date module file ../../../Engine/Plugins/Experimental/CharacterAI/Binaries/Win64/UE4Editor-CharacterAI.dll (API version 3709383).
LogModuleManager: Display: Found up-to-date module file ../../../Engine/Plugins/Experimental/HTML5Networking/Binaries/Win64/UE4Editor-HTML5Networking.dll (API version 3709383).
LogModuleManager: Display: Found up-to-date module file ../../../Engine/Plugins/Media/AndroidMedia/Binaries/Win64/UE4Editor-AndroidMediaEditor.dll (API version 3709383).
LogModuleManager: Display: Found up-to-date module file ../../../Engine/Plugins/Media/AndroidMedia/Binaries/Win64/UE4Editor-AndroidMediaFactory.dll (API version 3709383).
LogModuleManager: Display: Found up-to-date module file ../../../Engine/Plugins/Media/AvfMedia/Binaries/Win64/UE4Editor-AvfMediaEditor.dll (API version 3709383).
LogModuleManager: Display: Found up-to-date module file ../../../Engine/Plugins/Media/AvfMedia/Binaries/Win64/UE4Editor-AvfMediaFactory.dll (API version 3709383).
LogModuleManager: Display: Found up-to-date module file ../../../Engine/Plugins/Media/AvfMedia/Binaries/Win64/UE4Editor-AvfMediaFactory.dll (API version 3709383).
LogModuleManager: Display: Found up-to-date module file ../../../Engine/Plugins/Media/ImgMedia/Binaries/Win64/UE4Editor-ImgMedia.dll (API version 3709383).
LogModuleManager: Display: Found up-to-date module file ../../../Engine/Plugins/Media/ImgMedia/Binaries/Win64/UE4Editor-ImgMediaEditor.dll (API version 3709383).
LogModuleManager: Display: Found up-to-date module file ../../../Engine/Plugins/Media/ImgMedia/Binaries/Win64/UE4Editor-ImgMediaFactory.dll (API version 3709383).
LogModuleManager: Display: Found up-to-date module file ../../../Engine/Plugins/Media/ImgMedia/Binaries/Win64/UE4Editor-ImgMediaFactory.dll (API version 3709383).
LogModuleManager: Display: Found up-to-date module file ../../../Engine/Plugins/Media/ImgMedia/Binaries/Win64/UE4Editor-OpenExrWrapper.dll (API version 3709383).
LogModuleManager: Display: Found up-to-date module file ../../../Engine/Plugins/Media/MediaCompositing/Binaries/Win64/UE4Editor-MediaCompositing.dll (API version 3709383).
LogModuleManager: Display: Found up-to-date module file ../../../Engine/Plugins/Media/MediaCompositing/Binaries/Win64/UE4Editor-MediaCompositingEditor.dll (API version 3709383).
LogModuleManager: Display: Found up-to-date module file ../../../Engine/Plugins/Media/MediaPlayerEditor/Binaries/Win64/UE4Editor-MediaPlayerEditor.dll (API version 3709383).
LogModuleManager: Display: Found up-to-date module file ../../../Engine/Plugins/Media/WmfMedia/Binaries/Win64/UE4Editor-WmfMedia.dll (API version 3709383).
LogModuleManager: Display: Found up-to-date module file ../../../Engine/Plugins/Media/WmfMedia/Binaries/Win64/UE4Editor-WmfMediaEditor.dll (API version 3709383).
LogModuleManager: Display: Found up-to-date module file ../../../Engine/Plugins/Media/WmfMedia/Binaries/Win64/UE4Editor-WmfMediaFactory.dll (API version 3709383).
LogModuleManager: Display: Found up-to-date module file ../../../Engine/Plugins/Media/WmfMedia/Binaries/Win64/UE4Editor-WmfMediaFactory.dll (API version 3709383).
LogModuleManager: Display: Found up-to-date module file ../../../Engine/Plugins/Messaging/TcpMessaging/Binaries/Win64/UE4Editor-TcpMessaging.dll (API version 3709383).
LogModuleManager: Display: Found up-to-date module file ../../../Engine/Plugins/Messaging/UdpMessaging/Binaries/Win64/UE4Editor-UdpMessaging.dll (API version 3709383).
LogModuleManager: Display: Found up-to-date module file ../../../Engine/Plugins/MovieScene/ActorSequence/Binaries/Win64/UE4Editor-ActorSequence.dll (API version 3709383).
LogModuleManager: Display: Found up-to-date module file ../../../Engine/Plugins/MovieScene/LevelSequenceEditor/Binaries/Win64/UE4Editor-LevelSequenceEditor.dll (API version 3709383).
LogModuleManager: Display: Found up-to-date module file ../../../Engine/Plugins/MovieScene/MatineeToLevelSequence/Binaries/Win64/UE4Editor-MatineeToLevelSequence.dll (API version 3709383).
LogModuleManager: Display: Found up-to-date module file ../../../Engine/Plugins/Runtime/AndroidPermission/Binaries/Win64/UE4Editor-AndroidPermission.dll (API version 3709383).
LogModuleManager: Display: Found up-to-date module file ../../../Engine/Plugins/Online/OnlineSubsystemNull/Binaries/Win64/UE4Editor-OnlineSubsystemNull.dll (API version 3709383).
LogModuleManager: Display: Found up-to-date module file ../../../Engine/Plugins/Runtime/AndroidDeviceProfileSelector/Binaries/Win64/UE4Editor-AndroidDeviceProfileSelector.dll (API version 3709383).
LogModuleManager: Display: Found up-to-date module file ../../../Engine/Plugins/Runtime/AppleARKit/Binaries/Win64/UE4Editor-AppleARKit.dll (API version 3709383).
LogModuleManager: Display: Found up-to-date module file ../../../Engine/Plugins/Runtime/ArchVisCharacter/Binaries/Win64/UE4Editor-ArchVisCharacter.dll (API version 3709383).
LogModuleManager: Display: Found up-to-date module file ../../../Engine/Plugins/Runtime/CableComponent/Binaries/Win64/UE4Editor-CableComponent.dll (API version 3709383).
LogModuleManager: Display: Found up-to-date module file ../../../Engine/Plugins/Runtime/CustomMeshComponent/Binaries/Win64/UE4Editor-CustomMeshComponent.dll (API version 3709383).
LogModuleManager: Display: Found up-to-date module file ../../../Engine/Plugins/Runtime/ExampleDeviceProfileSelector/Binaries/Win64/UE4Editor-ExampleDeviceProfileSelector.dll (API version 3709383).
LogModuleManager: Display: Found up-to-date module file ../../../Engine/Plugins/Runtime/ImmediatePhysics/Binaries/Win64/UE4Editor-ImmediatePhysics.dll (API version 3709383).
LogModuleManager: Display: Found up-to-date module file ../../../Engine/Plugins/Runtime/ImmediatePhysics/Binaries/Win64/UE4Editor-ImmediatePhysicsEditor.dll (API version 3709383).
LogModuleManager: Display: Found up-to-date module file ../../../Engine/Plugins/Runtime/LocationServicesBPLibrary/Binaries/Win64/UE4Editor-LocationServicesBPLibrary.dll (API version 3709383).
LogModuleManager: Display: Found up-to-date module file ../../../Engine/Plugins/Runtime/MobilePatchingUtils/Binaries/Win64/UE4Editor-MobilePatchingUtils.dll (API version 3709383).
LogModuleManager: Display: Found up-to-date module file ../../../Engine/Plugins/Runtime/Oculus/OculusVR/Binaries/Win64/UE4Editor-OculusHMD.dll (API version 3709383).
LogModuleManager: Display: Found up-to-date module file ../../../Engine/Plugins/Runtime/Oculus/OculusVR/Binaries/Win64/UE4Editor-OculusInput.dll (API version 3709383).
LogModuleManager: Display: Found up-to-date module file ../../../Engine/Plugins/Runtime/Oculus/OculusVR/Binaries/Win64/UE4Editor-OculusEditor.dll (API version 3709383).
LogModuleManager: Display: Found up-to-date module file ../../../Engine/Plugins/Runtime/PhysXVehicles/Binaries/Win64/UE4Editor-PhysXVehicles.dll (API version 3709383).
LogModuleManager: Display: Found up-to-date module file ../../../Engine/Plugins/Runtime/PhysXVehicles/Binaries/Win64/UE4Editor-PhysXVehiclesEditor.dll (API version 3709383).
LogModuleManager: Display: Found up-to-date module file ../../../Engine/Plugins/Runtime/ProceduralMeshComponent/Binaries/Win64/UE4Editor-ProceduralMeshComponent.dll (API version 3709383).
LogModuleManager: Display: Found up-to-date module file ../../../Engine/Plugins/Runtime/ProceduralMeshComponent/Binaries/Win64/UE4Editor-ProceduralMeshComponentEditor.dll (API version 3709383).
LogModuleManager: Display: Found up-to-date module file ../../../Engine/Plugins/Runtime/RuntimePhysXCooking/Binaries/Win64/UE4Editor-RuntimePhysXCooking.dll (API version 3709383).
LogModuleManager: Display: Found up-to-date module file ../../../Engine/Plugins/Runtime/Steam/SteamVR/Binaries/Win64/UE4Editor-SteamVR.dll (API version 3709383).
LogModuleManager: Display: Found up-to-date module file ../../../Engine/Plugins/Runtime/Steam/SteamVR/Binaries/Win64/UE4Editor-SteamVRController.dll (API version 3709383).
LogModuleManager: Display: Found up-to-date module file ../../../Engine/Plugins/Runtime/WindowsMoviePlayer/Binaries/Win64/UE4Editor-WindowsMoviePlayer.dll (API version 3709383).
LogPluginManager: Mounting plugin Paper2D
LogPluginManager: Mounting plugin LightPropagationVolume
LogPluginManager: Mounting plugin CodeLiteSourceCodeAccess
LogPluginManager: Mounting plugin GitSourceControl
LogPluginManager: Mounting plugin KDevelopSourceCodeAccess
LogPluginManager: Mounting plugin NullSourceCodeAccess
LogPluginManager: Mounting plugin PerforceSourceControl
LogPluginManager: Mounting plugin SubversionSourceControl
LogPluginManager: Mounting plugin UObjectPlugin
LogPluginManager: Mounting plugin VisualStudioCodeSourceCodeAccess
LogPluginManager: Mounting plugin VisualStudioSourceCodeAccess
LogPluginManager: Mounting plugin XCodeSourceCodeAccess
LogPluginManager: Mounting plugin AssetManagerEditor
LogPluginManager: Mounting plugin AudioCapture
LogPluginManager: Mounting plugin FacialAnimation
LogPluginManager: Mounting plugin GameplayTagsEditor
LogPluginManager: Mounting plugin MobileLauncherProfileWizard
LogPluginManager: Mounting plugin PluginBrowser
LogPluginManager: Mounting plugin SpeedTreeImporter
LogPluginManager: Mounting plugin AlembicImporter
LogPluginManager: Mounting plugin CharacterAI
LogPluginManager: Mounting plugin HTML5Networking
LogPluginManager: Mounting plugin GameSparks
LogPluginManager: Mounting plugin AndroidMedia
LogPluginManager: Mounting plugin AvfMedia
LogPluginManager: Mounting plugin ImgMedia
LogPluginManager: Mounting plugin MediaCompositing
LogPluginManager: Mounting plugin MediaPlayerEditor
LogPluginManager: Mounting plugin WmfMedia
LogPluginManager: Mounting plugin TcpMessaging
LogPluginManager: Mounting plugin UdpMessaging
LogPluginManager: Mounting plugin ActorSequence
LogPluginManager: Mounting plugin LevelSequenceEditor
LogPluginManager: Mounting plugin MatineeToLevelSequence
LogPluginManager: Mounting plugin OnlineSubsystemGooglePlay
LogPluginManager: Mounting plugin OnlineSubsystemIOS
LogPluginManager: Mounting plugin OnlineSubsystem
LogPluginManager: Mounting plugin OnlineSubsystemNull
LogPluginManager: Mounting plugin OnlineSubsystemUtils
LogPluginManager: Mounting plugin AndroidDeviceProfileSelector
LogPluginManager: Mounting plugin AndroidMoviePlayer
LogPluginManager: Mounting plugin AndroidPermission
LogPluginManager: Mounting plugin AppleARKit
LogPluginManager: Mounting plugin AppleMoviePlayer
LogPluginManager: Mounting plugin ArchVisCharacter
LogPluginManager: Mounting plugin CableComponent
LogPluginManager: Mounting plugin CustomMeshComponent
LogPluginManager: Mounting plugin ExampleDeviceProfileSelector
LogPluginManager: Mounting plugin GoogleCloudMessaging
LogPluginManager: Mounting plugin ImmediatePhysics
LogPluginManager: Mounting plugin IOSDeviceProfileSelector
LogPluginManager: Mounting plugin LinuxDeviceProfileSelector
LogPluginManager: Mounting plugin LocationServicesBPLibrary
LogPluginManager: Mounting plugin MobilePatchingUtils
LogPluginManager: Mounting plugin OculusVR
LogPluginManager: Plugin shader directory ../../../Engine/Plugins/Runtime/Oculus/OculusVR/Shaders found
LogPluginManager: Mapping shader source directory ../../../Engine/Plugins/Runtime/Oculus/OculusVR/Shaders to virtual directory /Plugin/OculusVR
LogPluginManager: Mounting plugin PhysXVehicles
LogPluginManager: Mounting plugin ProceduralMeshComponent
LogPluginManager: Mounting plugin RuntimePhysXCooking
LogPluginManager: Mounting plugin SteamVR
LogPluginManager: Mounting plugin WindowsMoviePlayer
LogInit: Using libcurl 7.47.1
LogInit:  - built for x86_64-pc-win32
LogInit:  - supports SSL with OpenSSL/1.0.2g
LogInit:  - supports HTTP deflate (compression) using libz 1.2.8
LogInit:  - other features:
LogInit:      CURL_VERSION_SSL
LogInit:      CURL_VERSION_LIBZ
LogInit:      CURL_VERSION_IPV6
LogInit:      CURL_VERSION_ASYNCHDNS
LogInit:      CURL_VERSION_LARGEFILE
LogInit:      CURL_VERSION_IDN
LogInit:  CurlRequestOptions (configurable via config and command line):
LogInit:  - bVerifyPeer = false  - Libcurl will NOT verify peer certificate
LogInit:  - bUseHttpProxy = false  - Libcurl will NOT use HTTP proxy
LogInit:  - bDontReuseConnections = false  - Libcurl will reuse connections
LogInit:  - CertBundlePath = nullptr  - Libcurl will use whatever was configured at build time.
LogInit: Build: ++UE4+Release-4.18-CL-3832480
LogInit: Engine Version: 4.18.3-3832480+++UE4+Release-4.18
LogInit: Compatible Engine Version: 4.18.0-3709383+++UE4+Release-4.18
LogInit: Net CL: 3709383
LogDevObjectVersion: Number of dev versions registered: 16
LogDevObjectVersion:   Dev-Blueprints (B0D832E4-1F89-4F0D-ACCF-7EB736FD4AA2): 10
LogDevObjectVersion:   Dev-Build (E1C64328-A22C-4D53-A36C-8E866417BD8C): 0
LogDevObjectVersion:   Dev-Core (375EC13C-06E4-48FB-B500-84F0262A717E): 2
LogDevObjectVersion:   Dev-Editor (E4B068ED-F494-42E9-A231-DA0B2E46BB41): 20
LogDevObjectVersion:   Dev-Framework (CFFC743F-43B0-4480-9391-14DF171D2073): 30
LogDevObjectVersion:   Dev-Mobile (B02B49B5-BB20-44E9-A304-32B752E40360): 0
LogDevObjectVersion:   Dev-Networking (A4E4105C-59A1-49B5-A7C5-40C4547EDFEE): 0
LogDevObjectVersion:   Dev-Online (39C831C9-5AE6-47DC-9A44-9C173E1C8E7C): 0
LogDevObjectVersion:   Dev-Physics (78F01B33-EBEA-4F98-B9B4-84EACCB95AA2): 0
LogDevObjectVersion:   Dev-Platform (6631380F-2D4D-43E0-8009-CF276956A95A): 0
LogDevObjectVersion:   Dev-Rendering (12F88B9F-8875-4AFC-A67C-D90C383ABD29): 20
LogDevObjectVersion:   Dev-Sequencer (7B5AE74C-D270-4C10-A958-57980B212A5A): 4
LogDevObjectVersion:   Dev-VR (D7296918-1DD6-4BDD-9DE2-64A83CC13884): 0
LogDevObjectVersion:   Dev-LoadTimes (C2A15278-BFE7-4AFE-6C17-90FF531DF755): 1
LogDevObjectVersion:   Private-Geometry (6EACA3D4-40EC-4CC1-B786-8BED09428FC5): 1
LogDevObjectVersion:   Dev-AnimPhys (29E575DD-E0A3-4627-9D10-D276232CDCEA): 12
LogInit: Compiled (64-bit): Jan 12 2018 02:04:55
LogInit: Compiled with Visual C++: 19.00.24215.01
LogInit: Build Configuration: Development
LogInit: Branch Name: ++UE4+Release-4.18
LogInit: Command line:  
LogInit: Base directory: D:/EpicGames/Games/UE_4.18/Engine/Binaries/Win64/
LogInit: Installed Engine Build: 1
LogInit: Presizing for max 8388607 objects, including 0 objects not considered by GC, pre-allocating 0 bytes for permanent pool.
LogInit: Object subsystem initialized
[2020.10.04-18.38.24:690][  0]LogInit: Selected Device Profile: [Windows]
[2020.10.04-18.38.24:690][  0]LogInit: Applying CVar settings loaded from the selected device profile: [Windows]
[2020.10.04-18.38.24:764][  0]LogInit: Computer: SEBASTIANMUÑOZV
[2020.10.04-18.38.24:764][  0]LogInit: User: Sebastian
[2020.10.04-18.38.24:764][  0]LogInit: CPU Page size=4096, Cores=6
[2020.10.04-18.38.24:764][  0]LogInit: High frequency timer resolution =10.000000 MHz
[2020.10.04-18.38.24:764][  0]LogMemory: Memory total: Physical=15.9GB (16GB approx)
[2020.10.04-18.38.24:764][  0]LogMemory: Platform Memory Stats for Windows
[2020.10.04-18.38.24:764][  0]LogMemory: Process Physical Memory: 276.00 MB used, 276.00 MB peak
[2020.10.04-18.38.24:764][  0]LogMemory: Process Virtual Memory: 270.41 MB used, 270.41 MB peak
[2020.10.04-18.38.24:764][  0]LogMemory: Physical Memory: 4224.06 MB used,  12102.28 MB free, 16326.34 MB total
[2020.10.04-18.38.24:764][  0]LogMemory: Virtual Memory: 4769.38 MB used,  12102.28 MB free, 134217728.00 MB total
[2020.10.04-18.38.25:843][  0]LogInit: Overriding language with editor language configuration option (en).
[2020.10.04-18.38.25:843][  0]LogInit: Overriding locale with editor locale configuration option (en).
[2020.10.04-18.38.26:639][  0]LogInit: Setting process to per monitor DPI aware
[2020.10.04-18.38.28:072][  0]LogD3D11RHI: D3D11 adapters:
[2020.10.04-18.38.28:182][  0]LogD3D11RHI:    0. 'NVIDIA GeForce RTX 2060 SUPER' (Feature Level 11_0)
[2020.10.04-18.38.28:182][  0]LogD3D11RHI:       8031/0/8163 MB DedicatedVideo/DedicatedSystem/SharedSystem, Outputs:2, VendorId:0x10de
[2020.10.04-18.38.28:222][  0]LogD3D11RHI:    1. 'Microsoft Basic Render Driver' (Feature Level 11_0)
[2020.10.04-18.38.28:222][  0]LogD3D11RHI:       0/0/8163 MB DedicatedVideo/DedicatedSystem/SharedSystem, Outputs:0, VendorId:0x1414
[2020.10.04-18.38.28:222][  0]LogD3D11RHI: Chosen D3D11 Adapter: 0
[2020.10.04-18.38.28:226][  0]LogD3D11RHI: Creating new Direct3DDevice
[2020.10.04-18.38.28:226][  0]LogD3D11RHI:     GPU DeviceId: 0x1f06 (for the marketing name, search the web for "GPU Device Id")
[2020.10.04-18.38.28:226][  0]LogWindows: EnumDisplayDevices:
[2020.10.04-18.38.28:227][  0]LogWindows:    0. 'NVIDIA GeForce RTX 2060 SUPER' (P:1 D:1)
[2020.10.04-18.38.28:227][  0]LogWindows:    1. 'NVIDIA GeForce RTX 2060 SUPER' (P:0 D:1)
[2020.10.04-18.38.28:227][  0]LogWindows:    2. 'NVIDIA GeForce RTX 2060 SUPER' (P:0 D:0)
[2020.10.04-18.38.28:227][  0]LogWindows:    3. 'NVIDIA GeForce RTX 2060 SUPER' (P:0 D:0)
[2020.10.04-18.38.28:227][  0]LogWindows: DebugString: GetVideoDriverDetailsInvalid PrimaryIsNotTheChoosenAdapter GetVideoDriverDetailsInvalid PrimaryIsNotTheChoosenAdapter GetVideoDriverDetailsInvalid PrimaryIsNotTheChoosenAdapter GetVideoDriverDetailsInvalid PrimaryIsNotTheChoosenAdapter FoundDriverCount:0 
[2020.10.04-18.38.28:227][  0]LogD3D11RHI:     Adapter Name: NVIDIA GeForce RTX 2060 SUPER
[2020.10.04-18.38.28:227][  0]LogD3D11RHI:   Driver Version: Unknown (internal:Unknown, unified:Unknown)
[2020.10.04-18.38.28:227][  0]LogD3D11RHI:      Driver Date: Unknown
[2020.10.04-18.38.28:227][  0]LogRHI: Texture pool is 5621 MB (70% of 8031 MB)
[2020.10.04-18.38.28:288][  0]LogD3D11RHI: Async texture creation enabled
[2020.10.04-18.38.28:553][  0]LogD3D11RHI: GPU Timing Frequency: 1000.000000 (Debug: 2 2)
[2020.10.04-18.38.28:602][  0]LogShaderCompilers: Guid format shader working directory is -32 characters bigger than the processId version (C:/Users/Sebastian/Desktop/PlanVa Entretenimiento/MuseoVirUnreal/MuseoVirtualUdeM/Intermediate/Shaders/WorkingDirectory/18380/).
[2020.10.04-18.38.28:603][  0]LogShaderCompilers: Cleaned the shader compiler working directory 'C:/Users/Sebastian/AppData/Local/Temp/UnrealShaderWorkingDir/DE8255C04E39FAB5BFE1B4A88CE0825C/'.
[2020.10.04-18.38.28:604][  0]LogShaderCompilers: Display: Using Local Shader Compiler.
[2020.10.04-18.38.31:939][  0]LogTemp: Display: Loaded TP AllDesktopTargetPlatform
[2020.10.04-18.38.32:121][  0]LogTemp: Display: Loaded TP MacClientTargetPlatform
[2020.10.04-18.38.32:285][  0]LogTemp: Display: Loaded TP MacNoEditorTargetPlatform
[2020.10.04-18.38.32:448][  0]LogTemp: Display: Loaded TP MacServerTargetPlatform
[2020.10.04-18.38.32:633][  0]LogTemp: Display: Loaded TP MacTargetPlatform
[2020.10.04-18.38.32:798][  0]LogTemp: Display: Loaded TP WindowsClientTargetPlatform
[2020.10.04-18.38.32:963][  0]LogTemp: Display: Loaded TP WindowsNoEditorTargetPlatform
[2020.10.04-18.38.33:127][  0]LogTemp: Display: Loaded TP WindowsServerTargetPlatform
[2020.10.04-18.38.33:286][  0]LogTemp: Display: Loaded TP WindowsTargetPlatform
[2020.10.04-18.38.33:451][  0]LogTemp: Display: Loaded TP Android_ASTCTargetPlatform
[2020.10.04-18.38.33:619][  0]LogTemp: Display: Loaded TP Android_ATCTargetPlatform
[2020.10.04-18.38.33:789][  0]LogTemp: Display: Loaded TP Android_DXTTargetPlatform
[2020.10.04-18.38.33:957][  0]LogTemp: Display: Loaded TP Android_ETC1TargetPlatform
[2020.10.04-18.38.34:122][  0]LogTemp: Display: Loaded TP Android_ETC2TargetPlatform
[2020.10.04-18.38.34:452][  0]LogTemp: Display: Loaded TP Android_MultiTargetPlatform
[2020.10.04-18.38.34:452][  0]LogTemp: Display: Loaded TP Android_PVRTCTargetPlatform
[2020.10.04-18.38.34:637][  0]LogTemp: Display: Loaded TP AndroidTargetPlatform
[2020.10.04-18.38.34:793][  0]LogTemp: Display: Loaded TP HTML5TargetPlatform
[2020.10.04-18.38.35:084][  0]LogTemp: Display: Loaded TP IOSTargetPlatform
[2020.10.04-18.38.35:166][  0]LogTemp: Display: Loaded TP TVOSTargetPlatform
[2020.10.04-18.38.35:330][  0]LogTemp: Display: Loaded TP LinuxClientTargetPlatform
[2020.10.04-18.38.35:495][  0]LogTemp: Display: Loaded TP LinuxNoEditorTargetPlatform
[2020.10.04-18.38.35:659][  0]LogTemp: Display: Loaded TP LinuxServerTargetPlatform
[2020.10.04-18.38.35:856][  0]LogTemp: Display: Loaded TP LinuxTargetPlatform
[2020.10.04-18.38.35:856][  0]LogTargetPlatformManager: Display: Building Assets For Windows
[2020.10.04-18.38.38:028][  0]LogDerivedDataCache: Display: Max Cache Size: 512 MB
[2020.10.04-18.38.38:413][  0]LogDerivedDataCache: Loaded boot cache 0.38s 78MB C:/Users/Sebastian/AppData/Local/UnrealEngine/4.18/DerivedDataCache/Boot.ddc.
[2020.10.04-18.38.38:413][  0]LogDerivedDataCache: Display: Loaded Boot cache: C:/Users/Sebastian/AppData/Local/UnrealEngine/4.18/DerivedDataCache/Boot.ddc
[2020.10.04-18.38.38:414][  0]LogDerivedDataCache: FDerivedDataBackendGraph:  Pak pak cache file C:/Users/Sebastian/Desktop/PlanVa Entretenimiento/MuseoVirUnreal/MuseoVirtualUdeM/DerivedDataCache/DDC.ddp not found, will not use a pak cache.
[2020.10.04-18.38.38:414][  0]LogDerivedDataCache: Unable to find inner node Pak for hierarchical cache Hierarchy.
[2020.10.04-18.38.38:414][  0]LogDerivedDataCache: FDerivedDataBackendGraph:  CompressedPak pak cache file C:/Users/Sebastian/Desktop/PlanVa Entretenimiento/MuseoVirUnreal/MuseoVirtualUdeM/DerivedDataCache/Compressed.ddp not found, will not use a pak cache.
[2020.10.04-18.38.38:414][  0]LogDerivedDataCache: Unable to find inner node CompressedPak for hierarchical cache Hierarchy.
[2020.10.04-18.38.38:472][  0]LogDerivedDataCache: Display: Pak cache opened for reading ../../../Engine/DerivedDataCache/Compressed.ddp.
[2020.10.04-18.38.38:489][  0]LogDerivedDataCache: Using Local data cache path C:/Users/Sebastian/AppData/Local/UnrealEngine/Common/DerivedDataCache: Writable
[2020.10.04-18.38.38:544][  0]LogMaterial: Verifying Global Shaders for PCD3D_SM5
[2020.10.04-18.38.38:586][  0]LogSlate: Using Freetype 2.6.0
[2020.10.04-18.38.38:647][  0]LogSlate: SlateFontCache - WITH_FREETYPE: 1, WITH_HARFBUZZ: 1
[2020.10.04-18.38.38:662][  0]LogSlate: SlateFontCache - WITH_FREETYPE: 1, WITH_HARFBUZZ: 1
[2020.10.04-18.38.44:061][  0]LogInit: Selected Device Profile: [Windows]
[2020.10.04-18.38.46:112][  0]LogSimplygon: Simplygon DLL not present - disabling.
[2020.10.04-18.38.46:282][  0]LogMeshReduction: Using SimplygonSwarm for distributed automatic mesh merging
[2020.10.04-18.38.46:283][  0]LogMeshReduction: Using QuadricMeshReduction for automatic static mesh reduction
[2020.10.04-18.38.46:283][  0]LogMeshReduction: No automatic skeletal mesh reduction module available
[2020.10.04-18.38.46:283][  0]LogMeshReduction: No automatic mesh merging module available
[2020.10.04-18.38.46:283][  0]LogMeshMerging: No automatic mesh merging module available
[2020.10.04-18.38.46:644][  0]LogNetVersion: MuseoVirtualUdem , NetCL: 3709383, EngineNetVer: 2, GameNetVer: 0 (Checksum: 2631075334)
[2020.10.04-18.38.48:001][  0]LogAssetRegistry: FAssetRegistry took 0.0293 seconds to start up
[2020.10.04-18.38.52:296][  0]LogPackageLocalizationCache: Processed 8 localized package path(s) for 1 prioritized culture(s) in 0.083492 seconds
[2020.10.04-18.38.52:315][  0]LogUObjectArray: 35870 objects as part of root set at end of initial load.
[2020.10.04-18.38.52:315][  0]LogUObjectAllocator: 7363696 out of 0 bytes used by permanent object pool.
[2020.10.04-18.38.52:315][  0]LogUObjectArray: CloseDisregardForGC: 0/0 objects in disregard for GC pool
[2020.10.04-18.38.52:555][  0]LogInit: WinSock: version 1.1 (2.2), MaxSocks=32767, MaxUdp=65467
[2020.10.04-18.39.17:618][  0]UGameSparksModuleLog: Warning: GameSparks::StartupModule
[2020.10.04-18.39.17:764][  0]LogTcpMessaging: Initializing TcpMessaging bridge
[2020.10.04-18.39.17:884][  0]LogUdpMessaging: Initializing bridge on interface 0.0.0.0:0 to multicast group 230.0.0.1:6666.
[2020.10.04-18.39.20:912][  0]LogMaterial: Uniform references updated for custom material expression Custom.
[2020.10.04-18.39.22:549][  0]SourceControl: Source control is disabled
[2020.10.04-18.39.22:556][  0]SourceControl: Source control is disabled
[2020.10.04-18.39.22:802][  0]SourceControl: Source control is disabled
[2020.10.04-18.39.23:014][  0]SourceControl: Source control is disabled
[2020.10.04-18.39.26:422][  0]LogAndroidPermission: UAndroidPermissionCallbackProxy::GetInstance
[2020.10.04-18.39.27:351][  0]LogOcInput: OculusInput pre-init called
[2020.10.04-18.39.28:713][  0]LogEngine: Initializing Engine...
[2020.10.04-18.39.28:757][  0]LogHMD: Failed to initialize OpenVR with code 110
[2020.10.04-18.39.29:506][  0]LogStats: UGameplayTagsManager::ConstructGameplayTagTree: Construct from data asset -  0.000 s
[2020.10.04-18.39.29:506][  0]LogStats: UGameplayTagsManager::ConstructGameplayTagTree: GameplayTagTreeChangedEvent.Broadcast -  0.000 s
[2020.10.04-18.39.30:252][  0]LogAIModule: Creating AISystem for world Untitled
[2020.10.04-18.39.30:449][  0]LogInit: XAudio2 using 'Altavoces (Realtek(R) Audio)' : 2 channels at 48 kHz using 32 bits per sample (channel mask 0x3)
[2020.10.04-18.39.30:480][  0]LogInit: FAudioDevice initialized.
[2020.10.04-18.39.30:595][  0]LogDerivedDataCache: Saved boot cache 0.11s 78MB C:/Users/Sebastian/AppData/Local/UnrealEngine/4.18/DerivedDataCache/Boot.ddc.
[2020.10.04-18.39.30:607][  0]LogInit: Texture streaming: Enabled
[2020.10.04-18.39.31:062][  0]LogEngineSessionManager: EngineSessionManager initialized
[2020.10.04-18.39.32:390][  0]LogInit: Transaction tracking system initialized
[2020.10.04-18.39.33:951][  0]BlueprintLog: New page: Editor Load
[2020.10.04-18.39.40:822][  0]LocalizationService: Localization service is disabled
[2020.10.04-18.39.44:876][  0]LogConsoleResponse: Display: 
[2020.10.04-18.39.48:774][  0]LogFileCache: Scanning file cache for directory 'C:/Users/Sebastian/Desktop/PlanVa Entretenimiento/MuseoVirUnreal/MuseoVirtualUdeM/Content/' took 0.02s
[2020.10.04-18.39.48:774][  0]LogCook: Display: Max memory allowance for cook 16384mb min free memory 0mb
[2020.10.04-18.39.48:774][  0]LogCook: Display: Mobile HDR setting 1
[2020.10.04-18.39.48:811][  0]LogGameplayTags: Display: UGameplayTagsManager::DoneAddingNativeTags. DelegateIsBound: 0
[2020.10.04-18.39.54:455][  0]SourceControl: Source control is disabled
[2020.10.04-18.39.54:495][  0]Cmd: MAP LOAD FILE="C:/Users/Sebastian/Desktop/PlanVa Entretenimiento/MuseoVirUnreal/MuseoVirtualUdeM/Content/Scenes/Game.umap" TEMPLATE=0 SHOWPROGRESS=1 FEATURELEVEL=3
[2020.10.04-18.39.54:500][  0]LightingResults: New page: Lighting Build
[2020.10.04-18.39.54:850][  0]MapCheck: New page: Map Check
[2020.10.04-18.39.54:850][  0]LightingResults: New page: Lighting Build
[2020.10.04-18.39.58:533][  0]LogAIModule: Creating AISystem for world Game
[2020.10.04-18.39.59:149][  0]LogEditorServer: Finished looking for orphan Actors (0.000 secs)
[2020.10.04-18.39.59:289][  0]Cmd: MAP CHECKDEP NOCLEARLOG
[2020.10.04-18.39.59:411][  0]MapCheck: Map check complete: 0 Error(s), 0 Warning(s), took 121.171ms to complete.
[2020.10.04-18.39.59:411][  0]LogFileHelpers: Loading map 'Game' took 4.926
[2020.10.04-18.40.00:456][  0]LogCollectionManager: Loaded 0 collections in 0.000970 seconds
[2020.10.04-18.40.00:707][  0]LogFileCache: Scanning file cache for directory 'C:/Users/Sebastian/Desktop/PlanVa Entretenimiento/MuseoVirUnreal/MuseoVirtualUdeM/Saved/Collections/' took 0.01s
[2020.10.04-18.40.00:707][  0]LogFileCache: Scanning file cache for directory 'C:/Users/Sebastian/Desktop/PlanVa Entretenimiento/MuseoVirUnreal/MuseoVirtualUdeM/Content/Developers/Sebastian/Collections/' took 0.01s
[2020.10.04-18.40.00:707][  0]LogFileCache: Scanning file cache for directory 'C:/Users/Sebastian/Desktop/PlanVa Entretenimiento/MuseoVirUnreal/MuseoVirtualUdeM/Content/Collections/' took 0.01s
[2020.10.04-18.40.00:707][  0]LogCollectionManager: Rebuilt the GUID cache for 0 collections in 0.000000 seconds
[2020.10.04-18.40.00:716][  0]LogContentBrowser: Native class hierarchy populated in 0.0080 seconds. Added 2462 classes and 523 folders.
[2020.10.04-18.40.01:018][  0]LogContentBrowser: Native class hierarchy updated for 'WidgetCarousel' in 0.0003 seconds. Added 0 classes and 0 folders.
[2020.10.04-18.40.02:050][  0]LogContentBrowser: Native class hierarchy updated for 'AddContentDialog' in 0.0003 seconds. Added 0 classes and 0 folders.
[2020.10.04-18.40.02:285][  0]LogContentBrowser: Native class hierarchy updated for 'SceneOutliner' in 0.0003 seconds. Added 1 classes and 2 folders.
[2020.10.04-18.40.02:621][  0]LogSlate: Took 0.012036 seconds to synchronously load lazily loaded font '../../../Engine/Content/Slate/Fonts/Roboto-Regular.ttf' (155K)
[2020.10.04-18.40.02:650][  0]LogSlate: Took 0.013095 seconds to synchronously load lazily loaded font '../../../Engine/Content/Slate/Fonts/Roboto-Bold.ttf' (160K)
[2020.10.04-18.40.02:692][  0]LogSlate: Took 0.015301 seconds to synchronously load lazily loaded font '../../../Engine/Content/Editor/Slate/Fonts/FontAwesome.ttf' (139K)
[2020.10.04-18.40.03:118][  0]LogRenderer: Reallocating scene render targets to support 1208x576 Format 10 NumSamples 1 (Frame:1).
[2020.10.04-18.40.03:706][  0]LogContentBrowser: Native class hierarchy updated for 'HierarchicalLODOutliner' in 0.0003 seconds. Added 1 classes and 2 folders.
[2020.10.04-18.40.03:706][  0]LogLoad: (Engine Initialization) Total time: 115.74 seconds
[2020.10.04-18.40.03:706][  0]LogLoad: (Engine Initialization) Total Blueprint compile time: 0.00 seconds
[2020.10.04-18.40.03:706][  0]LogExternalProfiler: No external profilers were discovered.  External profiling features will not be available.
[2020.10.04-18.40.04:122][  0]LogContentStreaming: Texture pool size now 1000 MB
[2020.10.04-18.40.04:295][  0]LogSlate: Took 0.006762 seconds to synchronously load lazily loaded font '../../../Engine/Content/Slate/Fonts/Roboto-Light.ttf' (159K)
[2020.10.04-18.40.04:745][  2]LogAssetRegistry: Asset discovery search completed in 76.7669 seconds
[2020.10.04-18.40.04:748][  2]LogCollectionManager: Rebuilt the object cache for 0 collections in 0.000002 seconds (found 0 objects)
[2020.10.04-18.40.04:748][  2]LogCollectionManager: Fixed up redirectors for 0 collections in 0.000379 seconds (updated 0 objects)
[2020.10.04-18.40.06:268][  4]LogRenderer: Reallocating scene render targets to support 1208x600 Format 10 NumSamples 1 (Frame:6).
[2020.10.04-18.44.43:769][972]LogSlate: Took 0.000182 seconds to synchronously load lazily loaded font '../../../Engine/Content/Slate/Fonts/Roboto-Light.ttf' (159K)
[2020.10.04-18.44.44:391][972]LogContentBrowser: Native class hierarchy updated for 'BlueprintGraph' in 0.0007 seconds. Added 116 classes and 0 folders.
[2020.10.04-18.44.45:312][972]LogSlate: Took 0.000207 seconds to synchronously load lazily loaded font '../../../Engine/Content/Slate/Fonts/Roboto-Light.ttf' (159K)
[2020.10.04-18.44.45:580][972]LogSlate: Took 0.015793 seconds to synchronously load lazily loaded font '../../../Engine/Content/Editor/Slate/Fonts/Roboto-BoldCondensed.ttf' (158K)
[2020.10.04-18.44.49:401][373]LogWindowsTextInputMethodSystem: Display: IME system now deactivated.
[2020.10.04-18.44.49:615][374]Cmd: QUIT_EDITOR
[2020.10.04-18.44.49:750][374]LogExit: Preparing to exit.
[2020.10.04-18.44.50:210][374]LogExit: Editor shut down
[2020.10.04-18.44.50:214][374]LogExit: Transaction tracking system shut down
[2020.10.04-18.44.50:297][374]LogDirectoryWatcher: A directory notification for '../../../Engine/Content/' was aborted.
[2020.10.04-18.44.50:297][374]LogDirectoryWatcher: A directory notification for 'C:/Users/Sebastian/Desktop/PlanVa Entretenimiento/MuseoVirUnreal/MuseoVirtualUdeM/Content/' was aborted.
[2020.10.04-18.44.50:297][374]LogDirectoryWatcher: A directory notification for '../../../Engine/Plugins/2D/Paper2D/Content/' was aborted.
[2020.10.04-18.44.50:297][374]LogDirectoryWatcher: A directory notification for '../../../Engine/Plugins/Marketplace/GameSparks/Content/' was aborted.
[2020.10.04-18.44.50:297][374]LogDirectoryWatcher: A directory notification for '../../../Engine/Plugins/Media/MediaCompositing/Content/' was aborted.
[2020.10.04-18.44.50:297][374]LogDirectoryWatcher: A directory notification for '../../../Engine/Plugins/Runtime/AppleARKit/Content/' was aborted.
[2020.10.04-18.44.50:297][374]LogDirectoryWatcher: A directory notification for '../../../Engine/Plugins/Runtime/Oculus/OculusVR/Content/' was aborted.
[2020.10.04-18.44.50:297][374]LogDirectoryWatcher: A directory notification for '../../../Engine/Plugins/Runtime/Steam/SteamVR/Content/' was aborted.
[2020.10.04-18.44.50:706][374]LogExit: Object subsystem successfully closed.
[2020.10.04-18.44.50:750][374]LogD3D11RHI: Shutdown
[2020.10.04-18.44.50:750][374]LogD3D11RHI: CleanupD3DDevice
[2020.10.04-18.44.50:751][374]LogD3D11RHI: ~FD3D11DynamicRHI
[2020.10.04-18.44.50:957][374]LogModuleManager: Shutting down and abandoning module SequencerWidgets (556)
[2020.10.04-18.44.50:957][374]LogModuleManager: Shutting down and abandoning module BlueprintGraph (554)
[2020.10.04-18.44.50:957][374]LogModuleManager: Shutting down and abandoning module HierarchicalLODOutliner (552)
[2020.10.04-18.44.50:957][374]LogModuleManager: Shutting down and abandoning module SceneOutliner (550)
[2020.10.04-18.44.50:971][374]LogModuleManager: Shutting down and abandoning module AddContentDialog (548)
[2020.10.04-18.44.50:979][374]LogDirectoryWatcher: A directory notification for 'D:/EpicGames/Games/UE_4.18/FeaturePacks/' was aborted.
[2020.10.04-18.44.50:982][374]LogModuleManager: Shutting down and abandoning module WidgetCarousel (547)
[2020.10.04-18.44.50:982][374]LogModuleManager: Shutting down and abandoning module EditorWidgets (544)
[2020.10.04-18.44.50:982][374]LogModuleManager: Shutting down and abandoning module CollectionManager (542)
[2020.10.04-18.44.50:982][374]LogDirectoryWatcher: A directory notification for 'C:/Users/Sebastian/Desktop/PlanVa Entretenimiento/MuseoVirUnreal/MuseoVirtualUdeM/Content/Collections/' was aborted.
[2020.10.04-18.44.50:982][374]LogDirectoryWatcher: A directory notification for 'C:/Users/Sebastian/Desktop/PlanVa Entretenimiento/MuseoVirUnreal/MuseoVirtualUdeM/Content/Developers/Sebastian/Collections/' was aborted.
[2020.10.04-18.44.50:983][374]LogDirectoryWatcher: A directory notification for 'C:/Users/Sebastian/Desktop/PlanVa Entretenimiento/MuseoVirUnreal/MuseoVirtualUdeM/Saved/Collections/' was aborted.
[2020.10.04-18.44.50:983][374]LogModuleManager: Shutting down and abandoning module StatsViewer (540)
[2020.10.04-18.44.50:983][374]LogModuleManager: Shutting down and abandoning module FoliageEdit (538)
[2020.10.04-18.44.50:983][374]LogModuleManager: Shutting down and abandoning module LandscapeEditor (536)
[2020.10.04-18.44.50:996][374]LogModuleManager: Shutting down and abandoning module MeshPaintMode (534)
[2020.10.04-18.44.50:996][374]LogModuleManager: Shutting down and abandoning module SceneDepthPickerMode (532)
[2020.10.04-18.44.50:996][374]LogModuleManager: Shutting down and abandoning module ActorPickerMode (530)
[2020.10.04-18.44.50:996][374]LogModuleManager: Shutting down and abandoning module GeometryMode (528)
[2020.10.04-18.44.50:996][374]LogModuleManager: Shutting down and abandoning module TextureAlignMode (526)
[2020.10.04-18.44.50:996][374]LogModuleManager: Shutting down and abandoning module BspMode (524)
[2020.10.04-18.44.50:996][374]LogModuleManager: Shutting down and abandoning module PIEPreviewDeviceProfileSelector (522)
[2020.10.04-18.44.50:996][374]LogModuleManager: Shutting down and abandoning module HardwareSurvey (520)
[2020.10.04-18.44.50:996][374]LogModuleManager: Shutting down and abandoning module SequenceRecorderSections (518)
[2020.10.04-18.44.50:997][374]LogModuleManager: Shutting down and abandoning module AutomationWorker (516)
[2020.10.04-18.44.50:997][374]LogModuleManager: Shutting down and abandoning module MatineeToLevelSequence (514)
[2020.10.04-18.44.50:997][374]LogModuleManager: Shutting down and abandoning module LevelSequenceEditor (512)
[2020.10.04-18.44.51:004][374]LogModuleManager: Shutting down and abandoning module PlacementMode (511)
[2020.10.04-18.44.51:004][374]LogModuleManager: Shutting down and abandoning module WmfMediaFactory (508)
[2020.10.04-18.44.51:004][374]LogModuleManager: Shutting down and abandoning module WmfMediaEditor (506)
[2020.10.04-18.44.51:004][374]LogModuleManager: Shutting down and abandoning module OpenExrWrapper (504)
[2020.10.04-18.44.51:004][374]LogModuleManager: Shutting down and abandoning module ImgMediaFactory (502)
[2020.10.04-18.44.51:005][374]LogModuleManager: Shutting down and abandoning module ImgMediaEditor (500)
[2020.10.04-18.44.51:005][374]LogModuleManager: Shutting down and abandoning module AvfMediaFactory (498)
[2020.10.04-18.44.51:005][374]LogModuleManager: Shutting down and abandoning module AvfMediaEditor (496)
[2020.10.04-18.44.51:005][374]LogModuleManager: Shutting down and abandoning module AndroidMediaFactory (494)
[2020.10.04-18.44.51:005][374]LogModuleManager: Shutting down and abandoning module AndroidMediaEditor (492)
[2020.10.04-18.44.51:005][374]LogModuleManager: Shutting down and abandoning module CharacterAI (490)
[2020.10.04-18.44.51:005][374]LogModuleManager: Shutting down and abandoning module AudioCapture (488)
[2020.10.04-18.44.51:005][374]LogModuleManager: Shutting down and abandoning module SequenceRecorder (487)
[2020.10.04-18.44.51:005][374]LogModuleManager: Shutting down and abandoning module SmartSnapping (484)
[2020.10.04-18.44.51:005][374]LogModuleManager: Shutting down and abandoning module SessionServices (482)
[2020.10.04-18.44.51:005][374]LogModuleManager: Shutting down and abandoning module ViewportSnapping (480)
[2020.10.04-18.44.51:005][374]LogModuleManager: Shutting down and abandoning module ViewportInteraction (478)
[2020.10.04-18.44.51:005][374]LogModuleManager: Shutting down and abandoning module ClothPainter (476)
[2020.10.04-18.44.51:005][374]LogModuleManager: Shutting down and abandoning module SkeletalMeshEditor (475)
[2020.10.04-18.44.51:006][374]LogModuleManager: Shutting down and abandoning module LogVisualizer (472)
[2020.10.04-18.44.51:006][374]LogModuleManager: Shutting down and abandoning module IntroTutorials (470)
[2020.10.04-18.44.51:006][374]LogModuleManager: Shutting down and abandoning module GameProjectGeneration (469)
[2020.10.04-18.44.51:018][374]LogModuleManager: Shutting down and abandoning module IOSPlatformEditor (466)
[2020.10.04-18.44.51:018][374]LogModuleManager: Shutting down and abandoning module HTML5PlatformEditor (464)
[2020.10.04-18.44.51:018][374]LogModuleManager: Shutting down and abandoning module AndroidPlatformEditor (462)
[2020.10.04-18.44.51:018][374]LogModuleManager: Shutting down and abandoning module AndroidDeviceDetection (461)
[2020.10.04-18.44.51:132][374]LogModuleManager: Shutting down and abandoning module WindowsPlatformEditor (458)
[2020.10.04-18.44.51:132][374]LogModuleManager: Shutting down and abandoning module IOSRuntimeSettings (456)
[2020.10.04-18.44.51:132][374]LogModuleManager: Shutting down and abandoning module AndroidRuntimeSettings (454)
[2020.10.04-18.44.51:132][374]LogModuleManager: Shutting down and abandoning module InputBindingEditor (452)
[2020.10.04-18.44.51:132][374]LogModuleManager: Shutting down and abandoning module MergeActors (450)
[2020.10.04-18.44.51:153][374]LogModuleManager: Shutting down and abandoning module SizeMap (448)
[2020.10.04-18.44.51:153][374]LogModuleManager: Shutting down and abandoning module TreeMap (446)
[2020.10.04-18.44.51:153][374]LogModuleManager: Shutting down and abandoning module ReferenceViewer (444)
[2020.10.04-18.44.51:153][374]LogModuleManager: Shutting down and abandoning module LocalizationDashboard (442)
[2020.10.04-18.44.51:159][374]LogModuleManager: Shutting down and abandoning module LocalizationService (441)
[2020.10.04-18.44.51:159][374]LogModuleManager: Shutting down and abandoning module HardwareTargeting (438)
[2020.10.04-18.44.51:159][374]LogModuleManager: Shutting down and abandoning module DeviceProfileEditor (436)
[2020.10.04-18.44.51:159][374]LogModuleManager: Shutting down and abandoning module UndoHistory (434)
[2020.10.04-18.44.51:159][374]LogModuleManager: Shutting down and abandoning module XmlParser (432)
[2020.10.04-18.44.51:159][374]LogModuleManager: Shutting down and abandoning module Blutility (430)
[2020.10.04-18.44.51:159][374]LogModuleManager: Shutting down and abandoning module ProjectSettingsViewer (428)
[2020.10.04-18.44.51:159][374]LogModuleManager: Shutting down and abandoning module ProjectTargetPlatformEditor (427)
[2020.10.04-18.44.51:159][374]LogModuleManager: Shutting down and abandoning module EditorSettingsViewer (424)
[2020.10.04-18.44.51:159][374]LogModuleManager: Shutting down and abandoning module SettingsEditor (422)
[2020.10.04-18.44.51:169][374]LogModuleManager: Shutting down and abandoning module ProjectLauncher (420)
[2020.10.04-18.44.51:188][374]LogModuleManager: Shutting down and abandoning module SessionFrontend (418)
[2020.10.04-18.44.51:188][374]LogModuleManager: Shutting down and abandoning module ProfilerClient (416)
[2020.10.04-18.44.51:202][374]LogModuleManager: Shutting down and abandoning module DeviceManager (414)
[2020.10.04-18.44.51:202][374]LogModuleManager: Shutting down and abandoning module TargetDeviceServices (413)
[2020.10.04-18.44.51:257][374]LogModuleManager: Shutting down and abandoning module AutomationController (410)
[2020.10.04-18.44.51:266][374]LogModuleManager: Shutting down and abandoning module AutomationWindow (408)
[2020.10.04-18.44.51:282][374]LogModuleManager: Shutting down and abandoning module Layers (406)
[2020.10.04-18.44.51:282][374]LogModuleManager: Shutting down and abandoning module ComponentVisualizers (404)
[2020.10.04-18.44.51:282][374]LogModuleManager: Shutting down and abandoning module DetailCustomizations (402)
[2020.10.04-18.44.51:295][374]LogModuleManager: Shutting down and abandoning module PackagesDialog (400)
[2020.10.04-18.44.51:307][374]LogModuleManager: Shutting down and abandoning module Persona (398)
[2020.10.04-18.44.51:329][374]LogModuleManager: Shutting down and abandoning module AdvancedPreviewScene (397)
[2020.10.04-18.44.51:329][374]LogModuleManager: Shutting down and abandoning module AnimGraph (395)
[2020.10.04-18.44.51:329][374]LogModuleManager: Shutting down and abandoning module Kismet (392)
[2020.10.04-18.44.51:334][374]LogModuleManager: Shutting down and abandoning module ClassViewer (390)
[2020.10.04-18.44.51:334][374]LogModuleManager: Shutting down and abandoning module Toolbox (388)
[2020.10.04-18.44.51:334][374]LogModuleManager: Shutting down and abandoning module ModuleUI (386)
[2020.10.04-18.44.51:345][374]LogModuleManager: Shutting down and abandoning module MovieSceneTools (384)
[2020.10.04-18.44.51:368][374]LogModuleManager: Shutting down and abandoning module OutputLog (382)
[2020.10.04-18.44.51:368][374]LogModuleManager: Shutting down and abandoning module GammaUI (380)
[2020.10.04-18.44.51:377][374]LogModuleManager: Shutting down and abandoning module Documentation (378)
[2020.10.04-18.44.51:377][374]LogModuleManager: Shutting down and abandoning module MovieSceneTracks (376)
[2020.10.04-18.44.51:378][374]LogModuleManager: Shutting down and abandoning module MovieScene (374)
[2020.10.04-18.44.51:378][374]LogModuleManager: Shutting down and abandoning module StreamingPauseRendering (372)
[2020.10.04-18.44.51:378][374]LogModuleManager: Shutting down and abandoning module LauncherPlatform (370)
[2020.10.04-18.44.51:378][374]LogModuleManager: Shutting down and abandoning module AnalyticsET (368)
[2020.10.04-18.44.51:378][374]LogModuleManager: Shutting down and abandoning module PortalServices (366)
[2020.10.04-18.44.51:378][374]LogModuleManager: Shutting down and abandoning module PortalRpc (364)
[2020.10.04-18.44.51:378][374]LogModuleManager: Shutting down and abandoning module MessagingRpc (362)
[2020.10.04-18.44.51:378][374]LogModuleManager: Shutting down and abandoning module AIModule (360)
[2020.10.04-18.44.51:378][374]LogModuleManager: Shutting down and abandoning module GameplayDebugger (359)
[2020.10.04-18.44.51:378][374]LogModuleManager: Shutting down and abandoning module AITestSuite (357)
[2020.10.04-18.44.51:378][374]LogModuleManager: Shutting down and abandoning module DesktopPlatform (354)
[2020.10.04-18.44.51:378][374]LogModuleManager: Shutting down and abandoning module ProfilerService (352)
[2020.10.04-18.44.51:407][374]LogModuleManager: Shutting down and abandoning module TaskGraph (350)
[2020.10.04-18.44.51:407][374]LogModuleManager: Shutting down and abandoning module SteamVRController (348)
[2020.10.04-18.44.51:407][374]LogModuleManager: Shutting down and abandoning module ProceduralMeshComponentEditor (346)
[2020.10.04-18.44.51:407][374]LogModuleManager: Shutting down and abandoning module ProceduralMeshComponent (344)
[2020.10.04-18.44.51:407][374]LogModuleManager: Shutting down and abandoning module OculusInput (342)
[2020.10.04-18.44.51:407][374]LogModuleManager: Shutting down and abandoning module MobilePatchingUtils (340)
[2020.10.04-18.44.51:407][374]LogModuleManager: Shutting down and abandoning module CustomMeshComponent (338)
[2020.10.04-18.44.51:407][374]LogModuleManager: Shutting down and abandoning module CableComponent (336)
[2020.10.04-18.44.51:407][374]LogModuleManager: Shutting down and abandoning module ArchVisCharacter (334)
[2020.10.04-18.44.51:407][374]LogModuleManager: Shutting down and abandoning module AndroidPermission (332)
[2020.10.04-18.44.51:407][374]LogModuleManager: Shutting down and abandoning module ActorSequence (328)
[2020.10.04-18.44.51:407][374]LogModuleManager: Shutting down and abandoning module MediaPlayerEditor (326)
[2020.10.04-18.44.51:408][374]LogModuleManager: Shutting down and abandoning module MediaCompositingEditor (324)
[2020.10.04-18.44.51:408][374]LogModuleManager: Shutting down and abandoning module MediaCompositing (322)
[2020.10.04-18.44.51:408][374]LogModuleManager: Shutting down and abandoning module HTML5Networking (318)
[2020.10.04-18.44.51:408][374]LogModuleManager: Shutting down and abandoning module AlembicImporter (316)
[2020.10.04-18.44.51:408][374]LogModuleManager: Shutting down and abandoning module AlembicLibrary (315)
[2020.10.04-18.44.51:408][374]LogModuleManager: Shutting down and abandoning module GeometryCache (314)
[2020.10.04-18.44.51:408][374]LogModuleManager: Shutting down and abandoning module GeometryCacheEd (313)
[2020.10.04-18.44.51:408][374]LogModuleManager: Shutting down and abandoning module SpeedTreeImporter (308)
[2020.10.04-18.44.51:408][374]LogModuleManager: Shutting down and abandoning module PluginBrowser (306)
[2020.10.04-18.44.51:408][374]LogModuleManager: Shutting down and abandoning module MobileLauncherProfileWizard (304)
[2020.10.04-18.44.51:409][374]LogModuleManager: Shutting down and abandoning module VisualStudioSourceCodeAccess (302)
[2020.10.04-18.44.51:409][374]LogModuleManager: Shutting down and abandoning module VisualStudioCodeSourceCodeAccess (300)
[2020.10.04-18.44.51:409][374]LogModuleManager: Shutting down and abandoning module UObjectPlugin (298)
[2020.10.04-18.44.51:409][374]LogModuleManager: Shutting down and abandoning module SubversionSourceControl (296)
[2020.10.04-18.44.51:409][374]LogModuleManager: Shutting down and abandoning module PerforceSourceControl (294)
[2020.10.04-18.44.51:412][374]LogModuleManager: Shutting down and abandoning module GitSourceControl (292)
[2020.10.04-18.44.51:412][374]LogModuleManager: Shutting down and abandoning module SourceControl (291)
[2020.10.04-18.44.51:412][374]LogModuleManager: Shutting down and abandoning module LightPropagationVolumeEditor (288)
[2020.10.04-18.44.51:412][374]LogModuleManager: Shutting down and abandoning module PaperTiledImporter (286)
[2020.10.04-18.44.51:412][374]LogModuleManager: Shutting down and abandoning module PaperSpriteSheetImporter (284)
[2020.10.04-18.44.51:412][374]LogModuleManager: Shutting down and abandoning module Paper2DEditor (282)
[2020.10.04-18.44.51:430][374]LogModuleManager: Shutting down and abandoning module MeshPaint (281)
[2020.10.04-18.44.51:430][374]LogModuleManager: Shutting down and abandoning module LevelEditor (279)
[2020.10.04-18.44.51:430][374]LogModuleManager: Shutting down and abandoning module PixelInspectorModule (278)
[2020.10.04-18.44.51:430][374]LogModuleManager: Shutting down and abandoning module MainFrame (276)
[2020.10.04-18.44.51:430][374]LogModuleManager: Shutting down and abandoning module HotReload (275)
[2020.10.04-18.44.51:431][374]LogModuleManager: Shutting down and abandoning module RuntimePhysXCooking (270)
[2020.10.04-18.44.51:431][374]LogModuleManager: Shutting down and abandoning module PhysXVehiclesEditor (268)
[2020.10.04-18.44.51:431][374]LogModuleManager: Shutting down and abandoning module PhysXVehicles (266)
[2020.10.04-18.44.51:431][374]LogModuleManager: Shutting down and abandoning module OculusEditor (264)
[2020.10.04-18.44.51:431][374]LogModuleManager: Shutting down and abandoning module LocationServicesBPLibrary (262)
[2020.10.04-18.44.51:431][374]LogModuleManager: Shutting down and abandoning module ImmediatePhysicsEditor (260)
[2020.10.04-18.44.51:431][374]LogModuleManager: Shutting down and abandoning module ImmediatePhysics (258)
[2020.10.04-18.44.51:431][374]LogModuleManager: Shutting down and abandoning module UdpMessaging (256)
[2020.10.04-18.44.51:532][374]LogModuleManager: Shutting down and abandoning module TcpMessaging (254)
[2020.10.04-18.44.51:633][374]LogModuleManager: Shutting down and abandoning module GameSparks (252)
[2020.10.04-18.44.51:646][374]LogModuleManager: Shutting down and abandoning module GameplayTagsEditor (250)
[2020.10.04-18.44.51:646][374]LogModuleManager: Shutting down and abandoning module FacialAnimationEditor (248)
[2020.10.04-18.44.51:646][374]LogModuleManager: Shutting down and abandoning module FacialAnimation (246)
[2020.10.04-18.44.51:646][374]LogModuleManager: Shutting down and abandoning module AssetManagerEditor (244)
[2020.10.04-18.44.51:646][374]LogModuleManager: Shutting down and abandoning module GraphEditor (243)
[2020.10.04-18.44.51:646][374]LogModuleManager: Shutting down and abandoning module ContentBrowser (241)
[2020.10.04-18.44.51:647][374]LogModuleManager: Shutting down and abandoning module LightPropagationVolumeRuntime (238)
[2020.10.04-18.44.51:647][374]LogModuleManager: Shutting down and abandoning module Paper2D (236)
[2020.10.04-18.44.51:647][374]LogModuleManager: Shutting down and abandoning module WindowsMoviePlayer (234)
[2020.10.04-18.44.51:647][374]LogModuleManager: Shutting down and abandoning module WmfMedia (232)
[2020.10.04-18.44.51:659][374]LogModuleManager: Shutting down and abandoning module ImgMedia (230)
[2020.10.04-18.44.51:659][374]LogModuleManager: Shutting down and abandoning module PacketHandler (228)
[2020.10.04-18.44.51:659][374]LogModuleManager: Shutting down and abandoning module ClothingSystemEditor (226)
[2020.10.04-18.44.51:659][374]LogModuleManager: Shutting down and abandoning module ClothingSystemRuntime (224)
[2020.10.04-18.44.51:671][374]LogModuleManager: Shutting down and abandoning module MediaAssets (222)
[2020.10.04-18.44.51:671][374]LogModuleManager: Shutting down and abandoning module Media (221)
[2020.10.04-18.44.51:677][374]LogModuleManager: Shutting down and abandoning module Overlay (218)
[2020.10.04-18.44.51:677][374]LogModuleManager: Shutting down and abandoning module OverlayEditor (217)
[2020.10.04-18.44.51:677][374]LogModuleManager: Shutting down and abandoning module VREditor (214)
[2020.10.04-18.44.51:677][374]LogModuleManager: Shutting down and abandoning module StringTableEditor (212)
[2020.10.04-18.44.51:678][374]LogModuleManager: Shutting down and abandoning module GameplayTasksEditor (210)
[2020.10.04-18.44.51:678][374]LogModuleManager: Shutting down and abandoning module BehaviorTreeEditor (208)
[2020.10.04-18.44.51:694][374]LogModuleManager: Shutting down and abandoning module FunctionalTesting (206)
[2020.10.04-18.44.51:694][374]LogModuleManager: Shutting down and abandoning module CollisionAnalyzer (204)
[2020.10.04-18.44.51:694][374]LogModuleManager: Shutting down and abandoning module WorkspaceMenuStructure (203)
[2020.10.04-18.44.51:694][374]LogModuleManager: Shutting down and abandoning module UMG (200)
[2020.10.04-18.44.51:694][374]LogModuleManager: Shutting down and abandoning module UMGEditor (199)
[2020.10.04-18.44.51:694][374]LogModuleManager: Shutting down and abandoning module Sequencer (198)
[2020.10.04-18.44.51:694][374]LogModuleManager: Shutting down and abandoning module MessageLog (195)
[2020.10.04-18.44.51:694][374]LogModuleManager: Shutting down and abandoning module SlateReflector (190)
[2020.10.04-18.44.51:707][374]LogModuleManager: Shutting down and abandoning module Slate (188)
[2020.10.04-18.44.51:707][374]LogModuleManager: Shutting down and abandoning module EditorStyle (186)
[2020.10.04-18.44.51:710][374]LogModuleManager: Shutting down and abandoning module MRMesh (184)
[2020.10.04-18.44.51:710][374]LogModuleManager: Shutting down and abandoning module SourceCodeAccess (182)
[2020.10.04-18.44.51:710][374]LogModuleManager: Shutting down and abandoning module HeadMountedDisplay (180)
[2020.10.04-18.44.51:710][374]LogModuleManager: Shutting down and abandoning module XAudio2 (178)
[2020.10.04-18.44.51:710][374]LogModuleManager: Shutting down and abandoning module Networking (176)
[2020.10.04-18.44.51:710][374]LogModuleManager: Shutting down and abandoning module Core (172)
[2020.10.04-18.44.51:710][374]LogModuleManager: Shutting down and abandoning module LevelSequence (168)
[2020.10.04-18.44.51:710][374]LogModuleManager: Shutting down and abandoning module DirectoryWatcher (166)
[2020.10.04-18.44.51:710][374]LogModuleManager: Shutting down and abandoning module KismetCompiler (164)
[2020.10.04-18.44.51:710][374]LogModuleManager: Shutting down and abandoning module MeshUtilities (162)
[2020.10.04-18.44.51:721][374]LogModuleManager: Shutting down and abandoning module MeshMergeUtilities (161)
[2020.10.04-18.44.51:721][374]LogModuleManager: Shutting down and abandoning module MeshReductionInterface (160)
[2020.10.04-18.44.51:721][374]LogModuleManager: Shutting down and abandoning module SimplygonSwarm (159)
[2020.10.04-18.44.51:738][374]LogModuleManager: Shutting down and abandoning module SimplygonMeshReduction (157)
[2020.10.04-18.44.51:738][374]LogModuleManager: Shutting down and abandoning module QuadricMeshReduction (155)
[2020.10.04-18.44.51:738][374]LogModuleManager: Shutting down and abandoning module MaterialBaking (151)
[2020.10.04-18.44.51:738][374]LogModuleManager: Shutting down and abandoning module DerivedDataCache (148)
[2020.10.04-18.44.51:802][374]LogDerivedDataCache: Shutdown
[2020.10.04-18.44.51:802][374]LogModuleManager: Shutting down and abandoning module TargetPlatform (146)
[2020.10.04-18.44.51:802][374]LogModuleManager: Shutting down and abandoning module VulkanShaderFormat (145)
[2020.10.04-18.44.51:802][374]LogModuleManager: Shutting down and abandoning module ShaderFormatVectorVM (143)
[2020.10.04-18.44.51:811][374]LogModuleManager: Shutting down and abandoning module ShaderFormatOpenGL (141)
[2020.10.04-18.44.51:819][374]LogModuleManager: Shutting down and abandoning module ShaderFormatD3D (139)
[2020.10.04-18.44.51:820][374]LogModuleManager: Shutting down and abandoning module MetalShaderFormat (137)
[2020.10.04-18.44.51:820][374]LogModuleManager: Shutting down and abandoning module TextureFormatUncompressed (135)
[2020.10.04-18.44.51:820][374]LogModuleManager: Shutting down and abandoning module TextureFormatPVR (133)
[2020.10.04-18.44.51:820][374]LogModuleManager: Shutting down and abandoning module TextureFormatDXT (131)
[2020.10.04-18.44.51:820][374]LogModuleManager: Shutting down and abandoning module TextureFormatIntelISPCTexComp (129)
[2020.10.04-18.44.51:820][374]LogModuleManager: Shutting down and abandoning module TextureFormatASTC (127)
[2020.10.04-18.44.51:820][374]LogModuleManager: Shutting down and abandoning module ImageWrapper (126)
[2020.10.04-18.44.51:820][374]LogModuleManager: Shutting down and abandoning module TextureFormatAndroid (123)
[2020.10.04-18.44.51:820][374]LogModuleManager: Shutting down and abandoning module AudioFormatOpus (121)
[2020.10.04-18.44.51:820][374]LogModuleManager: Shutting down and abandoning module AudioFormatOgg (119)
[2020.10.04-18.44.51:820][374]LogModuleManager: Shutting down and abandoning module AudioFormatADPCM (117)
[2020.10.04-18.44.51:820][374]LogModuleManager: Shutting down and abandoning module LinuxTargetPlatform (115)
[2020.10.04-18.44.51:820][374]LogModuleManager: Shutting down and abandoning module LinuxServerTargetPlatform (113)
[2020.10.04-18.44.51:820][374]LogModuleManager: Shutting down and abandoning module LinuxNoEditorTargetPlatform (111)
[2020.10.04-18.44.51:820][374]LogModuleManager: Shutting down and abandoning module LinuxClientTargetPlatform (109)
[2020.10.04-18.44.51:820][374]LogModuleManager: Shutting down and abandoning module TVOSTargetPlatform (107)
[2020.10.04-18.44.51:820][374]LogModuleManager: Shutting down and abandoning module Messaging (105)
[2020.10.04-18.44.51:820][374]LogModuleManager: Shutting down and abandoning module IOSTargetPlatform (103)
[2020.10.04-18.44.51:820][374]LogModuleManager: Shutting down and abandoning module HTML5TargetPlatform (101)
[2020.10.04-18.44.51:820][374]LogModuleManager: Shutting down and abandoning module AndroidTargetPlatform (99)
[2020.10.04-18.44.51:820][374]LogModuleManager: Shutting down and abandoning module Android_PVRTCTargetPlatform (97)
[2020.10.04-18.44.51:820][374]LogModuleManager: Shutting down and abandoning module Android_MultiTargetPlatform (95)
[2020.10.04-18.44.51:820][374]LogModuleManager: Shutting down and abandoning module Android_ETC2TargetPlatform (93)
[2020.10.04-18.44.51:820][374]LogModuleManager: Shutting down and abandoning module Android_ETC1TargetPlatform (91)
[2020.10.04-18.44.51:820][374]LogModuleManager: Shutting down and abandoning module Android_DXTTargetPlatform (89)
[2020.10.04-18.44.51:820][374]LogModuleManager: Shutting down and abandoning module Android_ATCTargetPlatform (87)
[2020.10.04-18.44.51:820][374]LogModuleManager: Shutting down and abandoning module Android_ASTCTargetPlatform (85)
[2020.10.04-18.44.51:820][374]LogModuleManager: Shutting down and abandoning module WindowsTargetPlatform (83)
[2020.10.04-18.44.51:820][374]LogModuleManager: Shutting down and abandoning module WindowsServerTargetPlatform (81)
[2020.10.04-18.44.51:820][374]LogModuleManager: Shutting down and abandoning module WindowsNoEditorTargetPlatform (79)
[2020.10.04-18.44.51:820][374]LogModuleManager: Shutting down and abandoning module WindowsClientTargetPlatform (77)
[2020.10.04-18.44.51:820][374]LogModuleManager: Shutting down and abandoning module MacTargetPlatform (75)
[2020.10.04-18.44.51:820][374]LogModuleManager: Shutting down and abandoning module MacServerTargetPlatform (73)
[2020.10.04-18.44.51:820][374]LogModuleManager: Shutting down and abandoning module MacNoEditorTargetPlatform (71)
[2020.10.04-18.44.51:820][374]LogModuleManager: Shutting down and abandoning module MacClientTargetPlatform (69)
[2020.10.04-18.44.51:820][374]LogModuleManager: Shutting down and abandoning module AllDesktopTargetPlatform (67)
[2020.10.04-18.44.51:820][374]LogModuleManager: Shutting down and abandoning module InputCore (64)
[2020.10.04-18.44.51:820][374]LogModuleManager: Shutting down and abandoning module Settings (62)
[2020.10.04-18.44.51:820][374]LogModuleManager: Shutting down and abandoning module PhysXCooking (60)
[2020.10.04-18.44.51:820][374]LogModuleManager: Shutting down and abandoning module SteamVR (58)
[2020.10.04-18.44.51:820][374]LogModuleManager: Shutting down and abandoning module OculusHMD (56)
[2020.10.04-18.44.51:820][374]LogModuleManager: Shutting down and abandoning module ExampleDeviceProfileSelector (54)
[2020.10.04-18.44.51:820][374]LogModuleManager: Shutting down and abandoning module AppleARKit (52)
[2020.10.04-18.44.51:820][374]LogModuleManager: Shutting down and abandoning module AugmentedReality (51)
[2020.10.04-18.44.51:820][374]LogModuleManager: Shutting down and abandoning module OnlineBlueprintSupport (48)
[2020.10.04-18.44.51:820][374]LogModuleManager: Shutting down and abandoning module OnlineSubsystem (44)
[2020.10.04-18.44.51:845][374]LogModuleManager: Shutting down and abandoning module XMPP (43)
[2020.10.04-18.44.51:846][374]LogModuleManager: Shutting down and abandoning module HTTP (41)
[2020.10.04-18.44.51:846][374]LogHttp: Display: Http module shutting down, but needs to wait on 1 outstanding Http requests:
[2020.10.04-18.44.51:846][374]LogHttp: Display: 	verb=[POST] url=[https://datarouter.ol.epicgames.com/datarouter/api/v1/public/data?SessionID=%7B14B0D3E8-4940-5F51-D7EC-4D999F4783EE%7D&AppID=UEEditor.Rocket.Release&AppVersion=4.18.3-3832480%2B%2B%2BUE4%2BRelease-4.18&UserID=861ca12a42756dbcf3f6918c60501a40%7Cebcb5f2c85894ba5a3a9ac04b9e40510%7C8bbfd533-bc65-493b-a7f3-cbfa877b35c8&AppEnvironment=datacollector-binary&UploadType=eteventstream] status=Processing
[2020.10.04-18.44.51:859][374]LogModuleManager: Shutting down and abandoning module SSL (40)
[2020.10.04-18.44.51:859][374]LogModuleManager: Shutting down and abandoning module AnimationModifiers (36)
[2020.10.04-18.44.51:860][374]LogModuleManager: Shutting down and abandoning module PropertyEditor (35)
[2020.10.04-18.44.51:860][374]LogModuleManager: Shutting down and abandoning module AudioEditor (32)
[2020.10.04-18.44.51:860][374]LogModuleManager: Shutting down and abandoning module TextureCompressor (30)
[2020.10.04-18.44.51:860][374]LogModuleManager: Shutting down and abandoning module ShaderCore (28)
[2020.10.04-18.44.51:860][374]LogModuleManager: Shutting down and abandoning module Landscape (26)
[2020.10.04-18.44.51:860][374]LogModuleManager: Shutting down and abandoning module SlateRHIRenderer (24)
[2020.10.04-18.44.51:874][374]LogModuleManager: Shutting down and abandoning module OpenGLDrv (22)
[2020.10.04-18.44.51:874][374]LogModuleManager: Shutting down and abandoning module D3D11RHI (20)
[2020.10.04-18.44.51:874][374]LogModuleManager: Shutting down and abandoning module AnimGraphRuntime (18)
[2020.10.04-18.44.51:874][374]LogModuleManager: Shutting down and abandoning module Renderer (16)
[2020.10.04-18.44.51:874][374]LogModuleManager: Shutting down and abandoning module Engine (14)
[2020.10.04-18.44.51:874][374]LogModuleManager: Shutting down and abandoning module CoreUObject (12)
[2020.10.04-18.44.51:874][374]LogModuleManager: Shutting down and abandoning module NetworkFile (10)
[2020.10.04-18.44.51:874][374]LogModuleManager: Shutting down and abandoning module CookedIterativeFile (8)
[2020.10.04-18.44.51:874][374]LogModuleManager: Shutting down and abandoning module StreamingFile (6)
[2020.10.04-18.44.51:874][374]LogModuleManager: Shutting down and abandoning module SandboxFile (4)
[2020.10.04-18.44.51:874][374]LogModuleManager: Shutting down and abandoning module PakFile (2)
[2020.10.04-18.44.51:881][374]LogExit: Exiting.
[2020.10.04-18.44.51:891][374]Log file closed, 10/04/20 13:44:51
