Log file open, 09/15/20 20:20:47
LogWindows: Failed to load 'aqProf.dll' (GetLastError=126)
LogWindows: File 'aqProf.dll' does not exist
LogWindows: Failed to load 'VSPerf140.dll' (GetLastError=126)
LogWindows: File 'VSPerf140.dll' does not exist
LogWindows: Failed to load 'VtuneApi.dll' (GetLastError=126)
LogWindows: File 'VtuneApi.dll' does not exist
LogWindows: Failed to load 'VtuneApi32e.dll' (GetLastError=126)
LogWindows: File 'VtuneApi32e.dll' does not exist
LogInit: Display: Running engine for game: MuseoVirtualUdem
LogPlatformFile: Not using cached read wrapper
LogInit: Display: RandInit(1573713847) SRandInit(1573713848).
LogInit: Read version file with build ID '3709383'
LogInit: Overriding engine version to CL 3832480, compatible CL 3709383
LogInit: Registered custom module enumerator with build ID '3709383'
LogTaskGraph: Started task graph with 5 named threads and 14 total threads with 3 sets of task threads.
LogStats: Stats thread started at 0.713736
LogD3D11RHI: Aftermath initialized
LogModuleManager: Display: Found up-to-date module file ../../../Engine/Plugins/Marketplace/GameSparks/Binaries/Win64/UE4Editor-GameSparks.dll (API version 3709383).
LogModuleManager: Display: Found up-to-date module file ../../../Engine/Plugins/Marketplace/GameSparks/Binaries/Win64/UE4Editor-OnlineSubsystemGameSparks.dll (API version 3709383).
LogModuleManager: Display: Found up-to-date module file ../../../Engine/Plugins/Online/OnlineSubsystem/Binaries/Win64/UE4Editor-OnlineSubsystem.dll (API version 3709383).
LogModuleManager: Display: Found up-to-date module file ../../../Engine/Plugins/Online/OnlineSubsystemUtils/Binaries/Win64/UE4Editor-OnlineSubsystemUtils.dll (API version 3709383).
LogModuleManager: Display: Found up-to-date module file ../../../Engine/Plugins/Online/OnlineSubsystemUtils/Binaries/Win64/UE4Editor-OnlineBlueprintSupport.dll (API version 3709383).
LogModuleManager: Display: Found up-to-date module file ../../../Engine/Plugins/2D/Paper2D/Binaries/Win64/UE4Editor-Paper2D.dll (API version 3709383).
LogModuleManager: Display: Found up-to-date module file ../../../Engine/Plugins/2D/Paper2D/Binaries/Win64/UE4Editor-Paper2DEditor.dll (API version 3709383).
LogModuleManager: Display: Found up-to-date module file ../../../Engine/Plugins/2D/Paper2D/Binaries/Win64/UE4Editor-PaperSpriteSheetImporter.dll (API version 3709383).
LogModuleManager: Display: Found up-to-date module file ../../../Engine/Plugins/2D/Paper2D/Binaries/Win64/UE4Editor-PaperTiledImporter.dll (API version 3709383).
LogModuleManager: Display: Found up-to-date module file ../../../Engine/Plugins/2D/Paper2D/Binaries/Win64/UE4Editor-SmartSnapping.dll (API version 3709383).
LogModuleManager: Display: Found up-to-date module file ../../../Engine/Plugins/Blendables/LightPropagationVolume/Binaries/Win64/UE4Editor-LightPropagationVolumeRuntime.dll (API version 3709383).
LogModuleManager: Display: Found up-to-date module file ../../../Engine/Plugins/Blendables/LightPropagationVolume/Binaries/Win64/UE4Editor-LightPropagationVolumeEditor.dll (API version 3709383).
LogModuleManager: Display: Found up-to-date module file ../../../Engine/Plugins/Developer/GitSourceControl/Binaries/Win64/UE4Editor-GitSourceControl.dll (API version 3709383).
LogModuleManager: Display: Found up-to-date module file ../../../Engine/Plugins/Developer/PerforceSourceControl/Binaries/Win64/UE4Editor-PerforceSourceControl.dll (API version 3709383).
LogModuleManager: Display: Found up-to-date module file ../../../Engine/Plugins/Developer/SubversionSourceControl/Binaries/Win64/UE4Editor-SubversionSourceControl.dll (API version 3709383).
LogModuleManager: Display: Found up-to-date module file ../../../Engine/Plugins/Developer/UObjectPlugin/Binaries/Win64/UE4Editor-UObjectPlugin.dll (API version 3709383).
LogModuleManager: Display: Found up-to-date module file ../../../Engine/Plugins/Developer/VisualStudioCodeSourceCodeAccess/Binaries/Win64/UE4Editor-VisualStudioCodeSourceCodeAccess.dll (API version 3709383).
LogModuleManager: Display: Found up-to-date module file ../../../Engine/Plugins/Developer/VisualStudioSourceCodeAccess/Binaries/Win64/UE4Editor-VisualStudioSourceCodeAccess.dll (API version 3709383).
LogModuleManager: Display: Found up-to-date module file ../../../Engine/Plugins/Editor/AssetManagerEditor/Binaries/Win64/UE4Editor-AssetManagerEditor.dll (API version 3709383).
LogModuleManager: Display: Found up-to-date module file ../../../Engine/Plugins/Editor/AudioCapture/Binaries/Win64/UE4Editor-AudioCapture.dll (API version 3709383).
LogModuleManager: Display: Found up-to-date module file ../../../Engine/Plugins/Editor/FacialAnimation/Binaries/Win64/UE4Editor-FacialAnimation.dll (API version 3709383).
LogModuleManager: Display: Found up-to-date module file ../../../Engine/Plugins/Editor/FacialAnimation/Binaries/Win64/UE4Editor-FacialAnimationEditor.dll (API version 3709383).
LogModuleManager: Display: Found up-to-date module file ../../../Engine/Plugins/Editor/GameplayTagsEditor/Binaries/Win64/UE4Editor-GameplayTagsEditor.dll (API version 3709383).
LogModuleManager: Display: Found up-to-date module file ../../../Engine/Plugins/Editor/MobileLauncherProfileWizard/Binaries/Win64/UE4Editor-MobileLauncherProfileWizard.dll (API version 3709383).
LogModuleManager: Display: Found up-to-date module file ../../../Engine/Plugins/Editor/PluginBrowser/Binaries/Win64/UE4Editor-PluginBrowser.dll (API version 3709383).
LogModuleManager: Display: Found up-to-date module file ../../../Engine/Plugins/Editor/SpeedTreeImporter/Binaries/Win64/UE4Editor-SpeedTreeImporter.dll (API version 3709383).
LogModuleManager: Display: Found up-to-date module file ../../../Engine/Plugins/Experimental/AlembicImporter/Binaries/Win64/UE4Editor-AlembicImporter.dll (API version 3709383).
LogModuleManager: Display: Found up-to-date module file ../../../Engine/Plugins/Experimental/AlembicImporter/Binaries/Win64/UE4Editor-AlembicLibrary.dll (API version 3709383).
LogModuleManager: Display: Found up-to-date module file ../../../Engine/Plugins/Experimental/CharacterAI/Binaries/Win64/UE4Editor-CharacterAI.dll (API version 3709383).
LogModuleManager: Display: Found up-to-date module file ../../../Engine/Plugins/Experimental/HTML5Networking/Binaries/Win64/UE4Editor-HTML5Networking.dll (API version 3709383).
LogModuleManager: Display: Found up-to-date module file ../../../Engine/Plugins/Media/AndroidMedia/Binaries/Win64/UE4Editor-AndroidMediaEditor.dll (API version 3709383).
LogModuleManager: Display: Found up-to-date module file ../../../Engine/Plugins/Media/AndroidMedia/Binaries/Win64/UE4Editor-AndroidMediaFactory.dll (API version 3709383).
LogModuleManager: Display: Found up-to-date module file ../../../Engine/Plugins/Media/AvfMedia/Binaries/Win64/UE4Editor-AvfMediaEditor.dll (API version 3709383).
LogModuleManager: Display: Found up-to-date module file ../../../Engine/Plugins/Media/AvfMedia/Binaries/Win64/UE4Editor-AvfMediaFactory.dll (API version 3709383).
LogModuleManager: Display: Found up-to-date module file ../../../Engine/Plugins/Media/AvfMedia/Binaries/Win64/UE4Editor-AvfMediaFactory.dll (API version 3709383).
LogModuleManager: Display: Found up-to-date module file ../../../Engine/Plugins/Media/ImgMedia/Binaries/Win64/UE4Editor-ImgMedia.dll (API version 3709383).
LogModuleManager: Display: Found up-to-date module file ../../../Engine/Plugins/Media/ImgMedia/Binaries/Win64/UE4Editor-ImgMediaEditor.dll (API version 3709383).
LogModuleManager: Display: Found up-to-date module file ../../../Engine/Plugins/Media/ImgMedia/Binaries/Win64/UE4Editor-ImgMediaFactory.dll (API version 3709383).
LogModuleManager: Display: Found up-to-date module file ../../../Engine/Plugins/Media/ImgMedia/Binaries/Win64/UE4Editor-ImgMediaFactory.dll (API version 3709383).
LogModuleManager: Display: Found up-to-date module file ../../../Engine/Plugins/Media/ImgMedia/Binaries/Win64/UE4Editor-OpenExrWrapper.dll (API version 3709383).
LogModuleManager: Display: Found up-to-date module file ../../../Engine/Plugins/Media/MediaCompositing/Binaries/Win64/UE4Editor-MediaCompositing.dll (API version 3709383).
LogModuleManager: Display: Found up-to-date module file ../../../Engine/Plugins/Media/MediaCompositing/Binaries/Win64/UE4Editor-MediaCompositingEditor.dll (API version 3709383).
LogModuleManager: Display: Found up-to-date module file ../../../Engine/Plugins/Media/MediaPlayerEditor/Binaries/Win64/UE4Editor-MediaPlayerEditor.dll (API version 3709383).
LogModuleManager: Display: Found up-to-date module file ../../../Engine/Plugins/Media/WmfMedia/Binaries/Win64/UE4Editor-WmfMedia.dll (API version 3709383).
LogModuleManager: Display: Found up-to-date module file ../../../Engine/Plugins/Media/WmfMedia/Binaries/Win64/UE4Editor-WmfMediaEditor.dll (API version 3709383).
LogModuleManager: Display: Found up-to-date module file ../../../Engine/Plugins/Media/WmfMedia/Binaries/Win64/UE4Editor-WmfMediaFactory.dll (API version 3709383).
LogModuleManager: Display: Found up-to-date module file ../../../Engine/Plugins/Media/WmfMedia/Binaries/Win64/UE4Editor-WmfMediaFactory.dll (API version 3709383).
LogModuleManager: Display: Found up-to-date module file ../../../Engine/Plugins/Messaging/TcpMessaging/Binaries/Win64/UE4Editor-TcpMessaging.dll (API version 3709383).
LogModuleManager: Display: Found up-to-date module file ../../../Engine/Plugins/Messaging/UdpMessaging/Binaries/Win64/UE4Editor-UdpMessaging.dll (API version 3709383).
LogModuleManager: Display: Found up-to-date module file ../../../Engine/Plugins/MovieScene/ActorSequence/Binaries/Win64/UE4Editor-ActorSequence.dll (API version 3709383).
LogModuleManager: Display: Found up-to-date module file ../../../Engine/Plugins/MovieScene/LevelSequenceEditor/Binaries/Win64/UE4Editor-LevelSequenceEditor.dll (API version 3709383).
LogModuleManager: Display: Found up-to-date module file ../../../Engine/Plugins/MovieScene/MatineeToLevelSequence/Binaries/Win64/UE4Editor-MatineeToLevelSequence.dll (API version 3709383).
LogModuleManager: Display: Found up-to-date module file ../../../Engine/Plugins/Runtime/AndroidPermission/Binaries/Win64/UE4Editor-AndroidPermission.dll (API version 3709383).
LogModuleManager: Display: Found up-to-date module file ../../../Engine/Plugins/Online/OnlineSubsystemNull/Binaries/Win64/UE4Editor-OnlineSubsystemNull.dll (API version 3709383).
LogModuleManager: Display: Found up-to-date module file ../../../Engine/Plugins/Runtime/AndroidDeviceProfileSelector/Binaries/Win64/UE4Editor-AndroidDeviceProfileSelector.dll (API version 3709383).
LogModuleManager: Display: Found up-to-date module file ../../../Engine/Plugins/Runtime/AppleARKit/Binaries/Win64/UE4Editor-AppleARKit.dll (API version 3709383).
LogModuleManager: Display: Found up-to-date module file ../../../Engine/Plugins/Runtime/ArchVisCharacter/Binaries/Win64/UE4Editor-ArchVisCharacter.dll (API version 3709383).
LogModuleManager: Display: Found up-to-date module file ../../../Engine/Plugins/Runtime/CableComponent/Binaries/Win64/UE4Editor-CableComponent.dll (API version 3709383).
LogModuleManager: Display: Found up-to-date module file ../../../Engine/Plugins/Runtime/CustomMeshComponent/Binaries/Win64/UE4Editor-CustomMeshComponent.dll (API version 3709383).
LogModuleManager: Display: Found up-to-date module file ../../../Engine/Plugins/Runtime/ExampleDeviceProfileSelector/Binaries/Win64/UE4Editor-ExampleDeviceProfileSelector.dll (API version 3709383).
LogModuleManager: Display: Found up-to-date module file ../../../Engine/Plugins/Runtime/ImmediatePhysics/Binaries/Win64/UE4Editor-ImmediatePhysics.dll (API version 3709383).
LogModuleManager: Display: Found up-to-date module file ../../../Engine/Plugins/Runtime/ImmediatePhysics/Binaries/Win64/UE4Editor-ImmediatePhysicsEditor.dll (API version 3709383).
LogModuleManager: Display: Found up-to-date module file ../../../Engine/Plugins/Runtime/LocationServicesBPLibrary/Binaries/Win64/UE4Editor-LocationServicesBPLibrary.dll (API version 3709383).
LogModuleManager: Display: Found up-to-date module file ../../../Engine/Plugins/Runtime/MobilePatchingUtils/Binaries/Win64/UE4Editor-MobilePatchingUtils.dll (API version 3709383).
LogModuleManager: Display: Found up-to-date module file ../../../Engine/Plugins/Runtime/Oculus/OculusVR/Binaries/Win64/UE4Editor-OculusHMD.dll (API version 3709383).
LogModuleManager: Display: Found up-to-date module file ../../../Engine/Plugins/Runtime/Oculus/OculusVR/Binaries/Win64/UE4Editor-OculusInput.dll (API version 3709383).
LogModuleManager: Display: Found up-to-date module file ../../../Engine/Plugins/Runtime/Oculus/OculusVR/Binaries/Win64/UE4Editor-OculusEditor.dll (API version 3709383).
LogModuleManager: Display: Found up-to-date module file ../../../Engine/Plugins/Runtime/PhysXVehicles/Binaries/Win64/UE4Editor-PhysXVehicles.dll (API version 3709383).
LogModuleManager: Display: Found up-to-date module file ../../../Engine/Plugins/Runtime/PhysXVehicles/Binaries/Win64/UE4Editor-PhysXVehiclesEditor.dll (API version 3709383).
LogModuleManager: Display: Found up-to-date module file ../../../Engine/Plugins/Runtime/ProceduralMeshComponent/Binaries/Win64/UE4Editor-ProceduralMeshComponent.dll (API version 3709383).
LogModuleManager: Display: Found up-to-date module file ../../../Engine/Plugins/Runtime/ProceduralMeshComponent/Binaries/Win64/UE4Editor-ProceduralMeshComponentEditor.dll (API version 3709383).
LogModuleManager: Display: Found up-to-date module file ../../../Engine/Plugins/Runtime/RuntimePhysXCooking/Binaries/Win64/UE4Editor-RuntimePhysXCooking.dll (API version 3709383).
LogModuleManager: Display: Found up-to-date module file ../../../Engine/Plugins/Runtime/Steam/SteamVR/Binaries/Win64/UE4Editor-SteamVR.dll (API version 3709383).
LogModuleManager: Display: Found up-to-date module file ../../../Engine/Plugins/Runtime/Steam/SteamVR/Binaries/Win64/UE4Editor-SteamVRController.dll (API version 3709383).
LogModuleManager: Display: Found up-to-date module file ../../../Engine/Plugins/Runtime/WindowsMoviePlayer/Binaries/Win64/UE4Editor-WindowsMoviePlayer.dll (API version 3709383).
LogPluginManager: Mounting plugin Paper2D
LogPluginManager: Mounting plugin LightPropagationVolume
LogPluginManager: Mounting plugin CodeLiteSourceCodeAccess
LogPluginManager: Mounting plugin GitSourceControl
LogPluginManager: Mounting plugin KDevelopSourceCodeAccess
LogPluginManager: Mounting plugin NullSourceCodeAccess
LogPluginManager: Mounting plugin PerforceSourceControl
LogPluginManager: Mounting plugin SubversionSourceControl
LogPluginManager: Mounting plugin UObjectPlugin
LogPluginManager: Mounting plugin VisualStudioCodeSourceCodeAccess
LogPluginManager: Mounting plugin VisualStudioSourceCodeAccess
LogPluginManager: Mounting plugin XCodeSourceCodeAccess
LogPluginManager: Mounting plugin AssetManagerEditor
LogPluginManager: Mounting plugin AudioCapture
LogPluginManager: Mounting plugin FacialAnimation
LogPluginManager: Mounting plugin GameplayTagsEditor
LogPluginManager: Mounting plugin MobileLauncherProfileWizard
LogPluginManager: Mounting plugin PluginBrowser
LogPluginManager: Mounting plugin SpeedTreeImporter
LogPluginManager: Mounting plugin AlembicImporter
LogPluginManager: Mounting plugin CharacterAI
LogPluginManager: Mounting plugin HTML5Networking
LogPluginManager: Mounting plugin GameSparks
LogPluginManager: Mounting plugin AndroidMedia
LogPluginManager: Mounting plugin AvfMedia
LogPluginManager: Mounting plugin ImgMedia
LogPluginManager: Mounting plugin MediaCompositing
LogPluginManager: Mounting plugin MediaPlayerEditor
LogPluginManager: Mounting plugin WmfMedia
LogPluginManager: Mounting plugin TcpMessaging
LogPluginManager: Mounting plugin UdpMessaging
LogPluginManager: Mounting plugin ActorSequence
LogPluginManager: Mounting plugin LevelSequenceEditor
LogPluginManager: Mounting plugin MatineeToLevelSequence
LogPluginManager: Mounting plugin OnlineSubsystemGooglePlay
LogPluginManager: Mounting plugin OnlineSubsystemIOS
LogPluginManager: Mounting plugin OnlineSubsystem
LogPluginManager: Mounting plugin OnlineSubsystemNull
LogPluginManager: Mounting plugin OnlineSubsystemUtils
LogPluginManager: Mounting plugin AndroidDeviceProfileSelector
LogPluginManager: Mounting plugin AndroidMoviePlayer
LogPluginManager: Mounting plugin AndroidPermission
LogPluginManager: Mounting plugin AppleARKit
LogPluginManager: Mounting plugin AppleMoviePlayer
LogPluginManager: Mounting plugin ArchVisCharacter
LogPluginManager: Mounting plugin CableComponent
LogPluginManager: Mounting plugin CustomMeshComponent
LogPluginManager: Mounting plugin ExampleDeviceProfileSelector
LogPluginManager: Mounting plugin GoogleCloudMessaging
LogPluginManager: Mounting plugin ImmediatePhysics
LogPluginManager: Mounting plugin IOSDeviceProfileSelector
LogPluginManager: Mounting plugin LinuxDeviceProfileSelector
LogPluginManager: Mounting plugin LocationServicesBPLibrary
LogPluginManager: Mounting plugin MobilePatchingUtils
LogPluginManager: Mounting plugin OculusVR
LogPluginManager: Plugin shader directory ../../../Engine/Plugins/Runtime/Oculus/OculusVR/Shaders found
LogPluginManager: Mapping shader source directory ../../../Engine/Plugins/Runtime/Oculus/OculusVR/Shaders to virtual directory /Plugin/OculusVR
LogPluginManager: Mounting plugin PhysXVehicles
LogPluginManager: Mounting plugin ProceduralMeshComponent
LogPluginManager: Mounting plugin RuntimePhysXCooking
LogPluginManager: Mounting plugin SteamVR
LogPluginManager: Mounting plugin WindowsMoviePlayer
LogInit: Using libcurl 7.47.1
LogInit:  - built for x86_64-pc-win32
LogInit:  - supports SSL with OpenSSL/1.0.2g
LogInit:  - supports HTTP deflate (compression) using libz 1.2.8
LogInit:  - other features:
LogInit:      CURL_VERSION_SSL
LogInit:      CURL_VERSION_LIBZ
LogInit:      CURL_VERSION_IPV6
LogInit:      CURL_VERSION_ASYNCHDNS
LogInit:      CURL_VERSION_LARGEFILE
LogInit:      CURL_VERSION_IDN
LogInit:  CurlRequestOptions (configurable via config and command line):
LogInit:  - bVerifyPeer = false  - Libcurl will NOT verify peer certificate
LogInit:  - bUseHttpProxy = false  - Libcurl will NOT use HTTP proxy
LogInit:  - bDontReuseConnections = false  - Libcurl will reuse connections
LogInit:  - CertBundlePath = nullptr  - Libcurl will use whatever was configured at build time.
LogInit: Build: ++UE4+Release-4.18-CL-3832480
LogInit: Engine Version: 4.18.3-3832480+++UE4+Release-4.18
LogInit: Compatible Engine Version: 4.18.0-3709383+++UE4+Release-4.18
LogInit: Net CL: 3709383
LogDevObjectVersion: Number of dev versions registered: 16
LogDevObjectVersion:   Dev-Blueprints (B0D832E4-1F89-4F0D-ACCF-7EB736FD4AA2): 10
LogDevObjectVersion:   Dev-Build (E1C64328-A22C-4D53-A36C-8E866417BD8C): 0
LogDevObjectVersion:   Dev-Core (375EC13C-06E4-48FB-B500-84F0262A717E): 2
LogDevObjectVersion:   Dev-Editor (E4B068ED-F494-42E9-A231-DA0B2E46BB41): 20
LogDevObjectVersion:   Dev-Framework (CFFC743F-43B0-4480-9391-14DF171D2073): 30
LogDevObjectVersion:   Dev-Mobile (B02B49B5-BB20-44E9-A304-32B752E40360): 0
LogDevObjectVersion:   Dev-Networking (A4E4105C-59A1-49B5-A7C5-40C4547EDFEE): 0
LogDevObjectVersion:   Dev-Online (39C831C9-5AE6-47DC-9A44-9C173E1C8E7C): 0
LogDevObjectVersion:   Dev-Physics (78F01B33-EBEA-4F98-B9B4-84EACCB95AA2): 0
LogDevObjectVersion:   Dev-Platform (6631380F-2D4D-43E0-8009-CF276956A95A): 0
LogDevObjectVersion:   Dev-Rendering (12F88B9F-8875-4AFC-A67C-D90C383ABD29): 20
LogDevObjectVersion:   Dev-Sequencer (7B5AE74C-D270-4C10-A958-57980B212A5A): 4
LogDevObjectVersion:   Dev-VR (D7296918-1DD6-4BDD-9DE2-64A83CC13884): 0
LogDevObjectVersion:   Dev-LoadTimes (C2A15278-BFE7-4AFE-6C17-90FF531DF755): 1
LogDevObjectVersion:   Private-Geometry (6EACA3D4-40EC-4CC1-B786-8BED09428FC5): 1
LogDevObjectVersion:   Dev-AnimPhys (29E575DD-E0A3-4627-9D10-D276232CDCEA): 12
LogInit: Compiled (64-bit): Jan 12 2018 02:04:55
LogInit: Compiled with Visual C++: 19.00.24215.01
LogInit: Build Configuration: Development
LogInit: Branch Name: ++UE4+Release-4.18
LogInit: Command line:  
LogInit: Base directory: C:/Program Files/Epic Games/UE_4.18/Engine/Binaries/Win64/
LogInit: Installed Engine Build: 1
LogInit: Presizing for max 8388607 objects, including 0 objects not considered by GC, pre-allocating 0 bytes for permanent pool.
LogInit: Object subsystem initialized
[2020.09.16-01.21.01:739][  0]LogInit: Selected Device Profile: [Windows]
[2020.09.16-01.21.01:739][  0]LogInit: Applying CVar settings loaded from the selected device profile: [Windows]
[2020.09.16-01.21.01:792][  0]LogInit: Computer: DESKTOP-IJ1U86O
[2020.09.16-01.21.01:793][  0]LogInit: User: DANIELFS
[2020.09.16-01.21.01:793][  0]LogInit: CPU Page size=4096, Cores=4
[2020.09.16-01.21.01:793][  0]LogInit: High frequency timer resolution =10.000000 MHz
[2020.09.16-01.21.01:794][  0]LogMemory: Memory total: Physical=6.9GB (7GB approx)
[2020.09.16-01.21.01:794][  0]LogMemory: Platform Memory Stats for Windows
[2020.09.16-01.21.01:794][  0]LogMemory: Process Physical Memory: 276.11 MB used, 276.11 MB peak
[2020.09.16-01.21.01:795][  0]LogMemory: Process Virtual Memory: 269.55 MB used, 269.55 MB peak
[2020.09.16-01.21.01:795][  0]LogMemory: Physical Memory: 5104.90 MB used,  1993.64 MB free, 7098.54 MB total
[2020.09.16-01.21.01:795][  0]LogMemory: Virtual Memory: 4748.84 MB used,  1993.64 MB free, 134217728.00 MB total
[2020.09.16-01.21.03:619][  0]LogInit: Overriding language with editor language configuration option (en).
[2020.09.16-01.21.03:619][  0]LogInit: Overriding locale with editor locale configuration option (en).
[2020.09.16-01.21.05:529][  0]LogInit: Setting process to per monitor DPI aware
[2020.09.16-01.21.07:558][  0]LogD3D11RHI: D3D11 adapters:
[2020.09.16-01.21.07:694][  0]LogD3D11RHI:    0. 'AMD Radeon(TM) R7 Graphics' (Feature Level 11_0)
[2020.09.16-01.21.07:694][  0]LogD3D11RHI:       1004/0/3549 MB DedicatedVideo/DedicatedSystem/SharedSystem, Outputs:1, VendorId:0x1002
[2020.09.16-01.21.07:712][  0]LogD3D11RHI:    1. 'Microsoft Basic Render Driver' (Feature Level 11_0)
[2020.09.16-01.21.07:712][  0]LogD3D11RHI:       0/0/3549 MB DedicatedVideo/DedicatedSystem/SharedSystem, Outputs:0, VendorId:0x1414
[2020.09.16-01.21.07:712][  0]LogD3D11RHI: Chosen D3D11 Adapter: 0
[2020.09.16-01.21.07:746][  0]LogD3D11RHI: Creating new Direct3DDevice
[2020.09.16-01.21.07:747][  0]LogD3D11RHI:     GPU DeviceId: 0x1309 (for the marketing name, search the web for "GPU Device Id")
[2020.09.16-01.21.07:747][  0]LogWindows: EnumDisplayDevices:
[2020.09.16-01.21.07:748][  0]LogWindows:    0. 'AMD Radeon(TM) R7 Graphics' (P:1 D:1)
[2020.09.16-01.21.07:750][  0]LogWindows:    1. 'AMD Radeon(TM) R7 Graphics' (P:0 D:0)
[2020.09.16-01.21.07:751][  0]LogWindows:    2. 'AMD Radeon(TM) R7 Graphics' (P:0 D:0)
[2020.09.16-01.21.07:753][  0]LogWindows:    3. 'AMD Radeon(TM) R7 Graphics' (P:0 D:0)
[2020.09.16-01.21.07:754][  0]LogWindows:    4. 'AMD Radeon(TM) R7 Graphics' (P:0 D:0)
[2020.09.16-01.21.07:756][  0]LogWindows:    5. 'AMD Radeon(TM) R7 Graphics' (P:0 D:0)
[2020.09.16-01.21.07:757][  0]LogWindows: DebugString: GetVideoDriverDetailsInvalid PrimaryIsNotTheChoosenAdapter GetVideoDriverDetailsInvalid PrimaryIsNotTheChoosenAdapter GetVideoDriverDetailsInvalid PrimaryIsNotTheChoosenAdapter GetVideoDriverDetailsInvalid PrimaryIsNotTheChoosenAdapter GetVideoDriverDetailsInvalid PrimaryIsNotTheChoosenAdapter GetVideoDriverDetailsInvalid PrimaryIsNotTheChoosenAdapter FoundDriverCount:0 
[2020.09.16-01.21.07:757][  0]LogD3D11RHI:     Adapter Name: AMD Radeon(TM) R7 Graphics
[2020.09.16-01.21.07:757][  0]LogD3D11RHI:   Driver Version: Unknown (internal:Unknown, unified:Unknown)
[2020.09.16-01.21.07:757][  0]LogD3D11RHI:      Driver Date: Unknown
[2020.09.16-01.21.07:758][  0]LogRHI: Texture pool is 703 MB (70% of 1004 MB)
[2020.09.16-01.21.07:996][  0]LogD3D11RHI: Async texture creation enabled
[2020.09.16-01.21.08:060][  0]LogD3D11RHI: GPU Timing Frequency: 27.000000 (Debug: 2 2)
[2020.09.16-01.21.08:063][  0]LogShaderCompilers: Guid format shader working directory is -35 characters bigger than the processId version (../../../../../../Users/DANIEL_FS/Documents/GitHub/MuseoVirtualUdeM/MuseoVirtualUdeM/Intermediate/Shaders/WorkingDirectory/35576/).
[2020.09.16-01.21.08:064][  0]LogShaderCompilers: Cleaned the shader compiler working directory 'C:/Users/DANIEL_FS/AppData/Local/Temp/UnrealShaderWorkingDir/B569A6344BBC27937082FDBF19D66070/'.
[2020.09.16-01.21.08:065][  0]LogShaderCompilers: Display: Using Local Shader Compiler.
[2020.09.16-01.21.14:704][  0]LogTemp: Display: Loaded TP AllDesktopTargetPlatform
[2020.09.16-01.21.15:287][  0]LogTemp: Display: Loaded TP MacClientTargetPlatform
[2020.09.16-01.21.15:825][  0]LogTemp: Display: Loaded TP MacNoEditorTargetPlatform
[2020.09.16-01.21.16:373][  0]LogTemp: Display: Loaded TP MacServerTargetPlatform
[2020.09.16-01.21.16:895][  0]LogTemp: Display: Loaded TP MacTargetPlatform
[2020.09.16-01.21.17:411][  0]LogTemp: Display: Loaded TP WindowsClientTargetPlatform
[2020.09.16-01.21.17:936][  0]LogTemp: Display: Loaded TP WindowsNoEditorTargetPlatform
[2020.09.16-01.21.18:433][  0]LogTemp: Display: Loaded TP WindowsServerTargetPlatform
[2020.09.16-01.21.18:963][  0]LogTemp: Display: Loaded TP WindowsTargetPlatform
[2020.09.16-01.21.19:465][  0]LogTemp: Display: Loaded TP Android_ASTCTargetPlatform
[2020.09.16-01.21.19:994][  0]LogTemp: Display: Loaded TP Android_ATCTargetPlatform
[2020.09.16-01.21.20:504][  0]LogTemp: Display: Loaded TP Android_DXTTargetPlatform
[2020.09.16-01.21.21:037][  0]LogTemp: Display: Loaded TP Android_ETC1TargetPlatform
[2020.09.16-01.21.21:592][  0]LogTemp: Display: Loaded TP Android_ETC2TargetPlatform
[2020.09.16-01.21.22:672][  0]LogTemp: Display: Loaded TP Android_MultiTargetPlatform
[2020.09.16-01.21.22:673][  0]LogTemp: Display: Loaded TP Android_PVRTCTargetPlatform
[2020.09.16-01.21.23:192][  0]LogTemp: Display: Loaded TP AndroidTargetPlatform
[2020.09.16-01.21.23:659][  0]LogTemp: Display: Loaded TP HTML5TargetPlatform
[2020.09.16-01.21.24:430][  0]LogTemp: Display: Loaded TP IOSTargetPlatform
[2020.09.16-01.21.24:703][  0]LogTemp: Display: Loaded TP TVOSTargetPlatform
[2020.09.16-01.21.25:193][  0]LogTemp: Display: Loaded TP LinuxClientTargetPlatform
[2020.09.16-01.21.25:705][  0]LogTemp: Display: Loaded TP LinuxNoEditorTargetPlatform
[2020.09.16-01.21.26:197][  0]LogTemp: Display: Loaded TP LinuxServerTargetPlatform
[2020.09.16-01.21.26:713][  0]LogTemp: Display: Loaded TP LinuxTargetPlatform
[2020.09.16-01.21.26:713][  0]LogTargetPlatformManager: Display: Building Assets For Windows
[2020.09.16-01.21.33:939][  0]LogDerivedDataCache: Display: Max Cache Size: 512 MB
[2020.09.16-01.21.34:373][  0]LogDerivedDataCache: Loaded boot cache 0.43s 78MB C:/Users/DANIEL_FS/AppData/Local/UnrealEngine/4.18/DerivedDataCache/Boot.ddc.
[2020.09.16-01.21.34:373][  0]LogDerivedDataCache: Display: Loaded Boot cache: C:/Users/DANIEL_FS/AppData/Local/UnrealEngine/4.18/DerivedDataCache/Boot.ddc
[2020.09.16-01.21.34:374][  0]LogDerivedDataCache: FDerivedDataBackendGraph:  Pak pak cache file ../../../../../../Users/DANIEL_FS/Documents/GitHub/MuseoVirtualUdeM/MuseoVirtualUdeM/DerivedDataCache/DDC.ddp not found, will not use a pak cache.
[2020.09.16-01.21.34:374][  0]LogDerivedDataCache: Unable to find inner node Pak for hierarchical cache Hierarchy.
[2020.09.16-01.21.34:374][  0]LogDerivedDataCache: FDerivedDataBackendGraph:  CompressedPak pak cache file ../../../../../../Users/DANIEL_FS/Documents/GitHub/MuseoVirtualUdeM/MuseoVirtualUdeM/DerivedDataCache/Compressed.ddp not found, will not use a pak cache.
[2020.09.16-01.21.34:374][  0]LogDerivedDataCache: Unable to find inner node CompressedPak for hierarchical cache Hierarchy.
[2020.09.16-01.21.34:464][  0]LogDerivedDataCache: Display: Pak cache opened for reading ../../../Engine/DerivedDataCache/Compressed.ddp.
[2020.09.16-01.21.34:482][  0]LogDerivedDataCache: Using Local data cache path C:/Users/DANIEL_FS/AppData/Local/UnrealEngine/Common/DerivedDataCache: Writable
[2020.09.16-01.21.34:538][  0]LogMaterial: Verifying Global Shaders for PCD3D_SM5
[2020.09.16-01.21.34:539][  0]LogSlate: Using Freetype 2.6.0
[2020.09.16-01.21.34:547][  0]LogSlate: SlateFontCache - WITH_FREETYPE: 1, WITH_HARFBUZZ: 1
[2020.09.16-01.21.34:548][  0]LogSlate: SlateFontCache - WITH_FREETYPE: 1, WITH_HARFBUZZ: 1
[2020.09.16-01.21.36:908][  0]LogInit: Selected Device Profile: [Windows]
[2020.09.16-01.21.40:286][  0]LogSimplygon: Simplygon DLL not present - disabling.
[2020.09.16-01.21.40:940][  0]LogMeshReduction: Using SimplygonSwarm for distributed automatic mesh merging
[2020.09.16-01.21.40:940][  0]LogMeshReduction: Using QuadricMeshReduction for automatic static mesh reduction
[2020.09.16-01.21.40:940][  0]LogMeshReduction: No automatic skeletal mesh reduction module available
[2020.09.16-01.21.40:941][  0]LogMeshReduction: No automatic mesh merging module available
[2020.09.16-01.21.40:941][  0]LogMeshMerging: No automatic mesh merging module available
[2020.09.16-01.21.41:227][  0]LogNetVersion: MuseoVirtualUdem , NetCL: 3709383, EngineNetVer: 2, GameNetVer: 0 (Checksum: 2631075334)
[2020.09.16-01.21.42:563][  0]LogAssetRegistry: FAssetRegistry took 0.0594 seconds to start up
[2020.09.16-01.21.46:494][  0]LogPackageLocalizationCache: Processed 8 localized package path(s) for 1 prioritized culture(s) in 0.161799 seconds
[2020.09.16-01.21.46:515][  0]LogUObjectArray: 35870 objects as part of root set at end of initial load.
[2020.09.16-01.21.46:516][  0]LogUObjectAllocator: 7363704 out of 0 bytes used by permanent object pool.
[2020.09.16-01.21.46:516][  0]LogUObjectArray: CloseDisregardForGC: 0/0 objects in disregard for GC pool
[2020.09.16-01.21.47:379][  0]LogInit: WinSock: version 1.1 (2.2), MaxSocks=32767, MaxUdp=65467
[2020.09.16-01.22.24:658][  0]UGameSparksModuleLog: Warning: GameSparks::StartupModule
[2020.09.16-01.22.25:270][  0]LogTcpMessaging: Initializing TcpMessaging bridge
[2020.09.16-01.22.25:783][  0]LogUdpMessaging: Initializing bridge on interface 0.0.0.0:0 to multicast group 230.0.0.1:6666.
[2020.09.16-01.22.40:078][  0]LogMaterial: Uniform references updated for custom material expression Custom.
[2020.09.16-01.22.53:885][  0]SourceControl: Source control is disabled
[2020.09.16-01.22.53:886][  0]SourceControl: Source control is disabled
[2020.09.16-01.22.55:406][  0]SourceControl: Source control is disabled
[2020.09.16-01.22.56:768][  0]SourceControl: Source control is disabled
[2020.09.16-01.23.13:048][  0]LogAndroidPermission: UAndroidPermissionCallbackProxy::GetInstance
[2020.09.16-01.23.20:963][  0]LogOcInput: OculusInput pre-init called
[2020.09.16-01.23.28:849][  0]LogEngine: Initializing Engine...
[2020.09.16-01.23.28:930][  0]LogHMD: Failed to initialize OpenVR with code 110
[2020.09.16-01.23.33:328][  0]LogStats: UGameplayTagsManager::ConstructGameplayTagTree: Construct from data asset -  0.000 s
[2020.09.16-01.23.33:328][  0]LogStats: UGameplayTagsManager::ConstructGameplayTagTree: GameplayTagTreeChangedEvent.Broadcast -  0.000 s
[2020.09.16-01.23.37:644][  0]LogAIModule: Creating AISystem for world Untitled
[2020.09.16-01.23.38:046][  0]LogInit: XAudio2 using 'Altavoces (Conexant SmartAudio HD)' : 2 channels at 44.1 kHz using 32 bits per sample (channel mask 0x3)
[2020.09.16-01.23.38:865][  0]LogInit: FAudioDevice initialized.
[2020.09.16-01.23.39:357][  0]LogDerivedDataCache: Saved boot cache 0.49s 78MB C:/Users/DANIEL_FS/AppData/Local/UnrealEngine/4.18/DerivedDataCache/Boot.ddc.
[2020.09.16-01.23.39:435][  0]LogInit: Texture streaming: Enabled
[2020.09.16-01.23.43:211][  0]LogEngineSessionManager: EngineSessionManager initialized
[2020.09.16-01.23.49:250][  0]LogInit: Transaction tracking system initialized
[2020.09.16-01.24.01:792][  0]BlueprintLog: New page: Editor Load
[2020.09.16-01.24.29:390][  0]LocalizationService: Localization service is disabled
[2020.09.16-01.24.41:115][  0]LogConsoleResponse: Display: 
[2020.09.16-01.24.43:343][  0]LogCook: Display: Max memory allowance for cook 16384mb min free memory 0mb
[2020.09.16-01.24.43:343][  0]LogCook: Display: Mobile HDR setting 1
[2020.09.16-01.24.43:343][  0]LogGameplayTags: Display: UGameplayTagsManager::DoneAddingNativeTags. DelegateIsBound: 0
[2020.09.16-01.24.44:892][  0]LogFileCache: Scanning file cache for directory 'C:/Users/DANIEL_FS/Documents/GitHub/MuseoVirtualUdeM/MuseoVirtualUdeM/Content/' took 0.06s
[2020.09.16-01.25.19:947][  0]SourceControl: Source control is disabled
[2020.09.16-01.25.19:948][  0]Cmd: MAP LOAD FILE="../../../../../../Users/DANIEL_FS/Documents/GitHub/MuseoVirtualUdeM/MuseoVirtualUdeM/Content/ThirdPersonBP/Maps/ThirdPersonExampleMap.umap" TEMPLATE=0 SHOWPROGRESS=1 FEATURELEVEL=3
[2020.09.16-01.25.19:954][  0]LightingResults: New page: Lighting Build
[2020.09.16-01.25.20:512][  0]MapCheck: New page: Map Check
[2020.09.16-01.25.20:512][  0]LightingResults: New page: Lighting Build
[2020.09.16-01.25.24:960][  0]LogAIModule: Creating AISystem for world ThirdPersonExampleMap
[2020.09.16-01.25.25:031][  0]LogEditorServer: Finished looking for orphan Actors (0.000 secs)
[2020.09.16-01.25.25:182][  0]Cmd: MAP CHECKDEP NOCLEARLOG
[2020.09.16-01.25.25:787][  0]MapCheck: Map check complete: 0 Error(s), 0 Warning(s), took 603.82ms to complete.
[2020.09.16-01.25.25:787][  0]LogFileHelpers: Loading map 'ThirdPersonExampleMap' took 5.839
[2020.09.16-01.25.26:681][  0]LogCollectionManager: Loaded 0 collections in 0.024224 seconds
[2020.09.16-01.25.27:414][  0]LogFileCache: Scanning file cache for directory 'C:/Users/DANIEL_FS/Documents/GitHub/MuseoVirtualUdeM/MuseoVirtualUdeM/Saved/Collections/' took 0.01s
[2020.09.16-01.25.27:415][  0]LogFileCache: Scanning file cache for directory 'C:/Users/DANIEL_FS/Documents/GitHub/MuseoVirtualUdeM/MuseoVirtualUdeM/Content/Developers/DANIELFS/Collections/' took 0.02s
[2020.09.16-01.25.27:415][  0]LogFileCache: Scanning file cache for directory 'C:/Users/DANIEL_FS/Documents/GitHub/MuseoVirtualUdeM/MuseoVirtualUdeM/Content/Collections/' took 0.02s
[2020.09.16-01.25.27:415][  0]LogCollectionManager: Rebuilt the GUID cache for 0 collections in 0.000001 seconds
[2020.09.16-01.25.27:476][  0]LogContentBrowser: Native class hierarchy populated in 0.0598 seconds. Added 2462 classes and 523 folders.
[2020.09.16-01.25.28:579][  0]LogContentBrowser: Native class hierarchy updated for 'WidgetCarousel' in 0.0012 seconds. Added 0 classes and 0 folders.
[2020.09.16-01.25.28:634][  0]LogContentBrowser: Native class hierarchy updated for 'AddContentDialog' in 0.0011 seconds. Added 0 classes and 0 folders.
[2020.09.16-01.25.29:781][  0]LogContentBrowser: Native class hierarchy updated for 'SceneOutliner' in 0.0013 seconds. Added 1 classes and 2 folders.
[2020.09.16-01.25.30:021][  0]LogSlate: Took 0.032561 seconds to synchronously load lazily loaded font '../../../Engine/Content/Slate/Fonts/Roboto-Regular.ttf' (155K)
[2020.09.16-01.25.30:035][  0]LogSlate: Took 0.004759 seconds to synchronously load lazily loaded font '../../../Engine/Content/Slate/Fonts/Roboto-Bold.ttf' (160K)
[2020.09.16-01.25.30:219][  0]LogSlate: Took 0.156698 seconds to synchronously load lazily loaded font '../../../Engine/Content/Editor/Slate/Fonts/FontAwesome.ttf' (139K)
[2020.09.16-01.25.30:227][  0]LogSlate: Took 0.006176 seconds to synchronously load lazily loaded font '../../../Engine/Content/Editor/Slate/Fonts/DroidSansMono.ttf' (77K)
[2020.09.16-01.25.31:050][  0]LogRenderer: Reallocating scene render targets to support 816x396 Format 10 NumSamples 1 (Frame:1).
[2020.09.16-01.25.33:167][  0]LogContentBrowser: Native class hierarchy updated for 'HierarchicalLODOutliner' in 0.0012 seconds. Added 1 classes and 2 folders.
[2020.09.16-01.25.33:168][  0]LogLoad: (Engine Initialization) Total time: 292.67 seconds
[2020.09.16-01.25.33:169][  0]LogLoad: (Engine Initialization) Total Blueprint compile time: 0.00 seconds
[2020.09.16-01.25.33:170][  0]LogExternalProfiler: No external profilers were discovered.  External profiling features will not be available.
[2020.09.16-01.25.33:671][  0]LogContentStreaming: Texture pool size now 1000 MB
[2020.09.16-01.25.36:111][  6]LogDirectoryWatcher: A directory notification failed for 'C:/Users/DANIEL_FS/Documents/GitHub/MuseoVirtualUdeM/MuseoVirtualUdeM/Content/Collections/' because it could not be accessed. Aborting watch request...
[2020.09.16-01.25.36:112][  6]LogDirectoryWatcher: A directory notification failed for 'C:/Users/DANIEL_FS/Documents/GitHub/MuseoVirtualUdeM/MuseoVirtualUdeM/Content/Developers/DANIELFS/Collections/' because it could not be accessed. Aborting watch request...
[2020.09.16-01.25.38:007][ 11]LogDirectoryWatcher: A directory notification failed for 'C:/Users/DANIEL_FS/Documents/GitHub/MuseoVirtualUdeM/MuseoVirtualUdeM/Saved/Collections/' because it could not be accessed. Aborting watch request...
[2020.09.16-01.25.42:702][ 15]LogAssetRegistry: Asset discovery search completed in 240.1638 seconds
[2020.09.16-01.25.42:720][ 15]LogCollectionManager: Rebuilt the object cache for 0 collections in 0.000001 seconds (found 0 objects)
[2020.09.16-01.25.42:726][ 15]LogCollectionManager: Fixed up redirectors for 0 collections in 0.006326 seconds (updated 0 objects)
[2020.09.16-01.35.41:635][873]LogWindowsTextInputMethodSystem: Display: IME system now deactivated.
[2020.09.16-01.35.42:207][874]Cmd: QUIT_EDITOR
[2020.09.16-01.35.42:408][874]LogExit: Preparing to exit.
[2020.09.16-01.35.42:873][874]LogDirectoryWatcher: A directory notification for 'C:/Users/DANIEL_FS/Documents/GitHub/MuseoVirtualUdeM/MuseoVirtualUdeM/Content/' was aborted.
[2020.09.16-01.35.42:967][874]LogExit: Editor shut down
[2020.09.16-01.35.43:195][874]LogExit: Transaction tracking system shut down
[2020.09.16-01.35.43:603][874]LogDirectoryWatcher: A directory notification for '../../../Engine/Content/' was aborted.
[2020.09.16-01.35.43:604][874]LogDirectoryWatcher: A directory notification for '../../../../../../Users/DANIEL_FS/Documents/GitHub/MuseoVirtualUdeM/MuseoVirtualUdeM/Content/' was aborted.
[2020.09.16-01.35.43:604][874]LogDirectoryWatcher: A directory notification for '../../../Engine/Plugins/2D/Paper2D/Content/' was aborted.
[2020.09.16-01.35.43:605][874]LogDirectoryWatcher: A directory notification for '../../../Engine/Plugins/Marketplace/GameSparks/Content/' was aborted.
[2020.09.16-01.35.43:605][874]LogDirectoryWatcher: A directory notification for '../../../Engine/Plugins/Media/MediaCompositing/Content/' was aborted.
[2020.09.16-01.35.43:606][874]LogDirectoryWatcher: A directory notification for '../../../Engine/Plugins/Runtime/AppleARKit/Content/' was aborted.
[2020.09.16-01.35.43:606][874]LogDirectoryWatcher: A directory notification for '../../../Engine/Plugins/Runtime/Oculus/OculusVR/Content/' was aborted.
[2020.09.16-01.35.43:612][874]LogDirectoryWatcher: A directory notification for '../../../Engine/Plugins/Runtime/Steam/SteamVR/Content/' was aborted.
[2020.09.16-01.35.44:099][874]LogExit: Object subsystem successfully closed.
[2020.09.16-01.35.44:176][874]LogD3D11RHI: Shutdown
[2020.09.16-01.35.44:176][874]LogD3D11RHI: CleanupD3DDevice
[2020.09.16-01.35.44:230][874]LogD3D11RHI: ~FD3D11DynamicRHI
[2020.09.16-01.35.44:422][874]LogModuleManager: Shutting down and abandoning module HierarchicalLODOutliner (552)
[2020.09.16-01.35.44:422][874]LogModuleManager: Shutting down and abandoning module SceneOutliner (550)
[2020.09.16-01.35.44:423][874]LogModuleManager: Shutting down and abandoning module AddContentDialog (548)
[2020.09.16-01.35.44:424][874]LogDirectoryWatcher: A directory notification for 'C:/Program Files/Epic Games/UE_4.18/FeaturePacks/' was aborted.
[2020.09.16-01.35.44:425][874]LogModuleManager: Shutting down and abandoning module WidgetCarousel (547)
[2020.09.16-01.35.44:425][874]LogModuleManager: Shutting down and abandoning module EditorWidgets (544)
[2020.09.16-01.35.44:425][874]LogModuleManager: Shutting down and abandoning module CollectionManager (542)
[2020.09.16-01.35.44:426][874]LogModuleManager: Shutting down and abandoning module StatsViewer (540)
[2020.09.16-01.35.44:427][874]LogModuleManager: Shutting down and abandoning module FoliageEdit (538)
[2020.09.16-01.35.44:427][874]LogModuleManager: Shutting down and abandoning module LandscapeEditor (536)
[2020.09.16-01.35.44:430][874]LogModuleManager: Shutting down and abandoning module MeshPaintMode (534)
[2020.09.16-01.35.44:431][874]LogModuleManager: Shutting down and abandoning module SceneDepthPickerMode (532)
[2020.09.16-01.35.44:431][874]LogModuleManager: Shutting down and abandoning module ActorPickerMode (530)
[2020.09.16-01.35.44:431][874]LogModuleManager: Shutting down and abandoning module GeometryMode (528)
[2020.09.16-01.35.44:431][874]LogModuleManager: Shutting down and abandoning module TextureAlignMode (526)
[2020.09.16-01.35.44:432][874]LogModuleManager: Shutting down and abandoning module BspMode (524)
[2020.09.16-01.35.44:432][874]LogModuleManager: Shutting down and abandoning module PIEPreviewDeviceProfileSelector (522)
[2020.09.16-01.35.44:432][874]LogModuleManager: Shutting down and abandoning module HardwareSurvey (520)
[2020.09.16-01.35.44:432][874]LogModuleManager: Shutting down and abandoning module SequenceRecorderSections (518)
[2020.09.16-01.35.44:432][874]LogModuleManager: Shutting down and abandoning module AutomationWorker (516)
[2020.09.16-01.35.44:432][874]LogModuleManager: Shutting down and abandoning module MatineeToLevelSequence (514)
[2020.09.16-01.35.44:432][874]LogModuleManager: Shutting down and abandoning module LevelSequenceEditor (512)
[2020.09.16-01.35.44:433][874]LogModuleManager: Shutting down and abandoning module PlacementMode (511)
[2020.09.16-01.35.44:433][874]LogModuleManager: Shutting down and abandoning module WmfMediaFactory (508)
[2020.09.16-01.35.44:433][874]LogModuleManager: Shutting down and abandoning module WmfMediaEditor (506)
[2020.09.16-01.35.44:433][874]LogModuleManager: Shutting down and abandoning module OpenExrWrapper (504)
[2020.09.16-01.35.44:434][874]LogModuleManager: Shutting down and abandoning module ImgMediaFactory (502)
[2020.09.16-01.35.44:434][874]LogModuleManager: Shutting down and abandoning module ImgMediaEditor (500)
[2020.09.16-01.35.44:434][874]LogModuleManager: Shutting down and abandoning module AvfMediaFactory (498)
[2020.09.16-01.35.44:434][874]LogModuleManager: Shutting down and abandoning module AvfMediaEditor (496)
[2020.09.16-01.35.44:434][874]LogModuleManager: Shutting down and abandoning module AndroidMediaFactory (494)
[2020.09.16-01.35.44:434][874]LogModuleManager: Shutting down and abandoning module AndroidMediaEditor (492)
[2020.09.16-01.35.44:434][874]LogModuleManager: Shutting down and abandoning module CharacterAI (490)
[2020.09.16-01.35.44:435][874]LogModuleManager: Shutting down and abandoning module AudioCapture (488)
[2020.09.16-01.35.44:435][874]LogModuleManager: Shutting down and abandoning module SequenceRecorder (487)
[2020.09.16-01.35.44:435][874]LogModuleManager: Shutting down and abandoning module SmartSnapping (484)
[2020.09.16-01.35.44:435][874]LogModuleManager: Shutting down and abandoning module SessionServices (482)
[2020.09.16-01.35.44:435][874]LogModuleManager: Shutting down and abandoning module ViewportSnapping (480)
[2020.09.16-01.35.44:436][874]LogModuleManager: Shutting down and abandoning module ViewportInteraction (478)
[2020.09.16-01.35.44:436][874]LogModuleManager: Shutting down and abandoning module ClothPainter (476)
[2020.09.16-01.35.44:436][874]LogModuleManager: Shutting down and abandoning module SkeletalMeshEditor (475)
[2020.09.16-01.35.44:436][874]LogModuleManager: Shutting down and abandoning module LogVisualizer (472)
[2020.09.16-01.35.44:437][874]LogModuleManager: Shutting down and abandoning module IntroTutorials (470)
[2020.09.16-01.35.44:437][874]LogModuleManager: Shutting down and abandoning module GameProjectGeneration (469)
[2020.09.16-01.35.44:437][874]LogModuleManager: Shutting down and abandoning module IOSPlatformEditor (466)
[2020.09.16-01.35.44:438][874]LogModuleManager: Shutting down and abandoning module HTML5PlatformEditor (464)
[2020.09.16-01.35.44:438][874]LogModuleManager: Shutting down and abandoning module AndroidPlatformEditor (462)
[2020.09.16-01.35.44:438][874]LogModuleManager: Shutting down and abandoning module AndroidDeviceDetection (461)
[2020.09.16-01.35.45:022][874]LogModuleManager: Shutting down and abandoning module WindowsPlatformEditor (458)
[2020.09.16-01.35.45:023][874]LogModuleManager: Shutting down and abandoning module IOSRuntimeSettings (456)
[2020.09.16-01.35.45:034][874]LogModuleManager: Shutting down and abandoning module AndroidRuntimeSettings (454)
[2020.09.16-01.35.45:037][874]LogModuleManager: Shutting down and abandoning module InputBindingEditor (452)
[2020.09.16-01.35.45:037][874]LogModuleManager: Shutting down and abandoning module MergeActors (450)
[2020.09.16-01.35.45:037][874]LogModuleManager: Shutting down and abandoning module SizeMap (448)
[2020.09.16-01.35.45:038][874]LogModuleManager: Shutting down and abandoning module TreeMap (446)
[2020.09.16-01.35.45:038][874]LogModuleManager: Shutting down and abandoning module ReferenceViewer (444)
[2020.09.16-01.35.45:038][874]LogModuleManager: Shutting down and abandoning module LocalizationDashboard (442)
[2020.09.16-01.35.45:038][874]LogModuleManager: Shutting down and abandoning module LocalizationService (441)
[2020.09.16-01.35.45:038][874]LogModuleManager: Shutting down and abandoning module HardwareTargeting (438)
[2020.09.16-01.35.45:040][874]LogModuleManager: Shutting down and abandoning module DeviceProfileEditor (436)
[2020.09.16-01.35.45:041][874]LogModuleManager: Shutting down and abandoning module UndoHistory (434)
[2020.09.16-01.35.45:042][874]LogModuleManager: Shutting down and abandoning module XmlParser (432)
[2020.09.16-01.35.45:046][874]LogModuleManager: Shutting down and abandoning module Blutility (430)
[2020.09.16-01.35.45:056][874]LogModuleManager: Shutting down and abandoning module ProjectSettingsViewer (428)
[2020.09.16-01.35.45:102][874]LogModuleManager: Shutting down and abandoning module ProjectTargetPlatformEditor (427)
[2020.09.16-01.35.45:120][874]LogModuleManager: Shutting down and abandoning module EditorSettingsViewer (424)
[2020.09.16-01.35.45:121][874]LogModuleManager: Shutting down and abandoning module SettingsEditor (422)
[2020.09.16-01.35.45:121][874]LogModuleManager: Shutting down and abandoning module ProjectLauncher (420)
[2020.09.16-01.35.45:121][874]LogModuleManager: Shutting down and abandoning module SessionFrontend (418)
[2020.09.16-01.35.45:122][874]LogModuleManager: Shutting down and abandoning module ProfilerClient (416)
[2020.09.16-01.35.45:122][874]LogModuleManager: Shutting down and abandoning module DeviceManager (414)
[2020.09.16-01.35.45:122][874]LogModuleManager: Shutting down and abandoning module TargetDeviceServices (413)
[2020.09.16-01.35.45:266][874]LogModuleManager: Shutting down and abandoning module AutomationController (410)
[2020.09.16-01.35.45:266][874]LogModuleManager: Shutting down and abandoning module AutomationWindow (408)
[2020.09.16-01.35.45:267][874]LogModuleManager: Shutting down and abandoning module Layers (406)
[2020.09.16-01.35.45:267][874]LogModuleManager: Shutting down and abandoning module ComponentVisualizers (404)
[2020.09.16-01.35.45:268][874]LogModuleManager: Shutting down and abandoning module DetailCustomizations (402)
[2020.09.16-01.35.45:268][874]LogModuleManager: Shutting down and abandoning module PackagesDialog (400)
[2020.09.16-01.35.45:268][874]LogModuleManager: Shutting down and abandoning module Persona (398)
[2020.09.16-01.35.45:269][874]LogModuleManager: Shutting down and abandoning module AdvancedPreviewScene (397)
[2020.09.16-01.35.45:269][874]LogModuleManager: Shutting down and abandoning module AnimGraph (395)
[2020.09.16-01.35.45:269][874]LogModuleManager: Shutting down and abandoning module Kismet (392)
[2020.09.16-01.35.45:273][874]LogModuleManager: Shutting down and abandoning module ClassViewer (390)
[2020.09.16-01.35.45:280][874]LogModuleManager: Shutting down and abandoning module Toolbox (388)
[2020.09.16-01.35.45:280][874]LogModuleManager: Shutting down and abandoning module ModuleUI (386)
[2020.09.16-01.35.45:281][874]LogModuleManager: Shutting down and abandoning module MovieSceneTools (384)
[2020.09.16-01.35.45:281][874]LogModuleManager: Shutting down and abandoning module OutputLog (382)
[2020.09.16-01.35.45:282][874]LogModuleManager: Shutting down and abandoning module GammaUI (380)
[2020.09.16-01.35.45:282][874]LogModuleManager: Shutting down and abandoning module Documentation (378)
[2020.09.16-01.35.45:282][874]LogModuleManager: Shutting down and abandoning module MovieSceneTracks (376)
[2020.09.16-01.35.45:282][874]LogModuleManager: Shutting down and abandoning module MovieScene (374)
[2020.09.16-01.35.45:283][874]LogModuleManager: Shutting down and abandoning module StreamingPauseRendering (372)
[2020.09.16-01.35.45:283][874]LogModuleManager: Shutting down and abandoning module LauncherPlatform (370)
[2020.09.16-01.35.45:283][874]LogModuleManager: Shutting down and abandoning module AnalyticsET (368)
[2020.09.16-01.35.45:283][874]LogModuleManager: Shutting down and abandoning module PortalServices (366)
[2020.09.16-01.35.45:283][874]LogModuleManager: Shutting down and abandoning module PortalRpc (364)
[2020.09.16-01.35.45:283][874]LogModuleManager: Shutting down and abandoning module MessagingRpc (362)
[2020.09.16-01.35.45:284][874]LogModuleManager: Shutting down and abandoning module AIModule (360)
[2020.09.16-01.35.45:284][874]LogModuleManager: Shutting down and abandoning module GameplayDebugger (359)
[2020.09.16-01.35.45:284][874]LogModuleManager: Shutting down and abandoning module AITestSuite (357)
[2020.09.16-01.35.45:285][874]LogModuleManager: Shutting down and abandoning module DesktopPlatform (354)
[2020.09.16-01.35.45:285][874]LogModuleManager: Shutting down and abandoning module ProfilerService (352)
[2020.09.16-01.35.45:535][874]LogModuleManager: Shutting down and abandoning module TaskGraph (350)
[2020.09.16-01.35.45:535][874]LogModuleManager: Shutting down and abandoning module SteamVRController (348)
[2020.09.16-01.35.45:535][874]LogModuleManager: Shutting down and abandoning module ProceduralMeshComponentEditor (346)
[2020.09.16-01.35.45:535][874]LogModuleManager: Shutting down and abandoning module ProceduralMeshComponent (344)
[2020.09.16-01.35.45:536][874]LogModuleManager: Shutting down and abandoning module OculusInput (342)
[2020.09.16-01.35.45:536][874]LogModuleManager: Shutting down and abandoning module MobilePatchingUtils (340)
[2020.09.16-01.35.45:536][874]LogModuleManager: Shutting down and abandoning module CustomMeshComponent (338)
[2020.09.16-01.35.45:536][874]LogModuleManager: Shutting down and abandoning module CableComponent (336)
[2020.09.16-01.35.45:537][874]LogModuleManager: Shutting down and abandoning module ArchVisCharacter (334)
[2020.09.16-01.35.45:537][874]LogModuleManager: Shutting down and abandoning module AndroidPermission (332)
[2020.09.16-01.35.45:538][874]LogModuleManager: Shutting down and abandoning module ActorSequence (328)
[2020.09.16-01.35.45:762][874]LogModuleManager: Shutting down and abandoning module MediaPlayerEditor (326)
[2020.09.16-01.35.45:772][874]LogModuleManager: Shutting down and abandoning module MediaCompositingEditor (324)
[2020.09.16-01.35.45:781][874]LogModuleManager: Shutting down and abandoning module MediaCompositing (322)
[2020.09.16-01.35.45:782][874]LogModuleManager: Shutting down and abandoning module HTML5Networking (318)
[2020.09.16-01.35.45:782][874]LogModuleManager: Shutting down and abandoning module AlembicImporter (316)
[2020.09.16-01.35.45:782][874]LogModuleManager: Shutting down and abandoning module AlembicLibrary (315)
[2020.09.16-01.35.45:782][874]LogModuleManager: Shutting down and abandoning module GeometryCache (314)
[2020.09.16-01.35.45:854][874]LogModuleManager: Shutting down and abandoning module GeometryCacheEd (313)
[2020.09.16-01.35.45:854][874]LogModuleManager: Shutting down and abandoning module SpeedTreeImporter (308)
[2020.09.16-01.35.45:855][874]LogModuleManager: Shutting down and abandoning module PluginBrowser (306)
[2020.09.16-01.35.45:856][874]LogModuleManager: Shutting down and abandoning module MobileLauncherProfileWizard (304)
[2020.09.16-01.35.45:861][874]LogModuleManager: Shutting down and abandoning module VisualStudioSourceCodeAccess (302)
[2020.09.16-01.35.45:862][874]LogModuleManager: Shutting down and abandoning module VisualStudioCodeSourceCodeAccess (300)
[2020.09.16-01.35.45:862][874]LogModuleManager: Shutting down and abandoning module UObjectPlugin (298)
[2020.09.16-01.35.45:863][874]LogModuleManager: Shutting down and abandoning module SubversionSourceControl (296)
[2020.09.16-01.35.45:863][874]LogModuleManager: Shutting down and abandoning module PerforceSourceControl (294)
[2020.09.16-01.35.45:863][874]LogModuleManager: Shutting down and abandoning module GitSourceControl (292)
[2020.09.16-01.35.45:864][874]LogModuleManager: Shutting down and abandoning module SourceControl (291)
[2020.09.16-01.35.45:865][874]LogModuleManager: Shutting down and abandoning module LightPropagationVolumeEditor (288)
[2020.09.16-01.35.45:865][874]LogModuleManager: Shutting down and abandoning module PaperTiledImporter (286)
[2020.09.16-01.35.45:865][874]LogModuleManager: Shutting down and abandoning module PaperSpriteSheetImporter (284)
[2020.09.16-01.35.45:865][874]LogModuleManager: Shutting down and abandoning module Paper2DEditor (282)
[2020.09.16-01.35.45:866][874]LogModuleManager: Shutting down and abandoning module MeshPaint (281)
[2020.09.16-01.35.45:866][874]LogModuleManager: Shutting down and abandoning module LevelEditor (279)
[2020.09.16-01.35.45:875][874]LogModuleManager: Shutting down and abandoning module PixelInspectorModule (278)
[2020.09.16-01.35.45:876][874]LogModuleManager: Shutting down and abandoning module MainFrame (276)
[2020.09.16-01.35.45:878][874]LogModuleManager: Shutting down and abandoning module HotReload (275)
[2020.09.16-01.35.45:888][874]LogModuleManager: Shutting down and abandoning module RuntimePhysXCooking (270)
[2020.09.16-01.35.45:888][874]LogModuleManager: Shutting down and abandoning module PhysXVehiclesEditor (268)
[2020.09.16-01.35.45:888][874]LogModuleManager: Shutting down and abandoning module PhysXVehicles (266)
[2020.09.16-01.35.45:888][874]LogModuleManager: Shutting down and abandoning module OculusEditor (264)
[2020.09.16-01.35.45:889][874]LogModuleManager: Shutting down and abandoning module LocationServicesBPLibrary (262)
[2020.09.16-01.35.45:889][874]LogModuleManager: Shutting down and abandoning module ImmediatePhysicsEditor (260)
[2020.09.16-01.35.45:889][874]LogModuleManager: Shutting down and abandoning module ImmediatePhysics (258)
[2020.09.16-01.35.45:889][874]LogModuleManager: Shutting down and abandoning module UdpMessaging (256)
[2020.09.16-01.35.45:994][874]LogModuleManager: Shutting down and abandoning module TcpMessaging (254)
[2020.09.16-01.35.46:095][874]LogModuleManager: Shutting down and abandoning module GameSparks (252)
[2020.09.16-01.35.46:097][874]LogModuleManager: Shutting down and abandoning module GameplayTagsEditor (250)
[2020.09.16-01.35.46:152][874]LogModuleManager: Shutting down and abandoning module FacialAnimationEditor (248)
[2020.09.16-01.35.46:154][874]LogModuleManager: Shutting down and abandoning module FacialAnimation (246)
[2020.09.16-01.35.46:154][874]LogModuleManager: Shutting down and abandoning module AssetManagerEditor (244)
[2020.09.16-01.35.46:161][874]LogModuleManager: Shutting down and abandoning module GraphEditor (243)
[2020.09.16-01.35.46:163][874]LogModuleManager: Shutting down and abandoning module ContentBrowser (241)
[2020.09.16-01.35.46:173][874]LogModuleManager: Shutting down and abandoning module LightPropagationVolumeRuntime (238)
[2020.09.16-01.35.46:173][874]LogModuleManager: Shutting down and abandoning module Paper2D (236)
[2020.09.16-01.35.46:173][874]LogModuleManager: Shutting down and abandoning module WindowsMoviePlayer (234)
[2020.09.16-01.35.46:177][874]LogModuleManager: Shutting down and abandoning module WmfMedia (232)
[2020.09.16-01.35.46:185][874]LogModuleManager: Shutting down and abandoning module ImgMedia (230)
[2020.09.16-01.35.46:187][874]LogModuleManager: Shutting down and abandoning module PacketHandler (228)
[2020.09.16-01.35.46:189][874]LogModuleManager: Shutting down and abandoning module ClothingSystemEditor (226)
[2020.09.16-01.35.46:189][874]LogModuleManager: Shutting down and abandoning module ClothingSystemRuntime (224)
[2020.09.16-01.35.46:190][874]LogModuleManager: Shutting down and abandoning module MediaAssets (222)
[2020.09.16-01.35.46:190][874]LogModuleManager: Shutting down and abandoning module Media (221)
[2020.09.16-01.35.46:200][874]LogModuleManager: Shutting down and abandoning module Overlay (218)
[2020.09.16-01.35.46:202][874]LogModuleManager: Shutting down and abandoning module OverlayEditor (217)
[2020.09.16-01.35.46:202][874]LogModuleManager: Shutting down and abandoning module VREditor (214)
[2020.09.16-01.35.46:202][874]LogModuleManager: Shutting down and abandoning module StringTableEditor (212)
[2020.09.16-01.35.46:202][874]LogModuleManager: Shutting down and abandoning module GameplayTasksEditor (210)
[2020.09.16-01.35.46:202][874]LogModuleManager: Shutting down and abandoning module BehaviorTreeEditor (208)
[2020.09.16-01.35.46:203][874]LogModuleManager: Shutting down and abandoning module FunctionalTesting (206)
[2020.09.16-01.35.46:203][874]LogModuleManager: Shutting down and abandoning module CollisionAnalyzer (204)
[2020.09.16-01.35.46:204][874]LogModuleManager: Shutting down and abandoning module WorkspaceMenuStructure (203)
[2020.09.16-01.35.46:204][874]LogModuleManager: Shutting down and abandoning module UMG (200)
[2020.09.16-01.35.46:205][874]LogModuleManager: Shutting down and abandoning module UMGEditor (199)
[2020.09.16-01.35.46:205][874]LogModuleManager: Shutting down and abandoning module Sequencer (198)
[2020.09.16-01.35.46:206][874]LogModuleManager: Shutting down and abandoning module MessageLog (195)
[2020.09.16-01.35.46:206][874]LogModuleManager: Shutting down and abandoning module SlateReflector (190)
[2020.09.16-01.35.46:206][874]LogModuleManager: Shutting down and abandoning module Slate (188)
[2020.09.16-01.35.46:206][874]LogModuleManager: Shutting down and abandoning module EditorStyle (186)
[2020.09.16-01.35.46:269][874]LogModuleManager: Shutting down and abandoning module MRMesh (184)
[2020.09.16-01.35.46:269][874]LogModuleManager: Shutting down and abandoning module SourceCodeAccess (182)
[2020.09.16-01.35.46:271][874]LogModuleManager: Shutting down and abandoning module HeadMountedDisplay (180)
[2020.09.16-01.35.46:271][874]LogModuleManager: Shutting down and abandoning module XAudio2 (178)
[2020.09.16-01.35.46:271][874]LogModuleManager: Shutting down and abandoning module Networking (176)
[2020.09.16-01.35.46:271][874]LogModuleManager: Shutting down and abandoning module Core (172)
[2020.09.16-01.35.46:271][874]LogModuleManager: Shutting down and abandoning module LevelSequence (168)
[2020.09.16-01.35.46:271][874]LogModuleManager: Shutting down and abandoning module DirectoryWatcher (166)
[2020.09.16-01.35.46:289][874]LogModuleManager: Shutting down and abandoning module KismetCompiler (164)
[2020.09.16-01.35.46:290][874]LogModuleManager: Shutting down and abandoning module MeshUtilities (162)
[2020.09.16-01.35.46:290][874]LogModuleManager: Shutting down and abandoning module MeshMergeUtilities (161)
[2020.09.16-01.35.46:290][874]LogModuleManager: Shutting down and abandoning module MeshReductionInterface (160)
[2020.09.16-01.35.46:290][874]LogModuleManager: Shutting down and abandoning module SimplygonSwarm (159)
[2020.09.16-01.35.46:293][874]LogModuleManager: Shutting down and abandoning module SimplygonMeshReduction (157)
[2020.09.16-01.35.46:293][874]LogModuleManager: Shutting down and abandoning module QuadricMeshReduction (155)
[2020.09.16-01.35.46:294][874]LogModuleManager: Shutting down and abandoning module MaterialBaking (151)
[2020.09.16-01.35.46:294][874]LogModuleManager: Shutting down and abandoning module DerivedDataCache (148)
[2020.09.16-01.35.46:390][874]LogDerivedDataCache: Shutdown
[2020.09.16-01.35.46:390][874]LogModuleManager: Shutting down and abandoning module TargetPlatform (146)
[2020.09.16-01.35.46:390][874]LogModuleManager: Shutting down and abandoning module VulkanShaderFormat (145)
[2020.09.16-01.35.46:395][874]LogModuleManager: Shutting down and abandoning module ShaderFormatVectorVM (143)
[2020.09.16-01.35.46:396][874]LogModuleManager: Shutting down and abandoning module ShaderFormatOpenGL (141)
[2020.09.16-01.35.46:397][874]LogModuleManager: Shutting down and abandoning module ShaderFormatD3D (139)
[2020.09.16-01.35.46:397][874]LogModuleManager: Shutting down and abandoning module MetalShaderFormat (137)
[2020.09.16-01.35.46:397][874]LogModuleManager: Shutting down and abandoning module TextureFormatUncompressed (135)
[2020.09.16-01.35.46:398][874]LogModuleManager: Shutting down and abandoning module TextureFormatPVR (133)
[2020.09.16-01.35.46:398][874]LogModuleManager: Shutting down and abandoning module TextureFormatDXT (131)
[2020.09.16-01.35.46:398][874]LogModuleManager: Shutting down and abandoning module TextureFormatIntelISPCTexComp (129)
[2020.09.16-01.35.46:399][874]LogModuleManager: Shutting down and abandoning module TextureFormatASTC (127)
[2020.09.16-01.35.46:399][874]LogModuleManager: Shutting down and abandoning module ImageWrapper (126)
[2020.09.16-01.35.46:399][874]LogModuleManager: Shutting down and abandoning module TextureFormatAndroid (123)
[2020.09.16-01.35.46:399][874]LogModuleManager: Shutting down and abandoning module AudioFormatOpus (121)
[2020.09.16-01.35.46:400][874]LogModuleManager: Shutting down and abandoning module AudioFormatOgg (119)
[2020.09.16-01.35.46:400][874]LogModuleManager: Shutting down and abandoning module AudioFormatADPCM (117)
[2020.09.16-01.35.46:400][874]LogModuleManager: Shutting down and abandoning module LinuxTargetPlatform (115)
[2020.09.16-01.35.46:400][874]LogModuleManager: Shutting down and abandoning module LinuxServerTargetPlatform (113)
[2020.09.16-01.35.46:400][874]LogModuleManager: Shutting down and abandoning module LinuxNoEditorTargetPlatform (111)
[2020.09.16-01.35.46:400][874]LogModuleManager: Shutting down and abandoning module LinuxClientTargetPlatform (109)
[2020.09.16-01.35.46:401][874]LogModuleManager: Shutting down and abandoning module TVOSTargetPlatform (107)
[2020.09.16-01.35.46:401][874]LogModuleManager: Shutting down and abandoning module Messaging (105)
[2020.09.16-01.35.46:402][874]LogModuleManager: Shutting down and abandoning module IOSTargetPlatform (103)
[2020.09.16-01.35.46:402][874]LogModuleManager: Shutting down and abandoning module HTML5TargetPlatform (101)
[2020.09.16-01.35.46:402][874]LogModuleManager: Shutting down and abandoning module AndroidTargetPlatform (99)
[2020.09.16-01.35.46:402][874]LogModuleManager: Shutting down and abandoning module Android_PVRTCTargetPlatform (97)
[2020.09.16-01.35.46:402][874]LogModuleManager: Shutting down and abandoning module Android_MultiTargetPlatform (95)
[2020.09.16-01.35.46:403][874]LogModuleManager: Shutting down and abandoning module Android_ETC2TargetPlatform (93)
[2020.09.16-01.35.46:404][874]LogModuleManager: Shutting down and abandoning module Android_ETC1TargetPlatform (91)
[2020.09.16-01.35.46:404][874]LogModuleManager: Shutting down and abandoning module Android_DXTTargetPlatform (89)
[2020.09.16-01.35.46:407][874]LogModuleManager: Shutting down and abandoning module Android_ATCTargetPlatform (87)
[2020.09.16-01.35.46:409][874]LogModuleManager: Shutting down and abandoning module Android_ASTCTargetPlatform (85)
[2020.09.16-01.35.46:409][874]LogModuleManager: Shutting down and abandoning module WindowsTargetPlatform (83)
[2020.09.16-01.35.46:410][874]LogModuleManager: Shutting down and abandoning module WindowsServerTargetPlatform (81)
[2020.09.16-01.35.46:410][874]LogModuleManager: Shutting down and abandoning module WindowsNoEditorTargetPlatform (79)
[2020.09.16-01.35.46:410][874]LogModuleManager: Shutting down and abandoning module WindowsClientTargetPlatform (77)
[2020.09.16-01.35.46:410][874]LogModuleManager: Shutting down and abandoning module MacTargetPlatform (75)
[2020.09.16-01.35.46:411][874]LogModuleManager: Shutting down and abandoning module MacServerTargetPlatform (73)
[2020.09.16-01.35.46:411][874]LogModuleManager: Shutting down and abandoning module MacNoEditorTargetPlatform (71)
[2020.09.16-01.35.46:411][874]LogModuleManager: Shutting down and abandoning module MacClientTargetPlatform (69)
[2020.09.16-01.35.46:412][874]LogModuleManager: Shutting down and abandoning module AllDesktopTargetPlatform (67)
[2020.09.16-01.35.46:413][874]LogModuleManager: Shutting down and abandoning module InputCore (64)
[2020.09.16-01.35.46:413][874]LogModuleManager: Shutting down and abandoning module Settings (62)
[2020.09.16-01.35.46:413][874]LogModuleManager: Shutting down and abandoning module PhysXCooking (60)
[2020.09.16-01.35.46:413][874]LogModuleManager: Shutting down and abandoning module SteamVR (58)
[2020.09.16-01.35.46:414][874]LogModuleManager: Shutting down and abandoning module OculusHMD (56)
[2020.09.16-01.35.46:415][874]LogModuleManager: Shutting down and abandoning module ExampleDeviceProfileSelector (54)
[2020.09.16-01.35.46:415][874]LogModuleManager: Shutting down and abandoning module AppleARKit (52)
[2020.09.16-01.35.46:416][874]LogModuleManager: Shutting down and abandoning module AugmentedReality (51)
[2020.09.16-01.35.46:416][874]LogModuleManager: Shutting down and abandoning module OnlineBlueprintSupport (48)
[2020.09.16-01.35.46:416][874]LogModuleManager: Shutting down and abandoning module OnlineSubsystem (44)
[2020.09.16-01.35.46:416][874]LogModuleManager: Shutting down and abandoning module XMPP (43)
[2020.09.16-01.35.46:417][874]LogModuleManager: Shutting down and abandoning module HTTP (41)
[2020.09.16-01.35.46:417][874]LogHttp: Display: Http module shutting down, but needs to wait on 1 outstanding Http requests:
[2020.09.16-01.35.46:417][874]LogHttp: Display: 	verb=[POST] url=[https://datarouter.ol.epicgames.com/datarouter/api/v1/public/data?SessionID=%7B42C886CF-4CE0-75A8-26A5-A6A856ECD955%7D&AppID=UEEditor.Rocket.Release&AppVersion=4.18.3-3832480%2B%2B%2BUE4%2BRelease-4.18&UserID=9b6dbcb4445d4601be87fb895c674e51%7C2e912bc81e1a4bbaaeef14cf93f0304b%7Cd9b6a37d-0c37-4dde-affb-64daeea4b517&AppEnvironment=datacollector-binary&UploadType=eteventstream] status=Processing
[2020.09.16-01.35.46:454][874]LogModuleManager: Shutting down and abandoning module SSL (40)
[2020.09.16-01.35.46:483][874]LogModuleManager: Shutting down and abandoning module AnimationModifiers (36)
[2020.09.16-01.35.46:484][874]LogModuleManager: Shutting down and abandoning module PropertyEditor (35)
[2020.09.16-01.35.46:485][874]LogModuleManager: Shutting down and abandoning module AudioEditor (32)
[2020.09.16-01.35.46:486][874]LogModuleManager: Shutting down and abandoning module TextureCompressor (30)
[2020.09.16-01.35.46:487][874]LogModuleManager: Shutting down and abandoning module ShaderCore (28)
[2020.09.16-01.35.46:487][874]LogModuleManager: Shutting down and abandoning module Landscape (26)
[2020.09.16-01.35.46:488][874]LogModuleManager: Shutting down and abandoning module SlateRHIRenderer (24)
[2020.09.16-01.35.46:499][874]LogModuleManager: Shutting down and abandoning module OpenGLDrv (22)
[2020.09.16-01.35.46:501][874]LogModuleManager: Shutting down and abandoning module D3D11RHI (20)
[2020.09.16-01.35.46:501][874]LogModuleManager: Shutting down and abandoning module AnimGraphRuntime (18)
[2020.09.16-01.35.46:505][874]LogModuleManager: Shutting down and abandoning module Renderer (16)
[2020.09.16-01.35.46:505][874]LogModuleManager: Shutting down and abandoning module Engine (14)
[2020.09.16-01.35.46:505][874]LogModuleManager: Shutting down and abandoning module CoreUObject (12)
[2020.09.16-01.35.46:505][874]LogModuleManager: Shutting down and abandoning module NetworkFile (10)
[2020.09.16-01.35.46:506][874]LogModuleManager: Shutting down and abandoning module CookedIterativeFile (8)
[2020.09.16-01.35.46:506][874]LogModuleManager: Shutting down and abandoning module StreamingFile (6)
[2020.09.16-01.35.46:506][874]LogModuleManager: Shutting down and abandoning module SandboxFile (4)
[2020.09.16-01.35.46:523][874]LogModuleManager: Shutting down and abandoning module PakFile (2)
[2020.09.16-01.35.46:568][874]LogExit: Exiting.
[2020.09.16-01.35.46:640][874]Log file closed, 09/15/20 20:35:46
