Log file open, 09/30/20 09:28:19
LogWindows: Failed to load 'aqProf.dll' (GetLastError=126)
LogWindows: File 'aqProf.dll' does not exist
LogWindows: Failed to load 'VSPerf140.dll' (GetLastError=126)
LogWindows: File 'VSPerf140.dll' does not exist
LogWindows: Failed to load 'VtuneApi.dll' (GetLastError=126)
LogWindows: File 'VtuneApi.dll' does not exist
LogWindows: Failed to load 'VtuneApi32e.dll' (GetLastError=126)
LogWindows: File 'VtuneApi32e.dll' does not exist
LogInit: Display: Running engine for game: MuseoVirtualUdem
LogPlatformFile: Not using cached read wrapper
LogInit: Display: RandInit(1291505781) SRandInit(1291505781).
LogInit: Read version file with build ID '3709383'
LogInit: Overriding engine version to CL 3832480, compatible CL 3709383
LogInit: Registered custom module enumerator with build ID '3709383'
LogTaskGraph: Started task graph with 5 named threads and 20 total threads with 3 sets of task threads.
LogStats: Stats thread started at 0.323833
LogD3D11RHI: Aftermath initialized
LogModuleManager: Display: Found up-to-date module file ../../../Engine/Plugins/Marketplace/GameSparks/Binaries/Win64/UE4Editor-GameSparks.dll (API version 3709383).
LogModuleManager: Display: Found up-to-date module file ../../../Engine/Plugins/Marketplace/GameSparks/Binaries/Win64/UE4Editor-OnlineSubsystemGameSparks.dll (API version 3709383).
LogModuleManager: Display: Found up-to-date module file ../../../Engine/Plugins/Online/OnlineSubsystem/Binaries/Win64/UE4Editor-OnlineSubsystem.dll (API version 3709383).
LogModuleManager: Display: Found up-to-date module file ../../../Engine/Plugins/Online/OnlineSubsystemUtils/Binaries/Win64/UE4Editor-OnlineSubsystemUtils.dll (API version 3709383).
LogModuleManager: Display: Found up-to-date module file ../../../Engine/Plugins/Online/OnlineSubsystemUtils/Binaries/Win64/UE4Editor-OnlineBlueprintSupport.dll (API version 3709383).
LogModuleManager: Display: Found up-to-date module file ../../../Engine/Plugins/2D/Paper2D/Binaries/Win64/UE4Editor-Paper2D.dll (API version 3709383).
LogModuleManager: Display: Found up-to-date module file ../../../Engine/Plugins/2D/Paper2D/Binaries/Win64/UE4Editor-Paper2DEditor.dll (API version 3709383).
LogModuleManager: Display: Found up-to-date module file ../../../Engine/Plugins/2D/Paper2D/Binaries/Win64/UE4Editor-PaperSpriteSheetImporter.dll (API version 3709383).
LogModuleManager: Display: Found up-to-date module file ../../../Engine/Plugins/2D/Paper2D/Binaries/Win64/UE4Editor-PaperTiledImporter.dll (API version 3709383).
LogModuleManager: Display: Found up-to-date module file ../../../Engine/Plugins/2D/Paper2D/Binaries/Win64/UE4Editor-SmartSnapping.dll (API version 3709383).
LogModuleManager: Display: Found up-to-date module file ../../../Engine/Plugins/Blendables/LightPropagationVolume/Binaries/Win64/UE4Editor-LightPropagationVolumeRuntime.dll (API version 3709383).
LogModuleManager: Display: Found up-to-date module file ../../../Engine/Plugins/Blendables/LightPropagationVolume/Binaries/Win64/UE4Editor-LightPropagationVolumeEditor.dll (API version 3709383).
LogModuleManager: Display: Found up-to-date module file ../../../Engine/Plugins/Developer/GitSourceControl/Binaries/Win64/UE4Editor-GitSourceControl.dll (API version 3709383).
LogModuleManager: Display: Found up-to-date module file ../../../Engine/Plugins/Developer/PerforceSourceControl/Binaries/Win64/UE4Editor-PerforceSourceControl.dll (API version 3709383).
LogModuleManager: Display: Found up-to-date module file ../../../Engine/Plugins/Developer/SubversionSourceControl/Binaries/Win64/UE4Editor-SubversionSourceControl.dll (API version 3709383).
LogModuleManager: Display: Found up-to-date module file ../../../Engine/Plugins/Developer/UObjectPlugin/Binaries/Win64/UE4Editor-UObjectPlugin.dll (API version 3709383).
LogModuleManager: Display: Found up-to-date module file ../../../Engine/Plugins/Developer/VisualStudioCodeSourceCodeAccess/Binaries/Win64/UE4Editor-VisualStudioCodeSourceCodeAccess.dll (API version 3709383).
LogModuleManager: Display: Found up-to-date module file ../../../Engine/Plugins/Developer/VisualStudioSourceCodeAccess/Binaries/Win64/UE4Editor-VisualStudioSourceCodeAccess.dll (API version 3709383).
LogModuleManager: Display: Found up-to-date module file ../../../Engine/Plugins/Editor/AssetManagerEditor/Binaries/Win64/UE4Editor-AssetManagerEditor.dll (API version 3709383).
LogModuleManager: Display: Found up-to-date module file ../../../Engine/Plugins/Editor/AudioCapture/Binaries/Win64/UE4Editor-AudioCapture.dll (API version 3709383).
LogModuleManager: Display: Found up-to-date module file ../../../Engine/Plugins/Editor/FacialAnimation/Binaries/Win64/UE4Editor-FacialAnimation.dll (API version 3709383).
LogModuleManager: Display: Found up-to-date module file ../../../Engine/Plugins/Editor/FacialAnimation/Binaries/Win64/UE4Editor-FacialAnimationEditor.dll (API version 3709383).
LogModuleManager: Display: Found up-to-date module file ../../../Engine/Plugins/Editor/GameplayTagsEditor/Binaries/Win64/UE4Editor-GameplayTagsEditor.dll (API version 3709383).
LogModuleManager: Display: Found up-to-date module file ../../../Engine/Plugins/Editor/MobileLauncherProfileWizard/Binaries/Win64/UE4Editor-MobileLauncherProfileWizard.dll (API version 3709383).
LogModuleManager: Display: Found up-to-date module file ../../../Engine/Plugins/Editor/PluginBrowser/Binaries/Win64/UE4Editor-PluginBrowser.dll (API version 3709383).
LogModuleManager: Display: Found up-to-date module file ../../../Engine/Plugins/Editor/SpeedTreeImporter/Binaries/Win64/UE4Editor-SpeedTreeImporter.dll (API version 3709383).
LogModuleManager: Display: Found up-to-date module file ../../../Engine/Plugins/Experimental/AlembicImporter/Binaries/Win64/UE4Editor-AlembicImporter.dll (API version 3709383).
LogModuleManager: Display: Found up-to-date module file ../../../Engine/Plugins/Experimental/AlembicImporter/Binaries/Win64/UE4Editor-AlembicLibrary.dll (API version 3709383).
LogModuleManager: Display: Found up-to-date module file ../../../Engine/Plugins/Experimental/CharacterAI/Binaries/Win64/UE4Editor-CharacterAI.dll (API version 3709383).
LogModuleManager: Display: Found up-to-date module file ../../../Engine/Plugins/Experimental/HTML5Networking/Binaries/Win64/UE4Editor-HTML5Networking.dll (API version 3709383).
LogModuleManager: Display: Found up-to-date module file ../../../Engine/Plugins/Media/AndroidMedia/Binaries/Win64/UE4Editor-AndroidMediaEditor.dll (API version 3709383).
LogModuleManager: Display: Found up-to-date module file ../../../Engine/Plugins/Media/AndroidMedia/Binaries/Win64/UE4Editor-AndroidMediaFactory.dll (API version 3709383).
LogModuleManager: Display: Found up-to-date module file ../../../Engine/Plugins/Media/AvfMedia/Binaries/Win64/UE4Editor-AvfMediaEditor.dll (API version 3709383).
LogModuleManager: Display: Found up-to-date module file ../../../Engine/Plugins/Media/AvfMedia/Binaries/Win64/UE4Editor-AvfMediaFactory.dll (API version 3709383).
LogModuleManager: Display: Found up-to-date module file ../../../Engine/Plugins/Media/AvfMedia/Binaries/Win64/UE4Editor-AvfMediaFactory.dll (API version 3709383).
LogModuleManager: Display: Found up-to-date module file ../../../Engine/Plugins/Media/ImgMedia/Binaries/Win64/UE4Editor-ImgMedia.dll (API version 3709383).
LogModuleManager: Display: Found up-to-date module file ../../../Engine/Plugins/Media/ImgMedia/Binaries/Win64/UE4Editor-ImgMediaEditor.dll (API version 3709383).
LogModuleManager: Display: Found up-to-date module file ../../../Engine/Plugins/Media/ImgMedia/Binaries/Win64/UE4Editor-ImgMediaFactory.dll (API version 3709383).
LogModuleManager: Display: Found up-to-date module file ../../../Engine/Plugins/Media/ImgMedia/Binaries/Win64/UE4Editor-ImgMediaFactory.dll (API version 3709383).
LogModuleManager: Display: Found up-to-date module file ../../../Engine/Plugins/Media/ImgMedia/Binaries/Win64/UE4Editor-OpenExrWrapper.dll (API version 3709383).
LogModuleManager: Display: Found up-to-date module file ../../../Engine/Plugins/Media/MediaCompositing/Binaries/Win64/UE4Editor-MediaCompositing.dll (API version 3709383).
LogModuleManager: Display: Found up-to-date module file ../../../Engine/Plugins/Media/MediaCompositing/Binaries/Win64/UE4Editor-MediaCompositingEditor.dll (API version 3709383).
LogModuleManager: Display: Found up-to-date module file ../../../Engine/Plugins/Media/MediaPlayerEditor/Binaries/Win64/UE4Editor-MediaPlayerEditor.dll (API version 3709383).
LogModuleManager: Display: Found up-to-date module file ../../../Engine/Plugins/Media/WmfMedia/Binaries/Win64/UE4Editor-WmfMedia.dll (API version 3709383).
LogModuleManager: Display: Found up-to-date module file ../../../Engine/Plugins/Media/WmfMedia/Binaries/Win64/UE4Editor-WmfMediaEditor.dll (API version 3709383).
LogModuleManager: Display: Found up-to-date module file ../../../Engine/Plugins/Media/WmfMedia/Binaries/Win64/UE4Editor-WmfMediaFactory.dll (API version 3709383).
LogModuleManager: Display: Found up-to-date module file ../../../Engine/Plugins/Media/WmfMedia/Binaries/Win64/UE4Editor-WmfMediaFactory.dll (API version 3709383).
LogModuleManager: Display: Found up-to-date module file ../../../Engine/Plugins/Messaging/TcpMessaging/Binaries/Win64/UE4Editor-TcpMessaging.dll (API version 3709383).
LogModuleManager: Display: Found up-to-date module file ../../../Engine/Plugins/Messaging/UdpMessaging/Binaries/Win64/UE4Editor-UdpMessaging.dll (API version 3709383).
LogModuleManager: Display: Found up-to-date module file ../../../Engine/Plugins/MovieScene/ActorSequence/Binaries/Win64/UE4Editor-ActorSequence.dll (API version 3709383).
LogModuleManager: Display: Found up-to-date module file ../../../Engine/Plugins/MovieScene/LevelSequenceEditor/Binaries/Win64/UE4Editor-LevelSequenceEditor.dll (API version 3709383).
LogModuleManager: Display: Found up-to-date module file ../../../Engine/Plugins/MovieScene/MatineeToLevelSequence/Binaries/Win64/UE4Editor-MatineeToLevelSequence.dll (API version 3709383).
LogModuleManager: Display: Found up-to-date module file ../../../Engine/Plugins/Runtime/AndroidPermission/Binaries/Win64/UE4Editor-AndroidPermission.dll (API version 3709383).
LogModuleManager: Display: Found up-to-date module file ../../../Engine/Plugins/Online/OnlineSubsystemNull/Binaries/Win64/UE4Editor-OnlineSubsystemNull.dll (API version 3709383).
LogModuleManager: Display: Found up-to-date module file ../../../Engine/Plugins/Runtime/AndroidDeviceProfileSelector/Binaries/Win64/UE4Editor-AndroidDeviceProfileSelector.dll (API version 3709383).
LogModuleManager: Display: Found up-to-date module file ../../../Engine/Plugins/Runtime/AppleARKit/Binaries/Win64/UE4Editor-AppleARKit.dll (API version 3709383).
LogModuleManager: Display: Found up-to-date module file ../../../Engine/Plugins/Runtime/ArchVisCharacter/Binaries/Win64/UE4Editor-ArchVisCharacter.dll (API version 3709383).
LogModuleManager: Display: Found up-to-date module file ../../../Engine/Plugins/Runtime/CableComponent/Binaries/Win64/UE4Editor-CableComponent.dll (API version 3709383).
LogModuleManager: Display: Found up-to-date module file ../../../Engine/Plugins/Runtime/CustomMeshComponent/Binaries/Win64/UE4Editor-CustomMeshComponent.dll (API version 3709383).
LogModuleManager: Display: Found up-to-date module file ../../../Engine/Plugins/Runtime/ExampleDeviceProfileSelector/Binaries/Win64/UE4Editor-ExampleDeviceProfileSelector.dll (API version 3709383).
LogModuleManager: Display: Found up-to-date module file ../../../Engine/Plugins/Runtime/ImmediatePhysics/Binaries/Win64/UE4Editor-ImmediatePhysics.dll (API version 3709383).
LogModuleManager: Display: Found up-to-date module file ../../../Engine/Plugins/Runtime/ImmediatePhysics/Binaries/Win64/UE4Editor-ImmediatePhysicsEditor.dll (API version 3709383).
LogModuleManager: Display: Found up-to-date module file ../../../Engine/Plugins/Runtime/LocationServicesBPLibrary/Binaries/Win64/UE4Editor-LocationServicesBPLibrary.dll (API version 3709383).
LogModuleManager: Display: Found up-to-date module file ../../../Engine/Plugins/Runtime/MobilePatchingUtils/Binaries/Win64/UE4Editor-MobilePatchingUtils.dll (API version 3709383).
LogModuleManager: Display: Found up-to-date module file ../../../Engine/Plugins/Runtime/Oculus/OculusVR/Binaries/Win64/UE4Editor-OculusHMD.dll (API version 3709383).
LogModuleManager: Display: Found up-to-date module file ../../../Engine/Plugins/Runtime/Oculus/OculusVR/Binaries/Win64/UE4Editor-OculusInput.dll (API version 3709383).
LogModuleManager: Display: Found up-to-date module file ../../../Engine/Plugins/Runtime/Oculus/OculusVR/Binaries/Win64/UE4Editor-OculusEditor.dll (API version 3709383).
LogModuleManager: Display: Found up-to-date module file ../../../Engine/Plugins/Runtime/PhysXVehicles/Binaries/Win64/UE4Editor-PhysXVehicles.dll (API version 3709383).
LogModuleManager: Display: Found up-to-date module file ../../../Engine/Plugins/Runtime/PhysXVehicles/Binaries/Win64/UE4Editor-PhysXVehiclesEditor.dll (API version 3709383).
LogModuleManager: Display: Found up-to-date module file ../../../Engine/Plugins/Runtime/ProceduralMeshComponent/Binaries/Win64/UE4Editor-ProceduralMeshComponent.dll (API version 3709383).
LogModuleManager: Display: Found up-to-date module file ../../../Engine/Plugins/Runtime/ProceduralMeshComponent/Binaries/Win64/UE4Editor-ProceduralMeshComponentEditor.dll (API version 3709383).
LogModuleManager: Display: Found up-to-date module file ../../../Engine/Plugins/Runtime/RuntimePhysXCooking/Binaries/Win64/UE4Editor-RuntimePhysXCooking.dll (API version 3709383).
LogModuleManager: Display: Found up-to-date module file ../../../Engine/Plugins/Runtime/Steam/SteamVR/Binaries/Win64/UE4Editor-SteamVR.dll (API version 3709383).
LogModuleManager: Display: Found up-to-date module file ../../../Engine/Plugins/Runtime/Steam/SteamVR/Binaries/Win64/UE4Editor-SteamVRController.dll (API version 3709383).
LogModuleManager: Display: Found up-to-date module file ../../../Engine/Plugins/Runtime/WindowsMoviePlayer/Binaries/Win64/UE4Editor-WindowsMoviePlayer.dll (API version 3709383).
LogPluginManager: Mounting plugin Paper2D
LogPluginManager: Mounting plugin LightPropagationVolume
LogPluginManager: Mounting plugin CodeLiteSourceCodeAccess
LogPluginManager: Mounting plugin GitSourceControl
LogPluginManager: Mounting plugin KDevelopSourceCodeAccess
LogPluginManager: Mounting plugin NullSourceCodeAccess
LogPluginManager: Mounting plugin PerforceSourceControl
LogPluginManager: Mounting plugin SubversionSourceControl
LogPluginManager: Mounting plugin UObjectPlugin
LogPluginManager: Mounting plugin VisualStudioCodeSourceCodeAccess
LogPluginManager: Mounting plugin VisualStudioSourceCodeAccess
LogPluginManager: Mounting plugin XCodeSourceCodeAccess
LogPluginManager: Mounting plugin AssetManagerEditor
LogPluginManager: Mounting plugin AudioCapture
LogPluginManager: Mounting plugin FacialAnimation
LogPluginManager: Mounting plugin GameplayTagsEditor
LogPluginManager: Mounting plugin MobileLauncherProfileWizard
LogPluginManager: Mounting plugin PluginBrowser
LogPluginManager: Mounting plugin SpeedTreeImporter
LogPluginManager: Mounting plugin AlembicImporter
LogPluginManager: Mounting plugin CharacterAI
LogPluginManager: Mounting plugin HTML5Networking
LogPluginManager: Mounting plugin GameSparks
LogPluginManager: Mounting plugin AndroidMedia
LogPluginManager: Mounting plugin AvfMedia
LogPluginManager: Mounting plugin ImgMedia
LogPluginManager: Mounting plugin MediaCompositing
LogPluginManager: Mounting plugin MediaPlayerEditor
LogPluginManager: Mounting plugin WmfMedia
LogPluginManager: Mounting plugin TcpMessaging
LogPluginManager: Mounting plugin UdpMessaging
LogPluginManager: Mounting plugin ActorSequence
LogPluginManager: Mounting plugin LevelSequenceEditor
LogPluginManager: Mounting plugin MatineeToLevelSequence
LogPluginManager: Mounting plugin OnlineSubsystemGooglePlay
LogPluginManager: Mounting plugin OnlineSubsystemIOS
LogPluginManager: Mounting plugin OnlineSubsystem
LogPluginManager: Mounting plugin OnlineSubsystemNull
LogPluginManager: Mounting plugin OnlineSubsystemUtils
LogPluginManager: Mounting plugin AndroidDeviceProfileSelector
LogPluginManager: Mounting plugin AndroidMoviePlayer
LogPluginManager: Mounting plugin AndroidPermission
LogPluginManager: Mounting plugin AppleARKit
LogPluginManager: Mounting plugin AppleMoviePlayer
LogPluginManager: Mounting plugin ArchVisCharacter
LogPluginManager: Mounting plugin CableComponent
LogPluginManager: Mounting plugin CustomMeshComponent
LogPluginManager: Mounting plugin ExampleDeviceProfileSelector
LogPluginManager: Mounting plugin GoogleCloudMessaging
LogPluginManager: Mounting plugin ImmediatePhysics
LogPluginManager: Mounting plugin IOSDeviceProfileSelector
LogPluginManager: Mounting plugin LinuxDeviceProfileSelector
LogPluginManager: Mounting plugin LocationServicesBPLibrary
LogPluginManager: Mounting plugin MobilePatchingUtils
LogPluginManager: Mounting plugin OculusVR
LogPluginManager: Plugin shader directory ../../../Engine/Plugins/Runtime/Oculus/OculusVR/Shaders found
LogPluginManager: Mapping shader source directory ../../../Engine/Plugins/Runtime/Oculus/OculusVR/Shaders to virtual directory /Plugin/OculusVR
LogPluginManager: Mounting plugin PhysXVehicles
LogPluginManager: Mounting plugin ProceduralMeshComponent
LogPluginManager: Mounting plugin RuntimePhysXCooking
LogPluginManager: Mounting plugin SteamVR
LogPluginManager: Mounting plugin WindowsMoviePlayer
LogInit: Using libcurl 7.47.1
LogInit:  - built for x86_64-pc-win32
LogInit:  - supports SSL with OpenSSL/1.0.2g
LogInit:  - supports HTTP deflate (compression) using libz 1.2.8
LogInit:  - other features:
LogInit:      CURL_VERSION_SSL
LogInit:      CURL_VERSION_LIBZ
LogInit:      CURL_VERSION_IPV6
LogInit:      CURL_VERSION_ASYNCHDNS
LogInit:      CURL_VERSION_LARGEFILE
LogInit:      CURL_VERSION_IDN
LogInit:  CurlRequestOptions (configurable via config and command line):
LogInit:  - bVerifyPeer = false  - Libcurl will NOT verify peer certificate
LogInit:  - bUseHttpProxy = false  - Libcurl will NOT use HTTP proxy
LogInit:  - bDontReuseConnections = false  - Libcurl will reuse connections
LogInit:  - CertBundlePath = nullptr  - Libcurl will use whatever was configured at build time.
LogInit: Build: ++UE4+Release-4.18-CL-3832480
LogInit: Engine Version: 4.18.3-3832480+++UE4+Release-4.18
LogInit: Compatible Engine Version: 4.18.0-3709383+++UE4+Release-4.18
LogInit: Net CL: 3709383
LogDevObjectVersion: Number of dev versions registered: 16
LogDevObjectVersion:   Dev-Blueprints (B0D832E4-1F89-4F0D-ACCF-7EB736FD4AA2): 10
LogDevObjectVersion:   Dev-Build (E1C64328-A22C-4D53-A36C-8E866417BD8C): 0
LogDevObjectVersion:   Dev-Core (375EC13C-06E4-48FB-B500-84F0262A717E): 2
LogDevObjectVersion:   Dev-Editor (E4B068ED-F494-42E9-A231-DA0B2E46BB41): 20
LogDevObjectVersion:   Dev-Framework (CFFC743F-43B0-4480-9391-14DF171D2073): 30
LogDevObjectVersion:   Dev-Mobile (B02B49B5-BB20-44E9-A304-32B752E40360): 0
LogDevObjectVersion:   Dev-Networking (A4E4105C-59A1-49B5-A7C5-40C4547EDFEE): 0
LogDevObjectVersion:   Dev-Online (39C831C9-5AE6-47DC-9A44-9C173E1C8E7C): 0
LogDevObjectVersion:   Dev-Physics (78F01B33-EBEA-4F98-B9B4-84EACCB95AA2): 0
LogDevObjectVersion:   Dev-Platform (6631380F-2D4D-43E0-8009-CF276956A95A): 0
LogDevObjectVersion:   Dev-Rendering (12F88B9F-8875-4AFC-A67C-D90C383ABD29): 20
LogDevObjectVersion:   Dev-Sequencer (7B5AE74C-D270-4C10-A958-57980B212A5A): 4
LogDevObjectVersion:   Dev-VR (D7296918-1DD6-4BDD-9DE2-64A83CC13884): 0
LogDevObjectVersion:   Dev-LoadTimes (C2A15278-BFE7-4AFE-6C17-90FF531DF755): 1
LogDevObjectVersion:   Private-Geometry (6EACA3D4-40EC-4CC1-B786-8BED09428FC5): 1
LogDevObjectVersion:   Dev-AnimPhys (29E575DD-E0A3-4627-9D10-D276232CDCEA): 12
LogInit: Compiled (64-bit): Jan 12 2018 02:04:55
LogInit: Compiled with Visual C++: 19.00.24215.01
LogInit: Build Configuration: Development
LogInit: Branch Name: ++UE4+Release-4.18
LogInit: Command line: 
LogInit: Base directory: D:/EpicGames/Games/UE_4.18/Engine/Binaries/Win64/
LogInit: Installed Engine Build: 1
LogInit: Presizing for max 8388607 objects, including 0 objects not considered by GC, pre-allocating 0 bytes for permanent pool.
LogInit: Object subsystem initialized
[2020.09.30-14.28.22:461][  0]LogInit: Selected Device Profile: [Windows]
[2020.09.30-14.28.22:461][  0]LogInit: Applying CVar settings loaded from the selected device profile: [Windows]
[2020.09.30-14.28.22:470][  0]LogInit: Computer: SEBASTIANMUÑOZV
[2020.09.30-14.28.22:470][  0]LogInit: User: Sebastian
[2020.09.30-14.28.22:470][  0]LogInit: CPU Page size=4096, Cores=6
[2020.09.30-14.28.22:470][  0]LogInit: High frequency timer resolution =10.000000 MHz
[2020.09.30-14.28.22:470][  0]LogMemory: Memory total: Physical=15.9GB (16GB approx)
[2020.09.30-14.28.22:470][  0]LogMemory: Platform Memory Stats for Windows
[2020.09.30-14.28.22:470][  0]LogMemory: Process Physical Memory: 275.11 MB used, 275.12 MB peak
[2020.09.30-14.28.22:470][  0]LogMemory: Process Virtual Memory: 270.45 MB used, 270.45 MB peak
[2020.09.30-14.28.22:470][  0]LogMemory: Physical Memory: 7056.69 MB used,  9269.65 MB free, 16326.34 MB total
[2020.09.30-14.28.22:470][  0]LogMemory: Virtual Memory: 4769.38 MB used,  9269.65 MB free, 134217728.00 MB total
[2020.09.30-14.28.23:030][  0]LogInit: Overriding language with editor language configuration option (en).
[2020.09.30-14.28.23:030][  0]LogInit: Overriding locale with editor locale configuration option (en).
[2020.09.30-14.28.23:370][  0]LogInit: Setting process to per monitor DPI aware
[2020.09.30-14.28.23:815][  0]LogD3D11RHI: D3D11 adapters:
[2020.09.30-14.28.23:912][  0]LogD3D11RHI:    0. 'NVIDIA GeForce RTX 2060 SUPER' (Feature Level 11_0)
[2020.09.30-14.28.23:912][  0]LogD3D11RHI:       8031/0/8163 MB DedicatedVideo/DedicatedSystem/SharedSystem, Outputs:2, VendorId:0x10de
[2020.09.30-14.28.23:915][  0]LogD3D11RHI:    1. 'Microsoft Basic Render Driver' (Feature Level 11_0)
[2020.09.30-14.28.23:915][  0]LogD3D11RHI:       0/0/8163 MB DedicatedVideo/DedicatedSystem/SharedSystem, Outputs:0, VendorId:0x1414
[2020.09.30-14.28.23:915][  0]LogD3D11RHI: Chosen D3D11 Adapter: 0
[2020.09.30-14.28.23:921][  0]LogD3D11RHI: Creating new Direct3DDevice
[2020.09.30-14.28.23:921][  0]LogD3D11RHI:     GPU DeviceId: 0x1f06 (for the marketing name, search the web for "GPU Device Id")
[2020.09.30-14.28.23:921][  0]LogWindows: EnumDisplayDevices:
[2020.09.30-14.28.23:921][  0]LogWindows:    0. 'NVIDIA GeForce RTX 2060 SUPER' (P:1 D:1)
[2020.09.30-14.28.23:921][  0]LogWindows:    1. 'NVIDIA GeForce RTX 2060 SUPER' (P:0 D:1)
[2020.09.30-14.28.23:922][  0]LogWindows:    2. 'NVIDIA GeForce RTX 2060 SUPER' (P:0 D:0)
[2020.09.30-14.28.23:922][  0]LogWindows:    3. 'NVIDIA GeForce RTX 2060 SUPER' (P:0 D:0)
[2020.09.30-14.28.23:922][  0]LogWindows: DebugString: GetVideoDriverDetailsInvalid PrimaryIsNotTheChoosenAdapter GetVideoDriverDetailsInvalid PrimaryIsNotTheChoosenAdapter GetVideoDriverDetailsInvalid PrimaryIsNotTheChoosenAdapter GetVideoDriverDetailsInvalid PrimaryIsNotTheChoosenAdapter FoundDriverCount:0 
[2020.09.30-14.28.23:922][  0]LogD3D11RHI:     Adapter Name: NVIDIA GeForce RTX 2060 SUPER
[2020.09.30-14.28.23:922][  0]LogD3D11RHI:   Driver Version: Unknown (internal:Unknown, unified:Unknown)
[2020.09.30-14.28.23:922][  0]LogD3D11RHI:      Driver Date: Unknown
[2020.09.30-14.28.23:922][  0]LogRHI: Texture pool is 5621 MB (70% of 8031 MB)
[2020.09.30-14.28.23:977][  0]LogD3D11RHI: Async texture creation enabled
[2020.09.30-14.28.23:988][  0]LogD3D11RHI: GPU Timing Frequency: 1000.000000 (Debug: 2 1)
[2020.09.30-14.28.23:991][  0]LogShaderCompilers: Guid format shader working directory is -32 characters bigger than the processId version (C:/Users/Sebastian/Desktop/PlanVa Entretenimiento/MuseoVirUnreal/MuseoVirtualUdeM/Intermediate/Shaders/WorkingDirectory/20756/).
[2020.09.30-14.28.23:991][  0]LogShaderCompilers: Cleaned the shader compiler working directory 'C:/Users/Sebastian/AppData/Local/Temp/UnrealShaderWorkingDir/E57B8DC843D87A98767C4CB3A50DB38E/'.
[2020.09.30-14.28.23:991][  0]LogShaderCompilers: Display: Using Local Shader Compiler.
[2020.09.30-14.28.25:148][  0]LogTemp: Display: Loaded TP AllDesktopTargetPlatform
[2020.09.30-14.28.25:303][  0]LogTemp: Display: Loaded TP MacClientTargetPlatform
[2020.09.30-14.28.25:458][  0]LogTemp: Display: Loaded TP MacNoEditorTargetPlatform
[2020.09.30-14.28.25:609][  0]LogTemp: Display: Loaded TP MacServerTargetPlatform
[2020.09.30-14.28.25:767][  0]LogTemp: Display: Loaded TP MacTargetPlatform
[2020.09.30-14.28.25:918][  0]LogTemp: Display: Loaded TP WindowsClientTargetPlatform
[2020.09.30-14.28.26:066][  0]LogTemp: Display: Loaded TP WindowsNoEditorTargetPlatform
[2020.09.30-14.28.26:220][  0]LogTemp: Display: Loaded TP WindowsServerTargetPlatform
[2020.09.30-14.28.26:366][  0]LogTemp: Display: Loaded TP WindowsTargetPlatform
[2020.09.30-14.28.26:519][  0]LogTemp: Display: Loaded TP Android_ASTCTargetPlatform
[2020.09.30-14.28.26:673][  0]LogTemp: Display: Loaded TP Android_ATCTargetPlatform
[2020.09.30-14.28.26:826][  0]LogTemp: Display: Loaded TP Android_DXTTargetPlatform
[2020.09.30-14.28.26:974][  0]LogTemp: Display: Loaded TP Android_ETC1TargetPlatform
[2020.09.30-14.28.27:125][  0]LogTemp: Display: Loaded TP Android_ETC2TargetPlatform
[2020.09.30-14.28.27:427][  0]LogTemp: Display: Loaded TP Android_MultiTargetPlatform
[2020.09.30-14.28.27:427][  0]LogTemp: Display: Loaded TP Android_PVRTCTargetPlatform
[2020.09.30-14.28.27:577][  0]LogTemp: Display: Loaded TP AndroidTargetPlatform
[2020.09.30-14.28.27:720][  0]LogTemp: Display: Loaded TP HTML5TargetPlatform
[2020.09.30-14.28.27:954][  0]LogTemp: Display: Loaded TP IOSTargetPlatform
[2020.09.30-14.28.28:046][  0]LogTemp: Display: Loaded TP TVOSTargetPlatform
[2020.09.30-14.28.28:194][  0]LogTemp: Display: Loaded TP LinuxClientTargetPlatform
[2020.09.30-14.28.28:339][  0]LogTemp: Display: Loaded TP LinuxNoEditorTargetPlatform
[2020.09.30-14.28.28:490][  0]LogTemp: Display: Loaded TP LinuxServerTargetPlatform
[2020.09.30-14.28.28:648][  0]LogTemp: Display: Loaded TP LinuxTargetPlatform
[2020.09.30-14.28.28:648][  0]LogTargetPlatformManager: Display: Building Assets For Windows
[2020.09.30-14.28.30:186][  0]LogDerivedDataCache: Display: Max Cache Size: 512 MB
[2020.09.30-14.28.30:254][  0]LogDerivedDataCache: Loaded boot cache 0.07s 78MB C:/Users/Sebastian/AppData/Local/UnrealEngine/4.18/DerivedDataCache/Boot.ddc.
[2020.09.30-14.28.30:254][  0]LogDerivedDataCache: Display: Loaded Boot cache: C:/Users/Sebastian/AppData/Local/UnrealEngine/4.18/DerivedDataCache/Boot.ddc
[2020.09.30-14.28.30:254][  0]LogDerivedDataCache: FDerivedDataBackendGraph:  Pak pak cache file C:/Users/Sebastian/Desktop/PlanVa Entretenimiento/MuseoVirUnreal/MuseoVirtualUdeM/DerivedDataCache/DDC.ddp not found, will not use a pak cache.
[2020.09.30-14.28.30:254][  0]LogDerivedDataCache: Unable to find inner node Pak for hierarchical cache Hierarchy.
[2020.09.30-14.28.30:254][  0]LogDerivedDataCache: FDerivedDataBackendGraph:  CompressedPak pak cache file C:/Users/Sebastian/Desktop/PlanVa Entretenimiento/MuseoVirUnreal/MuseoVirtualUdeM/DerivedDataCache/Compressed.ddp not found, will not use a pak cache.
[2020.09.30-14.28.30:254][  0]LogDerivedDataCache: Unable to find inner node CompressedPak for hierarchical cache Hierarchy.
[2020.09.30-14.28.30:267][  0]LogDerivedDataCache: Display: Pak cache opened for reading ../../../Engine/DerivedDataCache/Compressed.ddp.
[2020.09.30-14.28.30:280][  0]LogDerivedDataCache: Using Local data cache path C:/Users/Sebastian/AppData/Local/UnrealEngine/Common/DerivedDataCache: Writable
[2020.09.30-14.28.30:296][  0]LogMaterial: Verifying Global Shaders for PCD3D_SM5
[2020.09.30-14.28.30:297][  0]LogSlate: Using Freetype 2.6.0
[2020.09.30-14.28.30:297][  0]LogSlate: SlateFontCache - WITH_FREETYPE: 1, WITH_HARFBUZZ: 1
[2020.09.30-14.28.30:298][  0]LogSlate: SlateFontCache - WITH_FREETYPE: 1, WITH_HARFBUZZ: 1
[2020.09.30-14.28.30:688][  0]LogInit: Selected Device Profile: [Windows]
[2020.09.30-14.28.31:496][  0]LogSimplygon: Simplygon DLL not present - disabling.
[2020.09.30-14.28.31:646][  0]LogMeshReduction: Using SimplygonSwarm for distributed automatic mesh merging
[2020.09.30-14.28.31:646][  0]LogMeshReduction: Using QuadricMeshReduction for automatic static mesh reduction
[2020.09.30-14.28.31:646][  0]LogMeshReduction: No automatic skeletal mesh reduction module available
[2020.09.30-14.28.31:646][  0]LogMeshReduction: No automatic mesh merging module available
[2020.09.30-14.28.31:646][  0]LogMeshMerging: No automatic mesh merging module available
[2020.09.30-14.28.31:679][  0]LogNetVersion: MuseoVirtualUdem , NetCL: 3709383, EngineNetVer: 2, GameNetVer: 0 (Checksum: 2631075334)
[2020.09.30-14.28.31:941][  0]LogAssetRegistry: FAssetRegistry took 0.0261 seconds to start up
[2020.09.30-14.28.32:589][  0]LogPackageLocalizationCache: Processed 8 localized package path(s) for 1 prioritized culture(s) in 0.042258 seconds
[2020.09.30-14.28.32:593][  0]LogUObjectArray: 35870 objects as part of root set at end of initial load.
[2020.09.30-14.28.32:593][  0]LogUObjectAllocator: 7363704 out of 0 bytes used by permanent object pool.
[2020.09.30-14.28.32:593][  0]LogUObjectArray: CloseDisregardForGC: 0/0 objects in disregard for GC pool
[2020.09.30-14.28.32:786][  0]LogInit: WinSock: version 1.1 (2.2), MaxSocks=32767, MaxUdp=65467
[2020.09.30-14.28.39:358][  0]UGameSparksModuleLog: Warning: GameSparks::StartupModule
[2020.09.30-14.28.39:442][  0]LogTcpMessaging: Initializing TcpMessaging bridge
[2020.09.30-14.28.39:538][  0]LogUdpMessaging: Initializing bridge on interface 0.0.0.0:0 to multicast group 230.0.0.1:6666.
[2020.09.30-14.28.41:350][  0]LogMaterial: Uniform references updated for custom material expression Custom.
[2020.09.30-14.28.42:488][  0]SourceControl: Source control is disabled
[2020.09.30-14.28.42:488][  0]SourceControl: Source control is disabled
[2020.09.30-14.28.42:647][  0]SourceControl: Source control is disabled
[2020.09.30-14.28.42:802][  0]SourceControl: Source control is disabled
[2020.09.30-14.28.45:448][  0]LogAndroidPermission: UAndroidPermissionCallbackProxy::GetInstance
[2020.09.30-14.28.46:250][  0]LogOcInput: OculusInput pre-init called
[2020.09.30-14.28.47:064][  0]LogEngine: Initializing Engine...
[2020.09.30-14.28.47:067][  0]LogHMD: Failed to initialize OpenVR with code 110
[2020.09.30-14.28.47:251][  0]LogStats: UGameplayTagsManager::ConstructGameplayTagTree: Construct from data asset -  0.000 s
[2020.09.30-14.28.47:251][  0]LogStats: UGameplayTagsManager::ConstructGameplayTagTree: GameplayTagTreeChangedEvent.Broadcast -  0.000 s
[2020.09.30-14.28.47:680][  0]LogAIModule: Creating AISystem for world Untitled
[2020.09.30-14.28.47:699][  0]LogInit: XAudio2 using 'Altavoces (Realtek(R) Audio)' : 2 channels at 48 kHz using 32 bits per sample (channel mask 0x3)
[2020.09.30-14.28.47:727][  0]LogInit: FAudioDevice initialized.
[2020.09.30-14.28.48:054][  0]LogDerivedDataCache: Saved boot cache 0.33s 78MB C:/Users/Sebastian/AppData/Local/UnrealEngine/4.18/DerivedDataCache/Boot.ddc.
[2020.09.30-14.28.48:060][  0]LogInit: Texture streaming: Enabled
[2020.09.30-14.28.48:442][  0]LogEngineSessionManager: EngineSessionManager initialized
[2020.09.30-14.28.48:909][  0]LogInit: Transaction tracking system initialized
[2020.09.30-14.28.49:985][  0]BlueprintLog: New page: Editor Load
[2020.09.30-14.28.52:990][  0]LocalizationService: Localization service is disabled
[2020.09.30-14.28.55:475][  0]LogConsoleResponse: Display: 
[2020.09.30-14.28.55:693][  0]LogCook: Display: Max memory allowance for cook 16384mb min free memory 0mb
[2020.09.30-14.28.55:693][  0]LogCook: Display: Mobile HDR setting 1
[2020.09.30-14.28.55:693][  0]LogGameplayTags: Display: UGameplayTagsManager::DoneAddingNativeTags. DelegateIsBound: 0
[2020.09.30-14.28.56:166][  0]LogFileCache: Scanning file cache for directory 'C:/Users/Sebastian/Desktop/PlanVa Entretenimiento/MuseoVirUnreal/MuseoVirtualUdeM/Content/' took 0.01s
[2020.09.30-14.28.59:390][  0]SourceControl: Source control is disabled
[2020.09.30-14.28.59:391][  0]Cmd: MAP LOAD FILE="C:/Users/Sebastian/Desktop/PlanVa Entretenimiento/MuseoVirUnreal/MuseoVirtualUdeM/Content/Scenes/Game.umap" TEMPLATE=0 SHOWPROGRESS=1 FEATURELEVEL=3
[2020.09.30-14.28.59:391][  0]LightingResults: New page: Lighting Build
[2020.09.30-14.28.59:539][  0]MapCheck: New page: Map Check
[2020.09.30-14.28.59:539][  0]LightingResults: New page: Lighting Build
[2020.09.30-14.29.00:808][  0]LogAIModule: Creating AISystem for world Game
[2020.09.30-14.29.00:896][  0]LogEditorServer: Finished looking for orphan Actors (0.000 secs)
[2020.09.30-14.29.00:909][  0]Cmd: MAP CHECKDEP NOCLEARLOG
[2020.09.30-14.29.00:991][  0]MapCheck: Map check complete: 0 Error(s), 0 Warning(s), took 82.341ms to complete.
[2020.09.30-14.29.00:992][  0]LogFileHelpers: Loading map 'Game' took 1.600
[2020.09.30-14.29.01:497][  0]LogCollectionManager: Loaded 0 collections in 0.000807 seconds
[2020.09.30-14.29.01:728][  0]LogFileCache: Scanning file cache for directory 'C:/Users/Sebastian/Desktop/PlanVa Entretenimiento/MuseoVirUnreal/MuseoVirtualUdeM/Saved/Collections/' took 0.01s
[2020.09.30-14.29.01:728][  0]LogFileCache: Scanning file cache for directory 'C:/Users/Sebastian/Desktop/PlanVa Entretenimiento/MuseoVirUnreal/MuseoVirtualUdeM/Content/Developers/Sebastian/Collections/' took 0.01s
[2020.09.30-14.29.01:728][  0]LogFileCache: Scanning file cache for directory 'C:/Users/Sebastian/Desktop/PlanVa Entretenimiento/MuseoVirUnreal/MuseoVirtualUdeM/Content/Collections/' took 0.01s
[2020.09.30-14.29.01:728][  0]LogCollectionManager: Rebuilt the GUID cache for 0 collections in 0.000000 seconds
[2020.09.30-14.29.01:737][  0]LogContentBrowser: Native class hierarchy populated in 0.0071 seconds. Added 2462 classes and 523 folders.
[2020.09.30-14.29.01:999][  0]LogContentBrowser: Native class hierarchy updated for 'WidgetCarousel' in 0.0002 seconds. Added 0 classes and 0 folders.
[2020.09.30-14.29.03:090][  0]LogContentBrowser: Native class hierarchy updated for 'AddContentDialog' in 0.0008 seconds. Added 0 classes and 0 folders.
[2020.09.30-14.29.03:296][  0]LogContentBrowser: Native class hierarchy updated for 'SceneOutliner' in 0.0002 seconds. Added 1 classes and 2 folders.
[2020.09.30-14.29.03:543][  0]LogSlate: Took 0.000447 seconds to synchronously load lazily loaded font '../../../Engine/Content/Slate/Fonts/Roboto-Regular.ttf' (155K)
[2020.09.30-14.29.03:554][  0]LogSlate: Took 0.000632 seconds to synchronously load lazily loaded font '../../../Engine/Content/Slate/Fonts/Roboto-Bold.ttf' (160K)
[2020.09.30-14.29.03:599][  0]LogSlate: Took 0.016350 seconds to synchronously load lazily loaded font '../../../Engine/Content/Editor/Slate/Fonts/FontAwesome.ttf' (139K)
[2020.09.30-14.29.03:951][  0]LogRenderer: Reallocating scene render targets to support 1208x600 Format 10 NumSamples 1 (Frame:1).
[2020.09.30-14.29.04:322][  0]LogContentBrowser: Native class hierarchy updated for 'HierarchicalLODOutliner' in 0.0002 seconds. Added 1 classes and 2 folders.
[2020.09.30-14.29.04:322][  0]LogLoad: (Engine Initialization) Total time: 46.28 seconds
[2020.09.30-14.29.04:322][  0]LogLoad: (Engine Initialization) Total Blueprint compile time: 0.00 seconds
[2020.09.30-14.29.04:322][  0]LogExternalProfiler: No external profilers were discovered.  External profiling features will not be available.
[2020.09.30-14.29.04:346][  0]LogAssetRegistry: Asset discovery search completed in 32.4274 seconds
[2020.09.30-14.29.04:347][  0]LogCollectionManager: Rebuilt the object cache for 0 collections in 0.000000 seconds (found 0 objects)
[2020.09.30-14.29.04:347][  0]LogCollectionManager: Fixed up redirectors for 0 collections in 0.000034 seconds (updated 0 objects)
[2020.09.30-14.29.04:347][  0]LogContentStreaming: Texture pool size now 1000 MB
[2020.09.30-14.29.04:477][  0]LogSlate: Took 0.020017 seconds to synchronously load lazily loaded font '../../../Engine/Content/Slate/Fonts/Roboto-Light.ttf' (159K)
[2020.09.30-14.29.06:824][246]LogTemp: Repeating last play command: Selected Viewport
[2020.09.30-14.29.06:867][246]LogBlueprintUserMessages: Early PlayInEditor Detection: Level '/Game/Scenes/Game.Game:PersistentLevel' has LevelScriptBlueprint '/Game/Scenes/Game.Game:PersistentLevel.Game' with GeneratedClass '/Game/Scenes/Game.Game_C' with ClassGeneratedBy '/Game/Scenes/Game.Game:PersistentLevel.Game'
[2020.09.30-14.29.06:874][246]LogPlayLevel: PlayLevel: No blueprints needed recompiling
[2020.09.30-14.29.06:917][246]PIE: New page: PIE session: Game (Sep 30, 2020, 4:29:06 AM)
[2020.09.30-14.29.06:917][246]LogPlayLevel: Creating play world package: /Game/Scenes/UEDPIE_1_Game
[2020.09.30-14.29.06:951][246]LogPlayLevel: PIE: StaticDuplicateObject took: (0.034196s)
[2020.09.30-14.29.06:951][246]LogAIModule: Creating AISystem for world Game
[2020.09.30-14.29.06:952][246]LogPlayLevel: PIE: World Init took: (0.000637s)
[2020.09.30-14.29.06:952][246]LogPlayLevel: PIE: Created PIE world by copying editor world from /Game/Scenes/Game.Game to /Game/Scenes/UEDPIE_1_Game.Game (0.035173s)
[2020.09.30-14.29.06:980][246]LogInit: XAudio2 using 'Altavoces (Realtek(R) Audio)' : 2 channels at 48 kHz using 32 bits per sample (channel mask 0x3)
[2020.09.30-14.29.07:001][246]LogInit: FAudioDevice initialized.
[2020.09.30-14.29.07:054][246]LogLoad: Game class is 'BP_GameMode_C'
[2020.09.30-14.29.07:064][246]LogWorld: Bringing World /Game/Scenes/UEDPIE_1_Game.Game up for play (max tick rate 0) at 2020.09.30-09.29.07
[2020.09.30-14.29.07:065][246]LogWorld: Bringing up level for play took: 0.001534
[2020.09.30-14.29.07:267][246]LogContentBrowser: Native class hierarchy updated for 'MovieSceneCapture' in 0.0002 seconds. Added 11 classes and 0 folders.
[2020.09.30-14.29.07:268][246]LogTemp: Display: ParseSettings for GameNetDriver
[2020.09.30-14.29.07:268][246]LogTemp: Display: ParseSettings for IpNetDriver_0
[2020.09.30-14.29.07:268][246]LogTemp: Display: ParseSettings for GameNetDriver
[2020.09.30-14.29.07:269][246]LogInit: WinSock: Socket queue 131072 / 131072
[2020.09.30-14.29.07:275][246]LogInit: WinSock: I am SebastianMu?ozV (0.0.0.0:0)
[2020.09.30-14.29.07:275][246]PacketHandlerLog: Loaded PacketHandler component: Engine.EngineHandlerComponentFactory (StatelessConnectHandlerComponent)
[2020.09.30-14.29.07:284][246]LogNet: GameNetDriver IpNetDriver_0 IpNetDriver listening on port 17777
[2020.09.30-14.29.07:284][246]LogGameMode: Display: Match State Changed from EnteringMap to WaitingToStart
[2020.09.30-14.29.07:284][246]LogGameState: Match State Changed from EnteringMap to WaitingToStart
[2020.09.30-14.29.07:284][246]LogGameMode: Display: Match State Changed from WaitingToStart to InProgress
[2020.09.30-14.29.07:419][246]UGameSparksModuleLog: Warning: GameSparks::Initialize
[2020.09.30-14.29.07:429][246]UGameSparksModuleLog: Initialized
[2020.09.30-14.29.07:470][246]LogGameState: Match State Changed from WaitingToStart to InProgress
[2020.09.30-14.29.07:470][246]PIE: Play in editor start time for /Game/Scenes/UEDPIE_1_Game 1.53
[2020.09.30-14.29.07:473][246]PIE: New page: PIE session: Game (Sep 30, 2020, 4:29:07 AM)
[2020.09.30-14.29.07:563][246]LogNet: Browse: 127.0.0.1:17777//Game/Scenes/Game
[2020.09.30-14.29.07:563][246]LogTemp: Display: ParseSettings for GameNetDriver
[2020.09.30-14.29.07:563][246]LogTemp: Display: ParseSettings for IpNetDriver_1
[2020.09.30-14.29.07:563][246]LogTemp: Display: ParseSettings for PendingNetDriver
[2020.09.30-14.29.07:563][246]LogInit: WinSock: Socket queue 32768 / 32768
[2020.09.30-14.29.07:563][246]PacketHandlerLog: Loaded PacketHandler component: Engine.EngineHandlerComponentFactory (StatelessConnectHandlerComponent)
[2020.09.30-14.29.07:564][246]LogNet: Game client on port 17777, rate 10000
[2020.09.30-14.29.07:567][246]PIE: Play in editor start time for /Game/Scenes/Game 1.626
[2020.09.30-14.29.07:570][246]PIE: New page: PIE session: Game (Sep 30, 2020, 4:29:07 AM)
[2020.09.30-14.29.07:623][246]LogNet: Browse: 127.0.0.1:17777//Game/Scenes/Game
[2020.09.30-14.29.07:623][246]LogTemp: Display: ParseSettings for GameNetDriver
[2020.09.30-14.29.07:623][246]LogTemp: Display: ParseSettings for IpNetDriver_2
[2020.09.30-14.29.07:623][246]LogTemp: Display: ParseSettings for PendingNetDriver
[2020.09.30-14.29.07:623][246]LogInit: WinSock: Socket queue 32768 / 32768
[2020.09.30-14.29.07:623][246]PacketHandlerLog: Loaded PacketHandler component: Engine.EngineHandlerComponentFactory (StatelessConnectHandlerComponent)
[2020.09.30-14.29.07:623][246]LogNet: Game client on port 17777, rate 10000
[2020.09.30-14.29.07:626][246]PIE: Play in editor start time for /Game/Scenes/Game 1.685
[2020.09.30-14.29.07:634][246]LogBlueprintUserMessages: Late PlayInEditor Detection: Level '/Game/Scenes/Game.Game:PersistentLevel' has LevelScriptBlueprint '/Game/Scenes/Game.Game:PersistentLevel.Game' with GeneratedClass '/Game/Scenes/Game.Game_C' with ClassGeneratedBy '/Game/Scenes/Game.Game:PersistentLevel.Game'
[2020.09.30-14.29.07:665][246]LogNet: NotifyAcceptingConnection accepted from: 127.0.0.1:61175
[2020.09.30-14.29.07:688][246]LogHandshake: SendConnectChallenge. Timestamp: 0.008334, Cookie: 204152224031157131004150248149215000232113192000027096244000
[2020.09.30-14.29.07:688][246]LogNet: NotifyAcceptingConnection accepted from: 127.0.0.1:61176
[2020.09.30-14.29.07:688][246]LogHandshake: SendConnectChallenge. Timestamp: 0.008334, Cookie: 227202002084223095124037226065157173130181188236102166249188
[2020.09.30-14.29.07:841][246]LogHandshake: SendChallengeResponse. Timestamp: 0.008334, Cookie: 204152224031157131004150248149215000232113192000027096244000
[2020.09.30-14.29.07:842][246]LogHandshake: SendChallengeResponse. Timestamp: 0.008334, Cookie: 227202002084223095124037226065157173130181188236102166249188
[2020.09.30-14.29.07:971][247]LogNet: NotifyAcceptingConnection accepted from: 127.0.0.1:61175
[2020.09.30-14.29.07:972][247]LogHandshake: SendChallengeAck. InCookie: 204152224031157131004150248149215000232113192000027096244000
[2020.09.30-14.29.07:972][247]LogNet: Server accepting post-challenge connection from: 127.0.0.1:61175
[2020.09.30-14.29.07:972][247]PacketHandlerLog: Loaded PacketHandler component: Engine.EngineHandlerComponentFactory (StatelessConnectHandlerComponent)
[2020.09.30-14.29.07:972][247]LogNet: NotifyAcceptedConnection: Name: Game, TimeStamp: 09/30/20 09:29:07, [UNetConnection] RemoteAddr: 127.0.0.1:61175, Name: IpConnection_2, Driver: GameNetDriver IpNetDriver_0, IsServer: YES, PC: NULL, Owner: NULL
[2020.09.30-14.29.07:972][247]LogNet: AddClientConnection: Added client connection: [UNetConnection] RemoteAddr: 127.0.0.1:61175, Name: IpConnection_2, Driver: GameNetDriver IpNetDriver_0, IsServer: YES, PC: NULL, Owner: NULL
[2020.09.30-14.29.07:989][247]LogNet: NotifyAcceptingConnection accepted from: 127.0.0.1:61176
[2020.09.30-14.29.07:990][247]LogHandshake: SendChallengeAck. InCookie: 227202002084223095124037226065157173130181188236102166249188
[2020.09.30-14.29.07:990][247]LogNet: Server accepting post-challenge connection from: 127.0.0.1:61176
[2020.09.30-14.29.07:990][247]PacketHandlerLog: Loaded PacketHandler component: Engine.EngineHandlerComponentFactory (StatelessConnectHandlerComponent)
[2020.09.30-14.29.07:990][247]LogNet: NotifyAcceptedConnection: Name: Game, TimeStamp: 09/30/20 09:29:07, [UNetConnection] RemoteAddr: 127.0.0.1:61176, Name: IpConnection_3, Driver: GameNetDriver IpNetDriver_0, IsServer: YES, PC: NULL, Owner: NULL
[2020.09.30-14.29.07:990][247]LogNet: AddClientConnection: Added client connection: [UNetConnection] RemoteAddr: 127.0.0.1:61176, Name: IpConnection_3, Driver: GameNetDriver IpNetDriver_0, IsServer: YES, PC: NULL, Owner: NULL
[2020.09.30-14.29.07:991][247]LogNetVersion: MuseoVirtualUdem 1.0.0.0, NetCL: 3709383, EngineNetVer: 2, GameNetVer: 0 (Checksum: 51747653)
[2020.09.30-14.29.07:991][247]LogNet: UPendingNetGame::SendInitialJoin: Sending hello. [UNetConnection] RemoteAddr: 127.0.0.1:17777, Name: IpConnection_0, Driver: PendingNetDriver IpNetDriver_1, IsServer: NO, PC: NULL, Owner: NULL
[2020.09.30-14.29.07:991][247]LogNet: UPendingNetGame::SendInitialJoin: Sending hello. [UNetConnection] RemoteAddr: 127.0.0.1:17777, Name: IpConnection_1, Driver: PendingNetDriver IpNetDriver_2, IsServer: NO, PC: NULL, Owner: NULL
[2020.09.30-14.29.08:001][248]LogNet: NotifyAcceptingChannel Control 0 server World /Game/Scenes/UEDPIE_1_Game.Game: Accepted
[2020.09.30-14.29.08:001][248]LogNet: Remote platform little endian=1
[2020.09.30-14.29.08:001][248]LogNet: This platform little endian=1
[2020.09.30-14.29.08:001][248]LogNet: NotifyAcceptingChannel Control 0 server World /Game/Scenes/UEDPIE_1_Game.Game: Accepted
[2020.09.30-14.29.08:001][248]LogNet: Remote platform little endian=1
[2020.09.30-14.29.08:001][248]LogNet: This platform little endian=1
[2020.09.30-14.29.08:010][249]LogNet: Login request: /Game/Scenes/Game userId: Invalid
[2020.09.30-14.29.08:010][249]LogNet: Login request: /Game/Scenes/Game userId: Invalid
[2020.09.30-14.29.08:011][249]LogNet: Welcomed by server (Level: /Game/Scenes/UEDPIE_1_Game, Game: /Game/Blueprints/BP_GameMode.BP_GameMode_C)
[2020.09.30-14.29.08:012][249]LogLoad: LoadMap: 127.0.0.1:17777//Game/Scenes/UEDPIE_1_Game?game=/Game/Blueprints/BP_GameMode.BP_GameMode_C
[2020.09.30-14.29.08:040][249]LogAIModule: Creating AISystem for world Game
[2020.09.30-14.29.08:040][249]LogTemp: Display: ParseSettings for GameNetDriver
[2020.09.30-14.29.08:042][249]LogWorld: Bringing World /Game/Scenes/UEDPIE_2_Game.Game up for play (max tick rate 0) at 2020.09.30-09.29.08
[2020.09.30-14.29.08:042][249]LogWorld: Bringing up level for play took: 0.001405
[2020.09.30-14.29.08:042][249]LogLoad: Took 0.030965 seconds to LoadMap(/Game/Scenes/UEDPIE_1_Game)
[2020.09.30-14.29.08:043][249]LogNet: Welcomed by server (Level: /Game/Scenes/UEDPIE_1_Game, Game: /Game/Blueprints/BP_GameMode.BP_GameMode_C)
[2020.09.30-14.29.08:058][249]LogLoad: LoadMap: 127.0.0.1:17777//Game/Scenes/UEDPIE_1_Game?game=/Game/Blueprints/BP_GameMode.BP_GameMode_C
[2020.09.30-14.29.08:073][249]LogAIModule: Creating AISystem for world Game
[2020.09.30-14.29.08:073][249]LogTemp: Display: ParseSettings for GameNetDriver
[2020.09.30-14.29.08:076][249]LogWorld: Bringing World /Game/Scenes/UEDPIE_3_Game.Game up for play (max tick rate 0) at 2020.09.30-09.29.08
[2020.09.30-14.29.08:076][249]LogWorld: Bringing up level for play took: 0.001382
[2020.09.30-14.29.08:076][249]LogLoad: Took 0.017515 seconds to LoadMap(/Game/Scenes/UEDPIE_1_Game)
[2020.09.30-14.29.08:090][250]LogNet: Client netspeed is 10000
[2020.09.30-14.29.08:090][250]LogNet: Join request: /Game/Scenes/Game?SplitscreenCount=1
[2020.09.30-14.29.08:092][250]LogNet: Join succeeded: User257
[2020.09.30-14.29.08:092][250]LogNet: Client netspeed is 10000
[2020.09.30-14.29.08:092][250]LogNet: Join request: /Game/Scenes/Game?SplitscreenCount=1
[2020.09.30-14.29.08:093][250]LogNet: Join succeeded: User258
[2020.09.30-14.29.08:117][251]LogRenderer: Reallocating scene render targets to support 1280x720 Format 10 NumSamples 1 (Frame:1).
[2020.09.30-14.29.08:667][297]UGameSparksModuleLog: WebSocket callback: {"@class": ".AuthenticatedConnectResponse","connectUrl": "wss://gsp-aeu000-se04.gamesparks.net/ws/device/293711ZXWjA9","requestId": "0"}
[2020.09.30-14.29.08:667][297]UGameSparksModuleLog: Received new connection url from gamesparks backend. Establishing new connection now.
[2020.09.30-14.29.08:667][297]UGameSparksModuleLog: Create new connection
[2020.09.30-14.29.08:669][297]UGameSparksModuleLog: Handle authentication connect response with immediate handshake
[2020.09.30-14.29.08:669][297]UGameSparksModuleLog: WebSocket closed
[2020.09.30-14.29.09:877][423]UGameSparksModuleLog: WebSocket callback: {"@class":".AuthenticatedConnectResponse","nonce":"40d70419-602d-44ee-aa0d-c7f785e2b369","requestId":"0"}
[2020.09.30-14.29.09:878][423]UGameSparksModuleLog: Handle authentication connect response with immediate handshake
[2020.09.30-14.29.09:885][423]UGameSparksModuleLog: Send immediate request: {
	"@class":	".AuthenticatedConnectRequest",
	"hmac":	"wK7fNd6wiOlYhZT++8GBbsbACoMJFZJHqGClVB10IjA=",
	"os":	"Windows",
	"platform":	"Windows",
	"deviceId":	"481083d37ab2a6f15c847d15715d02e1",
	"deviceStats":	{
		"cpu.cores":	"12",
		"cpu.vendor":	"Intel(R) Core(TM) i7-8700 CPU @ 3.20GHz",
		"engine":	"Unreal Engine",
		"engine.version":	"4.18.0",
		"manufacturer":	"Microsoft",
		"memory":	"16326 MB",
		"model":	"PC",
		"os.name":	"Windows",
		"os.version":	"10.0.19041.292",
		"os.version.major":	"10",
		"os.version.major.minor":	"10.0",
		"resolution":	"1920x1080",
		"gssdk":	"1.1.18.0"
	},
	"authToken":	"cb31b92e-36b3-4b57-bdca-b08e98af414e"
}
[2020.09.30-14.29.09:885][423]UGameSparksModuleLog: Handshake request sent
[2020.09.30-14.29.10:076][446]UGameSparksModuleLog: WebSocket callback: {"@class":".AuthenticatedConnectResponse","authToken":"d47de277-7baa-4af8-bd46-1a76c814081e","requestId":"0","sessionId":"40d70419-602d-44ee-aa0d-c7f785e2b369","userId":"5f628e387e50dd01db7dfbad"}
[2020.09.30-14.29.10:076][446]UGameSparksModuleLog: Received auth token
[2020.09.30-14.29.10:077][446]UGameSparksModuleLog: Handle authentication connect response with immediate handshake
[2020.09.30-14.29.10:077][446]UGameSparksModuleLog: Warning: GameSparks::GameSparksAvailable_Static
[2020.09.30-14.29.10:082][446]LogBlueprintUserMessages: [BP_GameMode_C_0] Server: Gamesparks available
[2020.09.30-14.29.17:381][292]LogBlueprintUserMessages: Early EndPlayMap Detection: Level '/Game/Scenes/Game.Game:PersistentLevel' has LevelScriptBlueprint '/Game/Scenes/Game.Game:PersistentLevel.Game' with GeneratedClass '/Game/Scenes/Game.Game_C' with ClassGeneratedBy '/Game/Scenes/Game.Game:PersistentLevel.Game'
[2020.09.30-14.29.17:451][292]LogWindowsTextInputMethodSystem: Display: IME system now deactivated.
[2020.09.30-14.29.17:484][292]UGameSparksModuleLog: Warning: GameSparks::Shutdown
[2020.09.30-14.29.17:485][292]UGameSparksModuleLog: Starting connection terminate
[2020.09.30-14.29.17:485][292]UGameSparksModuleLog: WebSocket closed
[2020.09.30-14.29.17:485][292]UGameSparksModuleLog: Connection terminated
[2020.09.30-14.29.17:485][292]UGameSparksModuleLog: Warning: GameSparks::GameSparksAvailable_Static
[2020.09.30-14.29.17:485][292]LogBlueprintUserMessages: [BP_GameMode_C_0] Server: Gamesparks unavailable
[2020.09.30-14.29.17:510][292]LogBlueprintUserMessages: Late EndPlayMap Detection: Level '/Game/Scenes/Game.Game:PersistentLevel' has LevelScriptBlueprint '/Game/Scenes/Game.Game:PersistentLevel.Game' with GeneratedClass '/Game/Scenes/Game.Game_C' with ClassGeneratedBy '/Game/Scenes/Game.Game:PersistentLevel.Game'
[2020.09.30-14.29.17:521][292]LogNet: UChannel::CleanUp: ChIndex == 0. Closing connection. [UChannel] ChIndex: 0, Closing: 0 [UNetConnection] RemoteAddr: 127.0.0.1:61176, Name: IpConnection_3, Driver: GameNetDriver IpNetDriver_0, IsServer: YES, PC: None, Owner: None
[2020.09.30-14.29.17:521][292]LogNet: UNetConnection::Close: [UNetConnection] RemoteAddr: 127.0.0.1:61176, Name: IpConnection_3, Driver: GameNetDriver IpNetDriver_0, IsServer: YES, PC: None, Owner: None, Channels: 2, Time: 2020.09.30-14.29.17
[2020.09.30-14.29.17:521][292]LogNet: UChannel::Close: Sending CloseBunch. ChIndex == 0. Name: [UChannel] ChIndex: 0, Closing: 0 [UNetConnection] RemoteAddr: 127.0.0.1:61176, Name: IpConnection_3, Driver: GameNetDriver IpNetDriver_0, IsServer: YES, PC: None, Owner: None
[2020.09.30-14.29.17:521][292]LogNet: UChannel::CleanUp: ChIndex == 0. Closing connection. [UChannel] ChIndex: 0, Closing: 0 [UNetConnection] RemoteAddr: 127.0.0.1:61175, Name: IpConnection_2, Driver: GameNetDriver IpNetDriver_0, IsServer: YES, PC: None, Owner: None
[2020.09.30-14.29.17:522][292]LogNet: UNetConnection::Close: [UNetConnection] RemoteAddr: 127.0.0.1:61175, Name: IpConnection_2, Driver: GameNetDriver IpNetDriver_0, IsServer: YES, PC: None, Owner: None, Channels: 2, Time: 2020.09.30-14.29.17
[2020.09.30-14.29.17:522][292]LogNet: UChannel::Close: Sending CloseBunch. ChIndex == 0. Name: [UChannel] ChIndex: 0, Closing: 0 [UNetConnection] RemoteAddr: 127.0.0.1:61175, Name: IpConnection_2, Driver: GameNetDriver IpNetDriver_0, IsServer: YES, PC: None, Owner: None
[2020.09.30-14.29.17:522][292]LogNet: UChannel::CleanUp: ChIndex == 0. Closing connection. [UChannel] ChIndex: 0, Closing: 0 [UNetConnection] RemoteAddr: 127.0.0.1:17777, Name: IpConnection_1, Driver: GameNetDriver IpNetDriver_2, IsServer: NO, PC: None, Owner: None
[2020.09.30-14.29.17:522][292]LogNet: UNetConnection::Close: [UNetConnection] RemoteAddr: 127.0.0.1:17777, Name: IpConnection_1, Driver: GameNetDriver IpNetDriver_2, IsServer: NO, PC: None, Owner: None, Channels: 2, Time: 2020.09.30-14.29.17
[2020.09.30-14.29.17:522][292]LogNet: UChannel::Close: Sending CloseBunch. ChIndex == 0. Name: [UChannel] ChIndex: 0, Closing: 0 [UNetConnection] RemoteAddr: 127.0.0.1:17777, Name: IpConnection_1, Driver: GameNetDriver IpNetDriver_2, IsServer: NO, PC: None, Owner: None
[2020.09.30-14.29.17:522][292]LogNet: UChannel::CleanUp: ChIndex == 0. Closing connection. [UChannel] ChIndex: 0, Closing: 0 [UNetConnection] RemoteAddr: 127.0.0.1:17777, Name: IpConnection_0, Driver: GameNetDriver IpNetDriver_1, IsServer: NO, PC: None, Owner: None
[2020.09.30-14.29.17:522][292]LogNet: UNetConnection::Close: [UNetConnection] RemoteAddr: 127.0.0.1:17777, Name: IpConnection_0, Driver: GameNetDriver IpNetDriver_1, IsServer: NO, PC: None, Owner: None, Channels: 2, Time: 2020.09.30-14.29.17
[2020.09.30-14.29.17:522][292]LogNet: UChannel::Close: Sending CloseBunch. ChIndex == 0. Name: [UChannel] ChIndex: 0, Closing: 0 [UNetConnection] RemoteAddr: 127.0.0.1:17777, Name: IpConnection_0, Driver: GameNetDriver IpNetDriver_1, IsServer: NO, PC: None, Owner: None
[2020.09.30-14.29.17:525][292]LogExit: GameNetDriver None shut down
[2020.09.30-14.29.17:525][292]LogExit: GameNetDriver None shut down
[2020.09.30-14.29.17:526][292]LogExit: GameNetDriver None shut down
[2020.09.30-14.29.17:694][293]Cmd: QUIT_EDITOR
[2020.09.30-14.29.18:106][293]LogExit: Preparing to exit.
[2020.09.30-14.29.18:657][293]LogExit: Editor shut down
[2020.09.30-14.29.18:662][293]LogExit: Transaction tracking system shut down
[2020.09.30-14.29.18:880][293]LogDirectoryWatcher: A directory notification for '../../../Engine/Content/' was aborted.
[2020.09.30-14.29.18:880][293]LogDirectoryWatcher: A directory notification for 'C:/Users/Sebastian/Desktop/PlanVa Entretenimiento/MuseoVirUnreal/MuseoVirtualUdeM/Content/' was aborted.
[2020.09.30-14.29.18:880][293]LogDirectoryWatcher: A directory notification for '../../../Engine/Plugins/2D/Paper2D/Content/' was aborted.
[2020.09.30-14.29.18:880][293]LogDirectoryWatcher: A directory notification for '../../../Engine/Plugins/Marketplace/GameSparks/Content/' was aborted.
[2020.09.30-14.29.18:880][293]LogDirectoryWatcher: A directory notification for '../../../Engine/Plugins/Media/MediaCompositing/Content/' was aborted.
[2020.09.30-14.29.18:880][293]LogDirectoryWatcher: A directory notification for '../../../Engine/Plugins/Runtime/AppleARKit/Content/' was aborted.
[2020.09.30-14.29.18:880][293]LogDirectoryWatcher: A directory notification for '../../../Engine/Plugins/Runtime/Oculus/OculusVR/Content/' was aborted.
[2020.09.30-14.29.18:880][293]LogDirectoryWatcher: A directory notification for '../../../Engine/Plugins/Runtime/Steam/SteamVR/Content/' was aborted.
[2020.09.30-14.29.18:915][293]LogExit: Object subsystem successfully closed.
[2020.09.30-14.29.18:947][293]LogD3D11RHI: Shutdown
[2020.09.30-14.29.18:947][293]LogD3D11RHI: CleanupD3DDevice
[2020.09.30-14.29.18:951][293]LogD3D11RHI: ~FD3D11DynamicRHI
[2020.09.30-14.29.18:988][293]LogModuleManager: Shutting down and abandoning module MovieSceneCapture (554)
[2020.09.30-14.29.18:988][293]LogModuleManager: Shutting down and abandoning module HierarchicalLODOutliner (552)
[2020.09.30-14.29.18:988][293]LogModuleManager: Shutting down and abandoning module SceneOutliner (550)
[2020.09.30-14.29.18:996][293]LogModuleManager: Shutting down and abandoning module AddContentDialog (548)
[2020.09.30-14.29.19:004][293]LogDirectoryWatcher: A directory notification for 'D:/EpicGames/Games/UE_4.18/FeaturePacks/' was aborted.
[2020.09.30-14.29.19:004][293]LogModuleManager: Shutting down and abandoning module WidgetCarousel (547)
[2020.09.30-14.29.19:004][293]LogModuleManager: Shutting down and abandoning module EditorWidgets (544)
[2020.09.30-14.29.19:004][293]LogModuleManager: Shutting down and abandoning module CollectionManager (542)
[2020.09.30-14.29.19:004][293]LogDirectoryWatcher: A directory notification for 'C:/Users/Sebastian/Desktop/PlanVa Entretenimiento/MuseoVirUnreal/MuseoVirtualUdeM/Content/Collections/' was aborted.
[2020.09.30-14.29.19:004][293]LogDirectoryWatcher: A directory notification for 'C:/Users/Sebastian/Desktop/PlanVa Entretenimiento/MuseoVirUnreal/MuseoVirtualUdeM/Content/Developers/Sebastian/Collections/' was aborted.
[2020.09.30-14.29.19:004][293]LogDirectoryWatcher: A directory notification for 'C:/Users/Sebastian/Desktop/PlanVa Entretenimiento/MuseoVirUnreal/MuseoVirtualUdeM/Saved/Collections/' was aborted.
[2020.09.30-14.29.19:004][293]LogModuleManager: Shutting down and abandoning module StatsViewer (540)
[2020.09.30-14.29.19:005][293]LogModuleManager: Shutting down and abandoning module FoliageEdit (538)
[2020.09.30-14.29.19:005][293]LogModuleManager: Shutting down and abandoning module LandscapeEditor (536)
[2020.09.30-14.29.19:005][293]LogModuleManager: Shutting down and abandoning module MeshPaintMode (534)
[2020.09.30-14.29.19:005][293]LogModuleManager: Shutting down and abandoning module SceneDepthPickerMode (532)
[2020.09.30-14.29.19:005][293]LogModuleManager: Shutting down and abandoning module ActorPickerMode (530)
[2020.09.30-14.29.19:005][293]LogModuleManager: Shutting down and abandoning module GeometryMode (528)
[2020.09.30-14.29.19:005][293]LogModuleManager: Shutting down and abandoning module TextureAlignMode (526)
[2020.09.30-14.29.19:005][293]LogModuleManager: Shutting down and abandoning module BspMode (524)
[2020.09.30-14.29.19:005][293]LogModuleManager: Shutting down and abandoning module PIEPreviewDeviceProfileSelector (522)
[2020.09.30-14.29.19:005][293]LogModuleManager: Shutting down and abandoning module HardwareSurvey (520)
[2020.09.30-14.29.19:005][293]LogModuleManager: Shutting down and abandoning module SequenceRecorderSections (518)
[2020.09.30-14.29.19:005][293]LogModuleManager: Shutting down and abandoning module AutomationWorker (516)
[2020.09.30-14.29.19:005][293]LogModuleManager: Shutting down and abandoning module MatineeToLevelSequence (514)
[2020.09.30-14.29.19:005][293]LogModuleManager: Shutting down and abandoning module LevelSequenceEditor (512)
[2020.09.30-14.29.19:005][293]LogModuleManager: Shutting down and abandoning module PlacementMode (511)
[2020.09.30-14.29.19:005][293]LogModuleManager: Shutting down and abandoning module WmfMediaFactory (508)
[2020.09.30-14.29.19:005][293]LogModuleManager: Shutting down and abandoning module WmfMediaEditor (506)
[2020.09.30-14.29.19:005][293]LogModuleManager: Shutting down and abandoning module OpenExrWrapper (504)
[2020.09.30-14.29.19:005][293]LogModuleManager: Shutting down and abandoning module ImgMediaFactory (502)
[2020.09.30-14.29.19:005][293]LogModuleManager: Shutting down and abandoning module ImgMediaEditor (500)
[2020.09.30-14.29.19:005][293]LogModuleManager: Shutting down and abandoning module AvfMediaFactory (498)
[2020.09.30-14.29.19:005][293]LogModuleManager: Shutting down and abandoning module AvfMediaEditor (496)
[2020.09.30-14.29.19:005][293]LogModuleManager: Shutting down and abandoning module AndroidMediaFactory (494)
[2020.09.30-14.29.19:005][293]LogModuleManager: Shutting down and abandoning module AndroidMediaEditor (492)
[2020.09.30-14.29.19:005][293]LogModuleManager: Shutting down and abandoning module CharacterAI (490)
[2020.09.30-14.29.19:005][293]LogModuleManager: Shutting down and abandoning module AudioCapture (488)
[2020.09.30-14.29.19:005][293]LogModuleManager: Shutting down and abandoning module SequenceRecorder (487)
[2020.09.30-14.29.19:005][293]LogModuleManager: Shutting down and abandoning module SmartSnapping (484)
[2020.09.30-14.29.19:005][293]LogModuleManager: Shutting down and abandoning module SessionServices (482)
[2020.09.30-14.29.19:005][293]LogModuleManager: Shutting down and abandoning module ViewportSnapping (480)
[2020.09.30-14.29.19:005][293]LogModuleManager: Shutting down and abandoning module ViewportInteraction (478)
[2020.09.30-14.29.19:005][293]LogModuleManager: Shutting down and abandoning module ClothPainter (476)
[2020.09.30-14.29.19:005][293]LogModuleManager: Shutting down and abandoning module SkeletalMeshEditor (475)
[2020.09.30-14.29.19:005][293]LogModuleManager: Shutting down and abandoning module LogVisualizer (472)
[2020.09.30-14.29.19:005][293]LogModuleManager: Shutting down and abandoning module IntroTutorials (470)
[2020.09.30-14.29.19:005][293]LogModuleManager: Shutting down and abandoning module GameProjectGeneration (469)
[2020.09.30-14.29.19:005][293]LogModuleManager: Shutting down and abandoning module IOSPlatformEditor (466)
[2020.09.30-14.29.19:005][293]LogModuleManager: Shutting down and abandoning module HTML5PlatformEditor (464)
[2020.09.30-14.29.19:005][293]LogModuleManager: Shutting down and abandoning module AndroidPlatformEditor (462)
[2020.09.30-14.29.19:005][293]LogModuleManager: Shutting down and abandoning module AndroidDeviceDetection (461)
[2020.09.30-14.29.19:283][293]LogModuleManager: Shutting down and abandoning module WindowsPlatformEditor (458)
[2020.09.30-14.29.19:284][293]LogModuleManager: Shutting down and abandoning module IOSRuntimeSettings (456)
[2020.09.30-14.29.19:284][293]LogModuleManager: Shutting down and abandoning module AndroidRuntimeSettings (454)
[2020.09.30-14.29.19:284][293]LogModuleManager: Shutting down and abandoning module InputBindingEditor (452)
[2020.09.30-14.29.19:284][293]LogModuleManager: Shutting down and abandoning module MergeActors (450)
[2020.09.30-14.29.19:284][293]LogModuleManager: Shutting down and abandoning module SizeMap (448)
[2020.09.30-14.29.19:284][293]LogModuleManager: Shutting down and abandoning module TreeMap (446)
[2020.09.30-14.29.19:284][293]LogModuleManager: Shutting down and abandoning module ReferenceViewer (444)
[2020.09.30-14.29.19:284][293]LogModuleManager: Shutting down and abandoning module LocalizationDashboard (442)
[2020.09.30-14.29.19:284][293]LogModuleManager: Shutting down and abandoning module LocalizationService (441)
[2020.09.30-14.29.19:285][293]LogModuleManager: Shutting down and abandoning module HardwareTargeting (438)
[2020.09.30-14.29.19:285][293]LogModuleManager: Shutting down and abandoning module DeviceProfileEditor (436)
[2020.09.30-14.29.19:285][293]LogModuleManager: Shutting down and abandoning module UndoHistory (434)
[2020.09.30-14.29.19:285][293]LogModuleManager: Shutting down and abandoning module XmlParser (432)
[2020.09.30-14.29.19:285][293]LogModuleManager: Shutting down and abandoning module Blutility (430)
[2020.09.30-14.29.19:285][293]LogModuleManager: Shutting down and abandoning module ProjectSettingsViewer (428)
[2020.09.30-14.29.19:285][293]LogModuleManager: Shutting down and abandoning module ProjectTargetPlatformEditor (427)
[2020.09.30-14.29.19:286][293]LogModuleManager: Shutting down and abandoning module EditorSettingsViewer (424)
[2020.09.30-14.29.19:286][293]LogModuleManager: Shutting down and abandoning module SettingsEditor (422)
[2020.09.30-14.29.19:286][293]LogModuleManager: Shutting down and abandoning module ProjectLauncher (420)
[2020.09.30-14.29.19:286][293]LogModuleManager: Shutting down and abandoning module SessionFrontend (418)
[2020.09.30-14.29.19:286][293]LogModuleManager: Shutting down and abandoning module ProfilerClient (416)
[2020.09.30-14.29.19:286][293]LogModuleManager: Shutting down and abandoning module DeviceManager (414)
[2020.09.30-14.29.19:287][293]LogModuleManager: Shutting down and abandoning module TargetDeviceServices (413)
[2020.09.30-14.29.19:341][293]LogModuleManager: Shutting down and abandoning module AutomationController (410)
[2020.09.30-14.29.19:341][293]LogModuleManager: Shutting down and abandoning module AutomationWindow (408)
[2020.09.30-14.29.19:341][293]LogModuleManager: Shutting down and abandoning module Layers (406)
[2020.09.30-14.29.19:341][293]LogModuleManager: Shutting down and abandoning module ComponentVisualizers (404)
[2020.09.30-14.29.19:341][293]LogModuleManager: Shutting down and abandoning module DetailCustomizations (402)
[2020.09.30-14.29.19:341][293]LogModuleManager: Shutting down and abandoning module PackagesDialog (400)
[2020.09.30-14.29.19:341][293]LogModuleManager: Shutting down and abandoning module Persona (398)
[2020.09.30-14.29.19:341][293]LogModuleManager: Shutting down and abandoning module AdvancedPreviewScene (397)
[2020.09.30-14.29.19:341][293]LogModuleManager: Shutting down and abandoning module AnimGraph (395)
[2020.09.30-14.29.19:341][293]LogModuleManager: Shutting down and abandoning module Kismet (392)
[2020.09.30-14.29.19:341][293]LogModuleManager: Shutting down and abandoning module ClassViewer (390)
[2020.09.30-14.29.19:342][293]LogModuleManager: Shutting down and abandoning module Toolbox (388)
[2020.09.30-14.29.19:342][293]LogModuleManager: Shutting down and abandoning module ModuleUI (386)
[2020.09.30-14.29.19:342][293]LogModuleManager: Shutting down and abandoning module MovieSceneTools (384)
[2020.09.30-14.29.19:342][293]LogModuleManager: Shutting down and abandoning module OutputLog (382)
[2020.09.30-14.29.19:342][293]LogModuleManager: Shutting down and abandoning module GammaUI (380)
[2020.09.30-14.29.19:342][293]LogModuleManager: Shutting down and abandoning module Documentation (378)
[2020.09.30-14.29.19:342][293]LogModuleManager: Shutting down and abandoning module MovieSceneTracks (376)
[2020.09.30-14.29.19:342][293]LogModuleManager: Shutting down and abandoning module MovieScene (374)
[2020.09.30-14.29.19:342][293]LogModuleManager: Shutting down and abandoning module StreamingPauseRendering (372)
[2020.09.30-14.29.19:342][293]LogModuleManager: Shutting down and abandoning module LauncherPlatform (370)
[2020.09.30-14.29.19:342][293]LogModuleManager: Shutting down and abandoning module AnalyticsET (368)
[2020.09.30-14.29.19:342][293]LogModuleManager: Shutting down and abandoning module PortalServices (366)
[2020.09.30-14.29.19:342][293]LogModuleManager: Shutting down and abandoning module PortalRpc (364)
[2020.09.30-14.29.19:342][293]LogModuleManager: Shutting down and abandoning module MessagingRpc (362)
[2020.09.30-14.29.19:342][293]LogModuleManager: Shutting down and abandoning module AIModule (360)
[2020.09.30-14.29.19:342][293]LogModuleManager: Shutting down and abandoning module GameplayDebugger (359)
[2020.09.30-14.29.19:342][293]LogModuleManager: Shutting down and abandoning module AITestSuite (357)
[2020.09.30-14.29.19:342][293]LogModuleManager: Shutting down and abandoning module DesktopPlatform (354)
[2020.09.30-14.29.19:342][293]LogModuleManager: Shutting down and abandoning module ProfilerService (352)
[2020.09.30-14.29.19:509][293]LogModuleManager: Shutting down and abandoning module TaskGraph (350)
[2020.09.30-14.29.19:509][293]LogModuleManager: Shutting down and abandoning module SteamVRController (348)
[2020.09.30-14.29.19:509][293]LogModuleManager: Shutting down and abandoning module ProceduralMeshComponentEditor (346)
[2020.09.30-14.29.19:509][293]LogModuleManager: Shutting down and abandoning module ProceduralMeshComponent (344)
[2020.09.30-14.29.19:509][293]LogModuleManager: Shutting down and abandoning module OculusInput (342)
[2020.09.30-14.29.19:509][293]LogModuleManager: Shutting down and abandoning module MobilePatchingUtils (340)
[2020.09.30-14.29.19:509][293]LogModuleManager: Shutting down and abandoning module CustomMeshComponent (338)
[2020.09.30-14.29.19:509][293]LogModuleManager: Shutting down and abandoning module CableComponent (336)
[2020.09.30-14.29.19:509][293]LogModuleManager: Shutting down and abandoning module ArchVisCharacter (334)
[2020.09.30-14.29.19:509][293]LogModuleManager: Shutting down and abandoning module AndroidPermission (332)
[2020.09.30-14.29.19:509][293]LogModuleManager: Shutting down and abandoning module ActorSequence (328)
[2020.09.30-14.29.19:509][293]LogModuleManager: Shutting down and abandoning module MediaPlayerEditor (326)
[2020.09.30-14.29.19:509][293]LogModuleManager: Shutting down and abandoning module MediaCompositingEditor (324)
[2020.09.30-14.29.19:509][293]LogModuleManager: Shutting down and abandoning module MediaCompositing (322)
[2020.09.30-14.29.19:509][293]LogModuleManager: Shutting down and abandoning module HTML5Networking (318)
[2020.09.30-14.29.19:509][293]LogModuleManager: Shutting down and abandoning module AlembicImporter (316)
[2020.09.30-14.29.19:509][293]LogModuleManager: Shutting down and abandoning module AlembicLibrary (315)
[2020.09.30-14.29.19:509][293]LogModuleManager: Shutting down and abandoning module GeometryCache (314)
[2020.09.30-14.29.19:509][293]LogModuleManager: Shutting down and abandoning module GeometryCacheEd (313)
[2020.09.30-14.29.19:509][293]LogModuleManager: Shutting down and abandoning module SpeedTreeImporter (308)
[2020.09.30-14.29.19:510][293]LogModuleManager: Shutting down and abandoning module PluginBrowser (306)
[2020.09.30-14.29.19:510][293]LogModuleManager: Shutting down and abandoning module MobileLauncherProfileWizard (304)
[2020.09.30-14.29.19:510][293]LogModuleManager: Shutting down and abandoning module VisualStudioSourceCodeAccess (302)
[2020.09.30-14.29.19:510][293]LogModuleManager: Shutting down and abandoning module VisualStudioCodeSourceCodeAccess (300)
[2020.09.30-14.29.19:510][293]LogModuleManager: Shutting down and abandoning module UObjectPlugin (298)
[2020.09.30-14.29.19:510][293]LogModuleManager: Shutting down and abandoning module SubversionSourceControl (296)
[2020.09.30-14.29.19:510][293]LogModuleManager: Shutting down and abandoning module PerforceSourceControl (294)
[2020.09.30-14.29.19:510][293]LogModuleManager: Shutting down and abandoning module GitSourceControl (292)
[2020.09.30-14.29.19:510][293]LogModuleManager: Shutting down and abandoning module SourceControl (291)
[2020.09.30-14.29.19:510][293]LogModuleManager: Shutting down and abandoning module LightPropagationVolumeEditor (288)
[2020.09.30-14.29.19:510][293]LogModuleManager: Shutting down and abandoning module PaperTiledImporter (286)
[2020.09.30-14.29.19:510][293]LogModuleManager: Shutting down and abandoning module PaperSpriteSheetImporter (284)
[2020.09.30-14.29.19:510][293]LogModuleManager: Shutting down and abandoning module Paper2DEditor (282)
[2020.09.30-14.29.19:510][293]LogModuleManager: Shutting down and abandoning module MeshPaint (281)
[2020.09.30-14.29.19:510][293]LogModuleManager: Shutting down and abandoning module LevelEditor (279)
[2020.09.30-14.29.19:510][293]LogModuleManager: Shutting down and abandoning module PixelInspectorModule (278)
[2020.09.30-14.29.19:510][293]LogModuleManager: Shutting down and abandoning module MainFrame (276)
[2020.09.30-14.29.19:511][293]LogModuleManager: Shutting down and abandoning module HotReload (275)
[2020.09.30-14.29.19:511][293]LogModuleManager: Shutting down and abandoning module RuntimePhysXCooking (270)
[2020.09.30-14.29.19:511][293]LogModuleManager: Shutting down and abandoning module PhysXVehiclesEditor (268)
[2020.09.30-14.29.19:511][293]LogModuleManager: Shutting down and abandoning module PhysXVehicles (266)
[2020.09.30-14.29.19:511][293]LogModuleManager: Shutting down and abandoning module OculusEditor (264)
[2020.09.30-14.29.19:511][293]LogModuleManager: Shutting down and abandoning module LocationServicesBPLibrary (262)
[2020.09.30-14.29.19:511][293]LogModuleManager: Shutting down and abandoning module ImmediatePhysicsEditor (260)
[2020.09.30-14.29.19:511][293]LogModuleManager: Shutting down and abandoning module ImmediatePhysics (258)
[2020.09.30-14.29.19:511][293]LogModuleManager: Shutting down and abandoning module UdpMessaging (256)
[2020.09.30-14.29.19:612][293]LogModuleManager: Shutting down and abandoning module TcpMessaging (254)
[2020.09.30-14.29.19:712][293]LogModuleManager: Shutting down and abandoning module GameSparks (252)
[2020.09.30-14.29.19:712][293]UGameSparksModuleLog: Starting connection terminate
[2020.09.30-14.29.19:712][293]UGameSparksModuleLog: Connection terminated
[2020.09.30-14.29.19:712][293]LogModuleManager: Shutting down and abandoning module GameplayTagsEditor (250)
[2020.09.30-14.29.19:712][293]LogModuleManager: Shutting down and abandoning module FacialAnimationEditor (248)
[2020.09.30-14.29.19:712][293]LogModuleManager: Shutting down and abandoning module FacialAnimation (246)
[2020.09.30-14.29.19:712][293]LogModuleManager: Shutting down and abandoning module AssetManagerEditor (244)
[2020.09.30-14.29.19:712][293]LogModuleManager: Shutting down and abandoning module GraphEditor (243)
[2020.09.30-14.29.19:712][293]LogModuleManager: Shutting down and abandoning module ContentBrowser (241)
[2020.09.30-14.29.19:713][293]LogModuleManager: Shutting down and abandoning module LightPropagationVolumeRuntime (238)
[2020.09.30-14.29.19:713][293]LogModuleManager: Shutting down and abandoning module Paper2D (236)
[2020.09.30-14.29.19:713][293]LogModuleManager: Shutting down and abandoning module WindowsMoviePlayer (234)
[2020.09.30-14.29.19:714][293]LogModuleManager: Shutting down and abandoning module WmfMedia (232)
[2020.09.30-14.29.19:715][293]LogModuleManager: Shutting down and abandoning module ImgMedia (230)
[2020.09.30-14.29.19:715][293]LogModuleManager: Shutting down and abandoning module PacketHandler (228)
[2020.09.30-14.29.19:715][293]LogModuleManager: Shutting down and abandoning module ClothingSystemEditor (226)
[2020.09.30-14.29.19:715][293]LogModuleManager: Shutting down and abandoning module ClothingSystemRuntime (224)
[2020.09.30-14.29.19:715][293]LogModuleManager: Shutting down and abandoning module MediaAssets (222)
[2020.09.30-14.29.19:715][293]LogModuleManager: Shutting down and abandoning module Media (221)
[2020.09.30-14.29.19:721][293]LogModuleManager: Shutting down and abandoning module Overlay (218)
[2020.09.30-14.29.19:721][293]LogModuleManager: Shutting down and abandoning module OverlayEditor (217)
[2020.09.30-14.29.19:721][293]LogModuleManager: Shutting down and abandoning module VREditor (214)
[2020.09.30-14.29.19:721][293]LogModuleManager: Shutting down and abandoning module StringTableEditor (212)
[2020.09.30-14.29.19:721][293]LogModuleManager: Shutting down and abandoning module GameplayTasksEditor (210)
[2020.09.30-14.29.19:721][293]LogModuleManager: Shutting down and abandoning module BehaviorTreeEditor (208)
[2020.09.30-14.29.19:721][293]LogModuleManager: Shutting down and abandoning module FunctionalTesting (206)
[2020.09.30-14.29.19:721][293]LogModuleManager: Shutting down and abandoning module CollisionAnalyzer (204)
[2020.09.30-14.29.19:721][293]LogModuleManager: Shutting down and abandoning module WorkspaceMenuStructure (203)
[2020.09.30-14.29.19:721][293]LogModuleManager: Shutting down and abandoning module UMG (200)
[2020.09.30-14.29.19:721][293]LogModuleManager: Shutting down and abandoning module UMGEditor (199)
[2020.09.30-14.29.19:721][293]LogModuleManager: Shutting down and abandoning module Sequencer (198)
[2020.09.30-14.29.19:722][293]LogModuleManager: Shutting down and abandoning module MessageLog (195)
[2020.09.30-14.29.19:722][293]LogModuleManager: Shutting down and abandoning module SlateReflector (190)
[2020.09.30-14.29.19:722][293]LogModuleManager: Shutting down and abandoning module Slate (188)
[2020.09.30-14.29.19:722][293]LogModuleManager: Shutting down and abandoning module EditorStyle (186)
[2020.09.30-14.29.19:724][293]LogModuleManager: Shutting down and abandoning module MRMesh (184)
[2020.09.30-14.29.19:724][293]LogModuleManager: Shutting down and abandoning module SourceCodeAccess (182)
[2020.09.30-14.29.19:724][293]LogModuleManager: Shutting down and abandoning module HeadMountedDisplay (180)
[2020.09.30-14.29.19:724][293]LogModuleManager: Shutting down and abandoning module XAudio2 (178)
[2020.09.30-14.29.19:724][293]LogModuleManager: Shutting down and abandoning module Networking (176)
[2020.09.30-14.29.19:724][293]LogModuleManager: Shutting down and abandoning module Core (172)
[2020.09.30-14.29.19:724][293]LogModuleManager: Shutting down and abandoning module LevelSequence (168)
[2020.09.30-14.29.19:724][293]LogModuleManager: Shutting down and abandoning module DirectoryWatcher (166)
[2020.09.30-14.29.19:724][293]LogModuleManager: Shutting down and abandoning module KismetCompiler (164)
[2020.09.30-14.29.19:724][293]LogModuleManager: Shutting down and abandoning module MeshUtilities (162)
[2020.09.30-14.29.19:724][293]LogModuleManager: Shutting down and abandoning module MeshMergeUtilities (161)
[2020.09.30-14.29.19:724][293]LogModuleManager: Shutting down and abandoning module MeshReductionInterface (160)
[2020.09.30-14.29.19:724][293]LogModuleManager: Shutting down and abandoning module SimplygonSwarm (159)
[2020.09.30-14.29.19:724][293]LogModuleManager: Shutting down and abandoning module SimplygonMeshReduction (157)
[2020.09.30-14.29.19:724][293]LogModuleManager: Shutting down and abandoning module QuadricMeshReduction (155)
[2020.09.30-14.29.19:724][293]LogModuleManager: Shutting down and abandoning module MaterialBaking (151)
[2020.09.30-14.29.19:724][293]LogModuleManager: Shutting down and abandoning module DerivedDataCache (148)
[2020.09.30-14.29.19:821][293]LogDerivedDataCache: Shutdown
[2020.09.30-14.29.19:821][293]LogModuleManager: Shutting down and abandoning module TargetPlatform (146)
[2020.09.30-14.29.19:821][293]LogModuleManager: Shutting down and abandoning module VulkanShaderFormat (145)
[2020.09.30-14.29.19:821][293]LogModuleManager: Shutting down and abandoning module ShaderFormatVectorVM (143)
[2020.09.30-14.29.19:821][293]LogModuleManager: Shutting down and abandoning module ShaderFormatOpenGL (141)
[2020.09.30-14.29.19:821][293]LogModuleManager: Shutting down and abandoning module ShaderFormatD3D (139)
[2020.09.30-14.29.19:821][293]LogModuleManager: Shutting down and abandoning module MetalShaderFormat (137)
[2020.09.30-14.29.19:821][293]LogModuleManager: Shutting down and abandoning module TextureFormatUncompressed (135)
[2020.09.30-14.29.19:821][293]LogModuleManager: Shutting down and abandoning module TextureFormatPVR (133)
[2020.09.30-14.29.19:821][293]LogModuleManager: Shutting down and abandoning module TextureFormatDXT (131)
[2020.09.30-14.29.19:821][293]LogModuleManager: Shutting down and abandoning module TextureFormatIntelISPCTexComp (129)
[2020.09.30-14.29.19:822][293]LogModuleManager: Shutting down and abandoning module TextureFormatASTC (127)
[2020.09.30-14.29.19:822][293]LogModuleManager: Shutting down and abandoning module ImageWrapper (126)
[2020.09.30-14.29.19:822][293]LogModuleManager: Shutting down and abandoning module TextureFormatAndroid (123)
[2020.09.30-14.29.19:822][293]LogModuleManager: Shutting down and abandoning module AudioFormatOpus (121)
[2020.09.30-14.29.19:822][293]LogModuleManager: Shutting down and abandoning module AudioFormatOgg (119)
[2020.09.30-14.29.19:822][293]LogModuleManager: Shutting down and abandoning module AudioFormatADPCM (117)
[2020.09.30-14.29.19:822][293]LogModuleManager: Shutting down and abandoning module LinuxTargetPlatform (115)
[2020.09.30-14.29.19:822][293]LogModuleManager: Shutting down and abandoning module LinuxServerTargetPlatform (113)
[2020.09.30-14.29.19:822][293]LogModuleManager: Shutting down and abandoning module LinuxNoEditorTargetPlatform (111)
[2020.09.30-14.29.19:822][293]LogModuleManager: Shutting down and abandoning module LinuxClientTargetPlatform (109)
[2020.09.30-14.29.19:822][293]LogModuleManager: Shutting down and abandoning module TVOSTargetPlatform (107)
[2020.09.30-14.29.19:822][293]LogModuleManager: Shutting down and abandoning module Messaging (105)
[2020.09.30-14.29.19:822][293]LogModuleManager: Shutting down and abandoning module IOSTargetPlatform (103)
[2020.09.30-14.29.19:822][293]LogModuleManager: Shutting down and abandoning module HTML5TargetPlatform (101)
[2020.09.30-14.29.19:822][293]LogModuleManager: Shutting down and abandoning module AndroidTargetPlatform (99)
[2020.09.30-14.29.19:822][293]LogModuleManager: Shutting down and abandoning module Android_PVRTCTargetPlatform (97)
[2020.09.30-14.29.19:822][293]LogModuleManager: Shutting down and abandoning module Android_MultiTargetPlatform (95)
[2020.09.30-14.29.19:822][293]LogModuleManager: Shutting down and abandoning module Android_ETC2TargetPlatform (93)
[2020.09.30-14.29.19:822][293]LogModuleManager: Shutting down and abandoning module Android_ETC1TargetPlatform (91)
[2020.09.30-14.29.19:822][293]LogModuleManager: Shutting down and abandoning module Android_DXTTargetPlatform (89)
[2020.09.30-14.29.19:822][293]LogModuleManager: Shutting down and abandoning module Android_ATCTargetPlatform (87)
[2020.09.30-14.29.19:822][293]LogModuleManager: Shutting down and abandoning module Android_ASTCTargetPlatform (85)
[2020.09.30-14.29.19:822][293]LogModuleManager: Shutting down and abandoning module WindowsTargetPlatform (83)
[2020.09.30-14.29.19:822][293]LogModuleManager: Shutting down and abandoning module WindowsServerTargetPlatform (81)
[2020.09.30-14.29.19:822][293]LogModuleManager: Shutting down and abandoning module WindowsNoEditorTargetPlatform (79)
[2020.09.30-14.29.19:822][293]LogModuleManager: Shutting down and abandoning module WindowsClientTargetPlatform (77)
[2020.09.30-14.29.19:822][293]LogModuleManager: Shutting down and abandoning module MacTargetPlatform (75)
[2020.09.30-14.29.19:822][293]LogModuleManager: Shutting down and abandoning module MacServerTargetPlatform (73)
[2020.09.30-14.29.19:822][293]LogModuleManager: Shutting down and abandoning module MacNoEditorTargetPlatform (71)
[2020.09.30-14.29.19:822][293]LogModuleManager: Shutting down and abandoning module MacClientTargetPlatform (69)
[2020.09.30-14.29.19:822][293]LogModuleManager: Shutting down and abandoning module AllDesktopTargetPlatform (67)
[2020.09.30-14.29.19:822][293]LogModuleManager: Shutting down and abandoning module InputCore (64)
[2020.09.30-14.29.19:822][293]LogModuleManager: Shutting down and abandoning module Settings (62)
[2020.09.30-14.29.19:822][293]LogModuleManager: Shutting down and abandoning module PhysXCooking (60)
[2020.09.30-14.29.19:822][293]LogModuleManager: Shutting down and abandoning module SteamVR (58)
[2020.09.30-14.29.19:822][293]LogModuleManager: Shutting down and abandoning module OculusHMD (56)
[2020.09.30-14.29.19:822][293]LogModuleManager: Shutting down and abandoning module ExampleDeviceProfileSelector (54)
[2020.09.30-14.29.19:822][293]LogModuleManager: Shutting down and abandoning module AppleARKit (52)
[2020.09.30-14.29.19:822][293]LogModuleManager: Shutting down and abandoning module AugmentedReality (51)
[2020.09.30-14.29.19:822][293]LogModuleManager: Shutting down and abandoning module OnlineBlueprintSupport (48)
[2020.09.30-14.29.19:822][293]LogModuleManager: Shutting down and abandoning module OnlineSubsystem (44)
[2020.09.30-14.29.19:830][293]LogModuleManager: Shutting down and abandoning module XMPP (43)
[2020.09.30-14.29.19:830][293]LogModuleManager: Shutting down and abandoning module HTTP (41)
[2020.09.30-14.29.19:830][293]LogHttp: Display: Http module shutting down, but needs to wait on 1 outstanding Http requests:
[2020.09.30-14.29.19:830][293]LogHttp: Display: 	verb=[POST] url=[https://datarouter.ol.epicgames.com/datarouter/api/v1/public/data?SessionID=%7BB6C982A4-4D3F-F490-6DE1-8888A2EA907E%7D&AppID=UEEditor.Rocket.Release&AppVersion=4.18.3-3832480%2B%2B%2BUE4%2BRelease-4.18&UserID=861ca12a42756dbcf3f6918c60501a40%7Cebcb5f2c85894ba5a3a9ac04b9e40510%7C8bbfd533-bc65-493b-a7f3-cbfa877b35c8&AppEnvironment=datacollector-binary&UploadType=eteventstream] status=Processing
[2020.09.30-14.29.19:843][293]LogModuleManager: Shutting down and abandoning module SSL (40)
[2020.09.30-14.29.19:844][293]LogModuleManager: Shutting down and abandoning module AnimationModifiers (36)
[2020.09.30-14.29.19:844][293]LogModuleManager: Shutting down and abandoning module PropertyEditor (35)
[2020.09.30-14.29.19:844][293]LogModuleManager: Shutting down and abandoning module AudioEditor (32)
[2020.09.30-14.29.19:844][293]LogModuleManager: Shutting down and abandoning module TextureCompressor (30)
[2020.09.30-14.29.19:844][293]LogModuleManager: Shutting down and abandoning module ShaderCore (28)
[2020.09.30-14.29.19:844][293]LogModuleManager: Shutting down and abandoning module Landscape (26)
[2020.09.30-14.29.19:844][293]LogModuleManager: Shutting down and abandoning module SlateRHIRenderer (24)
[2020.09.30-14.29.19:844][293]LogModuleManager: Shutting down and abandoning module OpenGLDrv (22)
[2020.09.30-14.29.19:844][293]LogModuleManager: Shutting down and abandoning module D3D11RHI (20)
[2020.09.30-14.29.19:844][293]LogModuleManager: Shutting down and abandoning module AnimGraphRuntime (18)
[2020.09.30-14.29.19:844][293]LogModuleManager: Shutting down and abandoning module Renderer (16)
[2020.09.30-14.29.19:844][293]LogModuleManager: Shutting down and abandoning module Engine (14)
[2020.09.30-14.29.19:844][293]LogModuleManager: Shutting down and abandoning module CoreUObject (12)
[2020.09.30-14.29.19:844][293]LogModuleManager: Shutting down and abandoning module NetworkFile (10)
[2020.09.30-14.29.19:844][293]LogModuleManager: Shutting down and abandoning module CookedIterativeFile (8)
[2020.09.30-14.29.19:844][293]LogModuleManager: Shutting down and abandoning module StreamingFile (6)
[2020.09.30-14.29.19:844][293]LogModuleManager: Shutting down and abandoning module SandboxFile (4)
[2020.09.30-14.29.19:844][293]LogModuleManager: Shutting down and abandoning module PakFile (2)
[2020.09.30-14.29.19:850][293]LogExit: Exiting.
[2020.09.30-14.29.19:859][293]Log file closed, 09/30/20 09:29:19
