Log file open, 10/13/20 18:09:59
LogWindows: Failed to load 'aqProf.dll' (GetLastError=126)
LogWindows: File 'aqProf.dll' does not exist
LogWindows: Failed to load 'VtuneApi.dll' (GetLastError=126)
LogWindows: File 'VtuneApi.dll' does not exist
LogWindows: Failed to load 'VtuneApi32e.dll' (GetLastError=126)
LogWindows: File 'VtuneApi32e.dll' does not exist
LogInit: Display: Running engine for game: MuseoVirtualUdem
LogPlatformFile: Not using cached read wrapper
LogInit: Display: RandInit(527030179) SRandInit(527030180).
LogInit: Read version file with build ID '3709383'
LogInit: Overriding engine version to CL 3832480, compatible CL 3709383
LogInit: Registered custom module enumerator with build ID '3709383'
LogTaskGraph: Started task graph with 5 named threads and 14 total threads with 3 sets of task threads.
LogStats: Stats thread started at 1.217242
LogD3D11RHI: Aftermath initialized
LogModuleManager: Display: Found up-to-date module file ../../../Engine/Plugins/Marketplace/GameSparks/Binaries/Win64/UE4Editor-GameSparks.dll (API version 3709383).
LogModuleManager: Display: Found up-to-date module file ../../../Engine/Plugins/Marketplace/GameSparks/Binaries/Win64/UE4Editor-OnlineSubsystemGameSparks.dll (API version 3709383).
LogModuleManager: Display: Found up-to-date module file ../../../Engine/Plugins/Online/OnlineSubsystem/Binaries/Win64/UE4Editor-OnlineSubsystem.dll (API version 3709383).
LogModuleManager: Display: Found up-to-date module file ../../../Engine/Plugins/Online/OnlineSubsystemUtils/Binaries/Win64/UE4Editor-OnlineSubsystemUtils.dll (API version 3709383).
LogModuleManager: Display: Found up-to-date module file ../../../Engine/Plugins/Online/OnlineSubsystemUtils/Binaries/Win64/UE4Editor-OnlineBlueprintSupport.dll (API version 3709383).
LogModuleManager: Display: Found up-to-date module file ../../../Engine/Plugins/2D/Paper2D/Binaries/Win64/UE4Editor-Paper2D.dll (API version 3709383).
LogModuleManager: Display: Found up-to-date module file ../../../Engine/Plugins/2D/Paper2D/Binaries/Win64/UE4Editor-Paper2DEditor.dll (API version 3709383).
LogModuleManager: Display: Found up-to-date module file ../../../Engine/Plugins/2D/Paper2D/Binaries/Win64/UE4Editor-PaperSpriteSheetImporter.dll (API version 3709383).
LogModuleManager: Display: Found up-to-date module file ../../../Engine/Plugins/2D/Paper2D/Binaries/Win64/UE4Editor-PaperTiledImporter.dll (API version 3709383).
LogModuleManager: Display: Found up-to-date module file ../../../Engine/Plugins/2D/Paper2D/Binaries/Win64/UE4Editor-SmartSnapping.dll (API version 3709383).
LogModuleManager: Display: Found up-to-date module file ../../../Engine/Plugins/Blendables/LightPropagationVolume/Binaries/Win64/UE4Editor-LightPropagationVolumeRuntime.dll (API version 3709383).
LogModuleManager: Display: Found up-to-date module file ../../../Engine/Plugins/Blendables/LightPropagationVolume/Binaries/Win64/UE4Editor-LightPropagationVolumeEditor.dll (API version 3709383).
LogModuleManager: Display: Found up-to-date module file ../../../Engine/Plugins/Developer/GitSourceControl/Binaries/Win64/UE4Editor-GitSourceControl.dll (API version 3709383).
LogModuleManager: Display: Found up-to-date module file ../../../Engine/Plugins/Developer/PerforceSourceControl/Binaries/Win64/UE4Editor-PerforceSourceControl.dll (API version 3709383).
LogModuleManager: Display: Found up-to-date module file ../../../Engine/Plugins/Developer/SubversionSourceControl/Binaries/Win64/UE4Editor-SubversionSourceControl.dll (API version 3709383).
LogModuleManager: Display: Found up-to-date module file ../../../Engine/Plugins/Developer/UObjectPlugin/Binaries/Win64/UE4Editor-UObjectPlugin.dll (API version 3709383).
LogModuleManager: Display: Found up-to-date module file ../../../Engine/Plugins/Developer/VisualStudioCodeSourceCodeAccess/Binaries/Win64/UE4Editor-VisualStudioCodeSourceCodeAccess.dll (API version 3709383).
LogModuleManager: Display: Found up-to-date module file ../../../Engine/Plugins/Developer/VisualStudioSourceCodeAccess/Binaries/Win64/UE4Editor-VisualStudioSourceCodeAccess.dll (API version 3709383).
LogModuleManager: Display: Found up-to-date module file ../../../Engine/Plugins/Editor/AssetManagerEditor/Binaries/Win64/UE4Editor-AssetManagerEditor.dll (API version 3709383).
LogModuleManager: Display: Found up-to-date module file ../../../Engine/Plugins/Editor/AudioCapture/Binaries/Win64/UE4Editor-AudioCapture.dll (API version 3709383).
LogModuleManager: Display: Found up-to-date module file ../../../Engine/Plugins/Editor/FacialAnimation/Binaries/Win64/UE4Editor-FacialAnimation.dll (API version 3709383).
LogModuleManager: Display: Found up-to-date module file ../../../Engine/Plugins/Editor/FacialAnimation/Binaries/Win64/UE4Editor-FacialAnimationEditor.dll (API version 3709383).
LogModuleManager: Display: Found up-to-date module file ../../../Engine/Plugins/Editor/GameplayTagsEditor/Binaries/Win64/UE4Editor-GameplayTagsEditor.dll (API version 3709383).
LogModuleManager: Display: Found up-to-date module file ../../../Engine/Plugins/Editor/MobileLauncherProfileWizard/Binaries/Win64/UE4Editor-MobileLauncherProfileWizard.dll (API version 3709383).
LogModuleManager: Display: Found up-to-date module file ../../../Engine/Plugins/Editor/PluginBrowser/Binaries/Win64/UE4Editor-PluginBrowser.dll (API version 3709383).
LogModuleManager: Display: Found up-to-date module file ../../../Engine/Plugins/Editor/SpeedTreeImporter/Binaries/Win64/UE4Editor-SpeedTreeImporter.dll (API version 3709383).
LogModuleManager: Display: Found up-to-date module file ../../../Engine/Plugins/Experimental/AlembicImporter/Binaries/Win64/UE4Editor-AlembicImporter.dll (API version 3709383).
LogModuleManager: Display: Found up-to-date module file ../../../Engine/Plugins/Experimental/AlembicImporter/Binaries/Win64/UE4Editor-AlembicLibrary.dll (API version 3709383).
LogModuleManager: Display: Found up-to-date module file ../../../Engine/Plugins/Experimental/CharacterAI/Binaries/Win64/UE4Editor-CharacterAI.dll (API version 3709383).
LogModuleManager: Display: Found up-to-date module file ../../../Engine/Plugins/Experimental/HTML5Networking/Binaries/Win64/UE4Editor-HTML5Networking.dll (API version 3709383).
LogModuleManager: Display: Found up-to-date module file ../../../Engine/Plugins/Media/AndroidMedia/Binaries/Win64/UE4Editor-AndroidMediaEditor.dll (API version 3709383).
LogModuleManager: Display: Found up-to-date module file ../../../Engine/Plugins/Media/AndroidMedia/Binaries/Win64/UE4Editor-AndroidMediaFactory.dll (API version 3709383).
LogModuleManager: Display: Found up-to-date module file ../../../Engine/Plugins/Media/AvfMedia/Binaries/Win64/UE4Editor-AvfMediaEditor.dll (API version 3709383).
LogModuleManager: Display: Found up-to-date module file ../../../Engine/Plugins/Media/AvfMedia/Binaries/Win64/UE4Editor-AvfMediaFactory.dll (API version 3709383).
LogModuleManager: Display: Found up-to-date module file ../../../Engine/Plugins/Media/AvfMedia/Binaries/Win64/UE4Editor-AvfMediaFactory.dll (API version 3709383).
LogModuleManager: Display: Found up-to-date module file ../../../Engine/Plugins/Media/ImgMedia/Binaries/Win64/UE4Editor-ImgMedia.dll (API version 3709383).
LogModuleManager: Display: Found up-to-date module file ../../../Engine/Plugins/Media/ImgMedia/Binaries/Win64/UE4Editor-ImgMediaEditor.dll (API version 3709383).
LogModuleManager: Display: Found up-to-date module file ../../../Engine/Plugins/Media/ImgMedia/Binaries/Win64/UE4Editor-ImgMediaFactory.dll (API version 3709383).
LogModuleManager: Display: Found up-to-date module file ../../../Engine/Plugins/Media/ImgMedia/Binaries/Win64/UE4Editor-ImgMediaFactory.dll (API version 3709383).
LogModuleManager: Display: Found up-to-date module file ../../../Engine/Plugins/Media/ImgMedia/Binaries/Win64/UE4Editor-OpenExrWrapper.dll (API version 3709383).
LogModuleManager: Display: Found up-to-date module file ../../../Engine/Plugins/Media/MediaCompositing/Binaries/Win64/UE4Editor-MediaCompositing.dll (API version 3709383).
LogModuleManager: Display: Found up-to-date module file ../../../Engine/Plugins/Media/MediaCompositing/Binaries/Win64/UE4Editor-MediaCompositingEditor.dll (API version 3709383).
LogModuleManager: Display: Found up-to-date module file ../../../Engine/Plugins/Media/MediaPlayerEditor/Binaries/Win64/UE4Editor-MediaPlayerEditor.dll (API version 3709383).
LogModuleManager: Display: Found up-to-date module file ../../../Engine/Plugins/Media/WmfMedia/Binaries/Win64/UE4Editor-WmfMedia.dll (API version 3709383).
LogModuleManager: Display: Found up-to-date module file ../../../Engine/Plugins/Media/WmfMedia/Binaries/Win64/UE4Editor-WmfMediaEditor.dll (API version 3709383).
LogModuleManager: Display: Found up-to-date module file ../../../Engine/Plugins/Media/WmfMedia/Binaries/Win64/UE4Editor-WmfMediaFactory.dll (API version 3709383).
LogModuleManager: Display: Found up-to-date module file ../../../Engine/Plugins/Media/WmfMedia/Binaries/Win64/UE4Editor-WmfMediaFactory.dll (API version 3709383).
LogModuleManager: Display: Found up-to-date module file ../../../Engine/Plugins/Messaging/TcpMessaging/Binaries/Win64/UE4Editor-TcpMessaging.dll (API version 3709383).
LogModuleManager: Display: Found up-to-date module file ../../../Engine/Plugins/Messaging/UdpMessaging/Binaries/Win64/UE4Editor-UdpMessaging.dll (API version 3709383).
LogModuleManager: Display: Found up-to-date module file ../../../Engine/Plugins/MovieScene/ActorSequence/Binaries/Win64/UE4Editor-ActorSequence.dll (API version 3709383).
LogModuleManager: Display: Found up-to-date module file ../../../Engine/Plugins/MovieScene/LevelSequenceEditor/Binaries/Win64/UE4Editor-LevelSequenceEditor.dll (API version 3709383).
LogModuleManager: Display: Found up-to-date module file ../../../Engine/Plugins/MovieScene/MatineeToLevelSequence/Binaries/Win64/UE4Editor-MatineeToLevelSequence.dll (API version 3709383).
LogModuleManager: Display: Found up-to-date module file ../../../Engine/Plugins/Runtime/AndroidPermission/Binaries/Win64/UE4Editor-AndroidPermission.dll (API version 3709383).
LogModuleManager: Display: Found up-to-date module file ../../../Engine/Plugins/Online/OnlineSubsystemNull/Binaries/Win64/UE4Editor-OnlineSubsystemNull.dll (API version 3709383).
LogModuleManager: Display: Found up-to-date module file ../../../Engine/Plugins/Runtime/AndroidDeviceProfileSelector/Binaries/Win64/UE4Editor-AndroidDeviceProfileSelector.dll (API version 3709383).
LogModuleManager: Display: Found up-to-date module file ../../../Engine/Plugins/Runtime/AppleARKit/Binaries/Win64/UE4Editor-AppleARKit.dll (API version 3709383).
LogModuleManager: Display: Found up-to-date module file ../../../Engine/Plugins/Runtime/ArchVisCharacter/Binaries/Win64/UE4Editor-ArchVisCharacter.dll (API version 3709383).
LogModuleManager: Display: Found up-to-date module file ../../../Engine/Plugins/Runtime/CableComponent/Binaries/Win64/UE4Editor-CableComponent.dll (API version 3709383).
LogModuleManager: Display: Found up-to-date module file ../../../Engine/Plugins/Runtime/CustomMeshComponent/Binaries/Win64/UE4Editor-CustomMeshComponent.dll (API version 3709383).
LogModuleManager: Display: Found up-to-date module file ../../../Engine/Plugins/Runtime/ExampleDeviceProfileSelector/Binaries/Win64/UE4Editor-ExampleDeviceProfileSelector.dll (API version 3709383).
LogModuleManager: Display: Found up-to-date module file ../../../Engine/Plugins/Runtime/ImmediatePhysics/Binaries/Win64/UE4Editor-ImmediatePhysics.dll (API version 3709383).
LogModuleManager: Display: Found up-to-date module file ../../../Engine/Plugins/Runtime/ImmediatePhysics/Binaries/Win64/UE4Editor-ImmediatePhysicsEditor.dll (API version 3709383).
LogModuleManager: Display: Found up-to-date module file ../../../Engine/Plugins/Runtime/LocationServicesBPLibrary/Binaries/Win64/UE4Editor-LocationServicesBPLibrary.dll (API version 3709383).
LogModuleManager: Display: Found up-to-date module file ../../../Engine/Plugins/Runtime/MobilePatchingUtils/Binaries/Win64/UE4Editor-MobilePatchingUtils.dll (API version 3709383).
LogModuleManager: Display: Found up-to-date module file ../../../Engine/Plugins/Runtime/Oculus/OculusVR/Binaries/Win64/UE4Editor-OculusHMD.dll (API version 3709383).
LogModuleManager: Display: Found up-to-date module file ../../../Engine/Plugins/Runtime/Oculus/OculusVR/Binaries/Win64/UE4Editor-OculusInput.dll (API version 3709383).
LogModuleManager: Display: Found up-to-date module file ../../../Engine/Plugins/Runtime/Oculus/OculusVR/Binaries/Win64/UE4Editor-OculusEditor.dll (API version 3709383).
LogModuleManager: Display: Found up-to-date module file ../../../Engine/Plugins/Runtime/PhysXVehicles/Binaries/Win64/UE4Editor-PhysXVehicles.dll (API version 3709383).
LogModuleManager: Display: Found up-to-date module file ../../../Engine/Plugins/Runtime/PhysXVehicles/Binaries/Win64/UE4Editor-PhysXVehiclesEditor.dll (API version 3709383).
LogModuleManager: Display: Found up-to-date module file ../../../Engine/Plugins/Runtime/ProceduralMeshComponent/Binaries/Win64/UE4Editor-ProceduralMeshComponent.dll (API version 3709383).
LogModuleManager: Display: Found up-to-date module file ../../../Engine/Plugins/Runtime/ProceduralMeshComponent/Binaries/Win64/UE4Editor-ProceduralMeshComponentEditor.dll (API version 3709383).
LogModuleManager: Display: Found up-to-date module file ../../../Engine/Plugins/Runtime/RuntimePhysXCooking/Binaries/Win64/UE4Editor-RuntimePhysXCooking.dll (API version 3709383).
LogModuleManager: Display: Found up-to-date module file ../../../Engine/Plugins/Runtime/Steam/SteamVR/Binaries/Win64/UE4Editor-SteamVR.dll (API version 3709383).
LogModuleManager: Display: Found up-to-date module file ../../../Engine/Plugins/Runtime/Steam/SteamVR/Binaries/Win64/UE4Editor-SteamVRController.dll (API version 3709383).
LogModuleManager: Display: Found up-to-date module file ../../../Engine/Plugins/Runtime/WindowsMoviePlayer/Binaries/Win64/UE4Editor-WindowsMoviePlayer.dll (API version 3709383).
LogPluginManager: Mounting plugin Paper2D
LogPluginManager: Mounting plugin LightPropagationVolume
LogPluginManager: Mounting plugin CodeLiteSourceCodeAccess
LogPluginManager: Mounting plugin GitSourceControl
LogPluginManager: Mounting plugin KDevelopSourceCodeAccess
LogPluginManager: Mounting plugin NullSourceCodeAccess
LogPluginManager: Mounting plugin PerforceSourceControl
LogPluginManager: Mounting plugin SubversionSourceControl
LogPluginManager: Mounting plugin UObjectPlugin
LogPluginManager: Mounting plugin VisualStudioCodeSourceCodeAccess
LogPluginManager: Mounting plugin VisualStudioSourceCodeAccess
LogPluginManager: Mounting plugin XCodeSourceCodeAccess
LogPluginManager: Mounting plugin AssetManagerEditor
LogPluginManager: Mounting plugin AudioCapture
LogPluginManager: Mounting plugin FacialAnimation
LogPluginManager: Mounting plugin GameplayTagsEditor
LogPluginManager: Mounting plugin MobileLauncherProfileWizard
LogPluginManager: Mounting plugin PluginBrowser
LogPluginManager: Mounting plugin SpeedTreeImporter
LogPluginManager: Mounting plugin AlembicImporter
LogPluginManager: Mounting plugin CharacterAI
LogPluginManager: Mounting plugin HTML5Networking
LogPluginManager: Mounting plugin GameSparks
LogPluginManager: Mounting plugin AndroidMedia
LogPluginManager: Mounting plugin AvfMedia
LogPluginManager: Mounting plugin ImgMedia
LogPluginManager: Mounting plugin MediaCompositing
LogPluginManager: Mounting plugin MediaPlayerEditor
LogPluginManager: Mounting plugin WmfMedia
LogPluginManager: Mounting plugin TcpMessaging
LogPluginManager: Mounting plugin UdpMessaging
LogPluginManager: Mounting plugin ActorSequence
LogPluginManager: Mounting plugin LevelSequenceEditor
LogPluginManager: Mounting plugin MatineeToLevelSequence
LogPluginManager: Mounting plugin OnlineSubsystemGooglePlay
LogPluginManager: Mounting plugin OnlineSubsystemIOS
LogPluginManager: Mounting plugin OnlineSubsystem
LogPluginManager: Mounting plugin OnlineSubsystemNull
LogPluginManager: Mounting plugin OnlineSubsystemUtils
LogPluginManager: Mounting plugin AndroidDeviceProfileSelector
LogPluginManager: Mounting plugin AndroidMoviePlayer
LogPluginManager: Mounting plugin AndroidPermission
LogPluginManager: Mounting plugin AppleARKit
LogPluginManager: Mounting plugin AppleMoviePlayer
LogPluginManager: Mounting plugin ArchVisCharacter
LogPluginManager: Mounting plugin CableComponent
LogPluginManager: Mounting plugin CustomMeshComponent
LogPluginManager: Mounting plugin ExampleDeviceProfileSelector
LogPluginManager: Mounting plugin GoogleCloudMessaging
LogPluginManager: Mounting plugin ImmediatePhysics
LogPluginManager: Mounting plugin IOSDeviceProfileSelector
LogPluginManager: Mounting plugin LinuxDeviceProfileSelector
LogPluginManager: Mounting plugin LocationServicesBPLibrary
LogPluginManager: Mounting plugin MobilePatchingUtils
LogPluginManager: Mounting plugin OculusVR
LogPluginManager: Plugin shader directory ../../../Engine/Plugins/Runtime/Oculus/OculusVR/Shaders found
LogPluginManager: Mapping shader source directory ../../../Engine/Plugins/Runtime/Oculus/OculusVR/Shaders to virtual directory /Plugin/OculusVR
LogPluginManager: Mounting plugin PhysXVehicles
LogPluginManager: Mounting plugin ProceduralMeshComponent
LogPluginManager: Mounting plugin RuntimePhysXCooking
LogPluginManager: Mounting plugin SteamVR
LogPluginManager: Mounting plugin WindowsMoviePlayer
LogInit: Using libcurl 7.47.1
LogInit:  - built for x86_64-pc-win32
LogInit:  - supports SSL with OpenSSL/1.0.2g
LogInit:  - supports HTTP deflate (compression) using libz 1.2.8
LogInit:  - other features:
LogInit:      CURL_VERSION_SSL
LogInit:      CURL_VERSION_LIBZ
LogInit:      CURL_VERSION_IPV6
LogInit:      CURL_VERSION_ASYNCHDNS
LogInit:      CURL_VERSION_LARGEFILE
LogInit:      CURL_VERSION_IDN
LogInit:  CurlRequestOptions (configurable via config and command line):
LogInit:  - bVerifyPeer = false  - Libcurl will NOT verify peer certificate
LogInit:  - bUseHttpProxy = false  - Libcurl will NOT use HTTP proxy
LogInit:  - bDontReuseConnections = false  - Libcurl will reuse connections
LogInit:  - CertBundlePath = nullptr  - Libcurl will use whatever was configured at build time.
LogInit: Build: ++UE4+Release-4.18-CL-3832480
LogInit: Engine Version: 4.18.3-3832480+++UE4+Release-4.18
LogInit: Compatible Engine Version: 4.18.0-3709383+++UE4+Release-4.18
LogInit: Net CL: 3709383
LogDevObjectVersion: Number of dev versions registered: 16
LogDevObjectVersion:   Dev-Blueprints (B0D832E4-1F89-4F0D-ACCF-7EB736FD4AA2): 10
LogDevObjectVersion:   Dev-Build (E1C64328-A22C-4D53-A36C-8E866417BD8C): 0
LogDevObjectVersion:   Dev-Core (375EC13C-06E4-48FB-B500-84F0262A717E): 2
LogDevObjectVersion:   Dev-Editor (E4B068ED-F494-42E9-A231-DA0B2E46BB41): 20
LogDevObjectVersion:   Dev-Framework (CFFC743F-43B0-4480-9391-14DF171D2073): 30
LogDevObjectVersion:   Dev-Mobile (B02B49B5-BB20-44E9-A304-32B752E40360): 0
LogDevObjectVersion:   Dev-Networking (A4E4105C-59A1-49B5-A7C5-40C4547EDFEE): 0
LogDevObjectVersion:   Dev-Online (39C831C9-5AE6-47DC-9A44-9C173E1C8E7C): 0
LogDevObjectVersion:   Dev-Physics (78F01B33-EBEA-4F98-B9B4-84EACCB95AA2): 0
LogDevObjectVersion:   Dev-Platform (6631380F-2D4D-43E0-8009-CF276956A95A): 0
LogDevObjectVersion:   Dev-Rendering (12F88B9F-8875-4AFC-A67C-D90C383ABD29): 20
LogDevObjectVersion:   Dev-Sequencer (7B5AE74C-D270-4C10-A958-57980B212A5A): 4
LogDevObjectVersion:   Dev-VR (D7296918-1DD6-4BDD-9DE2-64A83CC13884): 0
LogDevObjectVersion:   Dev-LoadTimes (C2A15278-BFE7-4AFE-6C17-90FF531DF755): 1
LogDevObjectVersion:   Private-Geometry (6EACA3D4-40EC-4CC1-B786-8BED09428FC5): 1
LogDevObjectVersion:   Dev-AnimPhys (29E575DD-E0A3-4627-9D10-D276232CDCEA): 12
LogInit: Compiled (64-bit): Jan 12 2018 02:04:55
LogInit: Compiled with Visual C++: 19.00.24215.01
LogInit: Build Configuration: Development
LogInit: Branch Name: ++UE4+Release-4.18
LogInit: Command line: 
LogInit: Base directory: C:/Program Files/Epic Games/UE_4.18/Engine/Binaries/Win64/
LogInit: Installed Engine Build: 1
LogInit: Presizing for max 8388607 objects, including 0 objects not considered by GC, pre-allocating 0 bytes for permanent pool.
LogInit: Object subsystem initialized
[2020.10.13-23.10.13:119][  0]LogInit: Selected Device Profile: [Windows]
[2020.10.13-23.10.13:120][  0]LogInit: Applying CVar settings loaded from the selected device profile: [Windows]
[2020.10.13-23.10.13:160][  0]LogInit: Computer: DESKTOP-IJ1U86O
[2020.10.13-23.10.13:160][  0]LogInit: User: DANIELFS
[2020.10.13-23.10.13:160][  0]LogInit: CPU Page size=4096, Cores=4
[2020.10.13-23.10.13:160][  0]LogInit: High frequency timer resolution =10.000000 MHz
[2020.10.13-23.10.13:165][  0]LogMemory: Memory total: Physical=6.9GB (7GB approx)
[2020.10.13-23.10.13:165][  0]LogMemory: Platform Memory Stats for Windows
[2020.10.13-23.10.13:165][  0]LogMemory: Process Physical Memory: 273.65 MB used, 273.65 MB peak
[2020.10.13-23.10.13:165][  0]LogMemory: Process Virtual Memory: 270.57 MB used, 270.57 MB peak
[2020.10.13-23.10.13:165][  0]LogMemory: Physical Memory: 4355.57 MB used,  2742.96 MB free, 7098.54 MB total
[2020.10.13-23.10.13:165][  0]LogMemory: Virtual Memory: 4749.64 MB used,  2742.96 MB free, 134217728.00 MB total
[2020.10.13-23.10.14:854][  0]LogInit: Overriding language with editor language configuration option (en).
[2020.10.13-23.10.14:854][  0]LogInit: Overriding locale with editor locale configuration option (en).
[2020.10.13-23.10.16:875][  0]LogInit: Setting process to per monitor DPI aware
[2020.10.13-23.10.19:241][  0]LogD3D11RHI: D3D11 adapters:
[2020.10.13-23.10.19:359][  0]LogD3D11RHI:    0. 'AMD Radeon(TM) R7 Graphics' (Feature Level 11_0)
[2020.10.13-23.10.19:359][  0]LogD3D11RHI:       1004/0/3549 MB DedicatedVideo/DedicatedSystem/SharedSystem, Outputs:1, VendorId:0x1002
[2020.10.13-23.10.19:368][  0]LogD3D11RHI:    1. 'Microsoft Basic Render Driver' (Feature Level 11_0)
[2020.10.13-23.10.19:369][  0]LogD3D11RHI:       0/0/3549 MB DedicatedVideo/DedicatedSystem/SharedSystem, Outputs:0, VendorId:0x1414
[2020.10.13-23.10.19:369][  0]LogD3D11RHI: Chosen D3D11 Adapter: 0
[2020.10.13-23.10.19:392][  0]LogD3D11RHI: Creating new Direct3DDevice
[2020.10.13-23.10.19:392][  0]LogD3D11RHI:     GPU DeviceId: 0x1309 (for the marketing name, search the web for "GPU Device Id")
[2020.10.13-23.10.19:393][  0]LogWindows: EnumDisplayDevices:
[2020.10.13-23.10.19:394][  0]LogWindows:    0. 'AMD Radeon(TM) R7 Graphics' (P:1 D:1)
[2020.10.13-23.10.19:395][  0]LogWindows:    1. 'AMD Radeon(TM) R7 Graphics' (P:0 D:0)
[2020.10.13-23.10.19:396][  0]LogWindows:    2. 'AMD Radeon(TM) R7 Graphics' (P:0 D:0)
[2020.10.13-23.10.19:397][  0]LogWindows:    3. 'AMD Radeon(TM) R7 Graphics' (P:0 D:0)
[2020.10.13-23.10.19:398][  0]LogWindows:    4. 'AMD Radeon(TM) R7 Graphics' (P:0 D:0)
[2020.10.13-23.10.19:399][  0]LogWindows:    5. 'AMD Radeon(TM) R7 Graphics' (P:0 D:0)
[2020.10.13-23.10.19:400][  0]LogWindows: DebugString: GetVideoDriverDetailsInvalid PrimaryIsNotTheChoosenAdapter GetVideoDriverDetailsInvalid PrimaryIsNotTheChoosenAdapter GetVideoDriverDetailsInvalid PrimaryIsNotTheChoosenAdapter GetVideoDriverDetailsInvalid PrimaryIsNotTheChoosenAdapter GetVideoDriverDetailsInvalid PrimaryIsNotTheChoosenAdapter GetVideoDriverDetailsInvalid PrimaryIsNotTheChoosenAdapter FoundDriverCount:0 
[2020.10.13-23.10.19:400][  0]LogD3D11RHI:     Adapter Name: AMD Radeon(TM) R7 Graphics
[2020.10.13-23.10.19:400][  0]LogD3D11RHI:   Driver Version: Unknown (internal:Unknown, unified:Unknown)
[2020.10.13-23.10.19:400][  0]LogD3D11RHI:      Driver Date: Unknown
[2020.10.13-23.10.19:400][  0]LogRHI: Texture pool is 703 MB (70% of 1004 MB)
[2020.10.13-23.10.19:584][  0]LogD3D11RHI: Async texture creation enabled
[2020.10.13-23.10.19:635][  0]LogD3D11RHI: GPU Timing Frequency: 27.000000 (Debug: 2 2)
[2020.10.13-23.10.19:641][  0]LogShaderCompilers: Guid format shader working directory is -18 characters bigger than the processId version (../../../../../../Users/DANIEL_FS/Documents/GitHub/MuseoVirtualUdeM/Intermediate/Shaders/WorkingDirectory/14232/).
[2020.10.13-23.10.19:642][  0]LogShaderCompilers: Cleaned the shader compiler working directory 'C:/Users/DANIEL_FS/AppData/Local/Temp/UnrealShaderWorkingDir/8B15DC6B4B136583BBB75C8EC71FF687/'.
[2020.10.13-23.10.19:643][  0]LogShaderCompilers: Display: Using Local Shader Compiler.
[2020.10.13-23.10.27:729][  0]LogTemp: Display: Loaded TP AllDesktopTargetPlatform
[2020.10.13-23.10.28:486][  0]LogTemp: Display: Loaded TP MacClientTargetPlatform
[2020.10.13-23.10.29:021][  0]LogTemp: Display: Loaded TP MacNoEditorTargetPlatform
[2020.10.13-23.10.29:709][  0]LogTemp: Display: Loaded TP MacServerTargetPlatform
[2020.10.13-23.10.30:254][  0]LogTemp: Display: Loaded TP MacTargetPlatform
[2020.10.13-23.10.30:724][  0]LogTemp: Display: Loaded TP WindowsClientTargetPlatform
[2020.10.13-23.10.31:309][  0]LogTemp: Display: Loaded TP WindowsNoEditorTargetPlatform
[2020.10.13-23.10.32:147][  0]LogTemp: Display: Loaded TP WindowsServerTargetPlatform
[2020.10.13-23.10.33:025][  0]LogTemp: Display: Loaded TP WindowsTargetPlatform
[2020.10.13-23.10.33:586][  0]LogTemp: Display: Loaded TP Android_ASTCTargetPlatform
[2020.10.13-23.10.34:523][  0]LogTemp: Display: Loaded TP Android_ATCTargetPlatform
[2020.10.13-23.10.35:510][  0]LogTemp: Display: Loaded TP Android_DXTTargetPlatform
[2020.10.13-23.10.36:226][  0]LogTemp: Display: Loaded TP Android_ETC1TargetPlatform
[2020.10.13-23.10.37:066][  0]LogTemp: Display: Loaded TP Android_ETC2TargetPlatform
[2020.10.13-23.10.38:154][  0]LogTemp: Display: Loaded TP Android_MultiTargetPlatform
[2020.10.13-23.10.38:154][  0]LogTemp: Display: Loaded TP Android_PVRTCTargetPlatform
[2020.10.13-23.10.38:848][  0]LogTemp: Display: Loaded TP AndroidTargetPlatform
[2020.10.13-23.10.39:504][  0]LogTemp: Display: Loaded TP HTML5TargetPlatform
[2020.10.13-23.10.40:228][  0]LogTemp: Display: Loaded TP IOSTargetPlatform
[2020.10.13-23.10.40:462][  0]LogTemp: Display: Loaded TP TVOSTargetPlatform
[2020.10.13-23.10.41:115][  0]LogTemp: Display: Loaded TP LinuxClientTargetPlatform
[2020.10.13-23.10.41:618][  0]LogTemp: Display: Loaded TP LinuxNoEditorTargetPlatform
[2020.10.13-23.10.42:266][  0]LogTemp: Display: Loaded TP LinuxServerTargetPlatform
[2020.10.13-23.10.43:007][  0]LogTemp: Display: Loaded TP LinuxTargetPlatform
[2020.10.13-23.10.43:010][  0]LogTargetPlatformManager: Display: Building Assets For Windows
[2020.10.13-23.10.51:700][  0]LogDerivedDataCache: Display: Max Cache Size: 512 MB
[2020.10.13-23.10.52:337][  0]LogDerivedDataCache: Loaded boot cache 0.64s 78MB C:/Users/DANIEL_FS/AppData/Local/UnrealEngine/4.18/DerivedDataCache/Boot.ddc.
[2020.10.13-23.10.52:338][  0]LogDerivedDataCache: Display: Loaded Boot cache: C:/Users/DANIEL_FS/AppData/Local/UnrealEngine/4.18/DerivedDataCache/Boot.ddc
[2020.10.13-23.10.52:338][  0]LogDerivedDataCache: FDerivedDataBackendGraph:  Pak pak cache file ../../../../../../Users/DANIEL_FS/Documents/GitHub/MuseoVirtualUdeM/DerivedDataCache/DDC.ddp not found, will not use a pak cache.
[2020.10.13-23.10.52:338][  0]LogDerivedDataCache: Unable to find inner node Pak for hierarchical cache Hierarchy.
[2020.10.13-23.10.52:338][  0]LogDerivedDataCache: FDerivedDataBackendGraph:  CompressedPak pak cache file ../../../../../../Users/DANIEL_FS/Documents/GitHub/MuseoVirtualUdeM/DerivedDataCache/Compressed.ddp not found, will not use a pak cache.
[2020.10.13-23.10.52:338][  0]LogDerivedDataCache: Unable to find inner node CompressedPak for hierarchical cache Hierarchy.
[2020.10.13-23.10.52:400][  0]LogDerivedDataCache: Display: Pak cache opened for reading ../../../Engine/DerivedDataCache/Compressed.ddp.
[2020.10.13-23.10.52:416][  0]LogDerivedDataCache: Using Local data cache path C:/Users/DANIEL_FS/AppData/Local/UnrealEngine/Common/DerivedDataCache: Writable
[2020.10.13-23.10.52:461][  0]LogMaterial: Verifying Global Shaders for PCD3D_SM5
[2020.10.13-23.10.52:463][  0]LogSlate: Using Freetype 2.6.0
[2020.10.13-23.10.52:465][  0]LogSlate: SlateFontCache - WITH_FREETYPE: 1, WITH_HARFBUZZ: 1
[2020.10.13-23.10.52:465][  0]LogSlate: SlateFontCache - WITH_FREETYPE: 1, WITH_HARFBUZZ: 1
[2020.10.13-23.10.56:566][  0]LogInit: Selected Device Profile: [Windows]
[2020.10.13-23.11.00:501][  0]LogSimplygon: Simplygon DLL not present - disabling.
[2020.10.13-23.11.01:181][  0]LogMeshReduction: Using SimplygonSwarm for distributed automatic mesh merging
[2020.10.13-23.11.01:182][  0]LogMeshReduction: Using QuadricMeshReduction for automatic static mesh reduction
[2020.10.13-23.11.01:182][  0]LogMeshReduction: No automatic skeletal mesh reduction module available
[2020.10.13-23.11.01:182][  0]LogMeshReduction: No automatic mesh merging module available
[2020.10.13-23.11.01:182][  0]LogMeshMerging: No automatic mesh merging module available
[2020.10.13-23.11.01:479][  0]LogNetVersion: MuseoVirtualUdem , NetCL: 3709383, EngineNetVer: 2, GameNetVer: 0 (Checksum: 2631075334)
[2020.10.13-23.11.03:087][  0]LogAssetRegistry: FAssetRegistry took 0.0628 seconds to start up
[2020.10.13-23.11.07:695][  0]LogPackageLocalizationCache: Processed 8 localized package path(s) for 1 prioritized culture(s) in 0.204156 seconds
[2020.10.13-23.11.07:775][  0]LogUObjectArray: 35870 objects as part of root set at end of initial load.
[2020.10.13-23.11.07:777][  0]LogUObjectAllocator: 7363704 out of 0 bytes used by permanent object pool.
[2020.10.13-23.11.07:778][  0]LogUObjectArray: CloseDisregardForGC: 0/0 objects in disregard for GC pool
[2020.10.13-23.11.08:978][  0]LogInit: WinSock: version 1.1 (2.2), MaxSocks=32767, MaxUdp=65467
[2020.10.13-23.11.33:407][  0]UGameSparksModuleLog: Warning: GameSparks::StartupModule
[2020.10.13-23.11.33:663][  0]LogTcpMessaging: Initializing TcpMessaging bridge
[2020.10.13-23.11.33:955][  0]LogUdpMessaging: Initializing bridge on interface 0.0.0.0:0 to multicast group 230.0.0.1:6666.
[2020.10.13-23.11.39:335][  0]LogMaterial: Uniform references updated for custom material expression Custom.
[2020.10.13-23.11.42:770][  0]SourceControl: Source control is disabled
[2020.10.13-23.11.42:771][  0]SourceControl: Source control is disabled
[2020.10.13-23.11.43:556][  0]SourceControl: Source control is disabled
[2020.10.13-23.11.44:085][  0]SourceControl: Source control is disabled
[2020.10.13-23.11.51:534][  0]LogAndroidPermission: UAndroidPermissionCallbackProxy::GetInstance
[2020.10.13-23.11.54:044][  0]LogOcInput: OculusInput pre-init called
[2020.10.13-23.11.56:661][  0]LogEngine: Initializing Engine...
[2020.10.13-23.11.56:670][  0]LogHMD: Failed to initialize OpenVR with code 110
[2020.10.13-23.11.57:667][  0]LogStats: UGameplayTagsManager::ConstructGameplayTagTree: Construct from data asset -  0.000 s
[2020.10.13-23.11.57:668][  0]LogStats: UGameplayTagsManager::ConstructGameplayTagTree: GameplayTagTreeChangedEvent.Broadcast -  0.000 s
[2020.10.13-23.11.58:944][  0]LogAIModule: Creating AISystem for world Untitled
[2020.10.13-23.11.58:993][  0]LogInit: XAudio2 using 'Altavoces (Conexant SmartAudio HD)' : 2 channels at 44.1 kHz using 32 bits per sample (channel mask 0x3)
[2020.10.13-23.11.59:161][  0]LogInit: FAudioDevice initialized.
[2020.10.13-23.11.59:484][  0]LogDerivedDataCache: Saved boot cache 0.32s 78MB C:/Users/DANIEL_FS/AppData/Local/UnrealEngine/4.18/DerivedDataCache/Boot.ddc.
[2020.10.13-23.11.59:538][  0]LogInit: Texture streaming: Enabled
[2020.10.13-23.12.00:609][  0]LogEngineSessionManager: EngineSessionManager initialized
[2020.10.13-23.12.01:776][  0]LogInit: Transaction tracking system initialized
[2020.10.13-23.12.05:050][  0]BlueprintLog: New page: Editor Load
[2020.10.13-23.12.14:071][  0]LocalizationService: Localization service is disabled
[2020.10.13-23.12.22:715][  0]LogConsoleResponse: Display: 
[2020.10.13-23.12.23:873][  0]LogCook: Display: Max memory allowance for cook 16384mb min free memory 0mb
[2020.10.13-23.12.23:874][  0]LogCook: Display: Mobile HDR setting 1
[2020.10.13-23.12.23:874][  0]LogGameplayTags: Display: UGameplayTagsManager::DoneAddingNativeTags. DelegateIsBound: 0
[2020.10.13-23.12.23:944][  0]LogFileCache: Scanning file cache for directory 'C:/Users/DANIEL_FS/Documents/GitHub/MuseoVirtualUdeM/Content/' took 0.09s
[2020.10.13-23.12.33:857][  0]SourceControl: Source control is disabled
[2020.10.13-23.12.33:858][  0]Cmd: MAP LOAD FILE="../../../../../../Users/DANIEL_FS/Documents/GitHub/MuseoVirtualUdeM/Content/Scenes/Game.umap" TEMPLATE=0 SHOWPROGRESS=1 FEATURELEVEL=3
[2020.10.13-23.12.33:863][  0]LightingResults: New page: Lighting Build
[2020.10.13-23.12.34:213][  0]MapCheck: New page: Map Check
[2020.10.13-23.12.34:213][  0]LightingResults: New page: Lighting Build
[2020.10.13-23.12.38:050][  0]LogAIModule: Creating AISystem for world Game
[2020.10.13-23.12.38:196][  0]LogEditorServer: Finished looking for orphan Actors (0.000 secs)
[2020.10.13-23.12.38:256][  0]Cmd: MAP CHECKDEP NOCLEARLOG
[2020.10.13-23.12.38:528][  0]MapCheck: Map check complete: 0 Error(s), 0 Warning(s), took 271.03ms to complete.
[2020.10.13-23.12.38:528][  0]LogFileHelpers: Loading map 'Game' took 4.670
[2020.10.13-23.12.39:063][  0]LogCollectionManager: Loaded 0 collections in 0.016731 seconds
[2020.10.13-23.12.39:441][  0]LogFileCache: Scanning file cache for directory 'C:/Users/DANIEL_FS/Documents/GitHub/MuseoVirtualUdeM/Saved/Collections/' took 0.01s
[2020.10.13-23.12.39:442][  0]LogFileCache: Scanning file cache for directory 'C:/Users/DANIEL_FS/Documents/GitHub/MuseoVirtualUdeM/Content/Developers/DANIELFS/Collections/' took 0.01s
[2020.10.13-23.12.39:442][  0]LogFileCache: Scanning file cache for directory 'C:/Users/DANIEL_FS/Documents/GitHub/MuseoVirtualUdeM/Content/Collections/' took 0.01s
[2020.10.13-23.12.39:442][  0]LogCollectionManager: Rebuilt the GUID cache for 0 collections in 0.000001 seconds
[2020.10.13-23.12.39:472][  0]LogContentBrowser: Native class hierarchy populated in 0.0276 seconds. Added 2462 classes and 523 folders.
[2020.10.13-23.12.39:917][  0]LogContentBrowser: Native class hierarchy updated for 'WidgetCarousel' in 0.0006 seconds. Added 0 classes and 0 folders.
[2020.10.13-23.12.40:425][  0]LogContentBrowser: Native class hierarchy updated for 'AddContentDialog' in 0.0006 seconds. Added 0 classes and 0 folders.
[2020.10.13-23.12.40:743][  0]LogContentBrowser: Native class hierarchy updated for 'SceneOutliner' in 0.0006 seconds. Added 1 classes and 2 folders.
[2020.10.13-23.12.40:912][  0]LogSlate: Took 0.003711 seconds to synchronously load lazily loaded font '../../../Engine/Content/Slate/Fonts/Roboto-Regular.ttf' (155K)
[2020.10.13-23.12.40:919][  0]LogSlate: Took 0.001409 seconds to synchronously load lazily loaded font '../../../Engine/Content/Slate/Fonts/Roboto-Bold.ttf' (160K)
[2020.10.13-23.12.40:949][  0]LogSlate: Took 0.002620 seconds to synchronously load lazily loaded font '../../../Engine/Content/Editor/Slate/Fonts/FontAwesome.ttf' (139K)
[2020.10.13-23.12.41:359][  0]LogRenderer: Reallocating scene render targets to support 812x396 Format 10 NumSamples 1 (Frame:1).
[2020.10.13-23.12.42:124][  0]LogContentBrowser: Native class hierarchy updated for 'HierarchicalLODOutliner' in 0.0010 seconds. Added 1 classes and 2 folders.
[2020.10.13-23.12.42:124][  0]LogLoad: (Engine Initialization) Total time: 174.34 seconds
[2020.10.13-23.12.42:124][  0]LogLoad: (Engine Initialization) Total Blueprint compile time: 0.00 seconds
[2020.10.13-23.12.42:125][  0]LogExternalProfiler: Found external profiler: VSPerf
[2020.10.13-23.12.42:125][  0]LogExternalProfiler: Using external profiler: VSPerf
[2020.10.13-23.12.42:489][  0]LogContentStreaming: Texture pool size now 1000 MB
[2020.10.13-23.12.42:543][  0]LogSlate: Took 0.002718 seconds to synchronously load lazily loaded font '../../../Engine/Content/Slate/Fonts/Roboto-Light.ttf' (159K)
[2020.10.13-23.12.44:145][  5]LogAssetRegistry: Asset discovery search completed in 101.0865 seconds
[2020.10.13-23.12.44:149][  5]LogCollectionManager: Rebuilt the object cache for 0 collections in 0.000001 seconds (found 0 objects)
[2020.10.13-23.12.44:150][  5]LogCollectionManager: Fixed up redirectors for 0 collections in 0.000426 seconds (updated 0 objects)
[2020.10.14-00.33.17:533][338]LogWindowsTextInputMethodSystem: Display: IME system now deactivated.
[2020.10.14-00.33.18:834][339]Cmd: QUIT_EDITOR
[2020.10.14-00.33.19:117][339]LogExit: Preparing to exit.
[2020.10.14-00.33.20:330][339]LogDirectoryWatcher: A directory notification for 'C:/Users/DANIEL_FS/Documents/GitHub/MuseoVirtualUdeM/Content/' was aborted.
[2020.10.14-00.33.20:498][339]LogExit: Editor shut down
[2020.10.14-00.33.20:588][339]LogExit: Transaction tracking system shut down
[2020.10.14-00.33.21:147][339]LogDirectoryWatcher: A directory notification for '../../../Engine/Content/' was aborted.
[2020.10.14-00.33.21:148][339]LogDirectoryWatcher: A directory notification for '../../../../../../Users/DANIEL_FS/Documents/GitHub/MuseoVirtualUdeM/Content/' was aborted.
[2020.10.14-00.33.21:148][339]LogDirectoryWatcher: A directory notification for '../../../Engine/Plugins/2D/Paper2D/Content/' was aborted.
[2020.10.14-00.33.21:149][339]LogDirectoryWatcher: A directory notification for '../../../Engine/Plugins/Marketplace/GameSparks/Content/' was aborted.
[2020.10.14-00.33.21:149][339]LogDirectoryWatcher: A directory notification for '../../../Engine/Plugins/Media/MediaCompositing/Content/' was aborted.
[2020.10.14-00.33.21:150][339]LogDirectoryWatcher: A directory notification for '../../../Engine/Plugins/Runtime/AppleARKit/Content/' was aborted.
[2020.10.14-00.33.21:150][339]LogDirectoryWatcher: A directory notification for '../../../Engine/Plugins/Runtime/Oculus/OculusVR/Content/' was aborted.
[2020.10.14-00.33.21:150][339]LogDirectoryWatcher: A directory notification for '../../../Engine/Plugins/Runtime/Steam/SteamVR/Content/' was aborted.
[2020.10.14-00.33.21:688][339]LogExit: Object subsystem successfully closed.
[2020.10.14-00.33.21:784][339]LogD3D11RHI: Shutdown
[2020.10.14-00.33.21:785][339]LogD3D11RHI: CleanupD3DDevice
[2020.10.14-00.33.21:855][339]LogD3D11RHI: ~FD3D11DynamicRHI
[2020.10.14-00.33.22:151][339]LogModuleManager: Shutting down and abandoning module HierarchicalLODOutliner (552)
[2020.10.14-00.33.22:151][339]LogModuleManager: Shutting down and abandoning module SceneOutliner (550)
[2020.10.14-00.33.22:153][339]LogModuleManager: Shutting down and abandoning module AddContentDialog (548)
[2020.10.14-00.33.22:154][339]LogDirectoryWatcher: A directory notification for 'C:/Program Files/Epic Games/UE_4.18/FeaturePacks/' was aborted.
[2020.10.14-00.33.22:197][339]LogModuleManager: Shutting down and abandoning module WidgetCarousel (547)
[2020.10.14-00.33.22:197][339]LogModuleManager: Shutting down and abandoning module EditorWidgets (544)
[2020.10.14-00.33.22:198][339]LogModuleManager: Shutting down and abandoning module CollectionManager (542)
[2020.10.14-00.33.22:198][339]LogDirectoryWatcher: A directory notification for 'C:/Users/DANIEL_FS/Documents/GitHub/MuseoVirtualUdeM/Content/Collections/' was aborted.
[2020.10.14-00.33.22:199][339]LogDirectoryWatcher: A directory notification for 'C:/Users/DANIEL_FS/Documents/GitHub/MuseoVirtualUdeM/Content/Developers/DANIELFS/Collections/' was aborted.
[2020.10.14-00.33.22:199][339]LogDirectoryWatcher: A directory notification for 'C:/Users/DANIEL_FS/Documents/GitHub/MuseoVirtualUdeM/Saved/Collections/' was aborted.
[2020.10.14-00.33.22:199][339]LogModuleManager: Shutting down and abandoning module StatsViewer (540)
[2020.10.14-00.33.22:200][339]LogModuleManager: Shutting down and abandoning module FoliageEdit (538)
[2020.10.14-00.33.22:201][339]LogModuleManager: Shutting down and abandoning module LandscapeEditor (536)
[2020.10.14-00.33.22:203][339]LogModuleManager: Shutting down and abandoning module MeshPaintMode (534)
[2020.10.14-00.33.22:203][339]LogModuleManager: Shutting down and abandoning module SceneDepthPickerMode (532)
[2020.10.14-00.33.22:203][339]LogModuleManager: Shutting down and abandoning module ActorPickerMode (530)
[2020.10.14-00.33.22:203][339]LogModuleManager: Shutting down and abandoning module GeometryMode (528)
[2020.10.14-00.33.22:203][339]LogModuleManager: Shutting down and abandoning module TextureAlignMode (526)
[2020.10.14-00.33.22:203][339]LogModuleManager: Shutting down and abandoning module BspMode (524)
[2020.10.14-00.33.22:204][339]LogModuleManager: Shutting down and abandoning module PIEPreviewDeviceProfileSelector (522)
[2020.10.14-00.33.22:204][339]LogModuleManager: Shutting down and abandoning module HardwareSurvey (520)
[2020.10.14-00.33.22:204][339]LogModuleManager: Shutting down and abandoning module SequenceRecorderSections (518)
[2020.10.14-00.33.22:205][339]LogModuleManager: Shutting down and abandoning module AutomationWorker (516)
[2020.10.14-00.33.22:205][339]LogModuleManager: Shutting down and abandoning module MatineeToLevelSequence (514)
[2020.10.14-00.33.22:205][339]LogModuleManager: Shutting down and abandoning module LevelSequenceEditor (512)
[2020.10.14-00.33.22:205][339]LogModuleManager: Shutting down and abandoning module PlacementMode (511)
[2020.10.14-00.33.22:206][339]LogModuleManager: Shutting down and abandoning module WmfMediaFactory (508)
[2020.10.14-00.33.22:206][339]LogModuleManager: Shutting down and abandoning module WmfMediaEditor (506)
[2020.10.14-00.33.22:206][339]LogModuleManager: Shutting down and abandoning module OpenExrWrapper (504)
[2020.10.14-00.33.22:206][339]LogModuleManager: Shutting down and abandoning module ImgMediaFactory (502)
[2020.10.14-00.33.22:206][339]LogModuleManager: Shutting down and abandoning module ImgMediaEditor (500)
[2020.10.14-00.33.22:207][339]LogModuleManager: Shutting down and abandoning module AvfMediaFactory (498)
[2020.10.14-00.33.22:207][339]LogModuleManager: Shutting down and abandoning module AvfMediaEditor (496)
[2020.10.14-00.33.22:207][339]LogModuleManager: Shutting down and abandoning module AndroidMediaFactory (494)
[2020.10.14-00.33.22:208][339]LogModuleManager: Shutting down and abandoning module AndroidMediaEditor (492)
[2020.10.14-00.33.22:208][339]LogModuleManager: Shutting down and abandoning module CharacterAI (490)
[2020.10.14-00.33.22:208][339]LogModuleManager: Shutting down and abandoning module AudioCapture (488)
[2020.10.14-00.33.22:208][339]LogModuleManager: Shutting down and abandoning module SequenceRecorder (487)
[2020.10.14-00.33.22:208][339]LogModuleManager: Shutting down and abandoning module SmartSnapping (484)
[2020.10.14-00.33.22:209][339]LogModuleManager: Shutting down and abandoning module SessionServices (482)
[2020.10.14-00.33.22:209][339]LogModuleManager: Shutting down and abandoning module ViewportSnapping (480)
[2020.10.14-00.33.22:209][339]LogModuleManager: Shutting down and abandoning module ViewportInteraction (478)
[2020.10.14-00.33.22:209][339]LogModuleManager: Shutting down and abandoning module ClothPainter (476)
[2020.10.14-00.33.22:209][339]LogModuleManager: Shutting down and abandoning module SkeletalMeshEditor (475)
[2020.10.14-00.33.22:209][339]LogModuleManager: Shutting down and abandoning module LogVisualizer (472)
[2020.10.14-00.33.22:210][339]LogModuleManager: Shutting down and abandoning module IntroTutorials (470)
[2020.10.14-00.33.22:211][339]LogModuleManager: Shutting down and abandoning module GameProjectGeneration (469)
[2020.10.14-00.33.22:211][339]LogModuleManager: Shutting down and abandoning module IOSPlatformEditor (466)
[2020.10.14-00.33.22:211][339]LogModuleManager: Shutting down and abandoning module HTML5PlatformEditor (464)
[2020.10.14-00.33.22:212][339]LogModuleManager: Shutting down and abandoning module AndroidPlatformEditor (462)
[2020.10.14-00.33.22:212][339]LogModuleManager: Shutting down and abandoning module AndroidDeviceDetection (461)
[2020.10.14-00.33.22:817][339]LogModuleManager: Shutting down and abandoning module WindowsPlatformEditor (458)
[2020.10.14-00.33.22:818][339]LogModuleManager: Shutting down and abandoning module IOSRuntimeSettings (456)
[2020.10.14-00.33.22:818][339]LogModuleManager: Shutting down and abandoning module AndroidRuntimeSettings (454)
[2020.10.14-00.33.22:818][339]LogModuleManager: Shutting down and abandoning module InputBindingEditor (452)
[2020.10.14-00.33.22:818][339]LogModuleManager: Shutting down and abandoning module MergeActors (450)
[2020.10.14-00.33.22:819][339]LogModuleManager: Shutting down and abandoning module SizeMap (448)
[2020.10.14-00.33.22:819][339]LogModuleManager: Shutting down and abandoning module TreeMap (446)
[2020.10.14-00.33.22:819][339]LogModuleManager: Shutting down and abandoning module ReferenceViewer (444)
[2020.10.14-00.33.22:820][339]LogModuleManager: Shutting down and abandoning module LocalizationDashboard (442)
[2020.10.14-00.33.22:824][339]LogModuleManager: Shutting down and abandoning module LocalizationService (441)
[2020.10.14-00.33.22:824][339]LogModuleManager: Shutting down and abandoning module HardwareTargeting (438)
[2020.10.14-00.33.22:825][339]LogModuleManager: Shutting down and abandoning module DeviceProfileEditor (436)
[2020.10.14-00.33.22:825][339]LogModuleManager: Shutting down and abandoning module UndoHistory (434)
[2020.10.14-00.33.22:827][339]LogModuleManager: Shutting down and abandoning module XmlParser (432)
[2020.10.14-00.33.22:828][339]LogModuleManager: Shutting down and abandoning module Blutility (430)
[2020.10.14-00.33.22:828][339]LogModuleManager: Shutting down and abandoning module ProjectSettingsViewer (428)
[2020.10.14-00.33.22:829][339]LogModuleManager: Shutting down and abandoning module ProjectTargetPlatformEditor (427)
[2020.10.14-00.33.22:830][339]LogModuleManager: Shutting down and abandoning module EditorSettingsViewer (424)
[2020.10.14-00.33.22:831][339]LogModuleManager: Shutting down and abandoning module SettingsEditor (422)
[2020.10.14-00.33.22:832][339]LogModuleManager: Shutting down and abandoning module ProjectLauncher (420)
[2020.10.14-00.33.22:832][339]LogModuleManager: Shutting down and abandoning module SessionFrontend (418)
[2020.10.14-00.33.22:833][339]LogModuleManager: Shutting down and abandoning module ProfilerClient (416)
[2020.10.14-00.33.22:833][339]LogModuleManager: Shutting down and abandoning module DeviceManager (414)
[2020.10.14-00.33.22:833][339]LogModuleManager: Shutting down and abandoning module TargetDeviceServices (413)
[2020.10.14-00.33.22:903][339]LogModuleManager: Shutting down and abandoning module AutomationController (410)
[2020.10.14-00.33.22:903][339]LogModuleManager: Shutting down and abandoning module AutomationWindow (408)
[2020.10.14-00.33.22:903][339]LogModuleManager: Shutting down and abandoning module Layers (406)
[2020.10.14-00.33.22:904][339]LogModuleManager: Shutting down and abandoning module ComponentVisualizers (404)
[2020.10.14-00.33.22:904][339]LogModuleManager: Shutting down and abandoning module DetailCustomizations (402)
[2020.10.14-00.33.22:905][339]LogModuleManager: Shutting down and abandoning module PackagesDialog (400)
[2020.10.14-00.33.22:905][339]LogModuleManager: Shutting down and abandoning module Persona (398)
[2020.10.14-00.33.22:905][339]LogModuleManager: Shutting down and abandoning module AdvancedPreviewScene (397)
[2020.10.14-00.33.22:905][339]LogModuleManager: Shutting down and abandoning module AnimGraph (395)
[2020.10.14-00.33.22:905][339]LogModuleManager: Shutting down and abandoning module Kismet (392)
[2020.10.14-00.33.22:915][339]LogModuleManager: Shutting down and abandoning module ClassViewer (390)
[2020.10.14-00.33.22:916][339]LogModuleManager: Shutting down and abandoning module Toolbox (388)
[2020.10.14-00.33.22:916][339]LogModuleManager: Shutting down and abandoning module ModuleUI (386)
[2020.10.14-00.33.22:917][339]LogModuleManager: Shutting down and abandoning module MovieSceneTools (384)
[2020.10.14-00.33.22:917][339]LogModuleManager: Shutting down and abandoning module OutputLog (382)
[2020.10.14-00.33.22:918][339]LogModuleManager: Shutting down and abandoning module GammaUI (380)
[2020.10.14-00.33.22:918][339]LogModuleManager: Shutting down and abandoning module Documentation (378)
[2020.10.14-00.33.22:918][339]LogModuleManager: Shutting down and abandoning module MovieSceneTracks (376)
[2020.10.14-00.33.22:918][339]LogModuleManager: Shutting down and abandoning module MovieScene (374)
[2020.10.14-00.33.22:919][339]LogModuleManager: Shutting down and abandoning module StreamingPauseRendering (372)
[2020.10.14-00.33.22:919][339]LogModuleManager: Shutting down and abandoning module LauncherPlatform (370)
[2020.10.14-00.33.22:919][339]LogModuleManager: Shutting down and abandoning module AnalyticsET (368)
[2020.10.14-00.33.22:919][339]LogModuleManager: Shutting down and abandoning module PortalServices (366)
[2020.10.14-00.33.22:919][339]LogModuleManager: Shutting down and abandoning module PortalRpc (364)
[2020.10.14-00.33.22:919][339]LogModuleManager: Shutting down and abandoning module MessagingRpc (362)
[2020.10.14-00.33.22:919][339]LogModuleManager: Shutting down and abandoning module AIModule (360)
[2020.10.14-00.33.22:920][339]LogModuleManager: Shutting down and abandoning module GameplayDebugger (359)
[2020.10.14-00.33.22:920][339]LogModuleManager: Shutting down and abandoning module AITestSuite (357)
[2020.10.14-00.33.22:920][339]LogModuleManager: Shutting down and abandoning module DesktopPlatform (354)
[2020.10.14-00.33.22:920][339]LogModuleManager: Shutting down and abandoning module ProfilerService (352)
[2020.10.14-00.33.23:121][339]LogModuleManager: Shutting down and abandoning module TaskGraph (350)
[2020.10.14-00.33.23:122][339]LogModuleManager: Shutting down and abandoning module SteamVRController (348)
[2020.10.14-00.33.23:122][339]LogModuleManager: Shutting down and abandoning module ProceduralMeshComponentEditor (346)
[2020.10.14-00.33.23:122][339]LogModuleManager: Shutting down and abandoning module ProceduralMeshComponent (344)
[2020.10.14-00.33.23:122][339]LogModuleManager: Shutting down and abandoning module OculusInput (342)
[2020.10.14-00.33.23:122][339]LogModuleManager: Shutting down and abandoning module MobilePatchingUtils (340)
[2020.10.14-00.33.23:122][339]LogModuleManager: Shutting down and abandoning module CustomMeshComponent (338)
[2020.10.14-00.33.23:122][339]LogModuleManager: Shutting down and abandoning module CableComponent (336)
[2020.10.14-00.33.23:123][339]LogModuleManager: Shutting down and abandoning module ArchVisCharacter (334)
[2020.10.14-00.33.23:123][339]LogModuleManager: Shutting down and abandoning module AndroidPermission (332)
[2020.10.14-00.33.23:123][339]LogModuleManager: Shutting down and abandoning module ActorSequence (328)
[2020.10.14-00.33.23:123][339]LogModuleManager: Shutting down and abandoning module MediaPlayerEditor (326)
[2020.10.14-00.33.23:123][339]LogModuleManager: Shutting down and abandoning module MediaCompositingEditor (324)
[2020.10.14-00.33.23:123][339]LogModuleManager: Shutting down and abandoning module MediaCompositing (322)
[2020.10.14-00.33.23:123][339]LogModuleManager: Shutting down and abandoning module HTML5Networking (318)
[2020.10.14-00.33.23:124][339]LogModuleManager: Shutting down and abandoning module AlembicImporter (316)
[2020.10.14-00.33.23:124][339]LogModuleManager: Shutting down and abandoning module AlembicLibrary (315)
[2020.10.14-00.33.23:124][339]LogModuleManager: Shutting down and abandoning module GeometryCache (314)
[2020.10.14-00.33.23:124][339]LogModuleManager: Shutting down and abandoning module GeometryCacheEd (313)
[2020.10.14-00.33.23:124][339]LogModuleManager: Shutting down and abandoning module SpeedTreeImporter (308)
[2020.10.14-00.33.23:124][339]LogModuleManager: Shutting down and abandoning module PluginBrowser (306)
[2020.10.14-00.33.23:124][339]LogModuleManager: Shutting down and abandoning module MobileLauncherProfileWizard (304)
[2020.10.14-00.33.23:125][339]LogModuleManager: Shutting down and abandoning module VisualStudioSourceCodeAccess (302)
[2020.10.14-00.33.23:125][339]LogModuleManager: Shutting down and abandoning module VisualStudioCodeSourceCodeAccess (300)
[2020.10.14-00.33.23:125][339]LogModuleManager: Shutting down and abandoning module UObjectPlugin (298)
[2020.10.14-00.33.23:125][339]LogModuleManager: Shutting down and abandoning module SubversionSourceControl (296)
[2020.10.14-00.33.23:126][339]LogModuleManager: Shutting down and abandoning module PerforceSourceControl (294)
[2020.10.14-00.33.23:126][339]LogModuleManager: Shutting down and abandoning module GitSourceControl (292)
[2020.10.14-00.33.23:126][339]LogModuleManager: Shutting down and abandoning module SourceControl (291)
[2020.10.14-00.33.23:126][339]LogModuleManager: Shutting down and abandoning module LightPropagationVolumeEditor (288)
[2020.10.14-00.33.23:126][339]LogModuleManager: Shutting down and abandoning module PaperTiledImporter (286)
[2020.10.14-00.33.23:126][339]LogModuleManager: Shutting down and abandoning module PaperSpriteSheetImporter (284)
[2020.10.14-00.33.23:127][339]LogModuleManager: Shutting down and abandoning module Paper2DEditor (282)
[2020.10.14-00.33.23:128][339]LogModuleManager: Shutting down and abandoning module MeshPaint (281)
[2020.10.14-00.33.23:129][339]LogModuleManager: Shutting down and abandoning module LevelEditor (279)
[2020.10.14-00.33.23:143][339]LogModuleManager: Shutting down and abandoning module PixelInspectorModule (278)
[2020.10.14-00.33.23:143][339]LogModuleManager: Shutting down and abandoning module MainFrame (276)
[2020.10.14-00.33.23:144][339]LogModuleManager: Shutting down and abandoning module HotReload (275)
[2020.10.14-00.33.23:146][339]LogModuleManager: Shutting down and abandoning module RuntimePhysXCooking (270)
[2020.10.14-00.33.23:146][339]LogModuleManager: Shutting down and abandoning module PhysXVehiclesEditor (268)
[2020.10.14-00.33.23:146][339]LogModuleManager: Shutting down and abandoning module PhysXVehicles (266)
[2020.10.14-00.33.23:146][339]LogModuleManager: Shutting down and abandoning module OculusEditor (264)
[2020.10.14-00.33.23:146][339]LogModuleManager: Shutting down and abandoning module LocationServicesBPLibrary (262)
[2020.10.14-00.33.23:147][339]LogModuleManager: Shutting down and abandoning module ImmediatePhysicsEditor (260)
[2020.10.14-00.33.23:147][339]LogModuleManager: Shutting down and abandoning module ImmediatePhysics (258)
[2020.10.14-00.33.23:147][339]LogModuleManager: Shutting down and abandoning module UdpMessaging (256)
[2020.10.14-00.33.23:252][339]LogModuleManager: Shutting down and abandoning module TcpMessaging (254)
[2020.10.14-00.33.23:357][339]LogModuleManager: Shutting down and abandoning module GameSparks (252)
[2020.10.14-00.33.23:359][339]LogModuleManager: Shutting down and abandoning module GameplayTagsEditor (250)
[2020.10.14-00.33.23:359][339]LogModuleManager: Shutting down and abandoning module FacialAnimationEditor (248)
[2020.10.14-00.33.23:360][339]LogModuleManager: Shutting down and abandoning module FacialAnimation (246)
[2020.10.14-00.33.23:360][339]LogModuleManager: Shutting down and abandoning module AssetManagerEditor (244)
[2020.10.14-00.33.23:360][339]LogModuleManager: Shutting down and abandoning module GraphEditor (243)
[2020.10.14-00.33.23:360][339]LogModuleManager: Shutting down and abandoning module ContentBrowser (241)
[2020.10.14-00.33.23:366][339]LogModuleManager: Shutting down and abandoning module LightPropagationVolumeRuntime (238)
[2020.10.14-00.33.23:366][339]LogModuleManager: Shutting down and abandoning module Paper2D (236)
[2020.10.14-00.33.23:366][339]LogModuleManager: Shutting down and abandoning module WindowsMoviePlayer (234)
[2020.10.14-00.33.23:366][339]LogModuleManager: Shutting down and abandoning module WmfMedia (232)
[2020.10.14-00.33.23:370][339]LogModuleManager: Shutting down and abandoning module ImgMedia (230)
[2020.10.14-00.33.23:370][339]LogModuleManager: Shutting down and abandoning module PacketHandler (228)
[2020.10.14-00.33.23:370][339]LogModuleManager: Shutting down and abandoning module ClothingSystemEditor (226)
[2020.10.14-00.33.23:370][339]LogModuleManager: Shutting down and abandoning module ClothingSystemRuntime (224)
[2020.10.14-00.33.23:370][339]LogModuleManager: Shutting down and abandoning module MediaAssets (222)
[2020.10.14-00.33.23:370][339]LogModuleManager: Shutting down and abandoning module Media (221)
[2020.10.14-00.33.23:381][339]LogModuleManager: Shutting down and abandoning module Overlay (218)
[2020.10.14-00.33.23:382][339]LogModuleManager: Shutting down and abandoning module OverlayEditor (217)
[2020.10.14-00.33.23:382][339]LogModuleManager: Shutting down and abandoning module VREditor (214)
[2020.10.14-00.33.23:383][339]LogModuleManager: Shutting down and abandoning module StringTableEditor (212)
[2020.10.14-00.33.23:387][339]LogModuleManager: Shutting down and abandoning module GameplayTasksEditor (210)
[2020.10.14-00.33.23:388][339]LogModuleManager: Shutting down and abandoning module BehaviorTreeEditor (208)
[2020.10.14-00.33.23:388][339]LogModuleManager: Shutting down and abandoning module FunctionalTesting (206)
[2020.10.14-00.33.23:388][339]LogModuleManager: Shutting down and abandoning module CollisionAnalyzer (204)
[2020.10.14-00.33.23:388][339]LogModuleManager: Shutting down and abandoning module WorkspaceMenuStructure (203)
[2020.10.14-00.33.23:389][339]LogModuleManager: Shutting down and abandoning module UMG (200)
[2020.10.14-00.33.23:389][339]LogModuleManager: Shutting down and abandoning module UMGEditor (199)
[2020.10.14-00.33.23:389][339]LogModuleManager: Shutting down and abandoning module Sequencer (198)
[2020.10.14-00.33.23:390][339]LogModuleManager: Shutting down and abandoning module MessageLog (195)
[2020.10.14-00.33.23:393][339]LogModuleManager: Shutting down and abandoning module SlateReflector (190)
[2020.10.14-00.33.23:393][339]LogModuleManager: Shutting down and abandoning module Slate (188)
[2020.10.14-00.33.23:393][339]LogModuleManager: Shutting down and abandoning module EditorStyle (186)
[2020.10.14-00.33.23:403][339]LogModuleManager: Shutting down and abandoning module MRMesh (184)
[2020.10.14-00.33.23:404][339]LogModuleManager: Shutting down and abandoning module SourceCodeAccess (182)
[2020.10.14-00.33.23:404][339]LogModuleManager: Shutting down and abandoning module HeadMountedDisplay (180)
[2020.10.14-00.33.23:404][339]LogModuleManager: Shutting down and abandoning module XAudio2 (178)
[2020.10.14-00.33.23:404][339]LogModuleManager: Shutting down and abandoning module Networking (176)
[2020.10.14-00.33.23:404][339]LogModuleManager: Shutting down and abandoning module Core (172)
[2020.10.14-00.33.23:404][339]LogModuleManager: Shutting down and abandoning module LevelSequence (168)
[2020.10.14-00.33.23:404][339]LogModuleManager: Shutting down and abandoning module DirectoryWatcher (166)
[2020.10.14-00.33.23:418][339]LogModuleManager: Shutting down and abandoning module KismetCompiler (164)
[2020.10.14-00.33.23:418][339]LogModuleManager: Shutting down and abandoning module MeshUtilities (162)
[2020.10.14-00.33.23:418][339]LogModuleManager: Shutting down and abandoning module MeshMergeUtilities (161)
[2020.10.14-00.33.23:418][339]LogModuleManager: Shutting down and abandoning module MeshReductionInterface (160)
[2020.10.14-00.33.23:418][339]LogModuleManager: Shutting down and abandoning module SimplygonSwarm (159)
[2020.10.14-00.33.23:418][339]LogModuleManager: Shutting down and abandoning module SimplygonMeshReduction (157)
[2020.10.14-00.33.23:419][339]LogModuleManager: Shutting down and abandoning module QuadricMeshReduction (155)
[2020.10.14-00.33.23:419][339]LogModuleManager: Shutting down and abandoning module MaterialBaking (151)
[2020.10.14-00.33.23:419][339]LogModuleManager: Shutting down and abandoning module DerivedDataCache (148)
[2020.10.14-00.33.23:499][339]LogDerivedDataCache: Shutdown
[2020.10.14-00.33.23:500][339]LogModuleManager: Shutting down and abandoning module TargetPlatform (146)
[2020.10.14-00.33.23:502][339]LogModuleManager: Shutting down and abandoning module VulkanShaderFormat (145)
[2020.10.14-00.33.23:503][339]LogModuleManager: Shutting down and abandoning module ShaderFormatVectorVM (143)
[2020.10.14-00.33.23:503][339]LogModuleManager: Shutting down and abandoning module ShaderFormatOpenGL (141)
[2020.10.14-00.33.23:503][339]LogModuleManager: Shutting down and abandoning module ShaderFormatD3D (139)
[2020.10.14-00.33.23:503][339]LogModuleManager: Shutting down and abandoning module MetalShaderFormat (137)
[2020.10.14-00.33.23:504][339]LogModuleManager: Shutting down and abandoning module TextureFormatUncompressed (135)
[2020.10.14-00.33.23:504][339]LogModuleManager: Shutting down and abandoning module TextureFormatPVR (133)
[2020.10.14-00.33.23:504][339]LogModuleManager: Shutting down and abandoning module TextureFormatDXT (131)
[2020.10.14-00.33.23:504][339]LogModuleManager: Shutting down and abandoning module TextureFormatIntelISPCTexComp (129)
[2020.10.14-00.33.23:505][339]LogModuleManager: Shutting down and abandoning module TextureFormatASTC (127)
[2020.10.14-00.33.23:505][339]LogModuleManager: Shutting down and abandoning module ImageWrapper (126)
[2020.10.14-00.33.23:505][339]LogModuleManager: Shutting down and abandoning module TextureFormatAndroid (123)
[2020.10.14-00.33.23:505][339]LogModuleManager: Shutting down and abandoning module AudioFormatOpus (121)
[2020.10.14-00.33.23:505][339]LogModuleManager: Shutting down and abandoning module AudioFormatOgg (119)
[2020.10.14-00.33.23:505][339]LogModuleManager: Shutting down and abandoning module AudioFormatADPCM (117)
[2020.10.14-00.33.23:505][339]LogModuleManager: Shutting down and abandoning module LinuxTargetPlatform (115)
[2020.10.14-00.33.23:506][339]LogModuleManager: Shutting down and abandoning module LinuxServerTargetPlatform (113)
[2020.10.14-00.33.23:506][339]LogModuleManager: Shutting down and abandoning module LinuxNoEditorTargetPlatform (111)
[2020.10.14-00.33.23:506][339]LogModuleManager: Shutting down and abandoning module LinuxClientTargetPlatform (109)
[2020.10.14-00.33.23:506][339]LogModuleManager: Shutting down and abandoning module TVOSTargetPlatform (107)
[2020.10.14-00.33.23:507][339]LogModuleManager: Shutting down and abandoning module Messaging (105)
[2020.10.14-00.33.23:507][339]LogModuleManager: Shutting down and abandoning module IOSTargetPlatform (103)
[2020.10.14-00.33.23:507][339]LogModuleManager: Shutting down and abandoning module HTML5TargetPlatform (101)
[2020.10.14-00.33.23:507][339]LogModuleManager: Shutting down and abandoning module AndroidTargetPlatform (99)
[2020.10.14-00.33.23:507][339]LogModuleManager: Shutting down and abandoning module Android_PVRTCTargetPlatform (97)
[2020.10.14-00.33.23:507][339]LogModuleManager: Shutting down and abandoning module Android_MultiTargetPlatform (95)
[2020.10.14-00.33.23:507][339]LogModuleManager: Shutting down and abandoning module Android_ETC2TargetPlatform (93)
[2020.10.14-00.33.23:507][339]LogModuleManager: Shutting down and abandoning module Android_ETC1TargetPlatform (91)
[2020.10.14-00.33.23:507][339]LogModuleManager: Shutting down and abandoning module Android_DXTTargetPlatform (89)
[2020.10.14-00.33.23:508][339]LogModuleManager: Shutting down and abandoning module Android_ATCTargetPlatform (87)
[2020.10.14-00.33.23:508][339]LogModuleManager: Shutting down and abandoning module Android_ASTCTargetPlatform (85)
[2020.10.14-00.33.23:508][339]LogModuleManager: Shutting down and abandoning module WindowsTargetPlatform (83)
[2020.10.14-00.33.23:508][339]LogModuleManager: Shutting down and abandoning module WindowsServerTargetPlatform (81)
[2020.10.14-00.33.23:508][339]LogModuleManager: Shutting down and abandoning module WindowsNoEditorTargetPlatform (79)
[2020.10.14-00.33.23:508][339]LogModuleManager: Shutting down and abandoning module WindowsClientTargetPlatform (77)
[2020.10.14-00.33.23:508][339]LogModuleManager: Shutting down and abandoning module MacTargetPlatform (75)
[2020.10.14-00.33.23:508][339]LogModuleManager: Shutting down and abandoning module MacServerTargetPlatform (73)
[2020.10.14-00.33.23:508][339]LogModuleManager: Shutting down and abandoning module MacNoEditorTargetPlatform (71)
[2020.10.14-00.33.23:508][339]LogModuleManager: Shutting down and abandoning module MacClientTargetPlatform (69)
[2020.10.14-00.33.23:509][339]LogModuleManager: Shutting down and abandoning module AllDesktopTargetPlatform (67)
[2020.10.14-00.33.23:509][339]LogModuleManager: Shutting down and abandoning module InputCore (64)
[2020.10.14-00.33.23:510][339]LogModuleManager: Shutting down and abandoning module Settings (62)
[2020.10.14-00.33.23:510][339]LogModuleManager: Shutting down and abandoning module PhysXCooking (60)
[2020.10.14-00.33.23:510][339]LogModuleManager: Shutting down and abandoning module SteamVR (58)
[2020.10.14-00.33.23:511][339]LogModuleManager: Shutting down and abandoning module OculusHMD (56)
[2020.10.14-00.33.23:511][339]LogModuleManager: Shutting down and abandoning module ExampleDeviceProfileSelector (54)
[2020.10.14-00.33.23:511][339]LogModuleManager: Shutting down and abandoning module AppleARKit (52)
[2020.10.14-00.33.23:511][339]LogModuleManager: Shutting down and abandoning module AugmentedReality (51)
[2020.10.14-00.33.23:511][339]LogModuleManager: Shutting down and abandoning module OnlineBlueprintSupport (48)
[2020.10.14-00.33.23:512][339]LogModuleManager: Shutting down and abandoning module OnlineSubsystem (44)
[2020.10.14-00.33.23:514][339]LogModuleManager: Shutting down and abandoning module XMPP (43)
[2020.10.14-00.33.23:514][339]LogModuleManager: Shutting down and abandoning module HTTP (41)
[2020.10.14-00.33.23:515][339]LogHttp: Display: Http module shutting down, but needs to wait on 1 outstanding Http requests:
[2020.10.14-00.33.23:515][339]LogHttp: Display: 	verb=[POST] url=[https://datarouter.ol.epicgames.com/datarouter/api/v1/public/data?SessionID=%7B5809C299-4116-2C6F-E27E-B6BCBF6D8393%7D&AppID=UEEditor.Rocket.Release&AppVersion=4.18.3-3832480%2B%2B%2BUE4%2BRelease-4.18&UserID=9b6dbcb4445d4601be87fb895c674e51%7C2e912bc81e1a4bbaaeef14cf93f0304b%7Cd9b6a37d-0c37-4dde-affb-64daeea4b517&AppEnvironment=datacollector-binary&UploadType=eteventstream] status=Processing
[2020.10.14-00.33.23:537][339]LogModuleManager: Shutting down and abandoning module SSL (40)
[2020.10.14-00.33.23:543][339]LogModuleManager: Shutting down and abandoning module AnimationModifiers (36)
[2020.10.14-00.33.23:544][339]LogModuleManager: Shutting down and abandoning module PropertyEditor (35)
[2020.10.14-00.33.23:544][339]LogModuleManager: Shutting down and abandoning module AudioEditor (32)
[2020.10.14-00.33.23:544][339]LogModuleManager: Shutting down and abandoning module TextureCompressor (30)
[2020.10.14-00.33.23:545][339]LogModuleManager: Shutting down and abandoning module ShaderCore (28)
[2020.10.14-00.33.23:545][339]LogModuleManager: Shutting down and abandoning module Landscape (26)
[2020.10.14-00.33.23:545][339]LogModuleManager: Shutting down and abandoning module SlateRHIRenderer (24)
[2020.10.14-00.33.23:576][339]LogModuleManager: Shutting down and abandoning module OpenGLDrv (22)
[2020.10.14-00.33.23:576][339]LogModuleManager: Shutting down and abandoning module D3D11RHI (20)
[2020.10.14-00.33.23:576][339]LogModuleManager: Shutting down and abandoning module AnimGraphRuntime (18)
[2020.10.14-00.33.23:576][339]LogModuleManager: Shutting down and abandoning module Renderer (16)
[2020.10.14-00.33.23:576][339]LogModuleManager: Shutting down and abandoning module Engine (14)
[2020.10.14-00.33.23:576][339]LogModuleManager: Shutting down and abandoning module CoreUObject (12)
[2020.10.14-00.33.23:577][339]LogModuleManager: Shutting down and abandoning module NetworkFile (10)
[2020.10.14-00.33.23:577][339]LogModuleManager: Shutting down and abandoning module CookedIterativeFile (8)
[2020.10.14-00.33.23:577][339]LogModuleManager: Shutting down and abandoning module StreamingFile (6)
[2020.10.14-00.33.23:577][339]LogModuleManager: Shutting down and abandoning module SandboxFile (4)
[2020.10.14-00.33.23:577][339]LogModuleManager: Shutting down and abandoning module PakFile (2)
[2020.10.14-00.33.23:618][339]LogExit: Exiting.
[2020.10.14-00.33.23:723][339]Log file closed, 10/13/20 19:33:23
