Log file open, 09/15/20 20:05:55
LogWindows: Failed to load 'aqProf.dll' (GetLastError=126)
LogWindows: File 'aqProf.dll' does not exist
LogWindows: Failed to load 'VSPerf140.dll' (GetLastError=126)
LogWindows: File 'VSPerf140.dll' does not exist
LogWindows: Failed to load 'VtuneApi.dll' (GetLastError=126)
LogWindows: File 'VtuneApi.dll' does not exist
LogWindows: Failed to load 'VtuneApi32e.dll' (GetLastError=126)
LogWindows: File 'VtuneApi32e.dll' does not exist
LogInit: Display: Running engine for game: MuseoVirtualUdem
LogPlatformFile: Not using cached read wrapper
LogInit: Display: RandInit(1259512702) SRandInit(1259512704).
LogInit: Read version file with build ID '3709383'
LogInit: Overriding engine version to CL 3832480, compatible CL 3709383
LogInit: Registered custom module enumerator with build ID '3709383'
LogTaskGraph: Started task graph with 5 named threads and 14 total threads with 3 sets of task threads.
LogStats: Stats thread started at 0.590454
LogD3D11RHI: Aftermath initialized
LogModuleManager: Display: Found up-to-date module file ../../../Engine/Plugins/Marketplace/GameSparks/Binaries/Win64/UE4Editor-GameSparks.dll (API version 3709383).
LogModuleManager: Display: Found up-to-date module file ../../../Engine/Plugins/Marketplace/GameSparks/Binaries/Win64/UE4Editor-OnlineSubsystemGameSparks.dll (API version 3709383).
LogModuleManager: Display: Found up-to-date module file ../../../Engine/Plugins/Online/OnlineSubsystem/Binaries/Win64/UE4Editor-OnlineSubsystem.dll (API version 3709383).
LogModuleManager: Display: Found up-to-date module file ../../../Engine/Plugins/Online/OnlineSubsystemUtils/Binaries/Win64/UE4Editor-OnlineSubsystemUtils.dll (API version 3709383).
LogModuleManager: Display: Found up-to-date module file ../../../Engine/Plugins/Online/OnlineSubsystemUtils/Binaries/Win64/UE4Editor-OnlineBlueprintSupport.dll (API version 3709383).
LogModuleManager: Display: Found up-to-date module file ../../../Engine/Plugins/2D/Paper2D/Binaries/Win64/UE4Editor-Paper2D.dll (API version 3709383).
LogModuleManager: Display: Found up-to-date module file ../../../Engine/Plugins/2D/Paper2D/Binaries/Win64/UE4Editor-Paper2DEditor.dll (API version 3709383).
LogModuleManager: Display: Found up-to-date module file ../../../Engine/Plugins/2D/Paper2D/Binaries/Win64/UE4Editor-PaperSpriteSheetImporter.dll (API version 3709383).
LogModuleManager: Display: Found up-to-date module file ../../../Engine/Plugins/2D/Paper2D/Binaries/Win64/UE4Editor-PaperTiledImporter.dll (API version 3709383).
LogModuleManager: Display: Found up-to-date module file ../../../Engine/Plugins/2D/Paper2D/Binaries/Win64/UE4Editor-SmartSnapping.dll (API version 3709383).
LogModuleManager: Display: Found up-to-date module file ../../../Engine/Plugins/Blendables/LightPropagationVolume/Binaries/Win64/UE4Editor-LightPropagationVolumeRuntime.dll (API version 3709383).
LogModuleManager: Display: Found up-to-date module file ../../../Engine/Plugins/Blendables/LightPropagationVolume/Binaries/Win64/UE4Editor-LightPropagationVolumeEditor.dll (API version 3709383).
LogModuleManager: Display: Found up-to-date module file ../../../Engine/Plugins/Developer/GitSourceControl/Binaries/Win64/UE4Editor-GitSourceControl.dll (API version 3709383).
LogModuleManager: Display: Found up-to-date module file ../../../Engine/Plugins/Developer/PerforceSourceControl/Binaries/Win64/UE4Editor-PerforceSourceControl.dll (API version 3709383).
LogModuleManager: Display: Found up-to-date module file ../../../Engine/Plugins/Developer/SubversionSourceControl/Binaries/Win64/UE4Editor-SubversionSourceControl.dll (API version 3709383).
LogModuleManager: Display: Found up-to-date module file ../../../Engine/Plugins/Developer/UObjectPlugin/Binaries/Win64/UE4Editor-UObjectPlugin.dll (API version 3709383).
LogModuleManager: Display: Found up-to-date module file ../../../Engine/Plugins/Developer/VisualStudioCodeSourceCodeAccess/Binaries/Win64/UE4Editor-VisualStudioCodeSourceCodeAccess.dll (API version 3709383).
LogModuleManager: Display: Found up-to-date module file ../../../Engine/Plugins/Developer/VisualStudioSourceCodeAccess/Binaries/Win64/UE4Editor-VisualStudioSourceCodeAccess.dll (API version 3709383).
LogModuleManager: Display: Found up-to-date module file ../../../Engine/Plugins/Editor/AssetManagerEditor/Binaries/Win64/UE4Editor-AssetManagerEditor.dll (API version 3709383).
LogModuleManager: Display: Found up-to-date module file ../../../Engine/Plugins/Editor/AudioCapture/Binaries/Win64/UE4Editor-AudioCapture.dll (API version 3709383).
LogModuleManager: Display: Found up-to-date module file ../../../Engine/Plugins/Editor/FacialAnimation/Binaries/Win64/UE4Editor-FacialAnimation.dll (API version 3709383).
LogModuleManager: Display: Found up-to-date module file ../../../Engine/Plugins/Editor/FacialAnimation/Binaries/Win64/UE4Editor-FacialAnimationEditor.dll (API version 3709383).
LogModuleManager: Display: Found up-to-date module file ../../../Engine/Plugins/Editor/GameplayTagsEditor/Binaries/Win64/UE4Editor-GameplayTagsEditor.dll (API version 3709383).
LogModuleManager: Display: Found up-to-date module file ../../../Engine/Plugins/Editor/MobileLauncherProfileWizard/Binaries/Win64/UE4Editor-MobileLauncherProfileWizard.dll (API version 3709383).
LogModuleManager: Display: Found up-to-date module file ../../../Engine/Plugins/Editor/PluginBrowser/Binaries/Win64/UE4Editor-PluginBrowser.dll (API version 3709383).
LogModuleManager: Display: Found up-to-date module file ../../../Engine/Plugins/Editor/SpeedTreeImporter/Binaries/Win64/UE4Editor-SpeedTreeImporter.dll (API version 3709383).
LogModuleManager: Display: Found up-to-date module file ../../../Engine/Plugins/Experimental/AlembicImporter/Binaries/Win64/UE4Editor-AlembicImporter.dll (API version 3709383).
LogModuleManager: Display: Found up-to-date module file ../../../Engine/Plugins/Experimental/AlembicImporter/Binaries/Win64/UE4Editor-AlembicLibrary.dll (API version 3709383).
LogModuleManager: Display: Found up-to-date module file ../../../Engine/Plugins/Experimental/CharacterAI/Binaries/Win64/UE4Editor-CharacterAI.dll (API version 3709383).
LogModuleManager: Display: Found up-to-date module file ../../../Engine/Plugins/Experimental/HTML5Networking/Binaries/Win64/UE4Editor-HTML5Networking.dll (API version 3709383).
LogModuleManager: Display: Found up-to-date module file ../../../Engine/Plugins/Media/AndroidMedia/Binaries/Win64/UE4Editor-AndroidMediaEditor.dll (API version 3709383).
LogModuleManager: Display: Found up-to-date module file ../../../Engine/Plugins/Media/AndroidMedia/Binaries/Win64/UE4Editor-AndroidMediaFactory.dll (API version 3709383).
LogModuleManager: Display: Found up-to-date module file ../../../Engine/Plugins/Media/AvfMedia/Binaries/Win64/UE4Editor-AvfMediaEditor.dll (API version 3709383).
LogModuleManager: Display: Found up-to-date module file ../../../Engine/Plugins/Media/AvfMedia/Binaries/Win64/UE4Editor-AvfMediaFactory.dll (API version 3709383).
LogModuleManager: Display: Found up-to-date module file ../../../Engine/Plugins/Media/AvfMedia/Binaries/Win64/UE4Editor-AvfMediaFactory.dll (API version 3709383).
LogModuleManager: Display: Found up-to-date module file ../../../Engine/Plugins/Media/ImgMedia/Binaries/Win64/UE4Editor-ImgMedia.dll (API version 3709383).
LogModuleManager: Display: Found up-to-date module file ../../../Engine/Plugins/Media/ImgMedia/Binaries/Win64/UE4Editor-ImgMediaEditor.dll (API version 3709383).
LogModuleManager: Display: Found up-to-date module file ../../../Engine/Plugins/Media/ImgMedia/Binaries/Win64/UE4Editor-ImgMediaFactory.dll (API version 3709383).
LogModuleManager: Display: Found up-to-date module file ../../../Engine/Plugins/Media/ImgMedia/Binaries/Win64/UE4Editor-ImgMediaFactory.dll (API version 3709383).
LogModuleManager: Display: Found up-to-date module file ../../../Engine/Plugins/Media/ImgMedia/Binaries/Win64/UE4Editor-OpenExrWrapper.dll (API version 3709383).
LogModuleManager: Display: Found up-to-date module file ../../../Engine/Plugins/Media/MediaCompositing/Binaries/Win64/UE4Editor-MediaCompositing.dll (API version 3709383).
LogModuleManager: Display: Found up-to-date module file ../../../Engine/Plugins/Media/MediaCompositing/Binaries/Win64/UE4Editor-MediaCompositingEditor.dll (API version 3709383).
LogModuleManager: Display: Found up-to-date module file ../../../Engine/Plugins/Media/MediaPlayerEditor/Binaries/Win64/UE4Editor-MediaPlayerEditor.dll (API version 3709383).
LogModuleManager: Display: Found up-to-date module file ../../../Engine/Plugins/Media/WmfMedia/Binaries/Win64/UE4Editor-WmfMedia.dll (API version 3709383).
LogModuleManager: Display: Found up-to-date module file ../../../Engine/Plugins/Media/WmfMedia/Binaries/Win64/UE4Editor-WmfMediaEditor.dll (API version 3709383).
LogModuleManager: Display: Found up-to-date module file ../../../Engine/Plugins/Media/WmfMedia/Binaries/Win64/UE4Editor-WmfMediaFactory.dll (API version 3709383).
LogModuleManager: Display: Found up-to-date module file ../../../Engine/Plugins/Media/WmfMedia/Binaries/Win64/UE4Editor-WmfMediaFactory.dll (API version 3709383).
LogModuleManager: Display: Found up-to-date module file ../../../Engine/Plugins/Messaging/TcpMessaging/Binaries/Win64/UE4Editor-TcpMessaging.dll (API version 3709383).
LogModuleManager: Display: Found up-to-date module file ../../../Engine/Plugins/Messaging/UdpMessaging/Binaries/Win64/UE4Editor-UdpMessaging.dll (API version 3709383).
LogModuleManager: Display: Found up-to-date module file ../../../Engine/Plugins/MovieScene/ActorSequence/Binaries/Win64/UE4Editor-ActorSequence.dll (API version 3709383).
LogModuleManager: Display: Found up-to-date module file ../../../Engine/Plugins/MovieScene/LevelSequenceEditor/Binaries/Win64/UE4Editor-LevelSequenceEditor.dll (API version 3709383).
LogModuleManager: Display: Found up-to-date module file ../../../Engine/Plugins/MovieScene/MatineeToLevelSequence/Binaries/Win64/UE4Editor-MatineeToLevelSequence.dll (API version 3709383).
LogModuleManager: Display: Found up-to-date module file ../../../Engine/Plugins/Runtime/AndroidPermission/Binaries/Win64/UE4Editor-AndroidPermission.dll (API version 3709383).
LogModuleManager: Display: Found up-to-date module file ../../../Engine/Plugins/Online/OnlineSubsystemNull/Binaries/Win64/UE4Editor-OnlineSubsystemNull.dll (API version 3709383).
LogModuleManager: Display: Found up-to-date module file ../../../Engine/Plugins/Runtime/AndroidDeviceProfileSelector/Binaries/Win64/UE4Editor-AndroidDeviceProfileSelector.dll (API version 3709383).
LogModuleManager: Display: Found up-to-date module file ../../../Engine/Plugins/Runtime/AppleARKit/Binaries/Win64/UE4Editor-AppleARKit.dll (API version 3709383).
LogModuleManager: Display: Found up-to-date module file ../../../Engine/Plugins/Runtime/ArchVisCharacter/Binaries/Win64/UE4Editor-ArchVisCharacter.dll (API version 3709383).
LogModuleManager: Display: Found up-to-date module file ../../../Engine/Plugins/Runtime/CableComponent/Binaries/Win64/UE4Editor-CableComponent.dll (API version 3709383).
LogModuleManager: Display: Found up-to-date module file ../../../Engine/Plugins/Runtime/CustomMeshComponent/Binaries/Win64/UE4Editor-CustomMeshComponent.dll (API version 3709383).
LogModuleManager: Display: Found up-to-date module file ../../../Engine/Plugins/Runtime/ExampleDeviceProfileSelector/Binaries/Win64/UE4Editor-ExampleDeviceProfileSelector.dll (API version 3709383).
LogModuleManager: Display: Found up-to-date module file ../../../Engine/Plugins/Runtime/ImmediatePhysics/Binaries/Win64/UE4Editor-ImmediatePhysics.dll (API version 3709383).
LogModuleManager: Display: Found up-to-date module file ../../../Engine/Plugins/Runtime/ImmediatePhysics/Binaries/Win64/UE4Editor-ImmediatePhysicsEditor.dll (API version 3709383).
LogModuleManager: Display: Found up-to-date module file ../../../Engine/Plugins/Runtime/LocationServicesBPLibrary/Binaries/Win64/UE4Editor-LocationServicesBPLibrary.dll (API version 3709383).
LogModuleManager: Display: Found up-to-date module file ../../../Engine/Plugins/Runtime/MobilePatchingUtils/Binaries/Win64/UE4Editor-MobilePatchingUtils.dll (API version 3709383).
LogModuleManager: Display: Found up-to-date module file ../../../Engine/Plugins/Runtime/Oculus/OculusVR/Binaries/Win64/UE4Editor-OculusHMD.dll (API version 3709383).
LogModuleManager: Display: Found up-to-date module file ../../../Engine/Plugins/Runtime/Oculus/OculusVR/Binaries/Win64/UE4Editor-OculusInput.dll (API version 3709383).
LogModuleManager: Display: Found up-to-date module file ../../../Engine/Plugins/Runtime/Oculus/OculusVR/Binaries/Win64/UE4Editor-OculusEditor.dll (API version 3709383).
LogModuleManager: Display: Found up-to-date module file ../../../Engine/Plugins/Runtime/PhysXVehicles/Binaries/Win64/UE4Editor-PhysXVehicles.dll (API version 3709383).
LogModuleManager: Display: Found up-to-date module file ../../../Engine/Plugins/Runtime/PhysXVehicles/Binaries/Win64/UE4Editor-PhysXVehiclesEditor.dll (API version 3709383).
LogModuleManager: Display: Found up-to-date module file ../../../Engine/Plugins/Runtime/ProceduralMeshComponent/Binaries/Win64/UE4Editor-ProceduralMeshComponent.dll (API version 3709383).
LogModuleManager: Display: Found up-to-date module file ../../../Engine/Plugins/Runtime/ProceduralMeshComponent/Binaries/Win64/UE4Editor-ProceduralMeshComponentEditor.dll (API version 3709383).
LogModuleManager: Display: Found up-to-date module file ../../../Engine/Plugins/Runtime/RuntimePhysXCooking/Binaries/Win64/UE4Editor-RuntimePhysXCooking.dll (API version 3709383).
LogModuleManager: Display: Found up-to-date module file ../../../Engine/Plugins/Runtime/Steam/SteamVR/Binaries/Win64/UE4Editor-SteamVR.dll (API version 3709383).
LogModuleManager: Display: Found up-to-date module file ../../../Engine/Plugins/Runtime/Steam/SteamVR/Binaries/Win64/UE4Editor-SteamVRController.dll (API version 3709383).
LogModuleManager: Display: Found up-to-date module file ../../../Engine/Plugins/Runtime/WindowsMoviePlayer/Binaries/Win64/UE4Editor-WindowsMoviePlayer.dll (API version 3709383).
LogPluginManager: Mounting plugin Paper2D
LogPluginManager: Mounting plugin LightPropagationVolume
LogPluginManager: Mounting plugin CodeLiteSourceCodeAccess
LogPluginManager: Mounting plugin GitSourceControl
LogPluginManager: Mounting plugin KDevelopSourceCodeAccess
LogPluginManager: Mounting plugin NullSourceCodeAccess
LogPluginManager: Mounting plugin PerforceSourceControl
LogPluginManager: Mounting plugin SubversionSourceControl
LogPluginManager: Mounting plugin UObjectPlugin
LogPluginManager: Mounting plugin VisualStudioCodeSourceCodeAccess
LogPluginManager: Mounting plugin VisualStudioSourceCodeAccess
LogPluginManager: Mounting plugin XCodeSourceCodeAccess
LogPluginManager: Mounting plugin AssetManagerEditor
LogPluginManager: Mounting plugin AudioCapture
LogPluginManager: Mounting plugin FacialAnimation
LogPluginManager: Mounting plugin GameplayTagsEditor
LogPluginManager: Mounting plugin MobileLauncherProfileWizard
LogPluginManager: Mounting plugin PluginBrowser
LogPluginManager: Mounting plugin SpeedTreeImporter
LogPluginManager: Mounting plugin AlembicImporter
LogPluginManager: Mounting plugin CharacterAI
LogPluginManager: Mounting plugin HTML5Networking
LogPluginManager: Mounting plugin GameSparks
LogPluginManager: Mounting plugin AndroidMedia
LogPluginManager: Mounting plugin AvfMedia
LogPluginManager: Mounting plugin ImgMedia
LogPluginManager: Mounting plugin MediaCompositing
LogPluginManager: Mounting plugin MediaPlayerEditor
LogPluginManager: Mounting plugin WmfMedia
LogPluginManager: Mounting plugin TcpMessaging
LogPluginManager: Mounting plugin UdpMessaging
LogPluginManager: Mounting plugin ActorSequence
LogPluginManager: Mounting plugin LevelSequenceEditor
LogPluginManager: Mounting plugin MatineeToLevelSequence
LogPluginManager: Mounting plugin OnlineSubsystemGooglePlay
LogPluginManager: Mounting plugin OnlineSubsystemIOS
LogPluginManager: Mounting plugin OnlineSubsystem
LogPluginManager: Mounting plugin OnlineSubsystemNull
LogPluginManager: Mounting plugin OnlineSubsystemUtils
LogPluginManager: Mounting plugin AndroidDeviceProfileSelector
LogPluginManager: Mounting plugin AndroidMoviePlayer
LogPluginManager: Mounting plugin AndroidPermission
LogPluginManager: Mounting plugin AppleARKit
LogPluginManager: Mounting plugin AppleMoviePlayer
LogPluginManager: Mounting plugin ArchVisCharacter
LogPluginManager: Mounting plugin CableComponent
LogPluginManager: Mounting plugin CustomMeshComponent
LogPluginManager: Mounting plugin ExampleDeviceProfileSelector
LogPluginManager: Mounting plugin GoogleCloudMessaging
LogPluginManager: Mounting plugin ImmediatePhysics
LogPluginManager: Mounting plugin IOSDeviceProfileSelector
LogPluginManager: Mounting plugin LinuxDeviceProfileSelector
LogPluginManager: Mounting plugin LocationServicesBPLibrary
LogPluginManager: Mounting plugin MobilePatchingUtils
LogPluginManager: Mounting plugin OculusVR
LogPluginManager: Plugin shader directory ../../../Engine/Plugins/Runtime/Oculus/OculusVR/Shaders found
LogPluginManager: Mapping shader source directory ../../../Engine/Plugins/Runtime/Oculus/OculusVR/Shaders to virtual directory /Plugin/OculusVR
LogPluginManager: Mounting plugin PhysXVehicles
LogPluginManager: Mounting plugin ProceduralMeshComponent
LogPluginManager: Mounting plugin RuntimePhysXCooking
LogPluginManager: Mounting plugin SteamVR
LogPluginManager: Mounting plugin WindowsMoviePlayer
LogInit: Using libcurl 7.47.1
LogInit:  - built for x86_64-pc-win32
LogInit:  - supports SSL with OpenSSL/1.0.2g
LogInit:  - supports HTTP deflate (compression) using libz 1.2.8
LogInit:  - other features:
LogInit:      CURL_VERSION_SSL
LogInit:      CURL_VERSION_LIBZ
LogInit:      CURL_VERSION_IPV6
LogInit:      CURL_VERSION_ASYNCHDNS
LogInit:      CURL_VERSION_LARGEFILE
LogInit:      CURL_VERSION_IDN
LogInit:  CurlRequestOptions (configurable via config and command line):
LogInit:  - bVerifyPeer = false  - Libcurl will NOT verify peer certificate
LogInit:  - bUseHttpProxy = false  - Libcurl will NOT use HTTP proxy
LogInit:  - bDontReuseConnections = false  - Libcurl will reuse connections
LogInit:  - CertBundlePath = nullptr  - Libcurl will use whatever was configured at build time.
LogInit: Build: ++UE4+Release-4.18-CL-3832480
LogInit: Engine Version: 4.18.3-3832480+++UE4+Release-4.18
LogInit: Compatible Engine Version: 4.18.0-3709383+++UE4+Release-4.18
LogInit: Net CL: 3709383
LogDevObjectVersion: Number of dev versions registered: 16
LogDevObjectVersion:   Dev-Blueprints (B0D832E4-1F89-4F0D-ACCF-7EB736FD4AA2): 10
LogDevObjectVersion:   Dev-Build (E1C64328-A22C-4D53-A36C-8E866417BD8C): 0
LogDevObjectVersion:   Dev-Core (375EC13C-06E4-48FB-B500-84F0262A717E): 2
LogDevObjectVersion:   Dev-Editor (E4B068ED-F494-42E9-A231-DA0B2E46BB41): 20
LogDevObjectVersion:   Dev-Framework (CFFC743F-43B0-4480-9391-14DF171D2073): 30
LogDevObjectVersion:   Dev-Mobile (B02B49B5-BB20-44E9-A304-32B752E40360): 0
LogDevObjectVersion:   Dev-Networking (A4E4105C-59A1-49B5-A7C5-40C4547EDFEE): 0
LogDevObjectVersion:   Dev-Online (39C831C9-5AE6-47DC-9A44-9C173E1C8E7C): 0
LogDevObjectVersion:   Dev-Physics (78F01B33-EBEA-4F98-B9B4-84EACCB95AA2): 0
LogDevObjectVersion:   Dev-Platform (6631380F-2D4D-43E0-8009-CF276956A95A): 0
LogDevObjectVersion:   Dev-Rendering (12F88B9F-8875-4AFC-A67C-D90C383ABD29): 20
LogDevObjectVersion:   Dev-Sequencer (7B5AE74C-D270-4C10-A958-57980B212A5A): 4
LogDevObjectVersion:   Dev-VR (D7296918-1DD6-4BDD-9DE2-64A83CC13884): 0
LogDevObjectVersion:   Dev-LoadTimes (C2A15278-BFE7-4AFE-6C17-90FF531DF755): 1
LogDevObjectVersion:   Private-Geometry (6EACA3D4-40EC-4CC1-B786-8BED09428FC5): 1
LogDevObjectVersion:   Dev-AnimPhys (29E575DD-E0A3-4627-9D10-D276232CDCEA): 12
LogInit: Compiled (64-bit): Jan 12 2018 02:04:55
LogInit: Compiled with Visual C++: 19.00.24215.01
LogInit: Build Configuration: Development
LogInit: Branch Name: ++UE4+Release-4.18
LogInit: Command line: 
LogInit: Base directory: C:/Program Files/Epic Games/UE_4.18/Engine/Binaries/Win64/
LogInit: Installed Engine Build: 1
LogInit: Presizing for max 8388607 objects, including 0 objects not considered by GC, pre-allocating 0 bytes for permanent pool.
LogInit: Object subsystem initialized
[2020.09.16-01.06.08:110][  0]LogInit: Selected Device Profile: [Windows]
[2020.09.16-01.06.08:110][  0]LogInit: Applying CVar settings loaded from the selected device profile: [Windows]
[2020.09.16-01.06.08:163][  0]LogInit: Computer: DESKTOP-IJ1U86O
[2020.09.16-01.06.08:163][  0]LogInit: User: DANIELFS
[2020.09.16-01.06.08:163][  0]LogInit: CPU Page size=4096, Cores=4
[2020.09.16-01.06.08:163][  0]LogInit: High frequency timer resolution =10.000000 MHz
[2020.09.16-01.06.08:165][  0]LogMemory: Memory total: Physical=6.9GB (7GB approx)
[2020.09.16-01.06.08:165][  0]LogMemory: Platform Memory Stats for Windows
[2020.09.16-01.06.08:165][  0]LogMemory: Process Physical Memory: 272.98 MB used, 272.98 MB peak
[2020.09.16-01.06.08:165][  0]LogMemory: Process Virtual Memory: 271.54 MB used, 271.54 MB peak
[2020.09.16-01.06.08:166][  0]LogMemory: Physical Memory: 3930.59 MB used,  3167.95 MB free, 7098.54 MB total
[2020.09.16-01.06.08:166][  0]LogMemory: Virtual Memory: 4750.34 MB used,  3167.95 MB free, 134217728.00 MB total
[2020.09.16-01.06.09:730][  0]LogInit: Overriding language with editor language configuration option (en).
[2020.09.16-01.06.09:731][  0]LogInit: Overriding locale with editor locale configuration option (en).
[2020.09.16-01.06.11:434][  0]LogInit: Setting process to per monitor DPI aware
[2020.09.16-01.06.13:027][  0]LogD3D11RHI: D3D11 adapters:
[2020.09.16-01.06.13:145][  0]LogD3D11RHI:    0. 'AMD Radeon(TM) R7 Graphics' (Feature Level 11_0)
[2020.09.16-01.06.13:145][  0]LogD3D11RHI:       1004/0/3549 MB DedicatedVideo/DedicatedSystem/SharedSystem, Outputs:1, VendorId:0x1002
[2020.09.16-01.06.13:157][  0]LogD3D11RHI:    1. 'Microsoft Basic Render Driver' (Feature Level 11_0)
[2020.09.16-01.06.13:157][  0]LogD3D11RHI:       0/0/3549 MB DedicatedVideo/DedicatedSystem/SharedSystem, Outputs:0, VendorId:0x1414
[2020.09.16-01.06.13:157][  0]LogD3D11RHI: Chosen D3D11 Adapter: 0
[2020.09.16-01.06.13:183][  0]LogD3D11RHI: Creating new Direct3DDevice
[2020.09.16-01.06.13:184][  0]LogD3D11RHI:     GPU DeviceId: 0x1309 (for the marketing name, search the web for "GPU Device Id")
[2020.09.16-01.06.13:184][  0]LogWindows: EnumDisplayDevices:
[2020.09.16-01.06.13:184][  0]LogWindows:    0. 'AMD Radeon(TM) R7 Graphics' (P:1 D:1)
[2020.09.16-01.06.13:186][  0]LogWindows:    1. 'AMD Radeon(TM) R7 Graphics' (P:0 D:0)
[2020.09.16-01.06.13:187][  0]LogWindows:    2. 'AMD Radeon(TM) R7 Graphics' (P:0 D:0)
[2020.09.16-01.06.13:188][  0]LogWindows:    3. 'AMD Radeon(TM) R7 Graphics' (P:0 D:0)
[2020.09.16-01.06.13:190][  0]LogWindows:    4. 'AMD Radeon(TM) R7 Graphics' (P:0 D:0)
[2020.09.16-01.06.13:191][  0]LogWindows:    5. 'AMD Radeon(TM) R7 Graphics' (P:0 D:0)
[2020.09.16-01.06.13:191][  0]LogWindows: DebugString: GetVideoDriverDetailsInvalid PrimaryIsNotTheChoosenAdapter GetVideoDriverDetailsInvalid PrimaryIsNotTheChoosenAdapter GetVideoDriverDetailsInvalid PrimaryIsNotTheChoosenAdapter GetVideoDriverDetailsInvalid PrimaryIsNotTheChoosenAdapter GetVideoDriverDetailsInvalid PrimaryIsNotTheChoosenAdapter GetVideoDriverDetailsInvalid PrimaryIsNotTheChoosenAdapter FoundDriverCount:0 
[2020.09.16-01.06.13:191][  0]LogD3D11RHI:     Adapter Name: AMD Radeon(TM) R7 Graphics
[2020.09.16-01.06.13:191][  0]LogD3D11RHI:   Driver Version: Unknown (internal:Unknown, unified:Unknown)
[2020.09.16-01.06.13:192][  0]LogD3D11RHI:      Driver Date: Unknown
[2020.09.16-01.06.13:192][  0]LogRHI: Texture pool is 703 MB (70% of 1004 MB)
[2020.09.16-01.06.13:377][  0]LogD3D11RHI: Async texture creation enabled
[2020.09.16-01.06.13:432][  0]LogD3D11RHI: GPU Timing Frequency: 27.000000 (Debug: 2 2)
[2020.09.16-01.06.13:438][  0]LogShaderCompilers: Guid format shader working directory is -35 characters bigger than the processId version (../../../../../../Users/DANIEL_FS/Documents/GitHub/MuseoVirtualUdeM/MuseoVirtualUdem/Intermediate/Shaders/WorkingDirectory/57196/).
[2020.09.16-01.06.13:438][  0]LogShaderCompilers: Cleaned the shader compiler working directory 'C:/Users/DANIEL_FS/AppData/Local/Temp/UnrealShaderWorkingDir/28A9117940000F8E4BF2419FCAE77744/'.
[2020.09.16-01.06.13:439][  0]LogShaderCompilers: Display: Using Local Shader Compiler.
[2020.09.16-01.06.23:112][  0]LogTemp: Display: Loaded TP AllDesktopTargetPlatform
[2020.09.16-01.06.23:754][  0]LogTemp: Display: Loaded TP MacClientTargetPlatform
[2020.09.16-01.06.24:356][  0]LogTemp: Display: Loaded TP MacNoEditorTargetPlatform
[2020.09.16-01.06.25:063][  0]LogTemp: Display: Loaded TP MacServerTargetPlatform
[2020.09.16-01.06.25:759][  0]LogTemp: Display: Loaded TP MacTargetPlatform
[2020.09.16-01.06.26:428][  0]LogTemp: Display: Loaded TP WindowsClientTargetPlatform
[2020.09.16-01.06.27:180][  0]LogTemp: Display: Loaded TP WindowsNoEditorTargetPlatform
[2020.09.16-01.06.27:863][  0]LogTemp: Display: Loaded TP WindowsServerTargetPlatform
[2020.09.16-01.06.28:390][  0]LogTemp: Display: Loaded TP WindowsTargetPlatform
[2020.09.16-01.06.28:941][  0]LogTemp: Display: Loaded TP Android_ASTCTargetPlatform
[2020.09.16-01.06.29:763][  0]LogTemp: Display: Loaded TP Android_ATCTargetPlatform
[2020.09.16-01.06.30:425][  0]LogTemp: Display: Loaded TP Android_DXTTargetPlatform
[2020.09.16-01.06.31:026][  0]LogTemp: Display: Loaded TP Android_ETC1TargetPlatform
[2020.09.16-01.06.31:642][  0]LogTemp: Display: Loaded TP Android_ETC2TargetPlatform
[2020.09.16-01.06.33:089][  0]LogTemp: Display: Loaded TP Android_MultiTargetPlatform
[2020.09.16-01.06.33:090][  0]LogTemp: Display: Loaded TP Android_PVRTCTargetPlatform
[2020.09.16-01.06.33:650][  0]LogTemp: Display: Loaded TP AndroidTargetPlatform
[2020.09.16-01.06.34:167][  0]LogTemp: Display: Loaded TP HTML5TargetPlatform
[2020.09.16-01.06.35:044][  0]LogTemp: Display: Loaded TP IOSTargetPlatform
[2020.09.16-01.06.35:390][  0]LogTemp: Display: Loaded TP TVOSTargetPlatform
[2020.09.16-01.06.36:026][  0]LogTemp: Display: Loaded TP LinuxClientTargetPlatform
[2020.09.16-01.06.36:620][  0]LogTemp: Display: Loaded TP LinuxNoEditorTargetPlatform
[2020.09.16-01.06.37:302][  0]LogTemp: Display: Loaded TP LinuxServerTargetPlatform
[2020.09.16-01.06.37:907][  0]LogTemp: Display: Loaded TP LinuxTargetPlatform
[2020.09.16-01.06.37:907][  0]LogTargetPlatformManager: Display: Building Assets For Windows
[2020.09.16-01.06.46:556][  0]LogDerivedDataCache: Display: Max Cache Size: 512 MB
[2020.09.16-01.06.47:015][  0]LogDerivedDataCache: Loaded boot cache 0.46s 78MB C:/Users/DANIEL_FS/AppData/Local/UnrealEngine/4.18/DerivedDataCache/Boot.ddc.
[2020.09.16-01.06.47:015][  0]LogDerivedDataCache: Display: Loaded Boot cache: C:/Users/DANIEL_FS/AppData/Local/UnrealEngine/4.18/DerivedDataCache/Boot.ddc
[2020.09.16-01.06.47:016][  0]LogDerivedDataCache: FDerivedDataBackendGraph:  Pak pak cache file ../../../../../../Users/DANIEL_FS/Documents/GitHub/MuseoVirtualUdeM/MuseoVirtualUdem/DerivedDataCache/DDC.ddp not found, will not use a pak cache.
[2020.09.16-01.06.47:016][  0]LogDerivedDataCache: Unable to find inner node Pak for hierarchical cache Hierarchy.
[2020.09.16-01.06.47:016][  0]LogDerivedDataCache: FDerivedDataBackendGraph:  CompressedPak pak cache file ../../../../../../Users/DANIEL_FS/Documents/GitHub/MuseoVirtualUdeM/MuseoVirtualUdem/DerivedDataCache/Compressed.ddp not found, will not use a pak cache.
[2020.09.16-01.06.47:016][  0]LogDerivedDataCache: Unable to find inner node CompressedPak for hierarchical cache Hierarchy.
[2020.09.16-01.06.47:113][  0]LogDerivedDataCache: Display: Pak cache opened for reading ../../../Engine/DerivedDataCache/Compressed.ddp.
[2020.09.16-01.06.47:134][  0]LogDerivedDataCache: Using Local data cache path C:/Users/DANIEL_FS/AppData/Local/UnrealEngine/Common/DerivedDataCache: Writable
[2020.09.16-01.06.47:198][  0]LogMaterial: Verifying Global Shaders for PCD3D_SM5
[2020.09.16-01.06.47:200][  0]LogSlate: Using Freetype 2.6.0
[2020.09.16-01.06.47:204][  0]LogSlate: SlateFontCache - WITH_FREETYPE: 1, WITH_HARFBUZZ: 1
[2020.09.16-01.06.47:204][  0]LogSlate: SlateFontCache - WITH_FREETYPE: 1, WITH_HARFBUZZ: 1
[2020.09.16-01.06.50:550][  0]LogInit: Selected Device Profile: [Windows]
[2020.09.16-01.06.55:846][  0]LogSimplygon: Simplygon DLL not present - disabling.
[2020.09.16-01.06.56:441][  0]LogMeshReduction: Using SimplygonSwarm for distributed automatic mesh merging
[2020.09.16-01.06.56:441][  0]LogMeshReduction: Using QuadricMeshReduction for automatic static mesh reduction
[2020.09.16-01.06.56:441][  0]LogMeshReduction: No automatic skeletal mesh reduction module available
[2020.09.16-01.06.56:441][  0]LogMeshReduction: No automatic mesh merging module available
[2020.09.16-01.06.56:442][  0]LogMeshMerging: No automatic mesh merging module available
[2020.09.16-01.06.56:760][  0]LogNetVersion: MuseoVirtualUdem , NetCL: 3709383, EngineNetVer: 2, GameNetVer: 0 (Checksum: 2631075334)
[2020.09.16-01.06.58:423][  0]LogAssetRegistry: FAssetRegistry took 0.0657 seconds to start up
[2020.09.16-01.07.03:961][  0]LogPackageLocalizationCache: Processed 8 localized package path(s) for 1 prioritized culture(s) in 0.263270 seconds
[2020.09.16-01.07.04:008][  0]LogUObjectArray: 35870 objects as part of root set at end of initial load.
[2020.09.16-01.07.04:008][  0]LogUObjectAllocator: 7363704 out of 0 bytes used by permanent object pool.
[2020.09.16-01.07.04:008][  0]LogUObjectArray: CloseDisregardForGC: 0/0 objects in disregard for GC pool
[2020.09.16-01.07.05:461][  0]LogInit: WinSock: version 1.1 (2.2), MaxSocks=32767, MaxUdp=65467
[2020.09.16-01.07.44:052][  0]UGameSparksModuleLog: Warning: GameSparks::StartupModule
[2020.09.16-01.07.44:840][  0]LogTcpMessaging: Initializing TcpMessaging bridge
[2020.09.16-01.07.45:491][  0]LogUdpMessaging: Initializing bridge on interface 0.0.0.0:0 to multicast group 230.0.0.1:6666.
[2020.09.16-01.07.54:472][  0]LogMaterial: Uniform references updated for custom material expression Custom.
[2020.09.16-01.07.59:332][  0]SourceControl: Source control is disabled
[2020.09.16-01.07.59:332][  0]SourceControl: Source control is disabled
[2020.09.16-01.08.00:285][  0]SourceControl: Source control is disabled
[2020.09.16-01.08.01:171][  0]SourceControl: Source control is disabled
[2020.09.16-01.08.13:789][  0]LogAndroidPermission: UAndroidPermissionCallbackProxy::GetInstance
[2020.09.16-01.08.23:001][  0]LogOcInput: OculusInput pre-init called
[2020.09.16-01.08.31:828][  0]LogEngine: Initializing Engine...
[2020.09.16-01.08.31:856][  0]LogHMD: Failed to initialize OpenVR with code 110
[2020.09.16-01.08.34:223][  0]LogStats: UGameplayTagsManager::ConstructGameplayTagTree: Construct from data asset -  0.000 s
[2020.09.16-01.08.34:223][  0]LogStats: UGameplayTagsManager::ConstructGameplayTagTree: GameplayTagTreeChangedEvent.Broadcast -  0.000 s
[2020.09.16-01.08.37:311][  0]LogAIModule: Creating AISystem for world Untitled
[2020.09.16-01.08.37:391][  0]LogInit: XAudio2 using 'Altavoces (Conexant SmartAudio HD)' : 2 channels at 44.1 kHz using 32 bits per sample (channel mask 0x3)
[2020.09.16-01.08.37:893][  0]LogInit: FAudioDevice initialized.
[2020.09.16-01.08.38:240][  0]LogDerivedDataCache: Saved boot cache 0.34s 78MB C:/Users/DANIEL_FS/AppData/Local/UnrealEngine/4.18/DerivedDataCache/Boot.ddc.
[2020.09.16-01.08.38:308][  0]LogInit: Texture streaming: Enabled
[2020.09.16-01.08.40:332][  0]LogEngineSessionManager: EngineSessionManager initialized
[2020.09.16-01.08.42:934][  0]LogInit: Transaction tracking system initialized
[2020.09.16-01.08.47:896][  0]BlueprintLog: New page: Editor Load
[2020.09.16-01.08.59:177][  0]LocalizationService: Localization service is disabled
[2020.09.16-01.09.09:608][  0]LogConsoleResponse: Display: 
[2020.09.16-01.09.10:847][  0]LogCook: Display: Max memory allowance for cook 16384mb min free memory 0mb
[2020.09.16-01.09.10:848][  0]LogCook: Display: Mobile HDR setting 1
[2020.09.16-01.09.10:848][  0]LogGameplayTags: Display: UGameplayTagsManager::DoneAddingNativeTags. DelegateIsBound: 0
[2020.09.16-01.09.11:738][  0]LogFileCache: Scanning file cache for directory 'C:/Users/DANIEL_FS/Documents/GitHub/MuseoVirtualUdeM/MuseoVirtualUdem/Content/' took 0.05s
[2020.09.16-01.09.32:895][  0]SourceControl: Source control is disabled
[2020.09.16-01.09.32:906][  0]LogFactory: Error: Can't find file 'C:/Program Files/Epic Games/UE_4.18/FeaturePacks/StarterContent.upack' for import
[2020.09.16-01.09.33:016][  0]LogSlate: Took 0.001247 seconds to synchronously load lazily loaded font '../../../Engine/Content/Slate/Fonts/Roboto-Regular.ttf' (155K)
[2020.09.16-01.09.43:286][  0]LogWindowsTextInputMethodSystem: Display: IME system now deactivated.
[2020.09.16-01.09.43:292][  0]LogWindowsTextInputMethodSystem: Display: IME system now deactivated.
[2020.09.16-01.09.43:305][  0]LogAssetTools: Warning: Failed to import 'C:/Program Files/Epic Games/UE_4.18/FeaturePacks/StarterContent.upack'. Failed to create asset '/Game/StarterContent'.
Please see Output Log for details.
[2020.09.16-01.09.43:307][  0]LogFeaturePack: Warning: No objects imported installing pack StarterContent.upack
[2020.09.16-01.09.43:307][  0]LogFeaturePack: Warning: Inserted 0 feature packs
[2020.09.16-01.09.43:316][  0]Cmd: MAP LOAD FILE="../../../../../../Users/DANIEL_FS/Documents/GitHub/MuseoVirtualUdeM/MuseoVirtualUdem/Content/ThirdPersonBP/Maps/ThirdPersonExampleMap.umap" TEMPLATE=0 SHOWPROGRESS=1 FEATURELEVEL=3
[2020.09.16-01.09.43:351][  0]LightingResults: New page: Lighting Build
[2020.09.16-01.09.43:882][  0]MapCheck: New page: Map Check
[2020.09.16-01.09.43:882][  0]LightingResults: New page: Lighting Build
[2020.09.16-01.09.47:183][  0]LogAIModule: Creating AISystem for world ThirdPersonExampleMap
[2020.09.16-01.09.47:237][  0]LogEditorServer: Finished looking for orphan Actors (0.000 secs)
[2020.09.16-01.09.47:369][  0]Cmd: MAP CHECKDEP NOCLEARLOG
[2020.09.16-01.09.48:052][  0]MapCheck: Map check complete: 0 Error(s), 0 Warning(s), took 683.166ms to complete.
[2020.09.16-01.09.48:053][  0]LogFileHelpers: Loading map 'ThirdPersonExampleMap' took 4.738
[2020.09.16-01.09.48:727][  0]LogCollectionManager: Loaded 0 collections in 0.022240 seconds
[2020.09.16-01.09.49:276][  0]LogFileCache: Scanning file cache for directory 'C:/Users/DANIEL_FS/Documents/GitHub/MuseoVirtualUdeM/MuseoVirtualUdem/Saved/Collections/' took 0.01s
[2020.09.16-01.09.49:277][  0]LogFileCache: Scanning file cache for directory 'C:/Users/DANIEL_FS/Documents/GitHub/MuseoVirtualUdeM/MuseoVirtualUdem/Content/Developers/DANIELFS/Collections/' took 0.01s
[2020.09.16-01.09.49:277][  0]LogFileCache: Scanning file cache for directory 'C:/Users/DANIEL_FS/Documents/GitHub/MuseoVirtualUdeM/MuseoVirtualUdem/Content/Collections/' took 0.01s
[2020.09.16-01.09.49:277][  0]LogCollectionManager: Rebuilt the GUID cache for 0 collections in 0.000001 seconds
[2020.09.16-01.09.49:327][  0]LogContentBrowser: Native class hierarchy populated in 0.0496 seconds. Added 2462 classes and 523 folders.
[2020.09.16-01.09.50:340][  0]LogContentBrowser: Native class hierarchy updated for 'WidgetCarousel' in 0.0009 seconds. Added 0 classes and 0 folders.
[2020.09.16-01.09.50:385][  0]LogContentBrowser: Native class hierarchy updated for 'AddContentDialog' in 0.0011 seconds. Added 0 classes and 0 folders.
[2020.09.16-01.09.51:006][  0]LogContentBrowser: Native class hierarchy updated for 'SceneOutliner' in 0.0013 seconds. Added 1 classes and 2 folders.
[2020.09.16-01.09.51:096][  0]LogSlate: Took 0.001184 seconds to synchronously load lazily loaded font '../../../Engine/Content/Slate/Fonts/Roboto-Bold.ttf' (160K)
[2020.09.16-01.09.51:123][  0]LogSlate: Took 0.003250 seconds to synchronously load lazily loaded font '../../../Engine/Content/Editor/Slate/Fonts/FontAwesome.ttf' (139K)
[2020.09.16-01.09.51:733][  0]LogRenderer: Reallocating scene render targets to support 816x396 Format 10 NumSamples 1 (Frame:1).
[2020.09.16-01.09.52:914][  0]LogContentBrowser: Native class hierarchy updated for 'HierarchicalLODOutliner' in 0.0012 seconds. Added 1 classes and 2 folders.
[2020.09.16-01.09.52:914][  0]LogLoad: (Engine Initialization) Total time: 242.70 seconds
[2020.09.16-01.09.52:914][  0]LogLoad: (Engine Initialization) Total Blueprint compile time: 0.00 seconds
[2020.09.16-01.09.52:915][  0]LogExternalProfiler: No external profilers were discovered.  External profiling features will not be available.
[2020.09.16-01.09.53:044][  0]LogEditorViewport: Clicking on Actor (LMB): StaticMeshActor (bruta_fbx)
[2020.09.16-01.09.53:361][  0]LogContentStreaming: Texture pool size now 1000 MB
[2020.09.16-01.09.53:481][  0]LogSlate: Took 0.003935 seconds to synchronously load lazily loaded font '../../../Engine/Content/Slate/Fonts/Roboto-Light.ttf' (159K)
[2020.09.16-01.09.54:607][  6]LogAssetRegistry: Asset discovery search completed in 176.2116 seconds
[2020.09.16-01.09.54:618][  6]LogCollectionManager: Rebuilt the object cache for 0 collections in 0.000001 seconds (found 0 objects)
[2020.09.16-01.09.54:619][  6]LogCollectionManager: Fixed up redirectors for 0 collections in 0.000641 seconds (updated 0 objects)
[2020.09.16-01.10.03:459][279]LogTemp: Repeating last play command: Selected Viewport
[2020.09.16-01.10.03:618][279]LogBlueprintUserMessages: Early PlayInEditor Detection: Level '/Game/ThirdPersonBP/Maps/ThirdPersonExampleMap.ThirdPersonExampleMap:PersistentLevel' has LevelScriptBlueprint '/Game/ThirdPersonBP/Maps/ThirdPersonExampleMap.ThirdPersonExampleMap:PersistentLevel.ThirdPersonExampleMap' with GeneratedClass '/Game/ThirdPersonBP/Maps/ThirdPersonExampleMap.ThirdPersonExampleMap_C' with ClassGeneratedBy '/Game/ThirdPersonBP/Maps/ThirdPersonExampleMap.ThirdPersonExampleMap:PersistentLevel.ThirdPersonExampleMap'
[2020.09.16-01.10.03:620][279]LogPlayLevel: PlayLevel: No blueprints needed recompiling
[2020.09.16-01.10.03:623][279]PIE: New page: PIE session: ThirdPersonExampleMap (Sep 15, 2020, 3:10:03 PM)
[2020.09.16-01.10.03:624][279]LogPlayLevel: Creating play world package: /Game/ThirdPersonBP/Maps/UEDPIE_0_ThirdPersonExampleMap
[2020.09.16-01.10.03:748][279]LogPlayLevel: PIE: StaticDuplicateObject took: (0.124335s)
[2020.09.16-01.10.03:755][279]LogAIModule: Creating AISystem for world ThirdPersonExampleMap
[2020.09.16-01.10.03:759][279]LogPlayLevel: PIE: World Init took: (0.010363s)
[2020.09.16-01.10.03:765][279]LogPlayLevel: PIE: Created PIE world by copying editor world from /Game/ThirdPersonBP/Maps/ThirdPersonExampleMap.ThirdPersonExampleMap to /Game/ThirdPersonBP/Maps/UEDPIE_0_ThirdPersonExampleMap.ThirdPersonExampleMap (0.141691s)
[2020.09.16-01.10.03:874][279]LogInit: XAudio2 using 'Altavoces (Conexant SmartAudio HD)' : 2 channels at 44.1 kHz using 32 bits per sample (channel mask 0x3)
[2020.09.16-01.10.04:006][279]LogInit: FAudioDevice initialized.
[2020.09.16-01.10.04:079][279]LogLoad: Game class is 'OurGSGameMode_C'
[2020.09.16-01.10.04:091][279]LogWorld: Bringing World /Game/ThirdPersonBP/Maps/UEDPIE_0_ThirdPersonExampleMap.ThirdPersonExampleMap up for play (max tick rate 60) at 2020.09.15-20.10.04
[2020.09.16-01.10.04:093][279]LogWorld: Bringing up level for play took: 0.007094
[2020.09.16-01.10.04:608][279]LogContentBrowser: Native class hierarchy updated for 'MovieSceneCapture' in 0.0012 seconds. Added 11 classes and 0 folders.
[2020.09.16-01.10.04:609][279]LogGameMode: Display: Match State Changed from EnteringMap to WaitingToStart
[2020.09.16-01.10.04:609][279]LogGameState: Match State Changed from EnteringMap to WaitingToStart
[2020.09.16-01.10.04:609][279]LogGameMode: Display: Match State Changed from WaitingToStart to InProgress
[2020.09.16-01.10.04:632][279]PIE: Error: SetInputMode_GameAndUI expects a valid player controller as target
[2020.09.16-01.10.04:632][279]UGameSparksModuleLog: Warning: GameSparks::Initialize
[2020.09.16-01.10.04:637][279]UGameSparksModuleLog: Initialized
[2020.09.16-01.10.04:637][279]LogGameState: Match State Changed from WaitingToStart to InProgress
[2020.09.16-01.10.04:638][279]PIE: Play in editor start time for /Game/ThirdPersonBP/Maps/UEDPIE_0_ThirdPersonExampleMap 0.58
[2020.09.16-01.10.04:639][279]LogBlueprintUserMessages: Late PlayInEditor Detection: Level '/Game/ThirdPersonBP/Maps/ThirdPersonExampleMap.ThirdPersonExampleMap:PersistentLevel' has LevelScriptBlueprint '/Game/ThirdPersonBP/Maps/ThirdPersonExampleMap.ThirdPersonExampleMap:PersistentLevel.ThirdPersonExampleMap' with GeneratedClass '/Game/ThirdPersonBP/Maps/ThirdPersonExampleMap.ThirdPersonExampleMap_C' with ClassGeneratedBy '/Game/ThirdPersonBP/Maps/ThirdPersonExampleMap.ThirdPersonExampleMap:PersistentLevel.ThirdPersonExampleMap'
[2020.09.16-01.10.10:374][478]UGameSparksModuleLog: WebSocket callback: {"@class": ".AuthenticatedConnectResponse","connectUrl": "wss://gsp-aeu000-se07.gamesparks.net/ws/device/293711ZXWjA9","requestId": "0"}
[2020.09.16-01.10.10:375][478]UGameSparksModuleLog: Received new connection url from gamesparks backend. Establishing new connection now.
[2020.09.16-01.10.10:375][478]UGameSparksModuleLog: Create new connection
[2020.09.16-01.10.10:378][478]UGameSparksModuleLog: Handle authentication connect response with immediate handshake
[2020.09.16-01.10.10:379][478]UGameSparksModuleLog: WebSocket closed
[2020.09.16-01.10.15:947][683]UGameSparksModuleLog: WebSocket callback: {"@class":".AuthenticatedConnectResponse","nonce":"bc843fe5-d301-453f-9858-032aa9b09642","requestId":"0"}
[2020.09.16-01.10.15:947][683]UGameSparksModuleLog: Handle authentication connect response with immediate handshake
[2020.09.16-01.10.15:955][683]UGameSparksModuleLog: Send immediate request: {
	"@class":	".AuthenticatedConnectRequest",
	"hmac":	"ss6acwuvkq189eNsEn+P5PcjgYAOkUKjb0FWvRLvm5M=",
	"os":	"Windows",
	"platform":	"Windows",
	"deviceId":	"358f339235f14dd54cfdd76c989536aa",
	"deviceStats":	{
		"cpu.cores":	"4",
		"cpu.vendor":	"AMD FX-7500 Radeon R7, 10 Compute Cores 4C+6G  ",
		"engine":	"Unreal Engine",
		"engine.version":	"4.18.0",
		"manufacturer":	"Microsoft",
		"memory":	"7098 MB",
		"model":	"PC",
		"os.name":	"Windows",
		"os.version":	"10.0.18362.959",
		"os.version.major":	"10",
		"os.version.major.minor":	"10.0",
		"resolution":	"1366x768",
		"gssdk":	"1.1.18.0"
	}
}
[2020.09.16-01.10.15:957][683]UGameSparksModuleLog: Handshake request sent
[2020.09.16-01.10.16:283][695]UGameSparksModuleLog: WebSocket callback: {"@class":".AuthenticatedConnectResponse","requestId":"0","sessionId":"bc843fe5-d301-453f-9858-032aa9b09642"}
[2020.09.16-01.10.16:283][695]UGameSparksModuleLog: Handle authentication connect response with immediate handshake
[2020.09.16-01.10.16:285][695]UGameSparksModuleLog: Warning: GameSparks::GameSparksAvailable_Static
[2020.09.16-01.10.16:285][695]LogBlueprintUserMessages: [OurGSGameMode_C_0] Gamesparks available
[2020.09.16-01.10.16:342][697]UGameSparksModuleLog: Send immediate request: {
	"@class":	".AuthenticationRequest",
	"password":	"daniels",
	"userName":	"daniels",
	"requestId":	"1600218616_0"
}
[2020.09.16-01.10.17:405][735]UGameSparksModuleLog: WebSocket callback: {"@class":".AuthenticationResponse","authToken":"9b875bf8-868c-42a8-ab28-34187764fee9","displayName":"Daniels","newPlayer":false,"requestId":"1600218616_0","userId":"5f569cc37e50dd01db2bb2f1"}
[2020.09.16-01.10.17:406][735]UGameSparksModuleLog: Received auth token
[2020.09.16-01.10.17:408][735]LogBlueprintUserMessages: [GameSparksLogin_C_0] Welcome back Daniels
[2020.09.16-01.10.17:409][735]UGameSparksModuleLog: New UserId init persistent queue
[2020.09.16-01.10.23:740][959]LogBlueprintUserMessages: [BP_NPC_210] Rosa: Bienvenido
[2020.09.16-01.10.23:767][960]LogBlueprintUserMessages: [BP_NPC_210] Rosa: Bienvenido
[2020.09.16-01.10.23:792][961]LogBlueprintUserMessages: [BP_NPC_210] Rosa: Bienvenido
[2020.09.16-01.10.23:958][967]LogBlueprintUserMessages: [BP_NPC_210] Rosa: Bienvenido
[2020.09.16-01.10.23:986][968]LogBlueprintUserMessages: [BP_NPC_210] Rosa: Bienvenido
[2020.09.16-01.10.23:986][968]LogBlueprintUserMessages: [BP_NPC_210] Rosa: Bienvenido
[2020.09.16-01.10.24:011][969]LogBlueprintUserMessages: [BP_NPC_210] Rosa: Bienvenido
[2020.09.16-01.10.24:038][970]LogBlueprintUserMessages: [BP_NPC_210] Rosa: Bienvenido
[2020.09.16-01.10.24:329][981]LogBlueprintUserMessages: [BP_NPC_210] Rosa: Bienvenido
[2020.09.16-01.10.24:330][981]LogBlueprintUserMessages: [BP_NPC_210] Rosa: Bienvenido
[2020.09.16-01.10.24:355][982]LogBlueprintUserMessages: [BP_NPC_210] Rosa: Bienvenido
[2020.09.16-01.10.24:380][983]LogBlueprintUserMessages: [BP_NPC_210] Rosa: Bienvenido
[2020.09.16-01.10.24:410][984]LogBlueprintUserMessages: [BP_NPC_210] Rosa: Bienvenido
[2020.09.16-01.10.24:411][984]LogBlueprintUserMessages: [BP_NPC_210] Rosa: Bienvenido
[2020.09.16-01.10.24:438][985]LogBlueprintUserMessages: [BP_NPC_210] Rosa: Bienvenido
[2020.09.16-01.10.26:707][ 63]LogBlueprintUserMessages: Early EndPlayMap Detection: Level '/Game/ThirdPersonBP/Maps/ThirdPersonExampleMap.ThirdPersonExampleMap:PersistentLevel' has LevelScriptBlueprint '/Game/ThirdPersonBP/Maps/ThirdPersonExampleMap.ThirdPersonExampleMap:PersistentLevel.ThirdPersonExampleMap' with GeneratedClass '/Game/ThirdPersonBP/Maps/ThirdPersonExampleMap.ThirdPersonExampleMap_C' with ClassGeneratedBy '/Game/ThirdPersonBP/Maps/ThirdPersonExampleMap.ThirdPersonExampleMap:PersistentLevel.ThirdPersonExampleMap'
[2020.09.16-01.10.26:724][ 63]UGameSparksModuleLog: Warning: GameSparks::Shutdown
[2020.09.16-01.10.26:725][ 63]UGameSparksModuleLog: Starting connection terminate
[2020.09.16-01.10.26:725][ 63]UGameSparksModuleLog: WebSocket closed
[2020.09.16-01.10.26:726][ 63]UGameSparksModuleLog: Connection terminated
[2020.09.16-01.10.26:726][ 63]UGameSparksModuleLog: Warning: GameSparks::GameSparksAvailable_Static
[2020.09.16-01.10.26:726][ 63]LogBlueprintUserMessages: [OurGSGameMode_C_0] Gamesparks unavailable
[2020.09.16-01.10.26:769][ 63]LogBlueprintUserMessages: Late EndPlayMap Detection: Level '/Game/ThirdPersonBP/Maps/ThirdPersonExampleMap.ThirdPersonExampleMap:PersistentLevel' has LevelScriptBlueprint '/Game/ThirdPersonBP/Maps/ThirdPersonExampleMap.ThirdPersonExampleMap:PersistentLevel.ThirdPersonExampleMap' with GeneratedClass '/Game/ThirdPersonBP/Maps/ThirdPersonExampleMap.ThirdPersonExampleMap_C' with ClassGeneratedBy '/Game/ThirdPersonBP/Maps/ThirdPersonExampleMap.ThirdPersonExampleMap:PersistentLevel.ThirdPersonExampleMap'
[2020.09.16-01.10.35:481][360]LogDirectoryWatcher: Warning: Failed to begin reading directory changes for ../../../../../../Users/DANIEL_FS/Documents/GitHub/MuseoVirtualUdeM/MuseoVirtualUdem/Plugins/. Error: El sistema no puede encontrar el archivo especificado. (0x00000002)
[2020.09.16-01.10.48:500][784]LogDirectoryWatcher: A directory notification for '../../../Engine/Plugins/' was aborted.
[2020.09.16-01.10.49:720][828]LogSlate: Took 0.011590 seconds to synchronously load lazily loaded font '../../../Engine/Content/Editor/Slate/Fonts/DroidSansMono.ttf' (77K)
[2020.09.16-01.11.05:405][500]LogTemp: Repeating last play command: Selected Viewport
[2020.09.16-01.11.06:558][500]LogBlueprintUserMessages: Early PlayInEditor Detection: Level '/Game/ThirdPersonBP/Maps/ThirdPersonExampleMap.ThirdPersonExampleMap:PersistentLevel' has LevelScriptBlueprint '/Game/ThirdPersonBP/Maps/ThirdPersonExampleMap.ThirdPersonExampleMap:PersistentLevel.ThirdPersonExampleMap' with GeneratedClass '/Game/ThirdPersonBP/Maps/ThirdPersonExampleMap.ThirdPersonExampleMap_C' with ClassGeneratedBy '/Game/ThirdPersonBP/Maps/ThirdPersonExampleMap.ThirdPersonExampleMap:PersistentLevel.ThirdPersonExampleMap'
[2020.09.16-01.11.06:559][500]LogPlayLevel: PlayLevel: No blueprints needed recompiling
[2020.09.16-01.11.06:567][500]PIE: New page: PIE session: ThirdPersonExampleMap (Sep 15, 2020, 3:11:06 PM)
[2020.09.16-01.11.06:568][500]LogPlayLevel: Creating play world package: /Game/ThirdPersonBP/Maps/UEDPIE_1_ThirdPersonExampleMap
[2020.09.16-01.11.06:670][500]LogPlayLevel: PIE: StaticDuplicateObject took: (0.101578s)
[2020.09.16-01.11.06:673][500]LogAIModule: Creating AISystem for world ThirdPersonExampleMap
[2020.09.16-01.11.06:674][500]LogPlayLevel: PIE: World Init took: (0.004299s)
[2020.09.16-01.11.06:675][500]LogPlayLevel: PIE: Created PIE world by copying editor world from /Game/ThirdPersonBP/Maps/ThirdPersonExampleMap.ThirdPersonExampleMap to /Game/ThirdPersonBP/Maps/UEDPIE_1_ThirdPersonExampleMap.ThirdPersonExampleMap (0.107867s)
[2020.09.16-01.11.06:788][500]LogInit: XAudio2 using 'Altavoces (Conexant SmartAudio HD)' : 2 channels at 44.1 kHz using 32 bits per sample (channel mask 0x3)
[2020.09.16-01.11.06:947][500]LogInit: FAudioDevice initialized.
[2020.09.16-01.11.07:009][500]LogLoad: Game class is 'OurGSGameMode_C'
[2020.09.16-01.11.07:017][500]LogWorld: Bringing World /Game/ThirdPersonBP/Maps/UEDPIE_1_ThirdPersonExampleMap.ThirdPersonExampleMap up for play (max tick rate 60) at 2020.09.15-20.11.07
[2020.09.16-01.11.07:018][500]LogWorld: Bringing up level for play took: 0.006480
[2020.09.16-01.11.07:021][500]LogTemp: Display: ParseSettings for GameNetDriver
[2020.09.16-01.11.07:022][500]LogTemp: Display: ParseSettings for IpNetDriver_0
[2020.09.16-01.11.07:022][500]LogTemp: Display: ParseSettings for GameNetDriver
[2020.09.16-01.11.07:023][500]LogInit: WinSock: Socket queue 131072 / 131072
[2020.09.16-01.11.07:035][500]LogInit: WinSock: I am DESKTOP-IJ1U86O (192.168.1.3:0)
[2020.09.16-01.11.07:035][500]PacketHandlerLog: Loaded PacketHandler component: Engine.EngineHandlerComponentFactory (StatelessConnectHandlerComponent)
[2020.09.16-01.11.07:036][500]LogNet: GameNetDriver IpNetDriver_0 IpNetDriver listening on port 17777
[2020.09.16-01.11.07:036][500]LogGameMode: Display: Match State Changed from EnteringMap to WaitingToStart
[2020.09.16-01.11.07:036][500]LogGameState: Match State Changed from EnteringMap to WaitingToStart
[2020.09.16-01.11.07:036][500]LogGameMode: Display: Match State Changed from WaitingToStart to InProgress
[2020.09.16-01.11.07:050][500]PIE: Error: SetInputMode_GameAndUI expects a valid player controller as target
[2020.09.16-01.11.07:050][500]UGameSparksModuleLog: Warning: GameSparks::Initialize
[2020.09.16-01.11.07:054][500]UGameSparksModuleLog: Initialized
[2020.09.16-01.11.07:055][500]LogGameState: Match State Changed from WaitingToStart to InProgress
[2020.09.16-01.11.07:056][500]PIE: Play in editor start time for /Game/ThirdPersonBP/Maps/UEDPIE_1_ThirdPersonExampleMap 0.998
[2020.09.16-01.11.07:063][500]PIE: New page: PIE session: ThirdPersonExampleMap (Sep 15, 2020, 3:11:07 PM)
[2020.09.16-01.11.07:184][500]LogNet: Browse: 127.0.0.1:17777//Game/ThirdPersonBP/Maps/ThirdPersonExampleMap
[2020.09.16-01.11.07:185][500]LogTemp: Display: ParseSettings for GameNetDriver
[2020.09.16-01.11.07:185][500]LogTemp: Display: ParseSettings for IpNetDriver_1
[2020.09.16-01.11.07:186][500]LogTemp: Display: ParseSettings for PendingNetDriver
[2020.09.16-01.11.07:186][500]LogInit: WinSock: Socket queue 32768 / 32768
[2020.09.16-01.11.07:189][500]PacketHandlerLog: Loaded PacketHandler component: Engine.EngineHandlerComponentFactory (StatelessConnectHandlerComponent)
[2020.09.16-01.11.07:190][500]LogNet: Game client on port 17777, rate 10000
[2020.09.16-01.11.07:205][500]PIE: Play in editor start time for /Game/ThirdPersonBP/Maps/ThirdPersonExampleMap 1.147
[2020.09.16-01.11.07:251][500]LogBlueprintUserMessages: Late PlayInEditor Detection: Level '/Game/ThirdPersonBP/Maps/ThirdPersonExampleMap.ThirdPersonExampleMap:PersistentLevel' has LevelScriptBlueprint '/Game/ThirdPersonBP/Maps/ThirdPersonExampleMap.ThirdPersonExampleMap:PersistentLevel.ThirdPersonExampleMap' with GeneratedClass '/Game/ThirdPersonBP/Maps/ThirdPersonExampleMap.ThirdPersonExampleMap_C' with ClassGeneratedBy '/Game/ThirdPersonBP/Maps/ThirdPersonExampleMap.ThirdPersonExampleMap:PersistentLevel.ThirdPersonExampleMap'
[2020.09.16-01.11.07:254][500]LogNet: NotifyAcceptingConnection accepted from: 127.0.0.1:60969
[2020.09.16-01.11.07:255][500]LogHandshake: SendConnectChallenge. Timestamp: 0.032263, Cookie: 045158130108195055156159039175199050245176068035249215147093
[2020.09.16-01.11.07:641][500]LogHandshake: SendChallengeResponse. Timestamp: 0.032263, Cookie: 045158130108195055156159039175199050245176068035249215147093
[2020.09.16-01.11.07:644][500]UGameSparksModuleLog: Create new connection
[2020.09.16-01.11.07:651][500]UGameSparksModuleLog: WebSocket closed
[2020.09.16-01.11.10:287][501]LogNet: NotifyAcceptingConnection accepted from: 127.0.0.1:60969
[2020.09.16-01.11.10:288][501]LogHandshake: SendChallengeAck. InCookie: 045158130108195055156159039175199050245176068035249215147093
[2020.09.16-01.11.10:290][501]LogNet: Server accepting post-challenge connection from: 127.0.0.1:60969
[2020.09.16-01.11.10:291][501]PacketHandlerLog: Loaded PacketHandler component: Engine.EngineHandlerComponentFactory (StatelessConnectHandlerComponent)
[2020.09.16-01.11.10:292][501]LogNet: NotifyAcceptedConnection: Name: ThirdPersonExampleMap, TimeStamp: 09/15/20 20:11:10, [UNetConnection] RemoteAddr: 127.0.0.1:60969, Name: IpConnection_1, Driver: GameNetDriver IpNetDriver_0, IsServer: YES, PC: NULL, Owner: NULL
[2020.09.16-01.11.10:294][501]LogNet: AddClientConnection: Added client connection: [UNetConnection] RemoteAddr: 127.0.0.1:60969, Name: IpConnection_1, Driver: GameNetDriver IpNetDriver_0, IsServer: YES, PC: NULL, Owner: NULL
[2020.09.16-01.11.10:299][501]LogNetVersion: MuseoVirtualUdem 1.0.0.0, NetCL: 3709383, EngineNetVer: 2, GameNetVer: 0 (Checksum: 51747653)
[2020.09.16-01.11.10:301][501]LogNet: UPendingNetGame::SendInitialJoin: Sending hello. [UNetConnection] RemoteAddr: 127.0.0.1:17777, Name: IpConnection_0, Driver: PendingNetDriver IpNetDriver_1, IsServer: NO, PC: NULL, Owner: NULL
[2020.09.16-01.11.10:356][502]LogNet: NotifyAcceptingChannel Control 0 server World /Game/ThirdPersonBP/Maps/UEDPIE_1_ThirdPersonExampleMap.ThirdPersonExampleMap: Accepted
[2020.09.16-01.11.10:358][502]LogNet: Remote platform little endian=1
[2020.09.16-01.11.10:358][502]LogNet: This platform little endian=1
[2020.09.16-01.11.10:364][502]UGameSparksModuleLog: WebSocket callback: {"@class": ".AuthenticatedConnectResponse","connectUrl": "wss://gsp-aeu000-se06.gamesparks.net/ws/device/293711ZXWjA9","requestId": "0"}
[2020.09.16-01.11.10:366][502]UGameSparksModuleLog: Received new connection url from gamesparks backend. Establishing new connection now.
[2020.09.16-01.11.10:366][502]UGameSparksModuleLog: Create new connection
[2020.09.16-01.11.10:369][502]UGameSparksModuleLog: Handle authentication connect response with immediate handshake
[2020.09.16-01.11.10:371][502]UGameSparksModuleLog: WebSocket closed
[2020.09.16-01.11.10:405][503]LogNet: Login request: /Game/ThirdPersonBP/Maps/ThirdPersonExampleMap userId: Invalid
[2020.09.16-01.11.10:413][503]LogNet: Welcomed by server (Level: /Game/ThirdPersonBP/Maps/UEDPIE_1_ThirdPersonExampleMap, Game: /Game/AuthenticationUassets/OurGSGameMode.OurGSGameMode_C)
[2020.09.16-01.11.10:415][503]LogLoad: LoadMap: 127.0.0.1:17777//Game/ThirdPersonBP/Maps/UEDPIE_1_ThirdPersonExampleMap?game=/Game/AuthenticationUassets/OurGSGameMode.OurGSGameMode_C
[2020.09.16-01.11.10:584][503]LogAIModule: Creating AISystem for world ThirdPersonExampleMap
[2020.09.16-01.11.10:585][503]LogTemp: Display: ParseSettings for GameNetDriver
[2020.09.16-01.11.10:597][503]LogWorld: Bringing World /Game/ThirdPersonBP/Maps/UEDPIE_2_ThirdPersonExampleMap.ThirdPersonExampleMap up for play (max tick rate 60) at 2020.09.15-20.11.10
[2020.09.16-01.11.10:599][503]LogWorld: Bringing up level for play took: 0.008625
[2020.09.16-01.11.10:602][503]LogLoad: Took 0.187147 seconds to LoadMap(/Game/ThirdPersonBP/Maps/UEDPIE_1_ThirdPersonExampleMap)
[2020.09.16-01.11.10:646][504]LogNet: Client netspeed is 10000
[2020.09.16-01.11.10:647][504]LogNet: Join request: /Game/ThirdPersonBP/Maps/ThirdPersonExampleMap?SplitscreenCount=1
[2020.09.16-01.11.10:656][504]PIE: Error: SetInputMode_GameAndUI expects a valid player controller as target
[2020.09.16-01.11.10:665][504]LogNet: Join succeeded: 258
[2020.09.16-01.11.10:739][505]LogRenderer: Reallocating scene render targets to support 1280x720 Format 10 NumSamples 1 (Frame:1).
[2020.09.16-01.11.10:909][505]PIE: Error: SetInputMode_GameAndUI expects a valid player controller as target
[2020.09.16-01.11.13:820][556]UGameSparksModuleLog: WebSocket callback: {"@class":".AuthenticatedConnectResponse","nonce":"b9eaaa61-0d6b-42d6-9200-9a5f058b4cf6","requestId":"0"}
[2020.09.16-01.11.13:822][556]UGameSparksModuleLog: Handle authentication connect response with immediate handshake
[2020.09.16-01.11.13:833][556]UGameSparksModuleLog: Send immediate request: {
	"@class":	".AuthenticatedConnectRequest",
	"hmac":	"27ABxtaS1amNtULxyTmGjaAvVlIbrc5ERotf+JpwTp4=",
	"os":	"Windows",
	"platform":	"Windows",
	"deviceId":	"358f339235f14dd54cfdd76c989536aa",
	"deviceStats":	{
		"cpu.cores":	"4",
		"cpu.vendor":	"AMD FX-7500 Radeon R7, 10 Compute Cores 4C+6G  ",
		"engine":	"Unreal Engine",
		"engine.version":	"4.18.0",
		"manufacturer":	"Microsoft",
		"memory":	"7098 MB",
		"model":	"PC",
		"os.name":	"Windows",
		"os.version":	"10.0.18362.959",
		"os.version.major":	"10",
		"os.version.major.minor":	"10.0",
		"resolution":	"1366x768",
		"gssdk":	"1.1.18.0"
	},
	"authToken":	"9b875bf8-868c-42a8-ab28-34187764fee9",
	"sessionId":	"bc843fe5-d301-453f-9858-032aa9b09642"
}
[2020.09.16-01.11.13:846][556]UGameSparksModuleLog: Handshake request sent
[2020.09.16-01.11.14:209][563]UGameSparksModuleLog: WebSocket callback: {"@class":".AuthenticatedConnectResponse","authToken":"04f9d468-d4c3-4283-a4a1-53a6f5a13426","requestId":"0","sessionId":"bc843fe5-d301-453f-9858-032aa9b09642","userId":"5f569cc37e50dd01db2bb2f1"}
[2020.09.16-01.11.14:211][563]UGameSparksModuleLog: Received auth token
[2020.09.16-01.11.14:213][563]UGameSparksModuleLog: Handle authentication connect response with immediate handshake
[2020.09.16-01.11.14:214][563]UGameSparksModuleLog: Warning: GameSparks::GameSparksAvailable_Static
[2020.09.16-01.11.14:215][563]LogBlueprintUserMessages: [OurGSGameMode_C_0] Server: Gamesparks available
[2020.09.16-01.11.20:486][671]UGameSparksModuleLog: Send immediate request: {
	"@class":	".AuthenticationRequest",
	"password":	"daniel",
	"userName":	"daniels",
	"requestId":	"1600218680_1"
}
[2020.09.16-01.11.20:825][677]UGameSparksModuleLog: WebSocket callback: {"@class":".AuthenticationResponse","error":{"DETAILS":"UNRECOGNISED"},"newPlayer":false,"requestId":"1600218680_1"}
[2020.09.16-01.11.20:827][677]LogBlueprintUserMessages: [GameSparksLogin_C_2] Server: Username or Password Incorrect
[2020.09.16-01.11.20:828][677]UGameSparksModuleLog: New UserId init persistent queue
[2020.09.16-01.11.24:149][734]UGameSparksModuleLog: Send immediate request: {
	"@class":	".AuthenticationRequest",
	"password":	"daniels",
	"userName":	"daniels",
	"requestId":	"1600218684_2"
}
[2020.09.16-01.11.24:502][740]UGameSparksModuleLog: WebSocket callback: {"@class":".AuthenticationResponse","authToken":"7b5b27f9-6998-4a73-95df-68cff828b850","displayName":"Daniels","newPlayer":false,"requestId":"1600218684_2","userId":"5f569cc37e50dd01db2bb2f1"}
[2020.09.16-01.11.24:503][740]UGameSparksModuleLog: Received auth token
[2020.09.16-01.11.24:505][740]LogBlueprintUserMessages: [GameSparksLogin_C_2] Server: Welcome back Daniels
[2020.09.16-01.11.24:507][740]UGameSparksModuleLog: New UserId init persistent queue
[2020.09.16-01.11.30:343][842]UGameSparksModuleLog: Send immediate request: {
	"@class":	".AuthenticationRequest",
	"password":	"daniels",
	"userName":	"daniels",
	"requestId":	"1600218690_3"
}
[2020.09.16-01.11.30:633][847]UGameSparksModuleLog: WebSocket callback: {"@class":".AuthenticationResponse","authToken":"aa219ef2-cfb4-413a-8f7b-65c5e007c702","displayName":"Daniels","newPlayer":false,"requestId":"1600218690_3","userId":"5f569cc37e50dd01db2bb2f1"}
[2020.09.16-01.11.30:634][847]UGameSparksModuleLog: Received auth token
[2020.09.16-01.11.30:636][847]LogBlueprintUserMessages: [GameSparksLogin_C_1] Server: Welcome back Daniels
[2020.09.16-01.11.34:381][913]LogBlueprintUserMessages: [ThirdPersonCharacter_C_0] Server: user
[2020.09.16-01.11.58:174][213]UGameSparksModuleLog: Send immediate request: {
	"@class":	".AuthenticationRequest",
	"password":	"daniel1999",
	"userName":	"danielfs7",
	"requestId":	"1600218718_4"
}
[2020.09.16-01.11.59:326][236]UGameSparksModuleLog: WebSocket callback: {"@class":".AuthenticationResponse","authToken":"bd3bfe11-548f-4ac3-a5cd-f6749d1afb10","displayName":"DanielFS7","newPlayer":false,"requestId":"1600218718_4","userId":"5f5680dbeb35bd3e07222b3e"}
[2020.09.16-01.11.59:327][236]UGameSparksModuleLog: Received auth token
[2020.09.16-01.11.59:330][236]LogBlueprintUserMessages: [GameSparksLogin_C_3] Client 1: Welcome back DanielFS7
[2020.09.16-01.11.59:331][236]UGameSparksModuleLog: New UserId init persistent queue
[2020.09.16-01.12.07:239][390]LogBlueprintUserMessages: [ThirdPersonCharacter_C_0] Client 1: user
[2020.09.16-01.12.11:742][466]LogBlueprintUserMessages: [ThirdPersonCharacter_C_0] Client 1: user
[2020.09.16-01.12.14:399][507]LogBlueprintUserMessages: [ThirdPersonCharacter_C_0] Server: user
[2020.09.16-01.12.18:582][582]LogBlueprintUserMessages: Early EndPlayMap Detection: Level '/Game/ThirdPersonBP/Maps/ThirdPersonExampleMap.ThirdPersonExampleMap:PersistentLevel' has LevelScriptBlueprint '/Game/ThirdPersonBP/Maps/ThirdPersonExampleMap.ThirdPersonExampleMap:PersistentLevel.ThirdPersonExampleMap' with GeneratedClass '/Game/ThirdPersonBP/Maps/ThirdPersonExampleMap.ThirdPersonExampleMap_C' with ClassGeneratedBy '/Game/ThirdPersonBP/Maps/ThirdPersonExampleMap.ThirdPersonExampleMap:PersistentLevel.ThirdPersonExampleMap'
[2020.09.16-01.12.18:644][582]UGameSparksModuleLog: Warning: GameSparks::Shutdown
[2020.09.16-01.12.18:645][582]UGameSparksModuleLog: Starting connection terminate
[2020.09.16-01.12.18:645][582]UGameSparksModuleLog: WebSocket closed
[2020.09.16-01.12.18:648][582]UGameSparksModuleLog: Connection terminated
[2020.09.16-01.12.18:649][582]UGameSparksModuleLog: Warning: GameSparks::GameSparksAvailable_Static
[2020.09.16-01.12.18:650][582]LogBlueprintUserMessages: [OurGSGameMode_C_0] Server: Gamesparks unavailable
[2020.09.16-01.12.18:694][582]LogBlueprintUserMessages: Late EndPlayMap Detection: Level '/Game/ThirdPersonBP/Maps/ThirdPersonExampleMap.ThirdPersonExampleMap:PersistentLevel' has LevelScriptBlueprint '/Game/ThirdPersonBP/Maps/ThirdPersonExampleMap.ThirdPersonExampleMap:PersistentLevel.ThirdPersonExampleMap' with GeneratedClass '/Game/ThirdPersonBP/Maps/ThirdPersonExampleMap.ThirdPersonExampleMap_C' with ClassGeneratedBy '/Game/ThirdPersonBP/Maps/ThirdPersonExampleMap.ThirdPersonExampleMap:PersistentLevel.ThirdPersonExampleMap'
[2020.09.16-01.12.18:764][582]LogNet: UChannel::CleanUp: ChIndex == 0. Closing connection. [UChannel] ChIndex: 0, Closing: 0 [UNetConnection] RemoteAddr: 127.0.0.1:60969, Name: IpConnection_1, Driver: GameNetDriver IpNetDriver_0, IsServer: YES, PC: None, Owner: None
[2020.09.16-01.12.18:765][582]LogNet: UNetConnection::Close: [UNetConnection] RemoteAddr: 127.0.0.1:60969, Name: IpConnection_1, Driver: GameNetDriver IpNetDriver_0, IsServer: YES, PC: None, Owner: None, Channels: 2, Time: 2020.09.16-01.12.18
[2020.09.16-01.12.18:766][582]LogNet: UChannel::Close: Sending CloseBunch. ChIndex == 0. Name: [UChannel] ChIndex: 0, Closing: 0 [UNetConnection] RemoteAddr: 127.0.0.1:60969, Name: IpConnection_1, Driver: GameNetDriver IpNetDriver_0, IsServer: YES, PC: None, Owner: None
[2020.09.16-01.12.18:768][582]LogNet: UChannel::CleanUp: ChIndex == 0. Closing connection. [UChannel] ChIndex: 0, Closing: 0 [UNetConnection] RemoteAddr: 127.0.0.1:17777, Name: IpConnection_0, Driver: GameNetDriver IpNetDriver_1, IsServer: NO, PC: None, Owner: None
[2020.09.16-01.12.18:769][582]LogNet: UNetConnection::Close: [UNetConnection] RemoteAddr: 127.0.0.1:17777, Name: IpConnection_0, Driver: GameNetDriver IpNetDriver_1, IsServer: NO, PC: None, Owner: None, Channels: 2, Time: 2020.09.16-01.12.18
[2020.09.16-01.12.18:770][582]LogNet: UChannel::Close: Sending CloseBunch. ChIndex == 0. Name: [UChannel] ChIndex: 0, Closing: 0 [UNetConnection] RemoteAddr: 127.0.0.1:17777, Name: IpConnection_0, Driver: GameNetDriver IpNetDriver_1, IsServer: NO, PC: None, Owner: None
[2020.09.16-01.12.18:791][582]LogExit: GameNetDriver None shut down
[2020.09.16-01.12.18:794][582]LogExit: GameNetDriver None shut down
[2020.09.16-01.12.31:631][ 41]LogWindowsTextInputMethodSystem: Display: IME system now deactivated.
[2020.09.16-01.12.32:110][ 42]Cmd: QUIT_EDITOR
[2020.09.16-01.12.32:536][ 42]LogExit: Preparing to exit.
[2020.09.16-01.12.32:900][ 42]LogDirectoryWatcher: A directory notification for 'C:/Users/DANIEL_FS/Documents/GitHub/MuseoVirtualUdeM/MuseoVirtualUdem/Content/' was aborted.
[2020.09.16-01.12.33:006][ 42]LogExit: Editor shut down
[2020.09.16-01.12.33:027][ 42]LogExit: Transaction tracking system shut down
[2020.09.16-01.12.33:377][ 42]LogDirectoryWatcher: A directory notification for '../../../Engine/Content/' was aborted.
[2020.09.16-01.12.33:382][ 42]LogDirectoryWatcher: A directory notification for '../../../../../../Users/DANIEL_FS/Documents/GitHub/MuseoVirtualUdeM/MuseoVirtualUdem/Content/' was aborted.
[2020.09.16-01.12.33:383][ 42]LogDirectoryWatcher: A directory notification for '../../../Engine/Plugins/2D/Paper2D/Content/' was aborted.
[2020.09.16-01.12.33:383][ 42]LogDirectoryWatcher: A directory notification for '../../../Engine/Plugins/Marketplace/GameSparks/Content/' was aborted.
[2020.09.16-01.12.33:384][ 42]LogDirectoryWatcher: A directory notification for '../../../Engine/Plugins/Media/MediaCompositing/Content/' was aborted.
[2020.09.16-01.12.33:384][ 42]LogDirectoryWatcher: A directory notification for '../../../Engine/Plugins/Runtime/AppleARKit/Content/' was aborted.
[2020.09.16-01.12.33:385][ 42]LogDirectoryWatcher: A directory notification for '../../../Engine/Plugins/Runtime/Oculus/OculusVR/Content/' was aborted.
[2020.09.16-01.12.33:386][ 42]LogDirectoryWatcher: A directory notification for '../../../Engine/Plugins/Runtime/Steam/SteamVR/Content/' was aborted.
[2020.09.16-01.12.33:625][ 42]LogExit: Object subsystem successfully closed.
[2020.09.16-01.12.33:683][ 42]LogD3D11RHI: Shutdown
[2020.09.16-01.12.33:684][ 42]LogD3D11RHI: CleanupD3DDevice
[2020.09.16-01.12.33:716][ 42]LogD3D11RHI: ~FD3D11DynamicRHI
[2020.09.16-01.12.33:880][ 42]LogModuleManager: Shutting down and abandoning module MovieSceneCapture (554)
[2020.09.16-01.12.33:881][ 42]LogModuleManager: Shutting down and abandoning module HierarchicalLODOutliner (552)
[2020.09.16-01.12.33:881][ 42]LogModuleManager: Shutting down and abandoning module SceneOutliner (550)
[2020.09.16-01.12.33:881][ 42]LogModuleManager: Shutting down and abandoning module AddContentDialog (548)
[2020.09.16-01.12.33:882][ 42]LogDirectoryWatcher: A directory notification for 'C:/Program Files/Epic Games/UE_4.18/FeaturePacks/' was aborted.
[2020.09.16-01.12.33:882][ 42]LogModuleManager: Shutting down and abandoning module WidgetCarousel (547)
[2020.09.16-01.12.33:882][ 42]LogModuleManager: Shutting down and abandoning module EditorWidgets (544)
[2020.09.16-01.12.33:882][ 42]LogModuleManager: Shutting down and abandoning module CollectionManager (542)
[2020.09.16-01.12.33:882][ 42]LogDirectoryWatcher: A directory notification for 'C:/Users/DANIEL_FS/Documents/GitHub/MuseoVirtualUdeM/MuseoVirtualUdem/Content/Collections/' was aborted.
[2020.09.16-01.12.33:883][ 42]LogDirectoryWatcher: A directory notification for 'C:/Users/DANIEL_FS/Documents/GitHub/MuseoVirtualUdeM/MuseoVirtualUdem/Content/Developers/DANIELFS/Collections/' was aborted.
[2020.09.16-01.12.33:883][ 42]LogDirectoryWatcher: A directory notification for 'C:/Users/DANIEL_FS/Documents/GitHub/MuseoVirtualUdeM/MuseoVirtualUdem/Saved/Collections/' was aborted.
[2020.09.16-01.12.33:884][ 42]LogModuleManager: Shutting down and abandoning module StatsViewer (540)
[2020.09.16-01.12.33:884][ 42]LogModuleManager: Shutting down and abandoning module FoliageEdit (538)
[2020.09.16-01.12.33:884][ 42]LogModuleManager: Shutting down and abandoning module LandscapeEditor (536)
[2020.09.16-01.12.33:884][ 42]LogModuleManager: Shutting down and abandoning module MeshPaintMode (534)
[2020.09.16-01.12.33:885][ 42]LogModuleManager: Shutting down and abandoning module SceneDepthPickerMode (532)
[2020.09.16-01.12.33:885][ 42]LogModuleManager: Shutting down and abandoning module ActorPickerMode (530)
[2020.09.16-01.12.33:885][ 42]LogModuleManager: Shutting down and abandoning module GeometryMode (528)
[2020.09.16-01.12.33:885][ 42]LogModuleManager: Shutting down and abandoning module TextureAlignMode (526)
[2020.09.16-01.12.33:885][ 42]LogModuleManager: Shutting down and abandoning module BspMode (524)
[2020.09.16-01.12.33:886][ 42]LogModuleManager: Shutting down and abandoning module PIEPreviewDeviceProfileSelector (522)
[2020.09.16-01.12.33:886][ 42]LogModuleManager: Shutting down and abandoning module HardwareSurvey (520)
[2020.09.16-01.12.33:886][ 42]LogModuleManager: Shutting down and abandoning module SequenceRecorderSections (518)
[2020.09.16-01.12.33:887][ 42]LogModuleManager: Shutting down and abandoning module AutomationWorker (516)
[2020.09.16-01.12.33:887][ 42]LogModuleManager: Shutting down and abandoning module MatineeToLevelSequence (514)
[2020.09.16-01.12.33:887][ 42]LogModuleManager: Shutting down and abandoning module LevelSequenceEditor (512)
[2020.09.16-01.12.33:888][ 42]LogModuleManager: Shutting down and abandoning module PlacementMode (511)
[2020.09.16-01.12.33:888][ 42]LogModuleManager: Shutting down and abandoning module WmfMediaFactory (508)
[2020.09.16-01.12.33:888][ 42]LogModuleManager: Shutting down and abandoning module WmfMediaEditor (506)
[2020.09.16-01.12.33:888][ 42]LogModuleManager: Shutting down and abandoning module OpenExrWrapper (504)
[2020.09.16-01.12.33:889][ 42]LogModuleManager: Shutting down and abandoning module ImgMediaFactory (502)
[2020.09.16-01.12.33:889][ 42]LogModuleManager: Shutting down and abandoning module ImgMediaEditor (500)
[2020.09.16-01.12.33:889][ 42]LogModuleManager: Shutting down and abandoning module AvfMediaFactory (498)
[2020.09.16-01.12.33:889][ 42]LogModuleManager: Shutting down and abandoning module AvfMediaEditor (496)
[2020.09.16-01.12.33:889][ 42]LogModuleManager: Shutting down and abandoning module AndroidMediaFactory (494)
[2020.09.16-01.12.33:889][ 42]LogModuleManager: Shutting down and abandoning module AndroidMediaEditor (492)
[2020.09.16-01.12.33:890][ 42]LogModuleManager: Shutting down and abandoning module CharacterAI (490)
[2020.09.16-01.12.33:890][ 42]LogModuleManager: Shutting down and abandoning module AudioCapture (488)
[2020.09.16-01.12.33:890][ 42]LogModuleManager: Shutting down and abandoning module SequenceRecorder (487)
[2020.09.16-01.12.33:890][ 42]LogModuleManager: Shutting down and abandoning module SmartSnapping (484)
[2020.09.16-01.12.33:890][ 42]LogModuleManager: Shutting down and abandoning module SessionServices (482)
[2020.09.16-01.12.33:890][ 42]LogModuleManager: Shutting down and abandoning module ViewportSnapping (480)
[2020.09.16-01.12.33:891][ 42]LogModuleManager: Shutting down and abandoning module ViewportInteraction (478)
[2020.09.16-01.12.33:891][ 42]LogModuleManager: Shutting down and abandoning module ClothPainter (476)
[2020.09.16-01.12.33:891][ 42]LogModuleManager: Shutting down and abandoning module SkeletalMeshEditor (475)
[2020.09.16-01.12.33:891][ 42]LogModuleManager: Shutting down and abandoning module LogVisualizer (472)
[2020.09.16-01.12.33:892][ 42]LogModuleManager: Shutting down and abandoning module IntroTutorials (470)
[2020.09.16-01.12.33:892][ 42]LogModuleManager: Shutting down and abandoning module GameProjectGeneration (469)
[2020.09.16-01.12.33:892][ 42]LogModuleManager: Shutting down and abandoning module IOSPlatformEditor (466)
[2020.09.16-01.12.33:892][ 42]LogModuleManager: Shutting down and abandoning module HTML5PlatformEditor (464)
[2020.09.16-01.12.33:893][ 42]LogModuleManager: Shutting down and abandoning module AndroidPlatformEditor (462)
[2020.09.16-01.12.33:893][ 42]LogModuleManager: Shutting down and abandoning module AndroidDeviceDetection (461)
[2020.09.16-01.12.34:285][ 42]LogModuleManager: Shutting down and abandoning module WindowsPlatformEditor (458)
[2020.09.16-01.12.34:285][ 42]LogModuleManager: Shutting down and abandoning module IOSRuntimeSettings (456)
[2020.09.16-01.12.34:285][ 42]LogModuleManager: Shutting down and abandoning module AndroidRuntimeSettings (454)
[2020.09.16-01.12.34:286][ 42]LogModuleManager: Shutting down and abandoning module InputBindingEditor (452)
[2020.09.16-01.12.34:286][ 42]LogModuleManager: Shutting down and abandoning module MergeActors (450)
[2020.09.16-01.12.34:286][ 42]LogModuleManager: Shutting down and abandoning module SizeMap (448)
[2020.09.16-01.12.34:287][ 42]LogModuleManager: Shutting down and abandoning module TreeMap (446)
[2020.09.16-01.12.34:287][ 42]LogModuleManager: Shutting down and abandoning module ReferenceViewer (444)
[2020.09.16-01.12.34:287][ 42]LogModuleManager: Shutting down and abandoning module LocalizationDashboard (442)
[2020.09.16-01.12.34:287][ 42]LogModuleManager: Shutting down and abandoning module LocalizationService (441)
[2020.09.16-01.12.34:288][ 42]LogModuleManager: Shutting down and abandoning module HardwareTargeting (438)
[2020.09.16-01.12.34:288][ 42]LogModuleManager: Shutting down and abandoning module DeviceProfileEditor (436)
[2020.09.16-01.12.34:288][ 42]LogModuleManager: Shutting down and abandoning module UndoHistory (434)
[2020.09.16-01.12.34:288][ 42]LogModuleManager: Shutting down and abandoning module XmlParser (432)
[2020.09.16-01.12.34:288][ 42]LogModuleManager: Shutting down and abandoning module Blutility (430)
[2020.09.16-01.12.34:288][ 42]LogModuleManager: Shutting down and abandoning module ProjectSettingsViewer (428)
[2020.09.16-01.12.34:289][ 42]LogModuleManager: Shutting down and abandoning module ProjectTargetPlatformEditor (427)
[2020.09.16-01.12.34:289][ 42]LogModuleManager: Shutting down and abandoning module EditorSettingsViewer (424)
[2020.09.16-01.12.34:290][ 42]LogModuleManager: Shutting down and abandoning module SettingsEditor (422)
[2020.09.16-01.12.34:290][ 42]LogModuleManager: Shutting down and abandoning module ProjectLauncher (420)
[2020.09.16-01.12.34:290][ 42]LogModuleManager: Shutting down and abandoning module SessionFrontend (418)
[2020.09.16-01.12.34:290][ 42]LogModuleManager: Shutting down and abandoning module ProfilerClient (416)
[2020.09.16-01.12.34:290][ 42]LogModuleManager: Shutting down and abandoning module DeviceManager (414)
[2020.09.16-01.12.34:290][ 42]LogModuleManager: Shutting down and abandoning module TargetDeviceServices (413)
[2020.09.16-01.12.34:357][ 42]LogModuleManager: Shutting down and abandoning module AutomationController (410)
[2020.09.16-01.12.34:358][ 42]LogModuleManager: Shutting down and abandoning module AutomationWindow (408)
[2020.09.16-01.12.34:359][ 42]LogModuleManager: Shutting down and abandoning module Layers (406)
[2020.09.16-01.12.34:359][ 42]LogModuleManager: Shutting down and abandoning module ComponentVisualizers (404)
[2020.09.16-01.12.34:359][ 42]LogModuleManager: Shutting down and abandoning module DetailCustomizations (402)
[2020.09.16-01.12.34:360][ 42]LogModuleManager: Shutting down and abandoning module PackagesDialog (400)
[2020.09.16-01.12.34:361][ 42]LogModuleManager: Shutting down and abandoning module Persona (398)
[2020.09.16-01.12.34:361][ 42]LogModuleManager: Shutting down and abandoning module AdvancedPreviewScene (397)
[2020.09.16-01.12.34:362][ 42]LogModuleManager: Shutting down and abandoning module AnimGraph (395)
[2020.09.16-01.12.34:362][ 42]LogModuleManager: Shutting down and abandoning module Kismet (392)
[2020.09.16-01.12.34:366][ 42]LogModuleManager: Shutting down and abandoning module ClassViewer (390)
[2020.09.16-01.12.34:367][ 42]LogModuleManager: Shutting down and abandoning module Toolbox (388)
[2020.09.16-01.12.34:367][ 42]LogModuleManager: Shutting down and abandoning module ModuleUI (386)
[2020.09.16-01.12.34:367][ 42]LogModuleManager: Shutting down and abandoning module MovieSceneTools (384)
[2020.09.16-01.12.34:368][ 42]LogModuleManager: Shutting down and abandoning module OutputLog (382)
[2020.09.16-01.12.34:368][ 42]LogModuleManager: Shutting down and abandoning module GammaUI (380)
[2020.09.16-01.12.34:368][ 42]LogModuleManager: Shutting down and abandoning module Documentation (378)
[2020.09.16-01.12.34:368][ 42]LogModuleManager: Shutting down and abandoning module MovieSceneTracks (376)
[2020.09.16-01.12.34:369][ 42]LogModuleManager: Shutting down and abandoning module MovieScene (374)
[2020.09.16-01.12.34:371][ 42]LogModuleManager: Shutting down and abandoning module StreamingPauseRendering (372)
[2020.09.16-01.12.34:371][ 42]LogModuleManager: Shutting down and abandoning module LauncherPlatform (370)
[2020.09.16-01.12.34:371][ 42]LogModuleManager: Shutting down and abandoning module AnalyticsET (368)
[2020.09.16-01.12.34:371][ 42]LogModuleManager: Shutting down and abandoning module PortalServices (366)
[2020.09.16-01.12.34:371][ 42]LogModuleManager: Shutting down and abandoning module PortalRpc (364)
[2020.09.16-01.12.34:372][ 42]LogModuleManager: Shutting down and abandoning module MessagingRpc (362)
[2020.09.16-01.12.34:373][ 42]LogModuleManager: Shutting down and abandoning module AIModule (360)
[2020.09.16-01.12.34:373][ 42]LogModuleManager: Shutting down and abandoning module GameplayDebugger (359)
[2020.09.16-01.12.34:373][ 42]LogModuleManager: Shutting down and abandoning module AITestSuite (357)
[2020.09.16-01.12.34:373][ 42]LogModuleManager: Shutting down and abandoning module DesktopPlatform (354)
[2020.09.16-01.12.34:373][ 42]LogModuleManager: Shutting down and abandoning module ProfilerService (352)
[2020.09.16-01.12.34:430][ 42]LogModuleManager: Shutting down and abandoning module TaskGraph (350)
[2020.09.16-01.12.34:430][ 42]LogModuleManager: Shutting down and abandoning module SteamVRController (348)
[2020.09.16-01.12.34:430][ 42]LogModuleManager: Shutting down and abandoning module ProceduralMeshComponentEditor (346)
[2020.09.16-01.12.34:430][ 42]LogModuleManager: Shutting down and abandoning module ProceduralMeshComponent (344)
[2020.09.16-01.12.34:430][ 42]LogModuleManager: Shutting down and abandoning module OculusInput (342)
[2020.09.16-01.12.34:431][ 42]LogModuleManager: Shutting down and abandoning module MobilePatchingUtils (340)
[2020.09.16-01.12.34:431][ 42]LogModuleManager: Shutting down and abandoning module CustomMeshComponent (338)
[2020.09.16-01.12.34:432][ 42]LogModuleManager: Shutting down and abandoning module CableComponent (336)
[2020.09.16-01.12.34:432][ 42]LogModuleManager: Shutting down and abandoning module ArchVisCharacter (334)
[2020.09.16-01.12.34:432][ 42]LogModuleManager: Shutting down and abandoning module AndroidPermission (332)
[2020.09.16-01.12.34:432][ 42]LogModuleManager: Shutting down and abandoning module ActorSequence (328)
[2020.09.16-01.12.34:433][ 42]LogModuleManager: Shutting down and abandoning module MediaPlayerEditor (326)
[2020.09.16-01.12.34:433][ 42]LogModuleManager: Shutting down and abandoning module MediaCompositingEditor (324)
[2020.09.16-01.12.34:433][ 42]LogModuleManager: Shutting down and abandoning module MediaCompositing (322)
[2020.09.16-01.12.34:433][ 42]LogModuleManager: Shutting down and abandoning module HTML5Networking (318)
[2020.09.16-01.12.34:434][ 42]LogModuleManager: Shutting down and abandoning module AlembicImporter (316)
[2020.09.16-01.12.34:434][ 42]LogModuleManager: Shutting down and abandoning module AlembicLibrary (315)
[2020.09.16-01.12.34:434][ 42]LogModuleManager: Shutting down and abandoning module GeometryCache (314)
[2020.09.16-01.12.34:434][ 42]LogModuleManager: Shutting down and abandoning module GeometryCacheEd (313)
[2020.09.16-01.12.34:434][ 42]LogModuleManager: Shutting down and abandoning module SpeedTreeImporter (308)
[2020.09.16-01.12.34:434][ 42]LogModuleManager: Shutting down and abandoning module PluginBrowser (306)
[2020.09.16-01.12.34:435][ 42]LogModuleManager: Shutting down and abandoning module MobileLauncherProfileWizard (304)
[2020.09.16-01.12.34:435][ 42]LogModuleManager: Shutting down and abandoning module VisualStudioSourceCodeAccess (302)
[2020.09.16-01.12.34:435][ 42]LogModuleManager: Shutting down and abandoning module VisualStudioCodeSourceCodeAccess (300)
[2020.09.16-01.12.34:435][ 42]LogModuleManager: Shutting down and abandoning module UObjectPlugin (298)
[2020.09.16-01.12.34:435][ 42]LogModuleManager: Shutting down and abandoning module SubversionSourceControl (296)
[2020.09.16-01.12.34:436][ 42]LogModuleManager: Shutting down and abandoning module PerforceSourceControl (294)
[2020.09.16-01.12.34:436][ 42]LogModuleManager: Shutting down and abandoning module GitSourceControl (292)
[2020.09.16-01.12.34:437][ 42]LogModuleManager: Shutting down and abandoning module SourceControl (291)
[2020.09.16-01.12.34:437][ 42]LogModuleManager: Shutting down and abandoning module LightPropagationVolumeEditor (288)
[2020.09.16-01.12.34:437][ 42]LogModuleManager: Shutting down and abandoning module PaperTiledImporter (286)
[2020.09.16-01.12.34:437][ 42]LogModuleManager: Shutting down and abandoning module PaperSpriteSheetImporter (284)
[2020.09.16-01.12.34:438][ 42]LogModuleManager: Shutting down and abandoning module Paper2DEditor (282)
[2020.09.16-01.12.34:438][ 42]LogModuleManager: Shutting down and abandoning module MeshPaint (281)
[2020.09.16-01.12.34:438][ 42]LogModuleManager: Shutting down and abandoning module LevelEditor (279)
[2020.09.16-01.12.34:443][ 42]LogModuleManager: Shutting down and abandoning module PixelInspectorModule (278)
[2020.09.16-01.12.34:444][ 42]LogModuleManager: Shutting down and abandoning module MainFrame (276)
[2020.09.16-01.12.34:444][ 42]LogModuleManager: Shutting down and abandoning module HotReload (275)
[2020.09.16-01.12.34:446][ 42]LogModuleManager: Shutting down and abandoning module RuntimePhysXCooking (270)
[2020.09.16-01.12.34:446][ 42]LogModuleManager: Shutting down and abandoning module PhysXVehiclesEditor (268)
[2020.09.16-01.12.34:446][ 42]LogModuleManager: Shutting down and abandoning module PhysXVehicles (266)
[2020.09.16-01.12.34:446][ 42]LogModuleManager: Shutting down and abandoning module OculusEditor (264)
[2020.09.16-01.12.34:447][ 42]LogModuleManager: Shutting down and abandoning module LocationServicesBPLibrary (262)
[2020.09.16-01.12.34:447][ 42]LogModuleManager: Shutting down and abandoning module ImmediatePhysicsEditor (260)
[2020.09.16-01.12.34:447][ 42]LogModuleManager: Shutting down and abandoning module ImmediatePhysics (258)
[2020.09.16-01.12.34:447][ 42]LogModuleManager: Shutting down and abandoning module UdpMessaging (256)
[2020.09.16-01.12.34:548][ 42]LogModuleManager: Shutting down and abandoning module TcpMessaging (254)
[2020.09.16-01.12.34:649][ 42]LogModuleManager: Shutting down and abandoning module GameSparks (252)
[2020.09.16-01.12.34:649][ 42]UGameSparksModuleLog: Starting connection terminate
[2020.09.16-01.12.34:649][ 42]UGameSparksModuleLog: Connection terminated
[2020.09.16-01.12.34:649][ 42]LogModuleManager: Shutting down and abandoning module GameplayTagsEditor (250)
[2020.09.16-01.12.34:650][ 42]LogModuleManager: Shutting down and abandoning module FacialAnimationEditor (248)
[2020.09.16-01.12.34:650][ 42]LogModuleManager: Shutting down and abandoning module FacialAnimation (246)
[2020.09.16-01.12.34:650][ 42]LogModuleManager: Shutting down and abandoning module AssetManagerEditor (244)
[2020.09.16-01.12.34:650][ 42]LogModuleManager: Shutting down and abandoning module GraphEditor (243)
[2020.09.16-01.12.34:651][ 42]LogModuleManager: Shutting down and abandoning module ContentBrowser (241)
[2020.09.16-01.12.34:655][ 42]LogModuleManager: Shutting down and abandoning module LightPropagationVolumeRuntime (238)
[2020.09.16-01.12.34:655][ 42]LogModuleManager: Shutting down and abandoning module Paper2D (236)
[2020.09.16-01.12.34:656][ 42]LogModuleManager: Shutting down and abandoning module WindowsMoviePlayer (234)
[2020.09.16-01.12.34:656][ 42]LogModuleManager: Shutting down and abandoning module WmfMedia (232)
[2020.09.16-01.12.34:665][ 42]LogModuleManager: Shutting down and abandoning module ImgMedia (230)
[2020.09.16-01.12.34:665][ 42]LogModuleManager: Shutting down and abandoning module PacketHandler (228)
[2020.09.16-01.12.34:665][ 42]LogModuleManager: Shutting down and abandoning module ClothingSystemEditor (226)
[2020.09.16-01.12.34:666][ 42]LogModuleManager: Shutting down and abandoning module ClothingSystemRuntime (224)
[2020.09.16-01.12.34:666][ 42]LogModuleManager: Shutting down and abandoning module MediaAssets (222)
[2020.09.16-01.12.34:666][ 42]LogModuleManager: Shutting down and abandoning module Media (221)
[2020.09.16-01.12.34:674][ 42]LogModuleManager: Shutting down and abandoning module Overlay (218)
[2020.09.16-01.12.34:674][ 42]LogModuleManager: Shutting down and abandoning module OverlayEditor (217)
[2020.09.16-01.12.34:674][ 42]LogModuleManager: Shutting down and abandoning module VREditor (214)
[2020.09.16-01.12.34:675][ 42]LogModuleManager: Shutting down and abandoning module StringTableEditor (212)
[2020.09.16-01.12.34:675][ 42]LogModuleManager: Shutting down and abandoning module GameplayTasksEditor (210)
[2020.09.16-01.12.34:675][ 42]LogModuleManager: Shutting down and abandoning module BehaviorTreeEditor (208)
[2020.09.16-01.12.34:675][ 42]LogModuleManager: Shutting down and abandoning module FunctionalTesting (206)
[2020.09.16-01.12.34:675][ 42]LogModuleManager: Shutting down and abandoning module CollisionAnalyzer (204)
[2020.09.16-01.12.34:676][ 42]LogModuleManager: Shutting down and abandoning module WorkspaceMenuStructure (203)
[2020.09.16-01.12.34:676][ 42]LogModuleManager: Shutting down and abandoning module UMG (200)
[2020.09.16-01.12.34:676][ 42]LogModuleManager: Shutting down and abandoning module UMGEditor (199)
[2020.09.16-01.12.34:676][ 42]LogModuleManager: Shutting down and abandoning module Sequencer (198)
[2020.09.16-01.12.34:677][ 42]LogModuleManager: Shutting down and abandoning module MessageLog (195)
[2020.09.16-01.12.34:677][ 42]LogModuleManager: Shutting down and abandoning module SlateReflector (190)
[2020.09.16-01.12.34:678][ 42]LogModuleManager: Shutting down and abandoning module Slate (188)
[2020.09.16-01.12.34:678][ 42]LogModuleManager: Shutting down and abandoning module EditorStyle (186)
[2020.09.16-01.12.34:692][ 42]LogModuleManager: Shutting down and abandoning module MRMesh (184)
[2020.09.16-01.12.34:692][ 42]LogModuleManager: Shutting down and abandoning module SourceCodeAccess (182)
[2020.09.16-01.12.34:692][ 42]LogModuleManager: Shutting down and abandoning module HeadMountedDisplay (180)
[2020.09.16-01.12.34:692][ 42]LogModuleManager: Shutting down and abandoning module XAudio2 (178)
[2020.09.16-01.12.34:693][ 42]LogModuleManager: Shutting down and abandoning module Networking (176)
[2020.09.16-01.12.34:693][ 42]LogModuleManager: Shutting down and abandoning module Core (172)
[2020.09.16-01.12.34:693][ 42]LogModuleManager: Shutting down and abandoning module LevelSequence (168)
[2020.09.16-01.12.34:693][ 42]LogModuleManager: Shutting down and abandoning module DirectoryWatcher (166)
[2020.09.16-01.12.34:697][ 42]LogModuleManager: Shutting down and abandoning module KismetCompiler (164)
[2020.09.16-01.12.34:698][ 42]LogModuleManager: Shutting down and abandoning module MeshUtilities (162)
[2020.09.16-01.12.34:698][ 42]LogModuleManager: Shutting down and abandoning module MeshMergeUtilities (161)
[2020.09.16-01.12.34:698][ 42]LogModuleManager: Shutting down and abandoning module MeshReductionInterface (160)
[2020.09.16-01.12.34:699][ 42]LogModuleManager: Shutting down and abandoning module SimplygonSwarm (159)
[2020.09.16-01.12.34:699][ 42]LogModuleManager: Shutting down and abandoning module SimplygonMeshReduction (157)
[2020.09.16-01.12.34:699][ 42]LogModuleManager: Shutting down and abandoning module QuadricMeshReduction (155)
[2020.09.16-01.12.34:699][ 42]LogModuleManager: Shutting down and abandoning module MaterialBaking (151)
[2020.09.16-01.12.34:699][ 42]LogModuleManager: Shutting down and abandoning module DerivedDataCache (148)
[2020.09.16-01.12.34:799][ 42]LogDerivedDataCache: Shutdown
[2020.09.16-01.12.34:799][ 42]LogModuleManager: Shutting down and abandoning module TargetPlatform (146)
[2020.09.16-01.12.34:799][ 42]LogModuleManager: Shutting down and abandoning module VulkanShaderFormat (145)
[2020.09.16-01.12.34:800][ 42]LogModuleManager: Shutting down and abandoning module ShaderFormatVectorVM (143)
[2020.09.16-01.12.34:800][ 42]LogModuleManager: Shutting down and abandoning module ShaderFormatOpenGL (141)
[2020.09.16-01.12.34:800][ 42]LogModuleManager: Shutting down and abandoning module ShaderFormatD3D (139)
[2020.09.16-01.12.34:800][ 42]LogModuleManager: Shutting down and abandoning module MetalShaderFormat (137)
[2020.09.16-01.12.34:800][ 42]LogModuleManager: Shutting down and abandoning module TextureFormatUncompressed (135)
[2020.09.16-01.12.34:801][ 42]LogModuleManager: Shutting down and abandoning module TextureFormatPVR (133)
[2020.09.16-01.12.34:801][ 42]LogModuleManager: Shutting down and abandoning module TextureFormatDXT (131)
[2020.09.16-01.12.34:801][ 42]LogModuleManager: Shutting down and abandoning module TextureFormatIntelISPCTexComp (129)
[2020.09.16-01.12.34:801][ 42]LogModuleManager: Shutting down and abandoning module TextureFormatASTC (127)
[2020.09.16-01.12.34:802][ 42]LogModuleManager: Shutting down and abandoning module ImageWrapper (126)
[2020.09.16-01.12.34:802][ 42]LogModuleManager: Shutting down and abandoning module TextureFormatAndroid (123)
[2020.09.16-01.12.34:802][ 42]LogModuleManager: Shutting down and abandoning module AudioFormatOpus (121)
[2020.09.16-01.12.34:802][ 42]LogModuleManager: Shutting down and abandoning module AudioFormatOgg (119)
[2020.09.16-01.12.34:802][ 42]LogModuleManager: Shutting down and abandoning module AudioFormatADPCM (117)
[2020.09.16-01.12.34:802][ 42]LogModuleManager: Shutting down and abandoning module LinuxTargetPlatform (115)
[2020.09.16-01.12.34:803][ 42]LogModuleManager: Shutting down and abandoning module LinuxServerTargetPlatform (113)
[2020.09.16-01.12.34:803][ 42]LogModuleManager: Shutting down and abandoning module LinuxNoEditorTargetPlatform (111)
[2020.09.16-01.12.34:803][ 42]LogModuleManager: Shutting down and abandoning module LinuxClientTargetPlatform (109)
[2020.09.16-01.12.34:803][ 42]LogModuleManager: Shutting down and abandoning module TVOSTargetPlatform (107)
[2020.09.16-01.12.34:803][ 42]LogModuleManager: Shutting down and abandoning module Messaging (105)
[2020.09.16-01.12.34:804][ 42]LogModuleManager: Shutting down and abandoning module IOSTargetPlatform (103)
[2020.09.16-01.12.34:804][ 42]LogModuleManager: Shutting down and abandoning module HTML5TargetPlatform (101)
[2020.09.16-01.12.34:804][ 42]LogModuleManager: Shutting down and abandoning module AndroidTargetPlatform (99)
[2020.09.16-01.12.34:804][ 42]LogModuleManager: Shutting down and abandoning module Android_PVRTCTargetPlatform (97)
[2020.09.16-01.12.34:804][ 42]LogModuleManager: Shutting down and abandoning module Android_MultiTargetPlatform (95)
[2020.09.16-01.12.34:804][ 42]LogModuleManager: Shutting down and abandoning module Android_ETC2TargetPlatform (93)
[2020.09.16-01.12.34:805][ 42]LogModuleManager: Shutting down and abandoning module Android_ETC1TargetPlatform (91)
[2020.09.16-01.12.34:805][ 42]LogModuleManager: Shutting down and abandoning module Android_DXTTargetPlatform (89)
[2020.09.16-01.12.34:805][ 42]LogModuleManager: Shutting down and abandoning module Android_ATCTargetPlatform (87)
[2020.09.16-01.12.34:805][ 42]LogModuleManager: Shutting down and abandoning module Android_ASTCTargetPlatform (85)
[2020.09.16-01.12.34:805][ 42]LogModuleManager: Shutting down and abandoning module WindowsTargetPlatform (83)
[2020.09.16-01.12.34:805][ 42]LogModuleManager: Shutting down and abandoning module WindowsServerTargetPlatform (81)
[2020.09.16-01.12.34:805][ 42]LogModuleManager: Shutting down and abandoning module WindowsNoEditorTargetPlatform (79)
[2020.09.16-01.12.34:806][ 42]LogModuleManager: Shutting down and abandoning module WindowsClientTargetPlatform (77)
[2020.09.16-01.12.34:806][ 42]LogModuleManager: Shutting down and abandoning module MacTargetPlatform (75)
[2020.09.16-01.12.34:806][ 42]LogModuleManager: Shutting down and abandoning module MacServerTargetPlatform (73)
[2020.09.16-01.12.34:806][ 42]LogModuleManager: Shutting down and abandoning module MacNoEditorTargetPlatform (71)
[2020.09.16-01.12.34:806][ 42]LogModuleManager: Shutting down and abandoning module MacClientTargetPlatform (69)
[2020.09.16-01.12.34:806][ 42]LogModuleManager: Shutting down and abandoning module AllDesktopTargetPlatform (67)
[2020.09.16-01.12.34:806][ 42]LogModuleManager: Shutting down and abandoning module InputCore (64)
[2020.09.16-01.12.34:806][ 42]LogModuleManager: Shutting down and abandoning module Settings (62)
[2020.09.16-01.12.34:807][ 42]LogModuleManager: Shutting down and abandoning module PhysXCooking (60)
[2020.09.16-01.12.34:807][ 42]LogModuleManager: Shutting down and abandoning module SteamVR (58)
[2020.09.16-01.12.34:807][ 42]LogModuleManager: Shutting down and abandoning module OculusHMD (56)
[2020.09.16-01.12.34:807][ 42]LogModuleManager: Shutting down and abandoning module ExampleDeviceProfileSelector (54)
[2020.09.16-01.12.34:807][ 42]LogModuleManager: Shutting down and abandoning module AppleARKit (52)
[2020.09.16-01.12.34:807][ 42]LogModuleManager: Shutting down and abandoning module AugmentedReality (51)
[2020.09.16-01.12.34:807][ 42]LogModuleManager: Shutting down and abandoning module OnlineBlueprintSupport (48)
[2020.09.16-01.12.34:808][ 42]LogModuleManager: Shutting down and abandoning module OnlineSubsystem (44)
[2020.09.16-01.12.34:808][ 42]LogModuleManager: Shutting down and abandoning module XMPP (43)
[2020.09.16-01.12.34:808][ 42]LogModuleManager: Shutting down and abandoning module HTTP (41)
[2020.09.16-01.12.34:809][ 42]LogHttp: Display: Http module shutting down, but needs to wait on 1 outstanding Http requests:
[2020.09.16-01.12.34:809][ 42]LogHttp: Display: 	verb=[POST] url=[https://datarouter.ol.epicgames.com/datarouter/api/v1/public/data?SessionID=%7BBC4E9E73-4B73-2F1B-ECE6-FC820F84AE47%7D&AppID=UEEditor.Rocket.Release&AppVersion=4.18.3-3832480%2B%2B%2BUE4%2BRelease-4.18&UserID=9b6dbcb4445d4601be87fb895c674e51%7C2e912bc81e1a4bbaaeef14cf93f0304b%7Cd9b6a37d-0c37-4dde-affb-64daeea4b517&AppEnvironment=datacollector-binary&UploadType=eteventstream] status=Processing
[2020.09.16-01.12.34:839][ 42]LogModuleManager: Shutting down and abandoning module SSL (40)
[2020.09.16-01.12.34:845][ 42]LogModuleManager: Shutting down and abandoning module AnimationModifiers (36)
[2020.09.16-01.12.34:846][ 42]LogModuleManager: Shutting down and abandoning module PropertyEditor (35)
[2020.09.16-01.12.34:846][ 42]LogModuleManager: Shutting down and abandoning module AudioEditor (32)
[2020.09.16-01.12.34:846][ 42]LogModuleManager: Shutting down and abandoning module TextureCompressor (30)
[2020.09.16-01.12.34:847][ 42]LogModuleManager: Shutting down and abandoning module ShaderCore (28)
[2020.09.16-01.12.34:847][ 42]LogModuleManager: Shutting down and abandoning module Landscape (26)
[2020.09.16-01.12.34:847][ 42]LogModuleManager: Shutting down and abandoning module SlateRHIRenderer (24)
[2020.09.16-01.12.34:851][ 42]LogModuleManager: Shutting down and abandoning module OpenGLDrv (22)
[2020.09.16-01.12.34:851][ 42]LogModuleManager: Shutting down and abandoning module D3D11RHI (20)
[2020.09.16-01.12.34:852][ 42]LogModuleManager: Shutting down and abandoning module AnimGraphRuntime (18)
[2020.09.16-01.12.34:852][ 42]LogModuleManager: Shutting down and abandoning module Renderer (16)
[2020.09.16-01.12.34:852][ 42]LogModuleManager: Shutting down and abandoning module Engine (14)
[2020.09.16-01.12.34:852][ 42]LogModuleManager: Shutting down and abandoning module CoreUObject (12)
[2020.09.16-01.12.34:852][ 42]LogModuleManager: Shutting down and abandoning module NetworkFile (10)
[2020.09.16-01.12.34:852][ 42]LogModuleManager: Shutting down and abandoning module CookedIterativeFile (8)
[2020.09.16-01.12.34:853][ 42]LogModuleManager: Shutting down and abandoning module StreamingFile (6)
[2020.09.16-01.12.34:854][ 42]LogModuleManager: Shutting down and abandoning module SandboxFile (4)
[2020.09.16-01.12.34:854][ 42]LogModuleManager: Shutting down and abandoning module PakFile (2)
[2020.09.16-01.12.34:871][ 42]LogExit: Exiting.
[2020.09.16-01.12.34:911][ 42]Log file closed, 09/15/20 20:12:34
