Log file open, 10/12/20 00:06:49
LogWindows: Failed to load 'aqProf.dll' (GetLastError=126)
LogWindows: File 'aqProf.dll' does not exist
LogWindows: Failed to load 'VSPerf140.dll' (GetLastError=126)
LogWindows: File 'VSPerf140.dll' does not exist
LogWindows: Failed to load 'VtuneApi.dll' (GetLastError=126)
LogWindows: File 'VtuneApi.dll' does not exist
LogWindows: Failed to load 'VtuneApi32e.dll' (GetLastError=126)
LogWindows: File 'VtuneApi32e.dll' does not exist
LogInit: Display: Running engine for game: MuseoVirtualUdem
LogPlatformFile: Not using cached read wrapper
LogInit: Display: RandInit(-469845835) SRandInit(-469845834).
LogInit: Read version file with build ID '3709383'
LogInit: Overriding engine version to CL 3832480, compatible CL 3709383
LogInit: Registered custom module enumerator with build ID '3709383'
LogTaskGraph: Started task graph with 5 named threads and 14 total threads with 3 sets of task threads.
LogStats: Stats thread started at 0.182777
LogD3D11RHI: Aftermath initialized
LogModuleManager: Display: Found up-to-date module file ../../../Engine/Plugins/Marketplace/GameSparks/Binaries/Win64/UE4Editor-GameSparks.dll (API version 3709383).
LogModuleManager: Display: Found up-to-date module file ../../../Engine/Plugins/Marketplace/GameSparks/Binaries/Win64/UE4Editor-OnlineSubsystemGameSparks.dll (API version 3709383).
LogModuleManager: Display: Found up-to-date module file ../../../Engine/Plugins/Online/OnlineSubsystem/Binaries/Win64/UE4Editor-OnlineSubsystem.dll (API version 3709383).
LogModuleManager: Display: Found up-to-date module file ../../../Engine/Plugins/Online/OnlineSubsystemUtils/Binaries/Win64/UE4Editor-OnlineSubsystemUtils.dll (API version 3709383).
LogModuleManager: Display: Found up-to-date module file ../../../Engine/Plugins/Online/OnlineSubsystemUtils/Binaries/Win64/UE4Editor-OnlineBlueprintSupport.dll (API version 3709383).
LogModuleManager: Display: Found up-to-date module file ../../../Engine/Plugins/2D/Paper2D/Binaries/Win64/UE4Editor-Paper2D.dll (API version 3709383).
LogModuleManager: Display: Found up-to-date module file ../../../Engine/Plugins/2D/Paper2D/Binaries/Win64/UE4Editor-Paper2DEditor.dll (API version 3709383).
LogModuleManager: Display: Found up-to-date module file ../../../Engine/Plugins/2D/Paper2D/Binaries/Win64/UE4Editor-PaperSpriteSheetImporter.dll (API version 3709383).
LogModuleManager: Display: Found up-to-date module file ../../../Engine/Plugins/2D/Paper2D/Binaries/Win64/UE4Editor-PaperTiledImporter.dll (API version 3709383).
LogModuleManager: Display: Found up-to-date module file ../../../Engine/Plugins/2D/Paper2D/Binaries/Win64/UE4Editor-SmartSnapping.dll (API version 3709383).
LogModuleManager: Display: Found up-to-date module file ../../../Engine/Plugins/Blendables/LightPropagationVolume/Binaries/Win64/UE4Editor-LightPropagationVolumeRuntime.dll (API version 3709383).
LogModuleManager: Display: Found up-to-date module file ../../../Engine/Plugins/Blendables/LightPropagationVolume/Binaries/Win64/UE4Editor-LightPropagationVolumeEditor.dll (API version 3709383).
LogModuleManager: Display: Found up-to-date module file ../../../Engine/Plugins/Developer/GitSourceControl/Binaries/Win64/UE4Editor-GitSourceControl.dll (API version 3709383).
LogModuleManager: Display: Found up-to-date module file ../../../Engine/Plugins/Developer/PerforceSourceControl/Binaries/Win64/UE4Editor-PerforceSourceControl.dll (API version 3709383).
LogModuleManager: Display: Found up-to-date module file ../../../Engine/Plugins/Developer/SubversionSourceControl/Binaries/Win64/UE4Editor-SubversionSourceControl.dll (API version 3709383).
LogModuleManager: Display: Found up-to-date module file ../../../Engine/Plugins/Developer/UObjectPlugin/Binaries/Win64/UE4Editor-UObjectPlugin.dll (API version 3709383).
LogModuleManager: Display: Found up-to-date module file ../../../Engine/Plugins/Developer/VisualStudioCodeSourceCodeAccess/Binaries/Win64/UE4Editor-VisualStudioCodeSourceCodeAccess.dll (API version 3709383).
LogModuleManager: Display: Found up-to-date module file ../../../Engine/Plugins/Developer/VisualStudioSourceCodeAccess/Binaries/Win64/UE4Editor-VisualStudioSourceCodeAccess.dll (API version 3709383).
LogModuleManager: Display: Found up-to-date module file ../../../Engine/Plugins/Editor/AssetManagerEditor/Binaries/Win64/UE4Editor-AssetManagerEditor.dll (API version 3709383).
LogModuleManager: Display: Found up-to-date module file ../../../Engine/Plugins/Editor/AudioCapture/Binaries/Win64/UE4Editor-AudioCapture.dll (API version 3709383).
LogModuleManager: Display: Found up-to-date module file ../../../Engine/Plugins/Editor/FacialAnimation/Binaries/Win64/UE4Editor-FacialAnimation.dll (API version 3709383).
LogModuleManager: Display: Found up-to-date module file ../../../Engine/Plugins/Editor/FacialAnimation/Binaries/Win64/UE4Editor-FacialAnimationEditor.dll (API version 3709383).
LogModuleManager: Display: Found up-to-date module file ../../../Engine/Plugins/Editor/GameplayTagsEditor/Binaries/Win64/UE4Editor-GameplayTagsEditor.dll (API version 3709383).
LogModuleManager: Display: Found up-to-date module file ../../../Engine/Plugins/Editor/MobileLauncherProfileWizard/Binaries/Win64/UE4Editor-MobileLauncherProfileWizard.dll (API version 3709383).
LogModuleManager: Display: Found up-to-date module file ../../../Engine/Plugins/Editor/PluginBrowser/Binaries/Win64/UE4Editor-PluginBrowser.dll (API version 3709383).
LogModuleManager: Display: Found up-to-date module file ../../../Engine/Plugins/Editor/SpeedTreeImporter/Binaries/Win64/UE4Editor-SpeedTreeImporter.dll (API version 3709383).
LogModuleManager: Display: Found up-to-date module file ../../../Engine/Plugins/Experimental/AlembicImporter/Binaries/Win64/UE4Editor-AlembicImporter.dll (API version 3709383).
LogModuleManager: Display: Found up-to-date module file ../../../Engine/Plugins/Experimental/AlembicImporter/Binaries/Win64/UE4Editor-AlembicLibrary.dll (API version 3709383).
LogModuleManager: Display: Found up-to-date module file ../../../Engine/Plugins/Experimental/CharacterAI/Binaries/Win64/UE4Editor-CharacterAI.dll (API version 3709383).
LogModuleManager: Display: Found up-to-date module file ../../../Engine/Plugins/Experimental/HTML5Networking/Binaries/Win64/UE4Editor-HTML5Networking.dll (API version 3709383).
LogModuleManager: Display: Found up-to-date module file ../../../Engine/Plugins/Media/AndroidMedia/Binaries/Win64/UE4Editor-AndroidMediaEditor.dll (API version 3709383).
LogModuleManager: Display: Found up-to-date module file ../../../Engine/Plugins/Media/AndroidMedia/Binaries/Win64/UE4Editor-AndroidMediaFactory.dll (API version 3709383).
LogModuleManager: Display: Found up-to-date module file ../../../Engine/Plugins/Media/AvfMedia/Binaries/Win64/UE4Editor-AvfMediaEditor.dll (API version 3709383).
LogModuleManager: Display: Found up-to-date module file ../../../Engine/Plugins/Media/AvfMedia/Binaries/Win64/UE4Editor-AvfMediaFactory.dll (API version 3709383).
LogModuleManager: Display: Found up-to-date module file ../../../Engine/Plugins/Media/AvfMedia/Binaries/Win64/UE4Editor-AvfMediaFactory.dll (API version 3709383).
LogModuleManager: Display: Found up-to-date module file ../../../Engine/Plugins/Media/ImgMedia/Binaries/Win64/UE4Editor-ImgMedia.dll (API version 3709383).
LogModuleManager: Display: Found up-to-date module file ../../../Engine/Plugins/Media/ImgMedia/Binaries/Win64/UE4Editor-ImgMediaEditor.dll (API version 3709383).
LogModuleManager: Display: Found up-to-date module file ../../../Engine/Plugins/Media/ImgMedia/Binaries/Win64/UE4Editor-ImgMediaFactory.dll (API version 3709383).
LogModuleManager: Display: Found up-to-date module file ../../../Engine/Plugins/Media/ImgMedia/Binaries/Win64/UE4Editor-ImgMediaFactory.dll (API version 3709383).
LogModuleManager: Display: Found up-to-date module file ../../../Engine/Plugins/Media/ImgMedia/Binaries/Win64/UE4Editor-OpenExrWrapper.dll (API version 3709383).
LogModuleManager: Display: Found up-to-date module file ../../../Engine/Plugins/Media/MediaCompositing/Binaries/Win64/UE4Editor-MediaCompositing.dll (API version 3709383).
LogModuleManager: Display: Found up-to-date module file ../../../Engine/Plugins/Media/MediaCompositing/Binaries/Win64/UE4Editor-MediaCompositingEditor.dll (API version 3709383).
LogModuleManager: Display: Found up-to-date module file ../../../Engine/Plugins/Media/MediaPlayerEditor/Binaries/Win64/UE4Editor-MediaPlayerEditor.dll (API version 3709383).
LogModuleManager: Display: Found up-to-date module file ../../../Engine/Plugins/Media/WmfMedia/Binaries/Win64/UE4Editor-WmfMedia.dll (API version 3709383).
LogModuleManager: Display: Found up-to-date module file ../../../Engine/Plugins/Media/WmfMedia/Binaries/Win64/UE4Editor-WmfMediaEditor.dll (API version 3709383).
LogModuleManager: Display: Found up-to-date module file ../../../Engine/Plugins/Media/WmfMedia/Binaries/Win64/UE4Editor-WmfMediaFactory.dll (API version 3709383).
LogModuleManager: Display: Found up-to-date module file ../../../Engine/Plugins/Media/WmfMedia/Binaries/Win64/UE4Editor-WmfMediaFactory.dll (API version 3709383).
LogModuleManager: Display: Found up-to-date module file ../../../Engine/Plugins/Messaging/TcpMessaging/Binaries/Win64/UE4Editor-TcpMessaging.dll (API version 3709383).
LogModuleManager: Display: Found up-to-date module file ../../../Engine/Plugins/Messaging/UdpMessaging/Binaries/Win64/UE4Editor-UdpMessaging.dll (API version 3709383).
LogModuleManager: Display: Found up-to-date module file ../../../Engine/Plugins/MovieScene/ActorSequence/Binaries/Win64/UE4Editor-ActorSequence.dll (API version 3709383).
LogModuleManager: Display: Found up-to-date module file ../../../Engine/Plugins/MovieScene/LevelSequenceEditor/Binaries/Win64/UE4Editor-LevelSequenceEditor.dll (API version 3709383).
LogModuleManager: Display: Found up-to-date module file ../../../Engine/Plugins/MovieScene/MatineeToLevelSequence/Binaries/Win64/UE4Editor-MatineeToLevelSequence.dll (API version 3709383).
LogModuleManager: Display: Found up-to-date module file ../../../Engine/Plugins/Runtime/AndroidPermission/Binaries/Win64/UE4Editor-AndroidPermission.dll (API version 3709383).
LogModuleManager: Display: Found up-to-date module file ../../../Engine/Plugins/Online/OnlineSubsystemNull/Binaries/Win64/UE4Editor-OnlineSubsystemNull.dll (API version 3709383).
LogModuleManager: Display: Found up-to-date module file ../../../Engine/Plugins/Runtime/AndroidDeviceProfileSelector/Binaries/Win64/UE4Editor-AndroidDeviceProfileSelector.dll (API version 3709383).
LogModuleManager: Display: Found up-to-date module file ../../../Engine/Plugins/Runtime/AppleARKit/Binaries/Win64/UE4Editor-AppleARKit.dll (API version 3709383).
LogModuleManager: Display: Found up-to-date module file ../../../Engine/Plugins/Runtime/ArchVisCharacter/Binaries/Win64/UE4Editor-ArchVisCharacter.dll (API version 3709383).
LogModuleManager: Display: Found up-to-date module file ../../../Engine/Plugins/Runtime/CableComponent/Binaries/Win64/UE4Editor-CableComponent.dll (API version 3709383).
LogModuleManager: Display: Found up-to-date module file ../../../Engine/Plugins/Runtime/CustomMeshComponent/Binaries/Win64/UE4Editor-CustomMeshComponent.dll (API version 3709383).
LogModuleManager: Display: Found up-to-date module file ../../../Engine/Plugins/Runtime/ExampleDeviceProfileSelector/Binaries/Win64/UE4Editor-ExampleDeviceProfileSelector.dll (API version 3709383).
LogModuleManager: Display: Found up-to-date module file ../../../Engine/Plugins/Runtime/ImmediatePhysics/Binaries/Win64/UE4Editor-ImmediatePhysics.dll (API version 3709383).
LogModuleManager: Display: Found up-to-date module file ../../../Engine/Plugins/Runtime/ImmediatePhysics/Binaries/Win64/UE4Editor-ImmediatePhysicsEditor.dll (API version 3709383).
LogModuleManager: Display: Found up-to-date module file ../../../Engine/Plugins/Runtime/LocationServicesBPLibrary/Binaries/Win64/UE4Editor-LocationServicesBPLibrary.dll (API version 3709383).
LogModuleManager: Display: Found up-to-date module file ../../../Engine/Plugins/Runtime/MobilePatchingUtils/Binaries/Win64/UE4Editor-MobilePatchingUtils.dll (API version 3709383).
LogModuleManager: Display: Found up-to-date module file ../../../Engine/Plugins/Runtime/Oculus/OculusVR/Binaries/Win64/UE4Editor-OculusHMD.dll (API version 3709383).
LogModuleManager: Display: Found up-to-date module file ../../../Engine/Plugins/Runtime/Oculus/OculusVR/Binaries/Win64/UE4Editor-OculusInput.dll (API version 3709383).
LogModuleManager: Display: Found up-to-date module file ../../../Engine/Plugins/Runtime/Oculus/OculusVR/Binaries/Win64/UE4Editor-OculusEditor.dll (API version 3709383).
LogModuleManager: Display: Found up-to-date module file ../../../Engine/Plugins/Runtime/PhysXVehicles/Binaries/Win64/UE4Editor-PhysXVehicles.dll (API version 3709383).
LogModuleManager: Display: Found up-to-date module file ../../../Engine/Plugins/Runtime/PhysXVehicles/Binaries/Win64/UE4Editor-PhysXVehiclesEditor.dll (API version 3709383).
LogModuleManager: Display: Found up-to-date module file ../../../Engine/Plugins/Runtime/ProceduralMeshComponent/Binaries/Win64/UE4Editor-ProceduralMeshComponent.dll (API version 3709383).
LogModuleManager: Display: Found up-to-date module file ../../../Engine/Plugins/Runtime/ProceduralMeshComponent/Binaries/Win64/UE4Editor-ProceduralMeshComponentEditor.dll (API version 3709383).
LogModuleManager: Display: Found up-to-date module file ../../../Engine/Plugins/Runtime/RuntimePhysXCooking/Binaries/Win64/UE4Editor-RuntimePhysXCooking.dll (API version 3709383).
LogModuleManager: Display: Found up-to-date module file ../../../Engine/Plugins/Runtime/Steam/SteamVR/Binaries/Win64/UE4Editor-SteamVR.dll (API version 3709383).
LogModuleManager: Display: Found up-to-date module file ../../../Engine/Plugins/Runtime/Steam/SteamVR/Binaries/Win64/UE4Editor-SteamVRController.dll (API version 3709383).
LogModuleManager: Display: Found up-to-date module file ../../../Engine/Plugins/Runtime/WindowsMoviePlayer/Binaries/Win64/UE4Editor-WindowsMoviePlayer.dll (API version 3709383).
LogPluginManager: Mounting plugin Paper2D
LogPluginManager: Mounting plugin LightPropagationVolume
LogPluginManager: Mounting plugin CodeLiteSourceCodeAccess
LogPluginManager: Mounting plugin GitSourceControl
LogPluginManager: Mounting plugin KDevelopSourceCodeAccess
LogPluginManager: Mounting plugin NullSourceCodeAccess
LogPluginManager: Mounting plugin PerforceSourceControl
LogPluginManager: Mounting plugin SubversionSourceControl
LogPluginManager: Mounting plugin UObjectPlugin
LogPluginManager: Mounting plugin VisualStudioCodeSourceCodeAccess
LogPluginManager: Mounting plugin VisualStudioSourceCodeAccess
LogPluginManager: Mounting plugin XCodeSourceCodeAccess
LogPluginManager: Mounting plugin AssetManagerEditor
LogPluginManager: Mounting plugin AudioCapture
LogPluginManager: Mounting plugin FacialAnimation
LogPluginManager: Mounting plugin GameplayTagsEditor
LogPluginManager: Mounting plugin MobileLauncherProfileWizard
LogPluginManager: Mounting plugin PluginBrowser
LogPluginManager: Mounting plugin SpeedTreeImporter
LogPluginManager: Mounting plugin AlembicImporter
LogPluginManager: Mounting plugin CharacterAI
LogPluginManager: Mounting plugin HTML5Networking
LogPluginManager: Mounting plugin GameSparks
LogPluginManager: Mounting plugin AndroidMedia
LogPluginManager: Mounting plugin AvfMedia
LogPluginManager: Mounting plugin ImgMedia
LogPluginManager: Mounting plugin MediaCompositing
LogPluginManager: Mounting plugin MediaPlayerEditor
LogPluginManager: Mounting plugin WmfMedia
LogPluginManager: Mounting plugin TcpMessaging
LogPluginManager: Mounting plugin UdpMessaging
LogPluginManager: Mounting plugin ActorSequence
LogPluginManager: Mounting plugin LevelSequenceEditor
LogPluginManager: Mounting plugin MatineeToLevelSequence
LogPluginManager: Mounting plugin OnlineSubsystemGooglePlay
LogPluginManager: Mounting plugin OnlineSubsystemIOS
LogPluginManager: Mounting plugin OnlineSubsystem
LogPluginManager: Mounting plugin OnlineSubsystemNull
LogPluginManager: Mounting plugin OnlineSubsystemUtils
LogPluginManager: Mounting plugin AndroidDeviceProfileSelector
LogPluginManager: Mounting plugin AndroidMoviePlayer
LogPluginManager: Mounting plugin AndroidPermission
LogPluginManager: Mounting plugin AppleARKit
LogPluginManager: Mounting plugin AppleMoviePlayer
LogPluginManager: Mounting plugin ArchVisCharacter
LogPluginManager: Mounting plugin CableComponent
LogPluginManager: Mounting plugin CustomMeshComponent
LogPluginManager: Mounting plugin ExampleDeviceProfileSelector
LogPluginManager: Mounting plugin GoogleCloudMessaging
LogPluginManager: Mounting plugin ImmediatePhysics
LogPluginManager: Mounting plugin IOSDeviceProfileSelector
LogPluginManager: Mounting plugin LinuxDeviceProfileSelector
LogPluginManager: Mounting plugin LocationServicesBPLibrary
LogPluginManager: Mounting plugin MobilePatchingUtils
LogPluginManager: Mounting plugin OculusVR
LogPluginManager: Plugin shader directory ../../../Engine/Plugins/Runtime/Oculus/OculusVR/Shaders found
LogPluginManager: Mapping shader source directory ../../../Engine/Plugins/Runtime/Oculus/OculusVR/Shaders to virtual directory /Plugin/OculusVR
LogPluginManager: Mounting plugin PhysXVehicles
LogPluginManager: Mounting plugin ProceduralMeshComponent
LogPluginManager: Mounting plugin RuntimePhysXCooking
LogPluginManager: Mounting plugin SteamVR
LogPluginManager: Mounting plugin WindowsMoviePlayer
LogInit: Using libcurl 7.47.1
LogInit:  - built for x86_64-pc-win32
LogInit:  - supports SSL with OpenSSL/1.0.2g
LogInit:  - supports HTTP deflate (compression) using libz 1.2.8
LogInit:  - other features:
LogInit:      CURL_VERSION_SSL
LogInit:      CURL_VERSION_LIBZ
LogInit:      CURL_VERSION_IPV6
LogInit:      CURL_VERSION_ASYNCHDNS
LogInit:      CURL_VERSION_LARGEFILE
LogInit:      CURL_VERSION_IDN
LogInit:  CurlRequestOptions (configurable via config and command line):
LogInit:  - bVerifyPeer = false  - Libcurl will NOT verify peer certificate
LogInit:  - bUseHttpProxy = false  - Libcurl will NOT use HTTP proxy
LogInit:  - bDontReuseConnections = false  - Libcurl will reuse connections
LogInit:  - CertBundlePath = nullptr  - Libcurl will use whatever was configured at build time.
LogInit: Build: ++UE4+Release-4.18-CL-3832480
LogInit: Engine Version: 4.18.3-3832480+++UE4+Release-4.18
LogInit: Compatible Engine Version: 4.18.0-3709383+++UE4+Release-4.18
LogInit: Net CL: 3709383
LogDevObjectVersion: Number of dev versions registered: 16
LogDevObjectVersion:   Dev-Blueprints (B0D832E4-1F89-4F0D-ACCF-7EB736FD4AA2): 10
LogDevObjectVersion:   Dev-Build (E1C64328-A22C-4D53-A36C-8E866417BD8C): 0
LogDevObjectVersion:   Dev-Core (375EC13C-06E4-48FB-B500-84F0262A717E): 2
LogDevObjectVersion:   Dev-Editor (E4B068ED-F494-42E9-A231-DA0B2E46BB41): 20
LogDevObjectVersion:   Dev-Framework (CFFC743F-43B0-4480-9391-14DF171D2073): 30
LogDevObjectVersion:   Dev-Mobile (B02B49B5-BB20-44E9-A304-32B752E40360): 0
LogDevObjectVersion:   Dev-Networking (A4E4105C-59A1-49B5-A7C5-40C4547EDFEE): 0
LogDevObjectVersion:   Dev-Online (39C831C9-5AE6-47DC-9A44-9C173E1C8E7C): 0
LogDevObjectVersion:   Dev-Physics (78F01B33-EBEA-4F98-B9B4-84EACCB95AA2): 0
LogDevObjectVersion:   Dev-Platform (6631380F-2D4D-43E0-8009-CF276956A95A): 0
LogDevObjectVersion:   Dev-Rendering (12F88B9F-8875-4AFC-A67C-D90C383ABD29): 20
LogDevObjectVersion:   Dev-Sequencer (7B5AE74C-D270-4C10-A958-57980B212A5A): 4
LogDevObjectVersion:   Dev-VR (D7296918-1DD6-4BDD-9DE2-64A83CC13884): 0
LogDevObjectVersion:   Dev-LoadTimes (C2A15278-BFE7-4AFE-6C17-90FF531DF755): 1
LogDevObjectVersion:   Private-Geometry (6EACA3D4-40EC-4CC1-B786-8BED09428FC5): 1
LogDevObjectVersion:   Dev-AnimPhys (29E575DD-E0A3-4627-9D10-D276232CDCEA): 12
LogInit: Compiled (64-bit): Jan 12 2018 02:04:55
LogInit: Compiled with Visual C++: 19.00.24215.01
LogInit: Build Configuration: Development
LogInit: Branch Name: ++UE4+Release-4.18
LogInit: Command line: 
LogInit: Base directory: D:/Mutant/UE_4.18/Engine/Binaries/Win64/
LogInit: Installed Engine Build: 1
LogInit: Presizing for max 8388607 objects, including 0 objects not considered by GC, pre-allocating 0 bytes for permanent pool.
LogInit: Object subsystem initialized
[2020.10.12-05.06.50:275][  0]LogInit: Selected Device Profile: [Windows]
[2020.10.12-05.06.50:275][  0]LogInit: Applying CVar settings loaded from the selected device profile: [Windows]
[2020.10.12-05.06.50:286][  0]LogInit: Computer: DESKTOP-E44TFJF
[2020.10.12-05.06.50:286][  0]LogInit: User: USER
[2020.10.12-05.06.50:286][  0]LogInit: CPU Page size=4096, Cores=4
[2020.10.12-05.06.50:286][  0]LogInit: High frequency timer resolution =10.000000 MHz
[2020.10.12-05.06.50:286][  0]LogMemory: Memory total: Physical=7.9GB (8GB approx)
[2020.10.12-05.06.50:286][  0]LogMemory: Platform Memory Stats for Windows
[2020.10.12-05.06.50:286][  0]LogMemory: Process Physical Memory: 272.14 MB used, 272.14 MB peak
[2020.10.12-05.06.50:286][  0]LogMemory: Process Virtual Memory: 269.52 MB used, 269.52 MB peak
[2020.10.12-05.06.50:286][  0]LogMemory: Physical Memory: 4485.95 MB used,  3651.66 MB free, 8137.61 MB total
[2020.10.12-05.06.50:286][  0]LogMemory: Virtual Memory: 4762.64 MB used,  3651.66 MB free, 134217728.00 MB total
[2020.10.12-05.06.50:418][  0]LogInit: Using OS detected language (es-ES).
[2020.10.12-05.06.50:418][  0]LogInit: Using OS detected locale (es-CO).
[2020.10.12-05.06.50:421][  0]LogTextLocalizationManager: No specific localization for 'es-ES' exists, so the 'es' localization will be used.
[2020.10.12-05.06.50:566][  0]LogInit: Setting process to per monitor DPI aware
[2020.10.12-05.06.50:806][  0]LogD3D11RHI: D3D11 adapters:
[2020.10.12-05.06.50:875][  0]LogD3D11RHI:    0. 'NVIDIA GeForce GTX 1050' (Feature Level 11_0)
[2020.10.12-05.06.50:875][  0]LogD3D11RHI:       1977/0/4068 MB DedicatedVideo/DedicatedSystem/SharedSystem, Outputs:1, VendorId:0x10de
[2020.10.12-05.06.50:878][  0]LogD3D11RHI:    1. 'Microsoft Basic Render Driver' (Feature Level 11_0)
[2020.10.12-05.06.50:878][  0]LogD3D11RHI:       0/0/4068 MB DedicatedVideo/DedicatedSystem/SharedSystem, Outputs:0, VendorId:0x1414
[2020.10.12-05.06.50:878][  0]LogD3D11RHI: Chosen D3D11 Adapter: 0
[2020.10.12-05.06.50:885][  0]LogD3D11RHI: Creating new Direct3DDevice
[2020.10.12-05.06.50:885][  0]LogD3D11RHI:     GPU DeviceId: 0x1c81 (for the marketing name, search the web for "GPU Device Id")
[2020.10.12-05.06.50:885][  0]LogWindows: EnumDisplayDevices:
[2020.10.12-05.06.50:885][  0]LogWindows:    0. 'NVIDIA GeForce GTX 1050' (P:1 D:1)
[2020.10.12-05.06.50:886][  0]LogWindows:    1. 'NVIDIA GeForce GTX 1050' (P:0 D:0)
[2020.10.12-05.06.50:886][  0]LogWindows:    2. 'NVIDIA GeForce GTX 1050' (P:0 D:0)
[2020.10.12-05.06.50:886][  0]LogWindows:    3. 'NVIDIA GeForce GTX 1050' (P:0 D:0)
[2020.10.12-05.06.50:886][  0]LogWindows: DebugString: GetVideoDriverDetailsInvalid PrimaryIsNotTheChoosenAdapter GetVideoDriverDetailsInvalid PrimaryIsNotTheChoosenAdapter GetVideoDriverDetailsInvalid PrimaryIsNotTheChoosenAdapter GetVideoDriverDetailsInvalid PrimaryIsNotTheChoosenAdapter FoundDriverCount:0 
[2020.10.12-05.06.50:886][  0]LogD3D11RHI:     Adapter Name: NVIDIA GeForce GTX 1050
[2020.10.12-05.06.50:886][  0]LogD3D11RHI:   Driver Version: Unknown (internal:Unknown, unified:Unknown)
[2020.10.12-05.06.50:886][  0]LogD3D11RHI:      Driver Date: Unknown
[2020.10.12-05.06.50:886][  0]LogRHI: Texture pool is 1384 MB (70% of 1977 MB)
[2020.10.12-05.06.50:932][  0]LogD3D11RHI: Async texture creation enabled
[2020.10.12-05.06.50:944][  0]LogD3D11RHI: GPU Timing Frequency: 1000.000000 (Debug: 2 1)
[2020.10.12-05.06.50:946][  0]LogShaderCompilers: Guid format shader working directory is -3 characters bigger than the processId version (C:/Users/USER/Documents/GitHub/MuseoVirtualUdeM/Intermediate/Shaders/WorkingDirectory/11584/).
[2020.10.12-05.06.50:946][  0]LogShaderCompilers: Cleaned the shader compiler working directory 'C:/Users/USER/AppData/Local/Temp/UnrealShaderWorkingDir/74009D484C80BD95888B3A922D387B4F/'.
[2020.10.12-05.06.50:946][  0]LogShaderCompilers: Display: Using Local Shader Compiler.
[2020.10.12-05.06.51:800][  0]LogTemp: Display: Loaded TP AllDesktopTargetPlatform
[2020.10.12-05.06.51:847][  0]LogTemp: Display: Loaded TP MacClientTargetPlatform
[2020.10.12-05.06.51:893][  0]LogTemp: Display: Loaded TP MacNoEditorTargetPlatform
[2020.10.12-05.06.51:938][  0]LogTemp: Display: Loaded TP MacServerTargetPlatform
[2020.10.12-05.06.51:982][  0]LogTemp: Display: Loaded TP MacTargetPlatform
[2020.10.12-05.06.52:028][  0]LogTemp: Display: Loaded TP WindowsClientTargetPlatform
[2020.10.12-05.06.52:074][  0]LogTemp: Display: Loaded TP WindowsNoEditorTargetPlatform
[2020.10.12-05.06.52:119][  0]LogTemp: Display: Loaded TP WindowsServerTargetPlatform
[2020.10.12-05.06.52:159][  0]LogTemp: Display: Loaded TP WindowsTargetPlatform
[2020.10.12-05.06.52:204][  0]LogTemp: Display: Loaded TP Android_ASTCTargetPlatform
[2020.10.12-05.06.52:249][  0]LogTemp: Display: Loaded TP Android_ATCTargetPlatform
[2020.10.12-05.06.52:294][  0]LogTemp: Display: Loaded TP Android_DXTTargetPlatform
[2020.10.12-05.06.52:337][  0]LogTemp: Display: Loaded TP Android_ETC1TargetPlatform
[2020.10.12-05.06.52:381][  0]LogTemp: Display: Loaded TP Android_ETC2TargetPlatform
[2020.10.12-05.06.52:470][  0]LogTemp: Display: Loaded TP Android_MultiTargetPlatform
[2020.10.12-05.06.52:471][  0]LogTemp: Display: Loaded TP Android_PVRTCTargetPlatform
[2020.10.12-05.06.52:516][  0]LogTemp: Display: Loaded TP AndroidTargetPlatform
[2020.10.12-05.06.52:550][  0]LogTemp: Display: Loaded TP HTML5TargetPlatform
[2020.10.12-05.06.52:631][  0]LogTemp: Display: Loaded TP IOSTargetPlatform
[2020.10.12-05.06.52:655][  0]LogTemp: Display: Loaded TP TVOSTargetPlatform
[2020.10.12-05.06.52:699][  0]LogTemp: Display: Loaded TP LinuxClientTargetPlatform
[2020.10.12-05.06.52:744][  0]LogTemp: Display: Loaded TP LinuxNoEditorTargetPlatform
[2020.10.12-05.06.52:788][  0]LogTemp: Display: Loaded TP LinuxServerTargetPlatform
[2020.10.12-05.06.52:834][  0]LogTemp: Display: Loaded TP LinuxTargetPlatform
[2020.10.12-05.06.52:834][  0]LogTargetPlatformManager: Display: Building Assets For Windows
[2020.10.12-05.06.53:219][  0]LogDerivedDataCache: Display: Max Cache Size: 512 MB
[2020.10.12-05.06.53:302][  0]LogDerivedDataCache: Loaded boot cache 0.08s 78MB C:/Users/USER/AppData/Local/UnrealEngine/4.18/DerivedDataCache/Boot.ddc.
[2020.10.12-05.06.53:302][  0]LogDerivedDataCache: Display: Loaded Boot cache: C:/Users/USER/AppData/Local/UnrealEngine/4.18/DerivedDataCache/Boot.ddc
[2020.10.12-05.06.53:302][  0]LogDerivedDataCache: FDerivedDataBackendGraph:  Pak pak cache file C:/Users/USER/Documents/GitHub/MuseoVirtualUdeM/DerivedDataCache/DDC.ddp not found, will not use a pak cache.
[2020.10.12-05.06.53:302][  0]LogDerivedDataCache: Unable to find inner node Pak for hierarchical cache Hierarchy.
[2020.10.12-05.06.53:302][  0]LogDerivedDataCache: FDerivedDataBackendGraph:  CompressedPak pak cache file C:/Users/USER/Documents/GitHub/MuseoVirtualUdeM/DerivedDataCache/Compressed.ddp not found, will not use a pak cache.
[2020.10.12-05.06.53:302][  0]LogDerivedDataCache: Unable to find inner node CompressedPak for hierarchical cache Hierarchy.
[2020.10.12-05.06.53:318][  0]LogDerivedDataCache: Display: Pak cache opened for reading ../../../Engine/DerivedDataCache/Compressed.ddp.
[2020.10.12-05.06.53:331][  0]LogDerivedDataCache: Using Local data cache path C:/Users/USER/AppData/Local/UnrealEngine/Common/DerivedDataCache: Writable
[2020.10.12-05.06.53:341][  0]LogMaterial: Verifying Global Shaders for PCD3D_SM5
[2020.10.12-05.06.53:341][  0]LogSlate: Using Freetype 2.6.0
[2020.10.12-05.06.53:342][  0]LogSlate: SlateFontCache - WITH_FREETYPE: 1, WITH_HARFBUZZ: 1
[2020.10.12-05.06.53:342][  0]LogSlate: SlateFontCache - WITH_FREETYPE: 1, WITH_HARFBUZZ: 1
[2020.10.12-05.06.53:694][  0]LogInit: Selected Device Profile: [Windows]
[2020.10.12-05.06.53:988][  0]LogSimplygon: Simplygon DLL not present - disabling.
[2020.10.12-05.06.54:022][  0]LogMeshReduction: Using SimplygonSwarm for distributed automatic mesh merging
[2020.10.12-05.06.54:022][  0]LogMeshReduction: Using QuadricMeshReduction for automatic static mesh reduction
[2020.10.12-05.06.54:022][  0]LogMeshReduction: No automatic skeletal mesh reduction module available
[2020.10.12-05.06.54:022][  0]LogMeshReduction: No automatic mesh merging module available
[2020.10.12-05.06.54:022][  0]LogMeshMerging: No automatic mesh merging module available
[2020.10.12-05.06.54:049][  0]LogNetVersion: MuseoVirtualUdem , NetCL: 3709383, EngineNetVer: 2, GameNetVer: 0 (Checksum: 2631075334)
[2020.10.12-05.06.54:212][  0]LogAssetRegistry: FAssetRegistry took 0.0264 seconds to start up
[2020.10.12-05.06.54:695][  0]LogPackageLocalizationCache: Processed 8 localized package path(s) for 2 prioritized culture(s) in 0.064351 seconds
[2020.10.12-05.06.54:700][  0]LogUObjectArray: 35870 objects as part of root set at end of initial load.
[2020.10.12-05.06.54:700][  0]LogUObjectAllocator: 7363704 out of 0 bytes used by permanent object pool.
[2020.10.12-05.06.54:700][  0]LogUObjectArray: CloseDisregardForGC: 0/0 objects in disregard for GC pool
[2020.10.12-05.06.54:740][  0]LogInit: WinSock: version 1.1 (2.2), MaxSocks=32767, MaxUdp=65467
[2020.10.12-05.06.57:245][  0]UGameSparksModuleLog: Warning: GameSparks::StartupModule
[2020.10.12-05.06.57:273][  0]LogTcpMessaging: Initializing TcpMessaging bridge
[2020.10.12-05.06.57:311][  0]LogUdpMessaging: Initializing bridge on interface 0.0.0.0:0 to multicast group 230.0.0.1:6666.
[2020.10.12-05.06.57:915][  0]LogMaterial: Uniform references updated for custom material expression Custom.
[2020.10.12-05.06.58:296][  0]SourceControl: El control de código fuente está desactivado
[2020.10.12-05.06.58:296][  0]SourceControl: El control de código fuente está desactivado
[2020.10.12-05.06.58:343][  0]SourceControl: El control de código fuente está desactivado
[2020.10.12-05.06.58:391][  0]SourceControl: El control de código fuente está desactivado
[2020.10.12-05.06.59:166][  0]LogAndroidPermission: UAndroidPermissionCallbackProxy::GetInstance
[2020.10.12-05.06.59:404][  0]LogOcInput: OculusInput pre-init called
[2020.10.12-05.06.59:661][  0]LogEngine: Initializing Engine...
[2020.10.12-05.06.59:663][  0]LogHMD: Failed to initialize OpenVR with code 110
[2020.10.12-05.06.59:942][  0]LogStats: UGameplayTagsManager::ConstructGameplayTagTree: Construct from data asset -  0.000 s
[2020.10.12-05.06.59:942][  0]LogStats: UGameplayTagsManager::ConstructGameplayTagTree: GameplayTagTreeChangedEvent.Broadcast -  0.000 s
[2020.10.12-05.07.00:052][  0]LogAIModule: Creating AISystem for world Untitled
[2020.10.12-05.07.00:081][  0]LogInit: XAudio2 using 'Altavoces (Realtek High Definition Audio)' : 2 channels at 44.1 kHz using 16 bits per sample (channel mask 0x3)
[2020.10.12-05.07.00:134][  0]LogInit: FAudioDevice initialized.
[2020.10.12-05.07.00:289][  0]LogDerivedDataCache: Saved boot cache 0.15s 78MB C:/Users/USER/AppData/Local/UnrealEngine/4.18/DerivedDataCache/Boot.ddc.
[2020.10.12-05.07.00:307][  0]LogInit: Texture streaming: Enabled
[2020.10.12-05.07.00:391][  0]LogEngineSessionManager: EngineSessionManager initialized
[2020.10.12-05.07.00:508][  0]LogInit: Transaction tracking system initialized
[2020.10.12-05.07.00:780][  0]BlueprintLog: New page: Cargar el editor
[2020.10.12-05.07.01:586][  0]LocalizationService: Localization service is disabled
[2020.10.12-05.07.02:223][  0]LogConsoleResponse: Display: 
[2020.10.12-05.07.02:380][  0]LogCook: Display: Max memory allowance for cook 16384mb min free memory 0mb
[2020.10.12-05.07.02:380][  0]LogCook: Display: Mobile HDR setting 1
[2020.10.12-05.07.02:380][  0]LogGameplayTags: Display: UGameplayTagsManager::DoneAddingNativeTags. DelegateIsBound: 0
[2020.10.12-05.07.03:370][  0]LogFileCache: Scanning file cache for directory 'C:/Users/USER/Documents/GitHub/MuseoVirtualUdeM/Content/' took 0.02s
[2020.10.12-05.07.03:410][  0]SourceControl: El control de código fuente está desactivado
[2020.10.12-05.07.03:410][  0]Cmd: MAP LOAD FILE="C:/Users/USER/Documents/GitHub/MuseoVirtualUdeM/Content/Scenes/Game.umap" TEMPLATE=0 SHOWPROGRESS=1 FEATURELEVEL=3
[2020.10.12-05.07.03:410][  0]LightingResults: New page: Diseñar la iluminación
[2020.10.12-05.07.03:446][  0]MapCheck: New page: Revisión del mapa
[2020.10.12-05.07.03:446][  0]LightingResults: New page: Diseñar la iluminación
[2020.10.12-05.07.04:155][  0]LogAIModule: Creating AISystem for world Game
[2020.10.12-05.07.04:183][  0]LogEditorServer: Finished looking for orphan Actors (0.000 secs)
[2020.10.12-05.07.04:198][  0]Cmd: MAP CHECKDEP NOCLEARLOG
[2020.10.12-05.07.04:253][  0]MapCheck: Map check complete: 0 Error(s), 0 Warning(s), took 55,606ms to complete.
[2020.10.12-05.07.04:254][  0]LogFileHelpers: Loading map 'Game' took 0.843
[2020.10.12-05.07.04:400][  0]LogCollectionManager: Loaded 0 collections in 0.001056 seconds
[2020.10.12-05.07.04:475][  0]LogFileCache: Scanning file cache for directory 'C:/Users/USER/Documents/GitHub/MuseoVirtualUdeM/Saved/Collections/' took 0.01s
[2020.10.12-05.07.04:475][  0]LogFileCache: Scanning file cache for directory 'C:/Users/USER/Documents/GitHub/MuseoVirtualUdeM/Content/Developers/USER/Collections/' took 0.01s
[2020.10.12-05.07.04:475][  0]LogFileCache: Scanning file cache for directory 'C:/Users/USER/Documents/GitHub/MuseoVirtualUdeM/Content/Collections/' took 0.01s
[2020.10.12-05.07.04:475][  0]LogCollectionManager: Rebuilt the GUID cache for 0 collections in 0.000000 seconds
[2020.10.12-05.07.04:483][  0]LogContentBrowser: Native class hierarchy populated in 0.0082 seconds. Added 2462 classes and 523 folders.
[2020.10.12-05.07.04:538][  0]LogContentBrowser: Native class hierarchy updated for 'WidgetCarousel' in 0.0002 seconds. Added 0 classes and 0 folders.
[2020.10.12-05.07.04:577][  0]LogContentBrowser: Native class hierarchy updated for 'AddContentDialog' in 0.0002 seconds. Added 0 classes and 0 folders.
[2020.10.12-05.07.04:614][  0]LogContentBrowser: Native class hierarchy updated for 'SceneOutliner' in 0.0002 seconds. Added 1 classes and 2 folders.
[2020.10.12-05.07.04:643][  0]LogSlate: Took 0.000262 seconds to synchronously load lazily loaded font '../../../Engine/Content/Slate/Fonts/Roboto-Regular.ttf' (155K)
[2020.10.12-05.07.04:645][  0]LogSlate: Took 0.000197 seconds to synchronously load lazily loaded font '../../../Engine/Content/Slate/Fonts/Roboto-Bold.ttf' (160K)
[2020.10.12-05.07.04:651][  0]LogSlate: Took 0.000298 seconds to synchronously load lazily loaded font '../../../Engine/Content/Editor/Slate/Fonts/FontAwesome.ttf' (139K)
[2020.10.12-05.07.04:753][  0]LogRenderer: Reallocating scene render targets to support 1208x580 Format 10 NumSamples 1 (Frame:1).
[2020.10.12-05.07.04:955][  0]LogContentBrowser: Native class hierarchy updated for 'HierarchicalLODOutliner' in 0.0003 seconds. Added 1 classes and 2 folders.
[2020.10.12-05.07.04:955][  0]LogLoad: (Engine Initialization) Total time: 16.77 seconds
[2020.10.12-05.07.04:955][  0]LogLoad: (Engine Initialization) Total Blueprint compile time: 0.00 seconds
[2020.10.12-05.07.04:955][  0]LogExternalProfiler: No external profilers were discovered.  External profiling features will not be available.
[2020.10.12-05.07.04:982][  0]LogContentStreaming: Texture pool size now 1000 MB
[2020.10.12-05.07.05:003][  0]LogSlate: Took 0.000216 seconds to synchronously load lazily loaded font '../../../Engine/Content/Slate/Fonts/Roboto-Light.ttf' (159K)
[2020.10.12-05.07.05:026][  1]LogAssetRegistry: Asset discovery search completed in 10.8364 seconds
[2020.10.12-05.07.05:028][  1]LogCollectionManager: Rebuilt the object cache for 0 collections in 0.000000 seconds (found 0 objects)
[2020.10.12-05.07.05:028][  1]LogCollectionManager: Fixed up redirectors for 0 collections in 0.000070 seconds (updated 0 objects)
[2020.10.12-05.08.19:307][778]LogEditorViewport: Clicking on Actor (LMB): BP_M_Model_C (BP_M_Model2)
[2020.10.12-05.08.19:774][827]LogSlate: Took 0.000204 seconds to synchronously load lazily loaded font '../../../Engine/Content/Editor/Slate/Fonts/Roboto-Italic.ttf' (157K)
[2020.10.12-05.08.49:108][238]LogEditorViewport: Clicking on Actor (LMB): BP_NPC_C (BP_NPC3)
[2020.10.12-05.08.54:900][906]LogEditorViewport: Clicking on Actor (LMB): BP_M_Model_C (BP_M_Model2)
[2020.10.12-05.08.59:813][480]LogEditorViewport: Clicking on Actor (LMB): StaticMeshActor (Floor)
[2020.10.12-05.09.26:808][267]LogSlate: Took 0.000277 seconds to synchronously load lazily loaded font '../../../Engine/Content/Slate/Fonts/Roboto-Light.ttf' (159K)
[2020.10.12-05.09.26:898][267]Cmd: OBJ SAVEPACKAGE PACKAGE="/Game/Scenes/Game" FILE="C:/Users/USER/Documents/GitHub/MuseoVirtualUdeM/Content/Scenes/Game.umap" SILENT=true AUTOSAVING=false KEEPDIRTY=false
[2020.10.12-05.09.27:238][267]LogSavePackage: Save=198.15ms
[2020.10.12-05.09.27:238][267]LogSavePackage: Moving 'C:/Users/USER/Documents/GitHub/MuseoVirtualUdeM/Saved/Game2429A7824E98A74CED4F7FBEB9E08FAD.tmp' to 'C:/Users/USER/Documents/GitHub/MuseoVirtualUdeM/Content/Scenes/Game.umap'
[2020.10.12-05.09.27:241][267]LogSavePackage: Display: Finished SavePackage C:/Users/USER/Documents/GitHub/MuseoVirtualUdeM/Content/Scenes/Game.umap
[2020.10.12-05.09.27:263][267]LogFileHelpers: Saving map 'Game' took 0.424
[2020.10.12-05.09.27:341][267]LogWindowsTextInputMethodSystem: Display: IME system now deactivated.
[2020.10.12-05.09.27:515][268]Cmd: QUIT_EDITOR
[2020.10.12-05.09.27:541][268]LogExit: Preparing to exit.
[2020.10.12-05.09.28:469][268]LogExit: Editor shut down
[2020.10.12-05.09.28:473][268]LogExit: Transaction tracking system shut down
[2020.10.12-05.09.28:635][268]LogDirectoryWatcher: A directory notification for '../../../Engine/Content/' was aborted.
[2020.10.12-05.09.28:636][268]LogDirectoryWatcher: A directory notification for 'C:/Users/USER/Documents/GitHub/MuseoVirtualUdeM/Content/' was aborted.
[2020.10.12-05.09.28:636][268]LogDirectoryWatcher: A directory notification for '../../../Engine/Plugins/2D/Paper2D/Content/' was aborted.
[2020.10.12-05.09.28:636][268]LogDirectoryWatcher: A directory notification for '../../../Engine/Plugins/Marketplace/GameSparks/Content/' was aborted.
[2020.10.12-05.09.28:636][268]LogDirectoryWatcher: A directory notification for '../../../Engine/Plugins/Media/MediaCompositing/Content/' was aborted.
[2020.10.12-05.09.28:636][268]LogDirectoryWatcher: A directory notification for '../../../Engine/Plugins/Runtime/AppleARKit/Content/' was aborted.
[2020.10.12-05.09.28:636][268]LogDirectoryWatcher: A directory notification for '../../../Engine/Plugins/Runtime/Oculus/OculusVR/Content/' was aborted.
[2020.10.12-05.09.28:636][268]LogDirectoryWatcher: A directory notification for '../../../Engine/Plugins/Runtime/Steam/SteamVR/Content/' was aborted.
[2020.10.12-05.09.28:695][268]LogExit: Object subsystem successfully closed.
[2020.10.12-05.09.28:714][268]LogD3D11RHI: Shutdown
[2020.10.12-05.09.28:714][268]LogD3D11RHI: CleanupD3DDevice
[2020.10.12-05.09.28:716][268]LogD3D11RHI: ~FD3D11DynamicRHI
[2020.10.12-05.09.28:724][268]LogModuleManager: Shutting down and abandoning module HierarchicalLODOutliner (552)
[2020.10.12-05.09.28:724][268]LogModuleManager: Shutting down and abandoning module SceneOutliner (550)
[2020.10.12-05.09.28:724][268]LogModuleManager: Shutting down and abandoning module AddContentDialog (548)
[2020.10.12-05.09.28:724][268]LogDirectoryWatcher: A directory notification for 'D:/Mutant/UE_4.18/FeaturePacks/' was aborted.
[2020.10.12-05.09.28:725][268]LogModuleManager: Shutting down and abandoning module WidgetCarousel (547)
[2020.10.12-05.09.28:725][268]LogModuleManager: Shutting down and abandoning module EditorWidgets (544)
[2020.10.12-05.09.28:725][268]LogModuleManager: Shutting down and abandoning module CollectionManager (542)
[2020.10.12-05.09.28:725][268]LogDirectoryWatcher: A directory notification for 'C:/Users/USER/Documents/GitHub/MuseoVirtualUdeM/Content/Collections/' was aborted.
[2020.10.12-05.09.28:725][268]LogDirectoryWatcher: A directory notification for 'C:/Users/USER/Documents/GitHub/MuseoVirtualUdeM/Content/Developers/USER/Collections/' was aborted.
[2020.10.12-05.09.28:725][268]LogDirectoryWatcher: A directory notification for 'C:/Users/USER/Documents/GitHub/MuseoVirtualUdeM/Saved/Collections/' was aborted.
[2020.10.12-05.09.28:725][268]LogModuleManager: Shutting down and abandoning module StatsViewer (540)
[2020.10.12-05.09.28:725][268]LogModuleManager: Shutting down and abandoning module FoliageEdit (538)
[2020.10.12-05.09.28:725][268]LogModuleManager: Shutting down and abandoning module LandscapeEditor (536)
[2020.10.12-05.09.28:725][268]LogModuleManager: Shutting down and abandoning module MeshPaintMode (534)
[2020.10.12-05.09.28:725][268]LogModuleManager: Shutting down and abandoning module SceneDepthPickerMode (532)
[2020.10.12-05.09.28:725][268]LogModuleManager: Shutting down and abandoning module ActorPickerMode (530)
[2020.10.12-05.09.28:725][268]LogModuleManager: Shutting down and abandoning module GeometryMode (528)
[2020.10.12-05.09.28:726][268]LogModuleManager: Shutting down and abandoning module TextureAlignMode (526)
[2020.10.12-05.09.28:726][268]LogModuleManager: Shutting down and abandoning module BspMode (524)
[2020.10.12-05.09.28:726][268]LogModuleManager: Shutting down and abandoning module PIEPreviewDeviceProfileSelector (522)
[2020.10.12-05.09.28:726][268]LogModuleManager: Shutting down and abandoning module HardwareSurvey (520)
[2020.10.12-05.09.28:726][268]LogModuleManager: Shutting down and abandoning module SequenceRecorderSections (518)
[2020.10.12-05.09.28:726][268]LogModuleManager: Shutting down and abandoning module AutomationWorker (516)
[2020.10.12-05.09.28:726][268]LogModuleManager: Shutting down and abandoning module MatineeToLevelSequence (514)
[2020.10.12-05.09.28:726][268]LogModuleManager: Shutting down and abandoning module LevelSequenceEditor (512)
[2020.10.12-05.09.28:726][268]LogModuleManager: Shutting down and abandoning module PlacementMode (511)
[2020.10.12-05.09.28:726][268]LogModuleManager: Shutting down and abandoning module WmfMediaFactory (508)
[2020.10.12-05.09.28:726][268]LogModuleManager: Shutting down and abandoning module WmfMediaEditor (506)
[2020.10.12-05.09.28:726][268]LogModuleManager: Shutting down and abandoning module OpenExrWrapper (504)
[2020.10.12-05.09.28:726][268]LogModuleManager: Shutting down and abandoning module ImgMediaFactory (502)
[2020.10.12-05.09.28:726][268]LogModuleManager: Shutting down and abandoning module ImgMediaEditor (500)
[2020.10.12-05.09.28:726][268]LogModuleManager: Shutting down and abandoning module AvfMediaFactory (498)
[2020.10.12-05.09.28:726][268]LogModuleManager: Shutting down and abandoning module AvfMediaEditor (496)
[2020.10.12-05.09.28:726][268]LogModuleManager: Shutting down and abandoning module AndroidMediaFactory (494)
[2020.10.12-05.09.28:726][268]LogModuleManager: Shutting down and abandoning module AndroidMediaEditor (492)
[2020.10.12-05.09.28:726][268]LogModuleManager: Shutting down and abandoning module CharacterAI (490)
[2020.10.12-05.09.28:726][268]LogModuleManager: Shutting down and abandoning module AudioCapture (488)
[2020.10.12-05.09.28:726][268]LogModuleManager: Shutting down and abandoning module SequenceRecorder (487)
[2020.10.12-05.09.28:726][268]LogModuleManager: Shutting down and abandoning module SmartSnapping (484)
[2020.10.12-05.09.28:726][268]LogModuleManager: Shutting down and abandoning module SessionServices (482)
[2020.10.12-05.09.28:726][268]LogModuleManager: Shutting down and abandoning module ViewportSnapping (480)
[2020.10.12-05.09.28:726][268]LogModuleManager: Shutting down and abandoning module ViewportInteraction (478)
[2020.10.12-05.09.28:726][268]LogModuleManager: Shutting down and abandoning module ClothPainter (476)
[2020.10.12-05.09.28:726][268]LogModuleManager: Shutting down and abandoning module SkeletalMeshEditor (475)
[2020.10.12-05.09.28:726][268]LogModuleManager: Shutting down and abandoning module LogVisualizer (472)
[2020.10.12-05.09.28:726][268]LogModuleManager: Shutting down and abandoning module IntroTutorials (470)
[2020.10.12-05.09.28:726][268]LogModuleManager: Shutting down and abandoning module GameProjectGeneration (469)
[2020.10.12-05.09.28:726][268]LogModuleManager: Shutting down and abandoning module IOSPlatformEditor (466)
[2020.10.12-05.09.28:726][268]LogModuleManager: Shutting down and abandoning module HTML5PlatformEditor (464)
[2020.10.12-05.09.28:726][268]LogModuleManager: Shutting down and abandoning module AndroidPlatformEditor (462)
[2020.10.12-05.09.28:726][268]LogModuleManager: Shutting down and abandoning module AndroidDeviceDetection (461)
[2020.10.12-05.09.29:001][268]LogModuleManager: Shutting down and abandoning module WindowsPlatformEditor (458)
[2020.10.12-05.09.29:001][268]LogModuleManager: Shutting down and abandoning module IOSRuntimeSettings (456)
[2020.10.12-05.09.29:001][268]LogModuleManager: Shutting down and abandoning module AndroidRuntimeSettings (454)
[2020.10.12-05.09.29:001][268]LogModuleManager: Shutting down and abandoning module InputBindingEditor (452)
[2020.10.12-05.09.29:001][268]LogModuleManager: Shutting down and abandoning module MergeActors (450)
[2020.10.12-05.09.29:002][268]LogModuleManager: Shutting down and abandoning module SizeMap (448)
[2020.10.12-05.09.29:002][268]LogModuleManager: Shutting down and abandoning module TreeMap (446)
[2020.10.12-05.09.29:002][268]LogModuleManager: Shutting down and abandoning module ReferenceViewer (444)
[2020.10.12-05.09.29:002][268]LogModuleManager: Shutting down and abandoning module LocalizationDashboard (442)
[2020.10.12-05.09.29:002][268]LogModuleManager: Shutting down and abandoning module LocalizationService (441)
[2020.10.12-05.09.29:002][268]LogModuleManager: Shutting down and abandoning module HardwareTargeting (438)
[2020.10.12-05.09.29:002][268]LogModuleManager: Shutting down and abandoning module DeviceProfileEditor (436)
[2020.10.12-05.09.29:002][268]LogModuleManager: Shutting down and abandoning module UndoHistory (434)
[2020.10.12-05.09.29:002][268]LogModuleManager: Shutting down and abandoning module XmlParser (432)
[2020.10.12-05.09.29:002][268]LogModuleManager: Shutting down and abandoning module Blutility (430)
[2020.10.12-05.09.29:002][268]LogModuleManager: Shutting down and abandoning module ProjectSettingsViewer (428)
[2020.10.12-05.09.29:002][268]LogModuleManager: Shutting down and abandoning module ProjectTargetPlatformEditor (427)
[2020.10.12-05.09.29:002][268]LogModuleManager: Shutting down and abandoning module EditorSettingsViewer (424)
[2020.10.12-05.09.29:002][268]LogModuleManager: Shutting down and abandoning module SettingsEditor (422)
[2020.10.12-05.09.29:002][268]LogModuleManager: Shutting down and abandoning module ProjectLauncher (420)
[2020.10.12-05.09.29:002][268]LogModuleManager: Shutting down and abandoning module SessionFrontend (418)
[2020.10.12-05.09.29:002][268]LogModuleManager: Shutting down and abandoning module ProfilerClient (416)
[2020.10.12-05.09.29:002][268]LogModuleManager: Shutting down and abandoning module DeviceManager (414)
[2020.10.12-05.09.29:002][268]LogModuleManager: Shutting down and abandoning module TargetDeviceServices (413)
[2020.10.12-05.09.29:057][268]LogModuleManager: Shutting down and abandoning module AutomationController (410)
[2020.10.12-05.09.29:057][268]LogModuleManager: Shutting down and abandoning module AutomationWindow (408)
[2020.10.12-05.09.29:057][268]LogModuleManager: Shutting down and abandoning module Layers (406)
[2020.10.12-05.09.29:057][268]LogModuleManager: Shutting down and abandoning module ComponentVisualizers (404)
[2020.10.12-05.09.29:057][268]LogModuleManager: Shutting down and abandoning module DetailCustomizations (402)
[2020.10.12-05.09.29:057][268]LogModuleManager: Shutting down and abandoning module PackagesDialog (400)
[2020.10.12-05.09.29:057][268]LogModuleManager: Shutting down and abandoning module Persona (398)
[2020.10.12-05.09.29:057][268]LogModuleManager: Shutting down and abandoning module AdvancedPreviewScene (397)
[2020.10.12-05.09.29:058][268]LogModuleManager: Shutting down and abandoning module AnimGraph (395)
[2020.10.12-05.09.29:058][268]LogModuleManager: Shutting down and abandoning module Kismet (392)
[2020.10.12-05.09.29:065][268]LogModuleManager: Shutting down and abandoning module ClassViewer (390)
[2020.10.12-05.09.29:065][268]LogModuleManager: Shutting down and abandoning module Toolbox (388)
[2020.10.12-05.09.29:065][268]LogModuleManager: Shutting down and abandoning module ModuleUI (386)
[2020.10.12-05.09.29:065][268]LogModuleManager: Shutting down and abandoning module MovieSceneTools (384)
[2020.10.12-05.09.29:065][268]LogModuleManager: Shutting down and abandoning module OutputLog (382)
[2020.10.12-05.09.29:065][268]LogModuleManager: Shutting down and abandoning module GammaUI (380)
[2020.10.12-05.09.29:065][268]LogModuleManager: Shutting down and abandoning module Documentation (378)
[2020.10.12-05.09.29:065][268]LogModuleManager: Shutting down and abandoning module MovieSceneTracks (376)
[2020.10.12-05.09.29:065][268]LogModuleManager: Shutting down and abandoning module MovieScene (374)
[2020.10.12-05.09.29:066][268]LogModuleManager: Shutting down and abandoning module StreamingPauseRendering (372)
[2020.10.12-05.09.29:066][268]LogModuleManager: Shutting down and abandoning module LauncherPlatform (370)
[2020.10.12-05.09.29:066][268]LogModuleManager: Shutting down and abandoning module AnalyticsET (368)
[2020.10.12-05.09.29:066][268]LogModuleManager: Shutting down and abandoning module PortalServices (366)
[2020.10.12-05.09.29:066][268]LogModuleManager: Shutting down and abandoning module PortalRpc (364)
[2020.10.12-05.09.29:066][268]LogModuleManager: Shutting down and abandoning module MessagingRpc (362)
[2020.10.12-05.09.29:066][268]LogModuleManager: Shutting down and abandoning module AIModule (360)
[2020.10.12-05.09.29:066][268]LogModuleManager: Shutting down and abandoning module GameplayDebugger (359)
[2020.10.12-05.09.29:066][268]LogModuleManager: Shutting down and abandoning module AITestSuite (357)
[2020.10.12-05.09.29:066][268]LogModuleManager: Shutting down and abandoning module DesktopPlatform (354)
[2020.10.12-05.09.29:066][268]LogModuleManager: Shutting down and abandoning module ProfilerService (352)
[2020.10.12-05.09.29:128][268]LogModuleManager: Shutting down and abandoning module TaskGraph (350)
[2020.10.12-05.09.29:128][268]LogModuleManager: Shutting down and abandoning module SteamVRController (348)
[2020.10.12-05.09.29:128][268]LogModuleManager: Shutting down and abandoning module ProceduralMeshComponentEditor (346)
[2020.10.12-05.09.29:128][268]LogModuleManager: Shutting down and abandoning module ProceduralMeshComponent (344)
[2020.10.12-05.09.29:128][268]LogModuleManager: Shutting down and abandoning module OculusInput (342)
[2020.10.12-05.09.29:128][268]LogModuleManager: Shutting down and abandoning module MobilePatchingUtils (340)
[2020.10.12-05.09.29:128][268]LogModuleManager: Shutting down and abandoning module CustomMeshComponent (338)
[2020.10.12-05.09.29:128][268]LogModuleManager: Shutting down and abandoning module CableComponent (336)
[2020.10.12-05.09.29:130][268]LogModuleManager: Shutting down and abandoning module ArchVisCharacter (334)
[2020.10.12-05.09.29:130][268]LogModuleManager: Shutting down and abandoning module AndroidPermission (332)
[2020.10.12-05.09.29:130][268]LogModuleManager: Shutting down and abandoning module ActorSequence (328)
[2020.10.12-05.09.29:130][268]LogModuleManager: Shutting down and abandoning module MediaPlayerEditor (326)
[2020.10.12-05.09.29:130][268]LogModuleManager: Shutting down and abandoning module MediaCompositingEditor (324)
[2020.10.12-05.09.29:130][268]LogModuleManager: Shutting down and abandoning module MediaCompositing (322)
[2020.10.12-05.09.29:130][268]LogModuleManager: Shutting down and abandoning module HTML5Networking (318)
[2020.10.12-05.09.29:130][268]LogModuleManager: Shutting down and abandoning module AlembicImporter (316)
[2020.10.12-05.09.29:130][268]LogModuleManager: Shutting down and abandoning module AlembicLibrary (315)
[2020.10.12-05.09.29:130][268]LogModuleManager: Shutting down and abandoning module GeometryCache (314)
[2020.10.12-05.09.29:130][268]LogModuleManager: Shutting down and abandoning module GeometryCacheEd (313)
[2020.10.12-05.09.29:130][268]LogModuleManager: Shutting down and abandoning module SpeedTreeImporter (308)
[2020.10.12-05.09.29:130][268]LogModuleManager: Shutting down and abandoning module PluginBrowser (306)
[2020.10.12-05.09.29:130][268]LogModuleManager: Shutting down and abandoning module MobileLauncherProfileWizard (304)
[2020.10.12-05.09.29:130][268]LogModuleManager: Shutting down and abandoning module VisualStudioSourceCodeAccess (302)
[2020.10.12-05.09.29:130][268]LogModuleManager: Shutting down and abandoning module VisualStudioCodeSourceCodeAccess (300)
[2020.10.12-05.09.29:130][268]LogModuleManager: Shutting down and abandoning module UObjectPlugin (298)
[2020.10.12-05.09.29:130][268]LogModuleManager: Shutting down and abandoning module SubversionSourceControl (296)
[2020.10.12-05.09.29:130][268]LogModuleManager: Shutting down and abandoning module PerforceSourceControl (294)
[2020.10.12-05.09.29:130][268]LogModuleManager: Shutting down and abandoning module GitSourceControl (292)
[2020.10.12-05.09.29:130][268]LogModuleManager: Shutting down and abandoning module SourceControl (291)
[2020.10.12-05.09.29:131][268]LogModuleManager: Shutting down and abandoning module LightPropagationVolumeEditor (288)
[2020.10.12-05.09.29:131][268]LogModuleManager: Shutting down and abandoning module PaperTiledImporter (286)
[2020.10.12-05.09.29:131][268]LogModuleManager: Shutting down and abandoning module PaperSpriteSheetImporter (284)
[2020.10.12-05.09.29:131][268]LogModuleManager: Shutting down and abandoning module Paper2DEditor (282)
[2020.10.12-05.09.29:131][268]LogModuleManager: Shutting down and abandoning module MeshPaint (281)
[2020.10.12-05.09.29:131][268]LogModuleManager: Shutting down and abandoning module LevelEditor (279)
[2020.10.12-05.09.29:133][268]LogModuleManager: Shutting down and abandoning module PixelInspectorModule (278)
[2020.10.12-05.09.29:133][268]LogModuleManager: Shutting down and abandoning module MainFrame (276)
[2020.10.12-05.09.29:133][268]LogModuleManager: Shutting down and abandoning module HotReload (275)
[2020.10.12-05.09.29:133][268]LogModuleManager: Shutting down and abandoning module RuntimePhysXCooking (270)
[2020.10.12-05.09.29:133][268]LogModuleManager: Shutting down and abandoning module PhysXVehiclesEditor (268)
[2020.10.12-05.09.29:133][268]LogModuleManager: Shutting down and abandoning module PhysXVehicles (266)
[2020.10.12-05.09.29:133][268]LogModuleManager: Shutting down and abandoning module OculusEditor (264)
[2020.10.12-05.09.29:133][268]LogModuleManager: Shutting down and abandoning module LocationServicesBPLibrary (262)
[2020.10.12-05.09.29:133][268]LogModuleManager: Shutting down and abandoning module ImmediatePhysicsEditor (260)
[2020.10.12-05.09.29:133][268]LogModuleManager: Shutting down and abandoning module ImmediatePhysics (258)
[2020.10.12-05.09.29:133][268]LogModuleManager: Shutting down and abandoning module UdpMessaging (256)
[2020.10.12-05.09.29:277][268]LogModuleManager: Shutting down and abandoning module TcpMessaging (254)
[2020.10.12-05.09.29:378][268]LogModuleManager: Shutting down and abandoning module GameSparks (252)
[2020.10.12-05.09.29:378][268]LogModuleManager: Shutting down and abandoning module GameplayTagsEditor (250)
[2020.10.12-05.09.29:378][268]LogModuleManager: Shutting down and abandoning module FacialAnimationEditor (248)
[2020.10.12-05.09.29:378][268]LogModuleManager: Shutting down and abandoning module FacialAnimation (246)
[2020.10.12-05.09.29:378][268]LogModuleManager: Shutting down and abandoning module AssetManagerEditor (244)
[2020.10.12-05.09.29:378][268]LogModuleManager: Shutting down and abandoning module GraphEditor (243)
[2020.10.12-05.09.29:378][268]LogModuleManager: Shutting down and abandoning module ContentBrowser (241)
[2020.10.12-05.09.29:379][268]LogModuleManager: Shutting down and abandoning module LightPropagationVolumeRuntime (238)
[2020.10.12-05.09.29:379][268]LogModuleManager: Shutting down and abandoning module Paper2D (236)
[2020.10.12-05.09.29:379][268]LogModuleManager: Shutting down and abandoning module WindowsMoviePlayer (234)
[2020.10.12-05.09.29:379][268]LogModuleManager: Shutting down and abandoning module WmfMedia (232)
[2020.10.12-05.09.29:381][268]LogModuleManager: Shutting down and abandoning module ImgMedia (230)
[2020.10.12-05.09.29:381][268]LogModuleManager: Shutting down and abandoning module PacketHandler (228)
[2020.10.12-05.09.29:381][268]LogModuleManager: Shutting down and abandoning module ClothingSystemEditor (226)
[2020.10.12-05.09.29:381][268]LogModuleManager: Shutting down and abandoning module ClothingSystemRuntime (224)
[2020.10.12-05.09.29:381][268]LogModuleManager: Shutting down and abandoning module MediaAssets (222)
[2020.10.12-05.09.29:381][268]LogModuleManager: Shutting down and abandoning module Media (221)
[2020.10.12-05.09.29:387][268]LogModuleManager: Shutting down and abandoning module Overlay (218)
[2020.10.12-05.09.29:387][268]LogModuleManager: Shutting down and abandoning module OverlayEditor (217)
[2020.10.12-05.09.29:387][268]LogModuleManager: Shutting down and abandoning module VREditor (214)
[2020.10.12-05.09.29:387][268]LogModuleManager: Shutting down and abandoning module StringTableEditor (212)
[2020.10.12-05.09.29:387][268]LogModuleManager: Shutting down and abandoning module GameplayTasksEditor (210)
[2020.10.12-05.09.29:387][268]LogModuleManager: Shutting down and abandoning module BehaviorTreeEditor (208)
[2020.10.12-05.09.29:387][268]LogModuleManager: Shutting down and abandoning module FunctionalTesting (206)
[2020.10.12-05.09.29:387][268]LogModuleManager: Shutting down and abandoning module CollisionAnalyzer (204)
[2020.10.12-05.09.29:387][268]LogModuleManager: Shutting down and abandoning module WorkspaceMenuStructure (203)
[2020.10.12-05.09.29:387][268]LogModuleManager: Shutting down and abandoning module UMG (200)
[2020.10.12-05.09.29:387][268]LogModuleManager: Shutting down and abandoning module UMGEditor (199)
[2020.10.12-05.09.29:388][268]LogModuleManager: Shutting down and abandoning module Sequencer (198)
[2020.10.12-05.09.29:388][268]LogModuleManager: Shutting down and abandoning module MessageLog (195)
[2020.10.12-05.09.29:388][268]LogModuleManager: Shutting down and abandoning module SlateReflector (190)
[2020.10.12-05.09.29:388][268]LogModuleManager: Shutting down and abandoning module Slate (188)
[2020.10.12-05.09.29:388][268]LogModuleManager: Shutting down and abandoning module EditorStyle (186)
[2020.10.12-05.09.29:390][268]LogModuleManager: Shutting down and abandoning module MRMesh (184)
[2020.10.12-05.09.29:390][268]LogModuleManager: Shutting down and abandoning module SourceCodeAccess (182)
[2020.10.12-05.09.29:390][268]LogModuleManager: Shutting down and abandoning module HeadMountedDisplay (180)
[2020.10.12-05.09.29:390][268]LogModuleManager: Shutting down and abandoning module XAudio2 (178)
[2020.10.12-05.09.29:390][268]LogModuleManager: Shutting down and abandoning module Networking (176)
[2020.10.12-05.09.29:390][268]LogModuleManager: Shutting down and abandoning module Core (172)
[2020.10.12-05.09.29:390][268]LogModuleManager: Shutting down and abandoning module LevelSequence (168)
[2020.10.12-05.09.29:390][268]LogModuleManager: Shutting down and abandoning module DirectoryWatcher (166)
[2020.10.12-05.09.29:390][268]LogModuleManager: Shutting down and abandoning module KismetCompiler (164)
[2020.10.12-05.09.29:390][268]LogModuleManager: Shutting down and abandoning module MeshUtilities (162)
[2020.10.12-05.09.29:391][268]LogModuleManager: Shutting down and abandoning module MeshMergeUtilities (161)
[2020.10.12-05.09.29:391][268]LogModuleManager: Shutting down and abandoning module MeshReductionInterface (160)
[2020.10.12-05.09.29:391][268]LogModuleManager: Shutting down and abandoning module SimplygonSwarm (159)
[2020.10.12-05.09.29:391][268]LogModuleManager: Shutting down and abandoning module SimplygonMeshReduction (157)
[2020.10.12-05.09.29:391][268]LogModuleManager: Shutting down and abandoning module QuadricMeshReduction (155)
[2020.10.12-05.09.29:391][268]LogModuleManager: Shutting down and abandoning module MaterialBaking (151)
[2020.10.12-05.09.29:391][268]LogModuleManager: Shutting down and abandoning module DerivedDataCache (148)
[2020.10.12-05.09.29:478][268]LogDerivedDataCache: Shutdown
[2020.10.12-05.09.29:478][268]LogModuleManager: Shutting down and abandoning module TargetPlatform (146)
[2020.10.12-05.09.29:478][268]LogModuleManager: Shutting down and abandoning module VulkanShaderFormat (145)
[2020.10.12-05.09.29:478][268]LogModuleManager: Shutting down and abandoning module ShaderFormatVectorVM (143)
[2020.10.12-05.09.29:478][268]LogModuleManager: Shutting down and abandoning module ShaderFormatOpenGL (141)
[2020.10.12-05.09.29:478][268]LogModuleManager: Shutting down and abandoning module ShaderFormatD3D (139)
[2020.10.12-05.09.29:478][268]LogModuleManager: Shutting down and abandoning module MetalShaderFormat (137)
[2020.10.12-05.09.29:478][268]LogModuleManager: Shutting down and abandoning module TextureFormatUncompressed (135)
[2020.10.12-05.09.29:478][268]LogModuleManager: Shutting down and abandoning module TextureFormatPVR (133)
[2020.10.12-05.09.29:478][268]LogModuleManager: Shutting down and abandoning module TextureFormatDXT (131)
[2020.10.12-05.09.29:478][268]LogModuleManager: Shutting down and abandoning module TextureFormatIntelISPCTexComp (129)
[2020.10.12-05.09.29:479][268]LogModuleManager: Shutting down and abandoning module TextureFormatASTC (127)
[2020.10.12-05.09.29:479][268]LogModuleManager: Shutting down and abandoning module ImageWrapper (126)
[2020.10.12-05.09.29:479][268]LogModuleManager: Shutting down and abandoning module TextureFormatAndroid (123)
[2020.10.12-05.09.29:479][268]LogModuleManager: Shutting down and abandoning module AudioFormatOpus (121)
[2020.10.12-05.09.29:479][268]LogModuleManager: Shutting down and abandoning module AudioFormatOgg (119)
[2020.10.12-05.09.29:479][268]LogModuleManager: Shutting down and abandoning module AudioFormatADPCM (117)
[2020.10.12-05.09.29:479][268]LogModuleManager: Shutting down and abandoning module LinuxTargetPlatform (115)
[2020.10.12-05.09.29:479][268]LogModuleManager: Shutting down and abandoning module LinuxServerTargetPlatform (113)
[2020.10.12-05.09.29:479][268]LogModuleManager: Shutting down and abandoning module LinuxNoEditorTargetPlatform (111)
[2020.10.12-05.09.29:479][268]LogModuleManager: Shutting down and abandoning module LinuxClientTargetPlatform (109)
[2020.10.12-05.09.29:479][268]LogModuleManager: Shutting down and abandoning module TVOSTargetPlatform (107)
[2020.10.12-05.09.29:479][268]LogModuleManager: Shutting down and abandoning module Messaging (105)
[2020.10.12-05.09.29:479][268]LogModuleManager: Shutting down and abandoning module IOSTargetPlatform (103)
[2020.10.12-05.09.29:479][268]LogModuleManager: Shutting down and abandoning module HTML5TargetPlatform (101)
[2020.10.12-05.09.29:479][268]LogModuleManager: Shutting down and abandoning module AndroidTargetPlatform (99)
[2020.10.12-05.09.29:479][268]LogModuleManager: Shutting down and abandoning module Android_PVRTCTargetPlatform (97)
[2020.10.12-05.09.29:479][268]LogModuleManager: Shutting down and abandoning module Android_MultiTargetPlatform (95)
[2020.10.12-05.09.29:479][268]LogModuleManager: Shutting down and abandoning module Android_ETC2TargetPlatform (93)
[2020.10.12-05.09.29:479][268]LogModuleManager: Shutting down and abandoning module Android_ETC1TargetPlatform (91)
[2020.10.12-05.09.29:479][268]LogModuleManager: Shutting down and abandoning module Android_DXTTargetPlatform (89)
[2020.10.12-05.09.29:479][268]LogModuleManager: Shutting down and abandoning module Android_ATCTargetPlatform (87)
[2020.10.12-05.09.29:479][268]LogModuleManager: Shutting down and abandoning module Android_ASTCTargetPlatform (85)
[2020.10.12-05.09.29:479][268]LogModuleManager: Shutting down and abandoning module WindowsTargetPlatform (83)
[2020.10.12-05.09.29:479][268]LogModuleManager: Shutting down and abandoning module WindowsServerTargetPlatform (81)
[2020.10.12-05.09.29:479][268]LogModuleManager: Shutting down and abandoning module WindowsNoEditorTargetPlatform (79)
[2020.10.12-05.09.29:479][268]LogModuleManager: Shutting down and abandoning module WindowsClientTargetPlatform (77)
[2020.10.12-05.09.29:479][268]LogModuleManager: Shutting down and abandoning module MacTargetPlatform (75)
[2020.10.12-05.09.29:479][268]LogModuleManager: Shutting down and abandoning module MacServerTargetPlatform (73)
[2020.10.12-05.09.29:479][268]LogModuleManager: Shutting down and abandoning module MacNoEditorTargetPlatform (71)
[2020.10.12-05.09.29:479][268]LogModuleManager: Shutting down and abandoning module MacClientTargetPlatform (69)
[2020.10.12-05.09.29:479][268]LogModuleManager: Shutting down and abandoning module AllDesktopTargetPlatform (67)
[2020.10.12-05.09.29:479][268]LogModuleManager: Shutting down and abandoning module InputCore (64)
[2020.10.12-05.09.29:479][268]LogModuleManager: Shutting down and abandoning module Settings (62)
[2020.10.12-05.09.29:479][268]LogModuleManager: Shutting down and abandoning module PhysXCooking (60)
[2020.10.12-05.09.29:479][268]LogModuleManager: Shutting down and abandoning module SteamVR (58)
[2020.10.12-05.09.29:479][268]LogModuleManager: Shutting down and abandoning module OculusHMD (56)
[2020.10.12-05.09.29:479][268]LogModuleManager: Shutting down and abandoning module ExampleDeviceProfileSelector (54)
[2020.10.12-05.09.29:479][268]LogModuleManager: Shutting down and abandoning module AppleARKit (52)
[2020.10.12-05.09.29:479][268]LogModuleManager: Shutting down and abandoning module AugmentedReality (51)
[2020.10.12-05.09.29:480][268]LogModuleManager: Shutting down and abandoning module OnlineBlueprintSupport (48)
[2020.10.12-05.09.29:480][268]LogModuleManager: Shutting down and abandoning module OnlineSubsystem (44)
[2020.10.12-05.09.29:480][268]LogModuleManager: Shutting down and abandoning module XMPP (43)
[2020.10.12-05.09.29:480][268]LogModuleManager: Shutting down and abandoning module HTTP (41)
[2020.10.12-05.09.29:480][268]LogHttp: Display: Http module shutting down, but needs to wait on 1 outstanding Http requests:
[2020.10.12-05.09.29:480][268]LogHttp: Display: 	verb=[POST] url=[https://datarouter.ol.epicgames.com/datarouter/api/v1/public/data?SessionID=%7B96D5BD49-4525-E894-2688-AB8B2E981BB7%7D&AppID=UEEditor.Rocket.Release&AppVersion=4.18.3-3832480%2B%2B%2BUE4%2BRelease-4.18&UserID=9b27e5cf40b2eed58b6f3fbd5dc876ca%7C4d72fa6746ce4127ab8e83a5541f326b%7C14e52adb-051c-4289-95a2-2a623f9f51cd&AppEnvironment=datacollector-binary&UploadType=eteventstream] status=Processing
[2020.10.12-05.09.29:491][268]LogModuleManager: Shutting down and abandoning module SSL (40)
[2020.10.12-05.09.29:492][268]LogModuleManager: Shutting down and abandoning module AnimationModifiers (36)
[2020.10.12-05.09.29:493][268]LogModuleManager: Shutting down and abandoning module PropertyEditor (35)
[2020.10.12-05.09.29:493][268]LogModuleManager: Shutting down and abandoning module AudioEditor (32)
[2020.10.12-05.09.29:493][268]LogModuleManager: Shutting down and abandoning module TextureCompressor (30)
[2020.10.12-05.09.29:493][268]LogModuleManager: Shutting down and abandoning module ShaderCore (28)
[2020.10.12-05.09.29:493][268]LogModuleManager: Shutting down and abandoning module Landscape (26)
[2020.10.12-05.09.29:493][268]LogModuleManager: Shutting down and abandoning module SlateRHIRenderer (24)
[2020.10.12-05.09.29:493][268]LogModuleManager: Shutting down and abandoning module OpenGLDrv (22)
[2020.10.12-05.09.29:493][268]LogModuleManager: Shutting down and abandoning module D3D11RHI (20)
[2020.10.12-05.09.29:493][268]LogModuleManager: Shutting down and abandoning module AnimGraphRuntime (18)
[2020.10.12-05.09.29:493][268]LogModuleManager: Shutting down and abandoning module Renderer (16)
[2020.10.12-05.09.29:494][268]LogModuleManager: Shutting down and abandoning module Engine (14)
[2020.10.12-05.09.29:494][268]LogModuleManager: Shutting down and abandoning module CoreUObject (12)
[2020.10.12-05.09.29:494][268]LogModuleManager: Shutting down and abandoning module NetworkFile (10)
[2020.10.12-05.09.29:494][268]LogModuleManager: Shutting down and abandoning module CookedIterativeFile (8)
[2020.10.12-05.09.29:494][268]LogModuleManager: Shutting down and abandoning module StreamingFile (6)
[2020.10.12-05.09.29:494][268]LogModuleManager: Shutting down and abandoning module SandboxFile (4)
[2020.10.12-05.09.29:494][268]LogModuleManager: Shutting down and abandoning module PakFile (2)
[2020.10.12-05.09.29:497][268]LogExit: Exiting.
[2020.10.12-05.09.29:512][268]Log file closed, 10/12/20 00:09:29
