Log file open, 09/17/20 09:44:56
LogWindows: Failed to load 'aqProf.dll' (GetLastError=126)
LogWindows: File 'aqProf.dll' does not exist
LogWindows: Failed to load 'VSPerf140.dll' (GetLastError=126)
LogWindows: File 'VSPerf140.dll' does not exist
LogWindows: Failed to load 'VtuneApi.dll' (GetLastError=126)
LogWindows: File 'VtuneApi.dll' does not exist
LogWindows: Failed to load 'VtuneApi32e.dll' (GetLastError=126)
LogWindows: File 'VtuneApi32e.dll' does not exist
LogInit: Display: Running engine for game: MuseoVirtualUdem
LogPlatformFile: Not using cached read wrapper
LogInit: Display: RandInit(1848406884) SRandInit(1848406884).
LogInit: Read version file with build ID '3709383'
LogInit: Overriding engine version to CL 3832480, compatible CL 3709383
LogInit: Registered custom module enumerator with build ID '3709383'
LogTaskGraph: Started task graph with 5 named threads and 8 total threads with 3 sets of task threads.
LogStats: Stats thread started at 0.194206
LogD3D11RHI: Aftermath initialized
LogModuleManager: Display: Found up-to-date module file ../../../Engine/Plugins/Marketplace/GameSparks/Binaries/Win64/UE4Editor-GameSparks.dll (API version 3709383).
LogModuleManager: Display: Found up-to-date module file ../../../Engine/Plugins/Marketplace/GameSparks/Binaries/Win64/UE4Editor-OnlineSubsystemGameSparks.dll (API version 3709383).
LogModuleManager: Display: Found up-to-date module file ../../../Engine/Plugins/Online/OnlineSubsystem/Binaries/Win64/UE4Editor-OnlineSubsystem.dll (API version 3709383).
LogModuleManager: Display: Found up-to-date module file ../../../Engine/Plugins/Online/OnlineSubsystemUtils/Binaries/Win64/UE4Editor-OnlineSubsystemUtils.dll (API version 3709383).
LogModuleManager: Display: Found up-to-date module file ../../../Engine/Plugins/Online/OnlineSubsystemUtils/Binaries/Win64/UE4Editor-OnlineBlueprintSupport.dll (API version 3709383).
LogModuleManager: Display: Found up-to-date module file ../../../Engine/Plugins/2D/Paper2D/Binaries/Win64/UE4Editor-Paper2D.dll (API version 3709383).
LogModuleManager: Display: Found up-to-date module file ../../../Engine/Plugins/2D/Paper2D/Binaries/Win64/UE4Editor-Paper2DEditor.dll (API version 3709383).
LogModuleManager: Display: Found up-to-date module file ../../../Engine/Plugins/2D/Paper2D/Binaries/Win64/UE4Editor-PaperSpriteSheetImporter.dll (API version 3709383).
LogModuleManager: Display: Found up-to-date module file ../../../Engine/Plugins/2D/Paper2D/Binaries/Win64/UE4Editor-PaperTiledImporter.dll (API version 3709383).
LogModuleManager: Display: Found up-to-date module file ../../../Engine/Plugins/2D/Paper2D/Binaries/Win64/UE4Editor-SmartSnapping.dll (API version 3709383).
LogModuleManager: Display: Found up-to-date module file ../../../Engine/Plugins/Blendables/LightPropagationVolume/Binaries/Win64/UE4Editor-LightPropagationVolumeRuntime.dll (API version 3709383).
LogModuleManager: Display: Found up-to-date module file ../../../Engine/Plugins/Blendables/LightPropagationVolume/Binaries/Win64/UE4Editor-LightPropagationVolumeEditor.dll (API version 3709383).
LogModuleManager: Display: Found up-to-date module file ../../../Engine/Plugins/Developer/GitSourceControl/Binaries/Win64/UE4Editor-GitSourceControl.dll (API version 3709383).
LogModuleManager: Display: Found up-to-date module file ../../../Engine/Plugins/Developer/PerforceSourceControl/Binaries/Win64/UE4Editor-PerforceSourceControl.dll (API version 3709383).
LogModuleManager: Display: Found up-to-date module file ../../../Engine/Plugins/Developer/SubversionSourceControl/Binaries/Win64/UE4Editor-SubversionSourceControl.dll (API version 3709383).
LogModuleManager: Display: Found up-to-date module file ../../../Engine/Plugins/Developer/UObjectPlugin/Binaries/Win64/UE4Editor-UObjectPlugin.dll (API version 3709383).
LogModuleManager: Display: Found up-to-date module file ../../../Engine/Plugins/Developer/VisualStudioCodeSourceCodeAccess/Binaries/Win64/UE4Editor-VisualStudioCodeSourceCodeAccess.dll (API version 3709383).
LogModuleManager: Display: Found up-to-date module file ../../../Engine/Plugins/Developer/VisualStudioSourceCodeAccess/Binaries/Win64/UE4Editor-VisualStudioSourceCodeAccess.dll (API version 3709383).
LogModuleManager: Display: Found up-to-date module file ../../../Engine/Plugins/Editor/AssetManagerEditor/Binaries/Win64/UE4Editor-AssetManagerEditor.dll (API version 3709383).
LogModuleManager: Display: Found up-to-date module file ../../../Engine/Plugins/Editor/AudioCapture/Binaries/Win64/UE4Editor-AudioCapture.dll (API version 3709383).
LogModuleManager: Display: Found up-to-date module file ../../../Engine/Plugins/Editor/FacialAnimation/Binaries/Win64/UE4Editor-FacialAnimation.dll (API version 3709383).
LogModuleManager: Display: Found up-to-date module file ../../../Engine/Plugins/Editor/FacialAnimation/Binaries/Win64/UE4Editor-FacialAnimationEditor.dll (API version 3709383).
LogModuleManager: Display: Found up-to-date module file ../../../Engine/Plugins/Editor/GameplayTagsEditor/Binaries/Win64/UE4Editor-GameplayTagsEditor.dll (API version 3709383).
LogModuleManager: Display: Found up-to-date module file ../../../Engine/Plugins/Editor/MobileLauncherProfileWizard/Binaries/Win64/UE4Editor-MobileLauncherProfileWizard.dll (API version 3709383).
LogModuleManager: Display: Found up-to-date module file ../../../Engine/Plugins/Editor/PluginBrowser/Binaries/Win64/UE4Editor-PluginBrowser.dll (API version 3709383).
LogModuleManager: Display: Found up-to-date module file ../../../Engine/Plugins/Editor/SpeedTreeImporter/Binaries/Win64/UE4Editor-SpeedTreeImporter.dll (API version 3709383).
LogModuleManager: Display: Found up-to-date module file ../../../Engine/Plugins/Experimental/AlembicImporter/Binaries/Win64/UE4Editor-AlembicImporter.dll (API version 3709383).
LogModuleManager: Display: Found up-to-date module file ../../../Engine/Plugins/Experimental/AlembicImporter/Binaries/Win64/UE4Editor-AlembicLibrary.dll (API version 3709383).
LogModuleManager: Display: Found up-to-date module file ../../../Engine/Plugins/Experimental/CharacterAI/Binaries/Win64/UE4Editor-CharacterAI.dll (API version 3709383).
LogModuleManager: Display: Found up-to-date module file ../../../Engine/Plugins/Experimental/HTML5Networking/Binaries/Win64/UE4Editor-HTML5Networking.dll (API version 3709383).
LogModuleManager: Display: Found up-to-date module file ../../../Engine/Plugins/Media/AndroidMedia/Binaries/Win64/UE4Editor-AndroidMediaEditor.dll (API version 3709383).
LogModuleManager: Display: Found up-to-date module file ../../../Engine/Plugins/Media/AndroidMedia/Binaries/Win64/UE4Editor-AndroidMediaFactory.dll (API version 3709383).
LogModuleManager: Display: Found up-to-date module file ../../../Engine/Plugins/Media/AvfMedia/Binaries/Win64/UE4Editor-AvfMediaEditor.dll (API version 3709383).
LogModuleManager: Display: Found up-to-date module file ../../../Engine/Plugins/Media/AvfMedia/Binaries/Win64/UE4Editor-AvfMediaFactory.dll (API version 3709383).
LogModuleManager: Display: Found up-to-date module file ../../../Engine/Plugins/Media/AvfMedia/Binaries/Win64/UE4Editor-AvfMediaFactory.dll (API version 3709383).
LogModuleManager: Display: Found up-to-date module file ../../../Engine/Plugins/Media/ImgMedia/Binaries/Win64/UE4Editor-ImgMedia.dll (API version 3709383).
LogModuleManager: Display: Found up-to-date module file ../../../Engine/Plugins/Media/ImgMedia/Binaries/Win64/UE4Editor-ImgMediaEditor.dll (API version 3709383).
LogModuleManager: Display: Found up-to-date module file ../../../Engine/Plugins/Media/ImgMedia/Binaries/Win64/UE4Editor-ImgMediaFactory.dll (API version 3709383).
LogModuleManager: Display: Found up-to-date module file ../../../Engine/Plugins/Media/ImgMedia/Binaries/Win64/UE4Editor-ImgMediaFactory.dll (API version 3709383).
LogModuleManager: Display: Found up-to-date module file ../../../Engine/Plugins/Media/ImgMedia/Binaries/Win64/UE4Editor-OpenExrWrapper.dll (API version 3709383).
LogModuleManager: Display: Found up-to-date module file ../../../Engine/Plugins/Media/MediaCompositing/Binaries/Win64/UE4Editor-MediaCompositing.dll (API version 3709383).
LogModuleManager: Display: Found up-to-date module file ../../../Engine/Plugins/Media/MediaCompositing/Binaries/Win64/UE4Editor-MediaCompositingEditor.dll (API version 3709383).
LogModuleManager: Display: Found up-to-date module file ../../../Engine/Plugins/Media/MediaPlayerEditor/Binaries/Win64/UE4Editor-MediaPlayerEditor.dll (API version 3709383).
LogModuleManager: Display: Found up-to-date module file ../../../Engine/Plugins/Media/WmfMedia/Binaries/Win64/UE4Editor-WmfMedia.dll (API version 3709383).
LogModuleManager: Display: Found up-to-date module file ../../../Engine/Plugins/Media/WmfMedia/Binaries/Win64/UE4Editor-WmfMediaEditor.dll (API version 3709383).
LogModuleManager: Display: Found up-to-date module file ../../../Engine/Plugins/Media/WmfMedia/Binaries/Win64/UE4Editor-WmfMediaFactory.dll (API version 3709383).
LogModuleManager: Display: Found up-to-date module file ../../../Engine/Plugins/Media/WmfMedia/Binaries/Win64/UE4Editor-WmfMediaFactory.dll (API version 3709383).
LogModuleManager: Display: Found up-to-date module file ../../../Engine/Plugins/Messaging/TcpMessaging/Binaries/Win64/UE4Editor-TcpMessaging.dll (API version 3709383).
LogModuleManager: Display: Found up-to-date module file ../../../Engine/Plugins/Messaging/UdpMessaging/Binaries/Win64/UE4Editor-UdpMessaging.dll (API version 3709383).
LogModuleManager: Display: Found up-to-date module file ../../../Engine/Plugins/MovieScene/ActorSequence/Binaries/Win64/UE4Editor-ActorSequence.dll (API version 3709383).
LogModuleManager: Display: Found up-to-date module file ../../../Engine/Plugins/MovieScene/LevelSequenceEditor/Binaries/Win64/UE4Editor-LevelSequenceEditor.dll (API version 3709383).
LogModuleManager: Display: Found up-to-date module file ../../../Engine/Plugins/MovieScene/MatineeToLevelSequence/Binaries/Win64/UE4Editor-MatineeToLevelSequence.dll (API version 3709383).
LogModuleManager: Display: Found up-to-date module file ../../../Engine/Plugins/Runtime/AndroidPermission/Binaries/Win64/UE4Editor-AndroidPermission.dll (API version 3709383).
LogModuleManager: Display: Found up-to-date module file ../../../Engine/Plugins/Online/OnlineSubsystemNull/Binaries/Win64/UE4Editor-OnlineSubsystemNull.dll (API version 3709383).
LogModuleManager: Display: Found up-to-date module file ../../../Engine/Plugins/Runtime/AndroidDeviceProfileSelector/Binaries/Win64/UE4Editor-AndroidDeviceProfileSelector.dll (API version 3709383).
LogModuleManager: Display: Found up-to-date module file ../../../Engine/Plugins/Runtime/AppleARKit/Binaries/Win64/UE4Editor-AppleARKit.dll (API version 3709383).
LogModuleManager: Display: Found up-to-date module file ../../../Engine/Plugins/Runtime/ArchVisCharacter/Binaries/Win64/UE4Editor-ArchVisCharacter.dll (API version 3709383).
LogModuleManager: Display: Found up-to-date module file ../../../Engine/Plugins/Runtime/CableComponent/Binaries/Win64/UE4Editor-CableComponent.dll (API version 3709383).
LogModuleManager: Display: Found up-to-date module file ../../../Engine/Plugins/Runtime/CustomMeshComponent/Binaries/Win64/UE4Editor-CustomMeshComponent.dll (API version 3709383).
LogModuleManager: Display: Found up-to-date module file ../../../Engine/Plugins/Runtime/ExampleDeviceProfileSelector/Binaries/Win64/UE4Editor-ExampleDeviceProfileSelector.dll (API version 3709383).
LogModuleManager: Display: Found up-to-date module file ../../../Engine/Plugins/Runtime/ImmediatePhysics/Binaries/Win64/UE4Editor-ImmediatePhysics.dll (API version 3709383).
LogModuleManager: Display: Found up-to-date module file ../../../Engine/Plugins/Runtime/ImmediatePhysics/Binaries/Win64/UE4Editor-ImmediatePhysicsEditor.dll (API version 3709383).
LogModuleManager: Display: Found up-to-date module file ../../../Engine/Plugins/Runtime/LocationServicesBPLibrary/Binaries/Win64/UE4Editor-LocationServicesBPLibrary.dll (API version 3709383).
LogModuleManager: Display: Found up-to-date module file ../../../Engine/Plugins/Runtime/MobilePatchingUtils/Binaries/Win64/UE4Editor-MobilePatchingUtils.dll (API version 3709383).
LogModuleManager: Display: Found up-to-date module file ../../../Engine/Plugins/Runtime/Oculus/OculusVR/Binaries/Win64/UE4Editor-OculusHMD.dll (API version 3709383).
LogModuleManager: Display: Found up-to-date module file ../../../Engine/Plugins/Runtime/Oculus/OculusVR/Binaries/Win64/UE4Editor-OculusInput.dll (API version 3709383).
LogModuleManager: Display: Found up-to-date module file ../../../Engine/Plugins/Runtime/Oculus/OculusVR/Binaries/Win64/UE4Editor-OculusEditor.dll (API version 3709383).
LogModuleManager: Display: Found up-to-date module file ../../../Engine/Plugins/Runtime/PhysXVehicles/Binaries/Win64/UE4Editor-PhysXVehicles.dll (API version 3709383).
LogModuleManager: Display: Found up-to-date module file ../../../Engine/Plugins/Runtime/PhysXVehicles/Binaries/Win64/UE4Editor-PhysXVehiclesEditor.dll (API version 3709383).
LogModuleManager: Display: Found up-to-date module file ../../../Engine/Plugins/Runtime/ProceduralMeshComponent/Binaries/Win64/UE4Editor-ProceduralMeshComponent.dll (API version 3709383).
LogModuleManager: Display: Found up-to-date module file ../../../Engine/Plugins/Runtime/ProceduralMeshComponent/Binaries/Win64/UE4Editor-ProceduralMeshComponentEditor.dll (API version 3709383).
LogModuleManager: Display: Found up-to-date module file ../../../Engine/Plugins/Runtime/RuntimePhysXCooking/Binaries/Win64/UE4Editor-RuntimePhysXCooking.dll (API version 3709383).
LogModuleManager: Display: Found up-to-date module file ../../../Engine/Plugins/Runtime/Steam/SteamVR/Binaries/Win64/UE4Editor-SteamVR.dll (API version 3709383).
LogModuleManager: Display: Found up-to-date module file ../../../Engine/Plugins/Runtime/Steam/SteamVR/Binaries/Win64/UE4Editor-SteamVRController.dll (API version 3709383).
LogModuleManager: Display: Found up-to-date module file ../../../Engine/Plugins/Runtime/WindowsMoviePlayer/Binaries/Win64/UE4Editor-WindowsMoviePlayer.dll (API version 3709383).
LogPluginManager: Mounting plugin Paper2D
LogPluginManager: Mounting plugin LightPropagationVolume
LogPluginManager: Mounting plugin CodeLiteSourceCodeAccess
LogPluginManager: Mounting plugin GitSourceControl
LogPluginManager: Mounting plugin KDevelopSourceCodeAccess
LogPluginManager: Mounting plugin NullSourceCodeAccess
LogPluginManager: Mounting plugin PerforceSourceControl
LogPluginManager: Mounting plugin SubversionSourceControl
LogPluginManager: Mounting plugin UObjectPlugin
LogPluginManager: Mounting plugin VisualStudioCodeSourceCodeAccess
LogPluginManager: Mounting plugin VisualStudioSourceCodeAccess
LogPluginManager: Mounting plugin XCodeSourceCodeAccess
LogPluginManager: Mounting plugin AssetManagerEditor
LogPluginManager: Mounting plugin AudioCapture
LogPluginManager: Mounting plugin FacialAnimation
LogPluginManager: Mounting plugin GameplayTagsEditor
LogPluginManager: Mounting plugin MobileLauncherProfileWizard
LogPluginManager: Mounting plugin PluginBrowser
LogPluginManager: Mounting plugin SpeedTreeImporter
LogPluginManager: Mounting plugin AlembicImporter
LogPluginManager: Mounting plugin CharacterAI
LogPluginManager: Mounting plugin HTML5Networking
LogPluginManager: Mounting plugin GameSparks
LogPluginManager: Mounting plugin AndroidMedia
LogPluginManager: Mounting plugin AvfMedia
LogPluginManager: Mounting plugin ImgMedia
LogPluginManager: Mounting plugin MediaCompositing
LogPluginManager: Mounting plugin MediaPlayerEditor
LogPluginManager: Mounting plugin WmfMedia
LogPluginManager: Mounting plugin TcpMessaging
LogPluginManager: Mounting plugin UdpMessaging
LogPluginManager: Mounting plugin ActorSequence
LogPluginManager: Mounting plugin LevelSequenceEditor
LogPluginManager: Mounting plugin MatineeToLevelSequence
LogPluginManager: Mounting plugin OnlineSubsystemGooglePlay
LogPluginManager: Mounting plugin OnlineSubsystemIOS
LogPluginManager: Mounting plugin OnlineSubsystem
LogPluginManager: Mounting plugin OnlineSubsystemNull
LogPluginManager: Mounting plugin OnlineSubsystemUtils
LogPluginManager: Mounting plugin AndroidDeviceProfileSelector
LogPluginManager: Mounting plugin AndroidMoviePlayer
LogPluginManager: Mounting plugin AndroidPermission
LogPluginManager: Mounting plugin AppleARKit
LogPluginManager: Mounting plugin AppleMoviePlayer
LogPluginManager: Mounting plugin ArchVisCharacter
LogPluginManager: Mounting plugin CableComponent
LogPluginManager: Mounting plugin CustomMeshComponent
LogPluginManager: Mounting plugin ExampleDeviceProfileSelector
LogPluginManager: Mounting plugin GoogleCloudMessaging
LogPluginManager: Mounting plugin ImmediatePhysics
LogPluginManager: Mounting plugin IOSDeviceProfileSelector
LogPluginManager: Mounting plugin LinuxDeviceProfileSelector
LogPluginManager: Mounting plugin LocationServicesBPLibrary
LogPluginManager: Mounting plugin MobilePatchingUtils
LogPluginManager: Mounting plugin OculusVR
LogPluginManager: Plugin shader directory ../../../Engine/Plugins/Runtime/Oculus/OculusVR/Shaders found
LogPluginManager: Mapping shader source directory ../../../Engine/Plugins/Runtime/Oculus/OculusVR/Shaders to virtual directory /Plugin/OculusVR
LogPluginManager: Mounting plugin PhysXVehicles
LogPluginManager: Mounting plugin ProceduralMeshComponent
LogPluginManager: Mounting plugin RuntimePhysXCooking
LogPluginManager: Mounting plugin SteamVR
LogPluginManager: Mounting plugin WindowsMoviePlayer
LogInit: Using libcurl 7.47.1
LogInit:  - built for x86_64-pc-win32
LogInit:  - supports SSL with OpenSSL/1.0.2g
LogInit:  - supports HTTP deflate (compression) using libz 1.2.8
LogInit:  - other features:
LogInit:      CURL_VERSION_SSL
LogInit:      CURL_VERSION_LIBZ
LogInit:      CURL_VERSION_IPV6
LogInit:      CURL_VERSION_ASYNCHDNS
LogInit:      CURL_VERSION_LARGEFILE
LogInit:      CURL_VERSION_IDN
LogInit:  CurlRequestOptions (configurable via config and command line):
LogInit:  - bVerifyPeer = false  - Libcurl will NOT verify peer certificate
LogInit:  - bUseHttpProxy = false  - Libcurl will NOT use HTTP proxy
LogInit:  - bDontReuseConnections = false  - Libcurl will reuse connections
LogInit:  - CertBundlePath = nullptr  - Libcurl will use whatever was configured at build time.
LogInit: Build: ++UE4+Release-4.18-CL-3832480
LogInit: Engine Version: 4.18.3-3832480+++UE4+Release-4.18
LogInit: Compatible Engine Version: 4.18.0-3709383+++UE4+Release-4.18
LogInit: Net CL: 3709383
LogDevObjectVersion: Number of dev versions registered: 16
LogDevObjectVersion:   Dev-Blueprints (B0D832E4-1F89-4F0D-ACCF-7EB736FD4AA2): 10
LogDevObjectVersion:   Dev-Build (E1C64328-A22C-4D53-A36C-8E866417BD8C): 0
LogDevObjectVersion:   Dev-Core (375EC13C-06E4-48FB-B500-84F0262A717E): 2
LogDevObjectVersion:   Dev-Editor (E4B068ED-F494-42E9-A231-DA0B2E46BB41): 20
LogDevObjectVersion:   Dev-Framework (CFFC743F-43B0-4480-9391-14DF171D2073): 30
LogDevObjectVersion:   Dev-Mobile (B02B49B5-BB20-44E9-A304-32B752E40360): 0
LogDevObjectVersion:   Dev-Networking (A4E4105C-59A1-49B5-A7C5-40C4547EDFEE): 0
LogDevObjectVersion:   Dev-Online (39C831C9-5AE6-47DC-9A44-9C173E1C8E7C): 0
LogDevObjectVersion:   Dev-Physics (78F01B33-EBEA-4F98-B9B4-84EACCB95AA2): 0
LogDevObjectVersion:   Dev-Platform (6631380F-2D4D-43E0-8009-CF276956A95A): 0
LogDevObjectVersion:   Dev-Rendering (12F88B9F-8875-4AFC-A67C-D90C383ABD29): 20
LogDevObjectVersion:   Dev-Sequencer (7B5AE74C-D270-4C10-A958-57980B212A5A): 4
LogDevObjectVersion:   Dev-VR (D7296918-1DD6-4BDD-9DE2-64A83CC13884): 0
LogDevObjectVersion:   Dev-LoadTimes (C2A15278-BFE7-4AFE-6C17-90FF531DF755): 1
LogDevObjectVersion:   Private-Geometry (6EACA3D4-40EC-4CC1-B786-8BED09428FC5): 1
LogDevObjectVersion:   Dev-AnimPhys (29E575DD-E0A3-4627-9D10-D276232CDCEA): 12
LogInit: Compiled (64-bit): Jan 12 2018 02:04:55
LogInit: Compiled with Visual C++: 19.00.24215.01
LogInit: Build Configuration: Development
LogInit: Branch Name: ++UE4+Release-4.18
LogInit: Command line: -EpicPortal  -epicusername="Dmirandd" -epicuserid=36d534b1010248069bfa14b0e8ca66ab -epiclocale=es-MX
LogInit: Base directory: D:/epix/Epic Games/UE_4.18/Engine/Binaries/Win64/
LogInit: Installed Engine Build: 1
LogInit: Presizing for max 8388607 objects, including 0 objects not considered by GC, pre-allocating 0 bytes for permanent pool.
LogInit: Object subsystem initialized
[2020.09.17-14.44.59:308][  0]LogInit: Selected Device Profile: [Windows]
[2020.09.17-14.44.59:308][  0]LogInit: Applying CVar settings loaded from the selected device profile: [Windows]
[2020.09.17-14.44.59:353][  0]LogInit: Computer: DESKTOP-BLSB23F
[2020.09.17-14.44.59:353][  0]LogInit: User: Usuario
[2020.09.17-14.44.59:353][  0]LogInit: CPU Page size=4096, Cores=2
[2020.09.17-14.44.59:353][  0]LogInit: High frequency timer resolution =10.000000 MHz
[2020.09.17-14.44.59:354][  0]LogMemory: Memory total: Physical=7.9GB (8GB approx)
[2020.09.17-14.44.59:354][  0]LogMemory: Platform Memory Stats for Windows
[2020.09.17-14.44.59:354][  0]LogMemory: Process Physical Memory: 271.63 MB used, 271.63 MB peak
[2020.09.17-14.44.59:354][  0]LogMemory: Process Virtual Memory: 269.17 MB used, 269.17 MB peak
[2020.09.17-14.44.59:354][  0]LogMemory: Physical Memory: 4205.13 MB used,  3879.96 MB free, 8085.09 MB total
[2020.09.17-14.44.59:354][  0]LogMemory: Virtual Memory: 4759.30 MB used,  3879.96 MB free, 134217728.00 MB total
[2020.09.17-14.44.59:586][  0]LogInit: Using OS detected language (es-MX).
[2020.09.17-14.44.59:586][  0]LogInit: Using OS detected locale (es-CO).
[2020.09.17-14.44.59:592][  0]LogTextLocalizationManager: No specific localization for 'es-MX' exists, so the 'es' localization will be used.
[2020.09.17-14.44.59:803][  0]LogInit: Setting process to per monitor DPI aware
[2020.09.17-14.45.00:406][  0]LogD3D11RHI: D3D11 adapters:
[2020.09.17-14.45.00:469][  0]LogD3D11RHI:    0. 'NVIDIA GeForce 940MX' (Feature Level 11_0)
[2020.09.17-14.45.00:469][  0]LogD3D11RHI:       2020/0/4042 MB DedicatedVideo/DedicatedSystem/SharedSystem, Outputs:1, VendorId:0x10de
[2020.09.17-14.45.00:503][  0]LogD3D11RHI:    1. 'Intel(R) HD Graphics 520' (Feature Level 11_0)
[2020.09.17-14.45.00:503][  0]LogD3D11RHI:       128/0/4042 MB DedicatedVideo/DedicatedSystem/SharedSystem, Outputs:0, VendorId:0x8086
[2020.09.17-14.45.00:507][  0]LogD3D11RHI:    2. 'Microsoft Basic Render Driver' (Feature Level 11_0)
[2020.09.17-14.45.00:507][  0]LogD3D11RHI:       0/0/4042 MB DedicatedVideo/DedicatedSystem/SharedSystem, Outputs:0, VendorId:0x1414
[2020.09.17-14.45.00:507][  0]LogD3D11RHI: Chosen D3D11 Adapter: 0
[2020.09.17-14.45.00:549][  0]LogD3D11RHI: Creating new Direct3DDevice
[2020.09.17-14.45.00:549][  0]LogD3D11RHI:     GPU DeviceId: 0x134d (for the marketing name, search the web for "GPU Device Id")
[2020.09.17-14.45.00:549][  0]LogWindows: EnumDisplayDevices:
[2020.09.17-14.45.00:549][  0]LogWindows:    0. 'Intel(R) HD Graphics 520' (P:1 D:1)
[2020.09.17-14.45.00:549][  0]LogWindows:    1. 'Intel(R) HD Graphics 520' (P:0 D:0)
[2020.09.17-14.45.00:550][  0]LogWindows:    2. 'Intel(R) HD Graphics 520' (P:0 D:0)
[2020.09.17-14.45.00:550][  0]LogWindows: DebugString: GetVideoDriverDetailsInvalid PrimaryIsNotTheChoosenAdapter GetVideoDriverDetailsInvalid PrimaryIsNotTheChoosenAdapter GetVideoDriverDetailsInvalid PrimaryIsNotTheChoosenAdapter FoundDriverCount:0 
[2020.09.17-14.45.00:550][  0]LogD3D11RHI:     Adapter Name: NVIDIA GeForce 940MX
[2020.09.17-14.45.00:550][  0]LogD3D11RHI:   Driver Version: Unknown (internal:Unknown, unified:Unknown)
[2020.09.17-14.45.00:550][  0]LogD3D11RHI:      Driver Date: Unknown
[2020.09.17-14.45.00:550][  0]LogRHI: Texture pool is 1414 MB (70% of 2020 MB)
[2020.09.17-14.45.00:579][  0]LogD3D11RHI: Async texture creation enabled
[2020.09.17-14.45.00:600][  0]LogD3D11RHI: GPU Timing Frequency: 1000.000000 (Debug: 2 2)
[2020.09.17-14.45.00:601][  0]LogShaderCompilers: Guid format shader working directory is -16 characters bigger than the processId version (../../../../../../Tareas/Trabajos/noveno/plan v/MuseoVirtualUdeM/Intermediate/Shaders/WorkingDirectory/2716/).
[2020.09.17-14.45.00:601][  0]LogShaderCompilers: Cleaned the shader compiler working directory 'C:/Users/Usuario/AppData/Local/Temp/UnrealShaderWorkingDir/B066CB7848FF3B983120118D419A2484/'.
[2020.09.17-14.45.00:601][  0]LogShaderCompilers: Display: Using Local Shader Compiler.
[2020.09.17-14.45.02:036][  0]LogTemp: Display: Loaded TP AllDesktopTargetPlatform
[2020.09.17-14.45.02:108][  0]LogTemp: Display: Loaded TP MacClientTargetPlatform
[2020.09.17-14.45.02:184][  0]LogTemp: Display: Loaded TP MacNoEditorTargetPlatform
[2020.09.17-14.45.02:259][  0]LogTemp: Display: Loaded TP MacServerTargetPlatform
[2020.09.17-14.45.02:338][  0]LogTemp: Display: Loaded TP MacTargetPlatform
[2020.09.17-14.45.02:422][  0]LogTemp: Display: Loaded TP WindowsClientTargetPlatform
[2020.09.17-14.45.02:501][  0]LogTemp: Display: Loaded TP WindowsNoEditorTargetPlatform
[2020.09.17-14.45.02:580][  0]LogTemp: Display: Loaded TP WindowsServerTargetPlatform
[2020.09.17-14.45.02:648][  0]LogTemp: Display: Loaded TP WindowsTargetPlatform
[2020.09.17-14.45.02:722][  0]LogTemp: Display: Loaded TP Android_ASTCTargetPlatform
[2020.09.17-14.45.02:800][  0]LogTemp: Display: Loaded TP Android_ATCTargetPlatform
[2020.09.17-14.45.02:875][  0]LogTemp: Display: Loaded TP Android_DXTTargetPlatform
[2020.09.17-14.45.02:953][  0]LogTemp: Display: Loaded TP Android_ETC1TargetPlatform
[2020.09.17-14.45.03:033][  0]LogTemp: Display: Loaded TP Android_ETC2TargetPlatform
[2020.09.17-14.45.03:188][  0]LogTemp: Display: Loaded TP Android_MultiTargetPlatform
[2020.09.17-14.45.03:188][  0]LogTemp: Display: Loaded TP Android_PVRTCTargetPlatform
[2020.09.17-14.45.03:278][  0]LogTemp: Display: Loaded TP AndroidTargetPlatform
[2020.09.17-14.45.03:353][  0]LogTemp: Display: Loaded TP HTML5TargetPlatform
[2020.09.17-14.45.03:488][  0]LogTemp: Display: Loaded TP IOSTargetPlatform
[2020.09.17-14.45.03:524][  0]LogTemp: Display: Loaded TP TVOSTargetPlatform
[2020.09.17-14.45.03:598][  0]LogTemp: Display: Loaded TP LinuxClientTargetPlatform
[2020.09.17-14.45.03:670][  0]LogTemp: Display: Loaded TP LinuxNoEditorTargetPlatform
[2020.09.17-14.45.03:742][  0]LogTemp: Display: Loaded TP LinuxServerTargetPlatform
[2020.09.17-14.45.03:818][  0]LogTemp: Display: Loaded TP LinuxTargetPlatform
[2020.09.17-14.45.03:819][  0]LogTargetPlatformManager: Display: Building Assets For Windows
[2020.09.17-14.45.04:482][  0]LogDerivedDataCache: Display: Max Cache Size: 512 MB
[2020.09.17-14.45.04:578][  0]LogDerivedDataCache: Loaded boot cache 0.10s 78MB C:/Users/Usuario/AppData/Local/UnrealEngine/4.18/DerivedDataCache/Boot.ddc.
[2020.09.17-14.45.04:578][  0]LogDerivedDataCache: Display: Loaded Boot cache: C:/Users/Usuario/AppData/Local/UnrealEngine/4.18/DerivedDataCache/Boot.ddc
[2020.09.17-14.45.04:578][  0]LogDerivedDataCache: FDerivedDataBackendGraph:  Pak pak cache file ../../../../../../Tareas/Trabajos/noveno/plan v/MuseoVirtualUdeM/DerivedDataCache/DDC.ddp not found, will not use a pak cache.
[2020.09.17-14.45.04:578][  0]LogDerivedDataCache: Unable to find inner node Pak for hierarchical cache Hierarchy.
[2020.09.17-14.45.04:578][  0]LogDerivedDataCache: FDerivedDataBackendGraph:  CompressedPak pak cache file ../../../../../../Tareas/Trabajos/noveno/plan v/MuseoVirtualUdeM/DerivedDataCache/Compressed.ddp not found, will not use a pak cache.
[2020.09.17-14.45.04:578][  0]LogDerivedDataCache: Unable to find inner node CompressedPak for hierarchical cache Hierarchy.
[2020.09.17-14.45.04:603][  0]LogDerivedDataCache: Display: Pak cache opened for reading ../../../Engine/DerivedDataCache/Compressed.ddp.
[2020.09.17-14.45.04:615][  0]LogDerivedDataCache: Using Local data cache path C:/Users/Usuario/AppData/Local/UnrealEngine/Common/DerivedDataCache: Writable
[2020.09.17-14.45.04:644][  0]LogMaterial: Verifying Global Shaders for PCD3D_SM5
[2020.09.17-14.45.04:644][  0]LogSlate: Using Freetype 2.6.0
[2020.09.17-14.45.04:646][  0]LogSlate: SlateFontCache - WITH_FREETYPE: 1, WITH_HARFBUZZ: 1
[2020.09.17-14.45.04:646][  0]LogSlate: SlateFontCache - WITH_FREETYPE: 1, WITH_HARFBUZZ: 1
[2020.09.17-14.45.05:288][  0]LogInit: Selected Device Profile: [Windows]
[2020.09.17-14.45.05:780][  0]LogSimplygon: Simplygon DLL not present - disabling.
[2020.09.17-14.45.05:841][  0]LogMeshReduction: Using SimplygonSwarm for distributed automatic mesh merging
[2020.09.17-14.45.05:841][  0]LogMeshReduction: Using QuadricMeshReduction for automatic static mesh reduction
[2020.09.17-14.45.05:841][  0]LogMeshReduction: No automatic skeletal mesh reduction module available
[2020.09.17-14.45.05:842][  0]LogMeshReduction: No automatic mesh merging module available
[2020.09.17-14.45.05:842][  0]LogMeshMerging: No automatic mesh merging module available
[2020.09.17-14.45.05:893][  0]LogNetVersion: MuseoVirtualUdem , NetCL: 3709383, EngineNetVer: 2, GameNetVer: 0 (Checksum: 2631075334)
[2020.09.17-14.45.06:153][  0]LogAssetRegistry: FAssetRegistry took 0.0298 seconds to start up
[2020.09.17-14.45.07:116][  0]LogPackageLocalizationCache: Processed 8 localized package path(s) for 2 prioritized culture(s) in 0.233038 seconds
[2020.09.17-14.45.07:122][  0]LogUObjectArray: 35870 objects as part of root set at end of initial load.
[2020.09.17-14.45.07:122][  0]LogUObjectAllocator: 7363696 out of 0 bytes used by permanent object pool.
[2020.09.17-14.45.07:122][  0]LogUObjectArray: CloseDisregardForGC: 0/0 objects in disregard for GC pool
[2020.09.17-14.45.07:205][  0]LogInit: WinSock: version 1.1 (2.2), MaxSocks=32767, MaxUdp=65467
[2020.09.17-14.45.12:020][  0]UGameSparksModuleLog: Warning: GameSparks::StartupModule
[2020.09.17-14.45.12:088][  0]LogTcpMessaging: Initializing TcpMessaging bridge
[2020.09.17-14.45.12:164][  0]LogUdpMessaging: Initializing bridge on interface 0.0.0.0:0 to multicast group 230.0.0.1:6666.
[2020.09.17-14.45.13:391][  0]LogMaterial: Uniform references updated for custom material expression Custom.
[2020.09.17-14.45.14:105][  0]SourceControl: El control de código fuente está desactivado
[2020.09.17-14.45.14:106][  0]SourceControl: El control de código fuente está desactivado
[2020.09.17-14.45.14:202][  0]SourceControl: El control de código fuente está desactivado
[2020.09.17-14.45.14:295][  0]SourceControl: El control de código fuente está desactivado
[2020.09.17-14.45.15:815][  0]LogAndroidPermission: UAndroidPermissionCallbackProxy::GetInstance
[2020.09.17-14.45.16:295][  0]LogOcInput: OculusInput pre-init called
[2020.09.17-14.45.16:766][  0]LogEngine: Initializing Engine...
[2020.09.17-14.45.16:769][  0]LogHMD: Failed to initialize OpenVR with code 110
[2020.09.17-14.45.17:083][  0]LogStats: UGameplayTagsManager::ConstructGameplayTagTree: Construct from data asset -  0.000 s
[2020.09.17-14.45.17:083][  0]LogStats: UGameplayTagsManager::ConstructGameplayTagTree: GameplayTagTreeChangedEvent.Broadcast -  0.000 s
[2020.09.17-14.45.17:282][  0]LogAIModule: Creating AISystem for world Untitled
[2020.09.17-14.45.17:306][  0]LogInit: XAudio2 using 'Altavoces (Conexant SmartAudio HD)' : 2 channels at 48 kHz using 32 bits per sample (channel mask 0x3)
[2020.09.17-14.45.17:480][  0]LogInit: FAudioDevice initialized.
[2020.09.17-14.45.17:771][  0]LogDerivedDataCache: Saved boot cache 0.29s 78MB C:/Users/Usuario/AppData/Local/UnrealEngine/4.18/DerivedDataCache/Boot.ddc.
[2020.09.17-14.45.17:798][  0]LogInit: Texture streaming: Enabled
[2020.09.17-14.45.17:983][  0]LogEngineSessionManager: EngineSessionManager initialized
[2020.09.17-14.45.18:190][  0]LogInit: Transaction tracking system initialized
[2020.09.17-14.45.18:796][  0]BlueprintLog: New page: Cargar el editor
[2020.09.17-14.45.20:124][  0]LocalizationService: Localization service is disabled
[2020.09.17-14.45.21:296][  0]LogConsoleResponse: Display: 
[2020.09.17-14.45.21:630][  0]LogCook: Display: Max memory allowance for cook 16384mb min free memory 0mb
[2020.09.17-14.45.21:630][  0]LogCook: Display: Mobile HDR setting 1
[2020.09.17-14.45.21:630][  0]LogGameplayTags: Display: UGameplayTagsManager::DoneAddingNativeTags. DelegateIsBound: 0
[2020.09.17-14.45.22:650][  0]LogFileCache: Scanning file cache for directory 'D:/Tareas/Trabajos/noveno/plan v/MuseoVirtualUdeM/Content/' took 0.03s
[2020.09.17-14.45.23:716][  0]SourceControl: El control de código fuente está desactivado
[2020.09.17-14.45.23:952][  0]LogSlate: Took 0.000420 seconds to synchronously load lazily loaded font '../../../Engine/Content/Slate/Fonts/Roboto-Regular.ttf' (155K)
[2020.09.17-14.45.52:899][  0]LogWindowsTextInputMethodSystem: Display: IME system now deactivated.
[2020.09.17-14.45.52:901][  0]LogWindowsTextInputMethodSystem: Display: IME system now deactivated.
[2020.09.17-14.45.56:717][  0]LogWindowsTextInputMethodSystem: Display: IME system now deactivated.
[2020.09.17-14.45.56:719][  0]LogWindowsTextInputMethodSystem: Display: IME system now deactivated.
[2020.09.17-14.45.57:111][  0]Cmd: MAP LOAD FILE="../../../../../../Tareas/Trabajos/noveno/plan v/MuseoVirtualUdeM/Content/ThirdPersonBP/Maps/ThirdPersonExampleMap.umap" TEMPLATE=0 SHOWPROGRESS=1 FEATURELEVEL=3
[2020.09.17-14.45.57:112][  0]LightingResults: New page: Diseñar la iluminación
[2020.09.17-14.45.57:201][  0]MapCheck: New page: Revisión del mapa
[2020.09.17-14.45.57:201][  0]LightingResults: New page: Diseñar la iluminación
[2020.09.17-14.45.58:111][  0]LogTexture: Display: Building textures: HQ_Lightmap1_2 (AutoDXT, 64X64)
[2020.09.17-14.45.58:111][  0]LogTexture: Display: Building textures: HQ_Lightmap1_1 (AutoDXT, 1024X1024)
[2020.09.17-14.45.58:111][  0]LogTexture: Display: Building textures: LQ_Lightmap_1_1 (DXT1, 1024X1024)
[2020.09.17-14.45.58:111][  0]LogMaterial: Missing cached shader map for material T_Burst_M_Mat, compiling. 
[2020.09.17-14.45.58:543][  0]LogTexture: Display: Building textures: LQ_Lightmap_1_2 (DXT1, 64X64)
[2020.09.17-14.45.58:543][  0]LogTexture: Display: Building textures: SkyOcclusion1_1 (AutoDXT, 1024X512)
[2020.09.17-14.45.58:543][  0]LogMaterial: Missing cached shader map for material lambert1, compiling. 
[2020.09.17-14.45.58:661][  0]LogStaticMesh: Generando la malla estática V...
[2020.09.17-14.45.59:527][  0]LogTexture: Display: Building textures: SkyOcclusion1_2 (AutoDXT, 64X32)
[2020.09.17-14.45.59:527][  0]LogTexture: Display: Building textures: ShadowMapTexture2D_6 (G8, 1024X512)
[2020.09.17-14.45.59:528][  0]LogTexture: Display: Building textures: ShadowMapTexture2D_7 (G8, 32X32)
[2020.09.17-14.45.59:528][  0]LogStaticMesh: Built static mesh [0.87s] /Game/3DModels/V/V.V
[2020.09.17-14.45.59:588][  0]LogStaticMesh: Generando la malla estática ensayo...
[2020.09.17-14.45.59:607][  0]LogStaticMesh: Built static mesh [0.02s] /Game/3DModels/M/ensayo.ensayo
[2020.09.17-14.45.59:614][  0]LogMaterial: Missing cached shader map for material piso, compiling. 
[2020.09.17-14.45.59:691][  0]LogMaterial: Missing cached shader map for material pared_interna_y_techo, compiling. 
[2020.09.17-14.45.59:763][  0]LogMaterial: Missing cached shader map for material pared_fuera, compiling. 
[2020.09.17-14.45.59:837][  0]LogStaticMesh: Generando la malla estática Jardin...
[2020.09.17-14.46.00:167][  0]LogStaticMesh: Built static mesh [0.33s] /Game/3DModels/Jardin/Jardin.Jardin
[2020.09.17-14.46.00:241][  0]LogMaterial: Missing cached shader map for material T_Brick_Hewn_Stone_Mat, compiling. 
[2020.09.17-14.46.00:357][  0]LogMaterial: Missing cached shader map for material barrotes, compiling. 
[2020.09.17-14.46.00:837][  0]LogAIModule: Creating AISystem for world ThirdPersonExampleMap
[2020.09.17-14.46.00:856][  0]LogEditorServer: Finished looking for orphan Actors (0.000 secs)
[2020.09.17-14.46.00:903][  0]Cmd: MAP CHECKDEP NOCLEARLOG
[2020.09.17-14.46.01:047][  0]MapCheck: Map check complete: 0 Error(s), 0 Warning(s), took 143,755ms to complete.
[2020.09.17-14.46.01:047][  0]LogFileHelpers: Loading map 'ThirdPersonExampleMap' took 3.936
[2020.09.17-14.46.01:231][  0]LogStats: Warning: MetaData mismatch. Did you assign a stat to two groups? New //STATGROUP_Threads//SplashScreenThread///Thread_246c_0///####STATCAT_Advanced#### old //STATGROUP_Threads//SplashScreenThread///Thread_11d4_0///####STATCAT_Advanced####
[2020.09.17-14.46.01:231][  0]LogCollectionManager: Loaded 0 collections in 0.002838 seconds
[2020.09.17-14.46.01:362][  0]LogFileCache: Scanning file cache for directory 'D:/Tareas/Trabajos/noveno/plan v/MuseoVirtualUdeM/Saved/Collections/' took 0.01s
[2020.09.17-14.46.01:362][  0]LogFileCache: Scanning file cache for directory 'D:/Tareas/Trabajos/noveno/plan v/MuseoVirtualUdeM/Content/Developers/Usuario/Collections/' took 0.01s
[2020.09.17-14.46.01:362][  0]LogFileCache: Scanning file cache for directory 'D:/Tareas/Trabajos/noveno/plan v/MuseoVirtualUdeM/Content/Collections/' took 0.01s
[2020.09.17-14.46.01:362][  0]LogCollectionManager: Rebuilt the GUID cache for 0 collections in 0.000000 seconds
[2020.09.17-14.46.01:392][  0]LogContentBrowser: Native class hierarchy populated in 0.0299 seconds. Added 2462 classes and 523 folders.
[2020.09.17-14.46.01:531][  0]LogContentBrowser: Native class hierarchy updated for 'WidgetCarousel' in 0.0006 seconds. Added 0 classes and 0 folders.
[2020.09.17-14.46.01:651][  0]LogContentBrowser: Native class hierarchy updated for 'AddContentDialog' in 0.0009 seconds. Added 0 classes and 0 folders.
[2020.09.17-14.46.01:746][  0]LogContentBrowser: Native class hierarchy updated for 'SceneOutliner' in 0.0005 seconds. Added 1 classes and 2 folders.
[2020.09.17-14.46.01:923][  0]LogSlate: Took 0.000384 seconds to synchronously load lazily loaded font '../../../Engine/Content/Slate/Fonts/Roboto-Bold.ttf' (160K)
[2020.09.17-14.46.01:933][  0]LogSlate: Took 0.000450 seconds to synchronously load lazily loaded font '../../../Engine/Content/Editor/Slate/Fonts/FontAwesome.ttf' (139K)
[2020.09.17-14.46.02:219][  0]LogRenderer: Reallocating scene render targets to support 808x372 Format 10 NumSamples 1 (Frame:1).
[2020.09.17-14.46.13:809][  0]LogContentBrowser: Native class hierarchy updated for 'HierarchicalLODOutliner' in 0.0007 seconds. Added 1 classes and 2 folders.
[2020.09.17-14.46.13:809][  0]LogLoad: (Engine Initialization) Total time: 79.25 seconds
[2020.09.17-14.46.13:809][  0]LogLoad: (Engine Initialization) Total Blueprint compile time: 0.00 seconds
[2020.09.17-14.46.13:810][  0]LogExternalProfiler: No external profilers were discovered.  External profiling features will not be available.
[2020.09.17-14.46.13:895][  0]LogContentStreaming: Texture pool size now 1000 MB
[2020.09.17-14.46.13:932][  0]LogSlate: Took 0.000477 seconds to synchronously load lazily loaded font '../../../Engine/Content/Slate/Fonts/Roboto-Light.ttf' (159K)
[2020.09.17-14.46.13:946][  1]LogFileCache: Retrieving MD5 hashes for directory 'D:/Tareas/Trabajos/noveno/plan v/MuseoVirtualUdeM/Content/' took 0.10s
[2020.09.17-14.46.23:984][  3]LogAssetRegistry: Asset discovery search completed in 77.8527 seconds
[2020.09.17-14.46.23:988][  3]LogCollectionManager: Rebuilt the object cache for 0 collections in 0.000001 seconds (found 0 objects)
[2020.09.17-14.46.23:988][  3]LogCollectionManager: Fixed up redirectors for 0 collections in 0.000106 seconds (updated 0 objects)
[2020.09.17-14.47.04:794][734]LogSlate: Took 0.000345 seconds to synchronously load lazily loaded font '../../../Engine/Content/Slate/Fonts/Roboto-Light.ttf' (159K)
[2020.09.17-14.47.05:541][734]LogSlate: Took 0.000351 seconds to synchronously load lazily loaded font '../../../Engine/Content/Slate/Fonts/Roboto-Regular.ttf' (155K)
[2020.09.17-14.47.05:947][734]LogContentBrowser: Native class hierarchy updated for 'BlueprintGraph' in 0.0013 seconds. Added 116 classes and 0 folders.
[2020.09.17-14.47.08:708][734]LogSlate: Took 0.040347 seconds to synchronously load lazily loaded font '../../../Engine/Content/Editor/Slate/Fonts/Roboto-BoldCondensed.ttf' (158K)
[2020.09.17-14.47.09:481][735]LogSlate: Took 0.068075 seconds to synchronously load lazily loaded font '../../../Engine/Content/Editor/Slate/Fonts/Roboto-Italic.ttf' (157K)
[2020.09.17-14.48.33:753][180]LogTemp: Repeating last play command: Selected Viewport
[2020.09.17-14.48.33:969][180]LogBlueprintUserMessages: Early PlayInEditor Detection: Level '/Game/ThirdPersonBP/Maps/ThirdPersonExampleMap.ThirdPersonExampleMap:PersistentLevel' has LevelScriptBlueprint '/Game/ThirdPersonBP/Maps/ThirdPersonExampleMap.ThirdPersonExampleMap:PersistentLevel.ThirdPersonExampleMap' with GeneratedClass '/Game/ThirdPersonBP/Maps/ThirdPersonExampleMap.ThirdPersonExampleMap_C' with ClassGeneratedBy '/Game/ThirdPersonBP/Maps/ThirdPersonExampleMap.ThirdPersonExampleMap:PersistentLevel.ThirdPersonExampleMap'
[2020.09.17-14.48.33:969][180]LogPlayLevel: PlayLevel: No blueprints needed recompiling
[2020.09.17-14.48.33:972][180]PIE: New page: Sesión PIE (reproducción en el editor): ThirdPersonExampleMap (17/09/2020 4:48:33 a. m.)
[2020.09.17-14.48.33:973][180]LogPlayLevel: Creating play world package: /Game/ThirdPersonBP/Maps/UEDPIE_1_ThirdPersonExampleMap
[2020.09.17-14.48.34:036][180]LogPlayLevel: PIE: StaticDuplicateObject took: (0.062886s)
[2020.09.17-14.48.34:039][180]LogAIModule: Creating AISystem for world ThirdPersonExampleMap
[2020.09.17-14.48.34:041][180]LogPlayLevel: PIE: World Init took: (0.004332s)
[2020.09.17-14.48.34:041][180]LogPlayLevel: PIE: Created PIE world by copying editor world from /Game/ThirdPersonBP/Maps/ThirdPersonExampleMap.ThirdPersonExampleMap to /Game/ThirdPersonBP/Maps/UEDPIE_1_ThirdPersonExampleMap.ThirdPersonExampleMap (0.068718s)
[2020.09.17-14.48.34:132][180]LogInit: XAudio2 using 'Altavoces (Conexant SmartAudio HD)' : 2 channels at 48 kHz using 32 bits per sample (channel mask 0x3)
[2020.09.17-14.48.34:265][180]LogInit: FAudioDevice initialized.
[2020.09.17-14.48.34:322][180]LogLoad: Game class is 'BP_GameMode_C'
[2020.09.17-14.48.34:329][180]LogWorld: Bringing World /Game/ThirdPersonBP/Maps/UEDPIE_1_ThirdPersonExampleMap.ThirdPersonExampleMap up for play (max tick rate 60) at 2020.09.17-09.48.34
[2020.09.17-14.48.34:330][180]LogWorld: Bringing up level for play took: 0.004974
[2020.09.17-14.48.34:460][180]LogContentBrowser: Native class hierarchy updated for 'MovieSceneCapture' in 0.0004 seconds. Added 11 classes and 0 folders.
[2020.09.17-14.48.34:481][180]LogTemp: Display: ParseSettings for GameNetDriver
[2020.09.17-14.48.34:489][180]LogTemp: Display: ParseSettings for IpNetDriver_0
[2020.09.17-14.48.34:489][180]LogTemp: Display: ParseSettings for GameNetDriver
[2020.09.17-14.48.34:524][180]LogInit: WinSock: Socket queue 131072 / 131072
[2020.09.17-14.48.34:530][180]LogInit: WinSock: I am DESKTOP-BLSB23F (192.168.1.63:0)
[2020.09.17-14.48.34:549][180]PacketHandlerLog: Loaded PacketHandler component: Engine.EngineHandlerComponentFactory (StatelessConnectHandlerComponent)
[2020.09.17-14.48.34:562][180]LogNet: GameNetDriver IpNetDriver_0 IpNetDriver listening on port 17777
[2020.09.17-14.48.34:562][180]LogGameMode: Display: Match State Changed from EnteringMap to WaitingToStart
[2020.09.17-14.48.34:573][180]LogGameState: Match State Changed from EnteringMap to WaitingToStart
[2020.09.17-14.48.34:573][180]LogGameMode: Display: Match State Changed from WaitingToStart to InProgress
[2020.09.17-14.48.34:692][180]UGameSparksModuleLog: Warning: GameSparks::Initialize
[2020.09.17-14.48.34:722][180]UGameSparksModuleLog: Initialized
[2020.09.17-14.48.34:722][180]LogGameState: Match State Changed from WaitingToStart to InProgress
[2020.09.17-14.48.34:722][180]PIE: Tiempo de inicio de la reproducción en el editor para  /Game/ThirdPersonBP/Maps/UEDPIE_1_ThirdPersonExampleMap 1,401
[2020.09.17-14.48.34:725][180]PIE: New page: Sesión PIE (reproducción en el editor): ThirdPersonExampleMap (17/09/2020 4:48:34 a. m.)
[2020.09.17-14.48.34:803][180]LogNet: Browse: 127.0.0.1:17777//Game/ThirdPersonBP/Maps/ThirdPersonExampleMap
[2020.09.17-14.48.34:817][180]LogTemp: Display: ParseSettings for GameNetDriver
[2020.09.17-14.48.34:817][180]LogTemp: Display: ParseSettings for IpNetDriver_1
[2020.09.17-14.48.34:817][180]LogTemp: Display: ParseSettings for PendingNetDriver
[2020.09.17-14.48.34:818][180]LogInit: WinSock: Socket queue 32768 / 32768
[2020.09.17-14.48.34:819][180]PacketHandlerLog: Loaded PacketHandler component: Engine.EngineHandlerComponentFactory (StatelessConnectHandlerComponent)
[2020.09.17-14.48.34:837][180]LogNet: Game client on port 17777, rate 10000
[2020.09.17-14.48.34:842][180]PIE: Tiempo de inicio de la reproducción en el editor para  /Game/ThirdPersonBP/Maps/ThirdPersonExampleMap 1,521
[2020.09.17-14.48.34:852][180]LogBlueprintUserMessages: Late PlayInEditor Detection: Level '/Game/ThirdPersonBP/Maps/ThirdPersonExampleMap.ThirdPersonExampleMap:PersistentLevel' has LevelScriptBlueprint '/Game/ThirdPersonBP/Maps/ThirdPersonExampleMap.ThirdPersonExampleMap:PersistentLevel.ThirdPersonExampleMap' with GeneratedClass '/Game/ThirdPersonBP/Maps/ThirdPersonExampleMap.ThirdPersonExampleMap_C' with ClassGeneratedBy '/Game/ThirdPersonBP/Maps/ThirdPersonExampleMap.ThirdPersonExampleMap:PersistentLevel.ThirdPersonExampleMap'
[2020.09.17-14.48.34:888][180]LogNet: NotifyAcceptingConnection accepted from: 127.0.0.1:52311
[2020.09.17-14.48.34:889][180]LogHandshake: SendConnectChallenge. Timestamp: 0.016667, Cookie: 067249221074002098207090133187100108046100198174025090083175
[2020.09.17-14.48.34:952][180]LogHandshake: SendChallengeResponse. Timestamp: 0.016667, Cookie: 067249221074002098207090133187100108046100198174025090083175
[2020.09.17-14.48.35:253][181]LogNet: NotifyAcceptingConnection accepted from: 127.0.0.1:52311
[2020.09.17-14.48.35:254][181]LogHandshake: SendChallengeAck. InCookie: 067249221074002098207090133187100108046100198174025090083175
[2020.09.17-14.48.35:254][181]LogNet: Server accepting post-challenge connection from: 127.0.0.1:52311
[2020.09.17-14.48.35:254][181]PacketHandlerLog: Loaded PacketHandler component: Engine.EngineHandlerComponentFactory (StatelessConnectHandlerComponent)
[2020.09.17-14.48.35:254][181]LogNet: NotifyAcceptedConnection: Name: ThirdPersonExampleMap, TimeStamp: 09/17/20 09:48:35, [UNetConnection] RemoteAddr: 127.0.0.1:52311, Name: IpConnection_1, Driver: GameNetDriver IpNetDriver_0, IsServer: YES, PC: NULL, Owner: NULL
[2020.09.17-14.48.35:255][181]LogNet: AddClientConnection: Added client connection: [UNetConnection] RemoteAddr: 127.0.0.1:52311, Name: IpConnection_1, Driver: GameNetDriver IpNetDriver_0, IsServer: YES, PC: NULL, Owner: NULL
[2020.09.17-14.48.35:256][181]LogNetVersion: MuseoVirtualUdem 1.0.0.0, NetCL: 3709383, EngineNetVer: 2, GameNetVer: 0 (Checksum: 51747653)
[2020.09.17-14.48.35:256][181]LogNet: UPendingNetGame::SendInitialJoin: Sending hello. [UNetConnection] RemoteAddr: 127.0.0.1:17777, Name: IpConnection_0, Driver: PendingNetDriver IpNetDriver_1, IsServer: NO, PC: NULL, Owner: NULL
[2020.09.17-14.48.35:301][182]LogNet: NotifyAcceptingChannel Control 0 server World /Game/ThirdPersonBP/Maps/UEDPIE_1_ThirdPersonExampleMap.ThirdPersonExampleMap: Accepted
[2020.09.17-14.48.35:303][182]LogNet: Remote platform little endian=1
[2020.09.17-14.48.35:303][182]LogNet: This platform little endian=1
[2020.09.17-14.48.35:322][183]LogNet: Login request: /Game/ThirdPersonBP/Maps/ThirdPersonExampleMap userId: Invalid
[2020.09.17-14.48.35:324][183]LogNet: Welcomed by server (Level: /Game/ThirdPersonBP/Maps/UEDPIE_1_ThirdPersonExampleMap, Game: /Game/Blueprints/BP_GameMode.BP_GameMode_C)
[2020.09.17-14.48.35:344][183]LogLoad: LoadMap: 127.0.0.1:17777//Game/ThirdPersonBP/Maps/UEDPIE_1_ThirdPersonExampleMap?game=/Game/Blueprints/BP_GameMode.BP_GameMode_C
[2020.09.17-14.48.35:452][183]LogAIModule: Creating AISystem for world ThirdPersonExampleMap
[2020.09.17-14.48.35:453][183]LogTemp: Display: ParseSettings for GameNetDriver
[2020.09.17-14.48.35:467][183]LogWorld: Bringing World /Game/ThirdPersonBP/Maps/UEDPIE_2_ThirdPersonExampleMap.ThirdPersonExampleMap up for play (max tick rate 60) at 2020.09.17-09.48.35
[2020.09.17-14.48.35:467][183]LogWorld: Bringing up level for play took: 0.002410
[2020.09.17-14.48.35:468][183]LogLoad: Took 0.124013 seconds to LoadMap(/Game/ThirdPersonBP/Maps/UEDPIE_1_ThirdPersonExampleMap)
[2020.09.17-14.48.35:495][184]LogNet: Client netspeed is 10000
[2020.09.17-14.48.35:495][184]LogNet: Join request: /Game/ThirdPersonBP/Maps/ThirdPersonExampleMap?SplitscreenCount=1
[2020.09.17-14.48.35:589][184]LogNet: Join succeeded: User257
[2020.09.17-14.48.35:656][185]LogRenderer: Reallocating scene render targets to support 1280x720 Format 10 NumSamples 1 (Frame:1).
[2020.09.17-14.48.36:100][198]UGameSparksModuleLog: WebSocket callback: {"@class": ".AuthenticatedConnectResponse","connectUrl": "wss://gsp-aeu000-se06.gamesparks.net/ws/device/293711ZXWjA9","requestId": "0"}
[2020.09.17-14.48.36:100][198]UGameSparksModuleLog: Received new connection url from gamesparks backend. Establishing new connection now.
[2020.09.17-14.48.36:100][198]UGameSparksModuleLog: Create new connection
[2020.09.17-14.48.36:101][198]UGameSparksModuleLog: Handle authentication connect response with immediate handshake
[2020.09.17-14.48.36:101][198]UGameSparksModuleLog: WebSocket closed
[2020.09.17-14.48.37:449][246]UGameSparksModuleLog: WebSocket callback: {"@class":".AuthenticatedConnectResponse","nonce":"66a5af5b-748a-49d4-a889-fadb07b20ea4","requestId":"0"}
[2020.09.17-14.48.37:449][246]UGameSparksModuleLog: Handle authentication connect response with immediate handshake
[2020.09.17-14.48.37:451][246]UGameSparksModuleLog: Send immediate request: {
	"@class":	".AuthenticatedConnectRequest",
	"hmac":	"JXZ+kSyp0+zB6b0rABfrhCr72yq643XDFp9BwEN6fnY=",
	"os":	"Windows",
	"platform":	"Windows",
	"deviceId":	"14fea1e1237c6fe24e8a9d0e6b27545d",
	"deviceStats":	{
		"cpu.cores":	"4",
		"cpu.vendor":	"Intel(R) Core(TM) i5-6200U CPU @ 2.30GHz",
		"engine":	"Unreal Engine",
		"engine.version":	"4.18.0",
		"manufacturer":	"Microsoft",
		"memory":	"8085 MB",
		"model":	"PC",
		"os.name":	"Windows",
		"os.version":	"10.0.18362.329",
		"os.version.major":	"10",
		"os.version.major.minor":	"10.0",
		"resolution":	"1366x768",
		"gssdk":	"1.1.18.0"
	},
	"authToken":	"a227ffb7-c0f0-489a-afb6-284670295f0b"
}
[2020.09.17-14.48.37:452][246]UGameSparksModuleLog: Handshake request sent
[2020.09.17-14.48.37:681][255]UGameSparksModuleLog: WebSocket callback: {"@class":".AuthenticatedConnectResponse","authToken":"e879adfd-9aad-472c-8922-b82fc3961c2a","requestId":"0","sessionId":"66a5af5b-748a-49d4-a889-fadb07b20ea4","userId":"5f628e387e50dd01db7dfbad"}
[2020.09.17-14.48.37:681][255]UGameSparksModuleLog: Received auth token
[2020.09.17-14.48.37:692][255]UGameSparksModuleLog: Handle authentication connect response with immediate handshake
[2020.09.17-14.48.37:694][255]UGameSparksModuleLog: Warning: GameSparks::GameSparksAvailable_Static
[2020.09.17-14.48.37:694][255]LogBlueprintUserMessages: [BP_GameMode_C_0] Server: Gamesparks available
[2020.09.17-14.49.02:658][730]UGameSparksModuleLog: Send immediate request: {
	"@class":	".RegistrationRequest",
	"displayName":	"flk",
	"password":	"flk",
	"userName":	"flk",
	"requestId":	"1600354142_0"
}
[2020.09.17-14.49.02:876][739]UGameSparksModuleLog: WebSocket callback: {"@class":".RegistrationResponse","error":{"USERNAME":"TAKEN"},"newPlayer":false,"requestId":"1600354142_0"}
[2020.09.17-14.49.02:876][739]LogBlueprintUserMessages: [RegistrationUI_C_0] Server: Error Registering
[2020.09.17-14.49.02:877][739]LogBlueprintUserMessages: [RegistrationUI_C_0] Server: Username already used
[2020.09.17-14.49.05:284][816]UGameSparksModuleLog: Send immediate request: {
	"@class":	".RegistrationRequest",
	"displayName":	"flk",
	"password":	"flk",
	"userName":	"flk",
	"requestId":	"1600354145_1"
}
[2020.09.17-14.49.05:596][818]UGameSparksModuleLog: WebSocket callback: {"@class":".RegistrationResponse","error":{"USERNAME":"TAKEN"},"newPlayer":false,"requestId":"1600354145_1"}
[2020.09.17-14.49.05:599][818]LogBlueprintUserMessages: [RegistrationUI_C_0] Server: Error Registering
[2020.09.17-14.49.05:599][818]LogBlueprintUserMessages: [RegistrationUI_C_0] Server: Username already used
[2020.09.17-14.49.13:926][961]UGameSparksModuleLog: Send immediate request: {
	"@class":	".RegistrationRequest",
	"displayName":	"flk1",
	"password":	"flk1",
	"userName":	"flk1",
	"requestId":	"1600354153_2"
}
[2020.09.17-14.49.14:264][963]UGameSparksModuleLog: WebSocket callback: {"@class":".RegistrationResponse","authToken":"c31b32f6-d65f-4926-bd31-52ca3bfbf2fa","displayName":"flk1","newPlayer":true,"requestId":"1600354153_2","userId":"5f6377696dd3e1738bc16d48"}
[2020.09.17-14.49.14:266][963]UGameSparksModuleLog: Received auth token
[2020.09.17-14.49.27:894][221]UGameSparksModuleLog: Send immediate request: {
	"@class":	".AuthenticationRequest",
	"password":	"flk",
	"userName":	"flk",
	"requestId":	"1600354167_3"
}
[2020.09.17-14.49.28:167][226]UGameSparksModuleLog: WebSocket callback: {"@class":".AuthenticationResponse","authToken":"1e765bc1-fd73-45c4-8787-7c98deb0854f","displayName":"flk","newPlayer":false,"requestId":"1600354167_3","userId":"5f62d7cd6dd3e1738bd4fba1"}
[2020.09.17-14.49.28:168][226]UGameSparksModuleLog: Received auth token
[2020.09.17-14.49.28:601][226]LogBlueprintUserMessages: [LoginUI_C_3] Server: Welcome back flk
[2020.09.17-14.49.28:606][226]PIE: Error: SetInputMode_GameOnly expects a valid player controller as target
[2020.09.17-14.49.28:606][226]UGameSparksModuleLog: New UserId init persistent queue
[2020.09.17-14.49.57:170][715]UGameSparksModuleLog: Send immediate request: {
	"@class":	".AuthenticationRequest",
	"password":	"flk",
	"userName":	"flk",
	"requestId":	"1600354197_4"
}
[2020.09.17-14.49.57:392][722]UGameSparksModuleLog: WebSocket callback: {"@class":".AuthenticationResponse","authToken":"07a447f1-1724-4eed-bf06-18caa27adb08","displayName":"flk","newPlayer":false,"requestId":"1600354197_4","userId":"5f62d7cd6dd3e1738bd4fba1"}
[2020.09.17-14.49.57:392][722]UGameSparksModuleLog: Received auth token
[2020.09.17-14.49.57:404][722]LogBlueprintUserMessages: [LoginUI_C_0] Server: Welcome back flk
[2020.09.17-14.49.57:404][722]PIE: Error: SetInputMode_GameOnly expects a valid player controller as target
[2020.09.17-14.51.08:807][991]LogBlueprintUserMessages: Early EndPlayMap Detection: Level '/Game/ThirdPersonBP/Maps/ThirdPersonExampleMap.ThirdPersonExampleMap:PersistentLevel' has LevelScriptBlueprint '/Game/ThirdPersonBP/Maps/ThirdPersonExampleMap.ThirdPersonExampleMap:PersistentLevel.ThirdPersonExampleMap' with GeneratedClass '/Game/ThirdPersonBP/Maps/ThirdPersonExampleMap.ThirdPersonExampleMap_C' with ClassGeneratedBy '/Game/ThirdPersonBP/Maps/ThirdPersonExampleMap.ThirdPersonExampleMap:PersistentLevel.ThirdPersonExampleMap'
[2020.09.17-14.51.08:956][991]UGameSparksModuleLog: Warning: GameSparks::Shutdown
[2020.09.17-14.51.08:956][991]UGameSparksModuleLog: Starting connection terminate
[2020.09.17-14.51.08:956][991]UGameSparksModuleLog: WebSocket closed
[2020.09.17-14.51.08:956][991]UGameSparksModuleLog: Connection terminated
[2020.09.17-14.51.08:956][991]UGameSparksModuleLog: Warning: GameSparks::GameSparksAvailable_Static
[2020.09.17-14.51.08:957][991]LogBlueprintUserMessages: [BP_GameMode_C_0] Server: Gamesparks unavailable
[2020.09.17-14.51.08:990][991]LogBlueprintUserMessages: Late EndPlayMap Detection: Level '/Game/ThirdPersonBP/Maps/ThirdPersonExampleMap.ThirdPersonExampleMap:PersistentLevel' has LevelScriptBlueprint '/Game/ThirdPersonBP/Maps/ThirdPersonExampleMap.ThirdPersonExampleMap:PersistentLevel.ThirdPersonExampleMap' with GeneratedClass '/Game/ThirdPersonBP/Maps/ThirdPersonExampleMap.ThirdPersonExampleMap_C' with ClassGeneratedBy '/Game/ThirdPersonBP/Maps/ThirdPersonExampleMap.ThirdPersonExampleMap:PersistentLevel.ThirdPersonExampleMap'
[2020.09.17-14.51.09:201][991]LogNet: UChannel::CleanUp: ChIndex == 0. Closing connection. [UChannel] ChIndex: 0, Closing: 0 [UNetConnection] RemoteAddr: 127.0.0.1:52311, Name: IpConnection_1, Driver: GameNetDriver IpNetDriver_0, IsServer: YES, PC: None, Owner: None
[2020.09.17-14.51.09:202][991]LogNet: UNetConnection::Close: [UNetConnection] RemoteAddr: 127.0.0.1:52311, Name: IpConnection_1, Driver: GameNetDriver IpNetDriver_0, IsServer: YES, PC: None, Owner: None, Channels: 2, Time: 2020.09.17-14.51.09
[2020.09.17-14.51.09:205][991]LogNet: UChannel::Close: Sending CloseBunch. ChIndex == 0. Name: [UChannel] ChIndex: 0, Closing: 0 [UNetConnection] RemoteAddr: 127.0.0.1:52311, Name: IpConnection_1, Driver: GameNetDriver IpNetDriver_0, IsServer: YES, PC: None, Owner: None
[2020.09.17-14.51.09:206][991]LogNet: UChannel::CleanUp: ChIndex == 0. Closing connection. [UChannel] ChIndex: 0, Closing: 0 [UNetConnection] RemoteAddr: 127.0.0.1:17777, Name: IpConnection_0, Driver: GameNetDriver IpNetDriver_1, IsServer: NO, PC: None, Owner: None
[2020.09.17-14.51.09:207][991]LogNet: UNetConnection::Close: [UNetConnection] RemoteAddr: 127.0.0.1:17777, Name: IpConnection_0, Driver: GameNetDriver IpNetDriver_1, IsServer: NO, PC: None, Owner: None, Channels: 2, Time: 2020.09.17-14.51.09
[2020.09.17-14.51.09:208][991]LogNet: UChannel::Close: Sending CloseBunch. ChIndex == 0. Name: [UChannel] ChIndex: 0, Closing: 0 [UNetConnection] RemoteAddr: 127.0.0.1:17777, Name: IpConnection_0, Driver: GameNetDriver IpNetDriver_1, IsServer: NO, PC: None, Owner: None
[2020.09.17-14.51.09:337][991]LogExit: GameNetDriver None shut down
[2020.09.17-14.51.09:342][991]LogExit: GameNetDriver None shut down
[2020.09.17-14.51.32:631][968]LogEditorTransaction: Undo Modificar componente(s)
[2020.09.17-14.51.32:812][968]LogSlate: Took 0.000850 seconds to synchronously load lazily loaded font '../../../Engine/Content/Slate/Fonts/Roboto-Light.ttf' (159K)
[2020.09.17-14.54.54:233][149]LogClass: Warning: In asset 'None', there is an enum property of type 'ECollisionChannel' with an invalid value of ''
[2020.09.17-14.54.54:233][149]LogClass: Warning: In asset 'None', there is an enum property of type 'ECollisionChannel' with an invalid value of ''
[2020.09.17-14.55.01:286][538]BlueprintLog: New page: Compilar ThirdPersonCharacter
[2020.09.17-14.55.04:013][623]Cmd: OBJ SAVEPACKAGE PACKAGE="/Game/Blueprints/ThirdPersonCharacter" FILE="../../../../../../Tareas/Trabajos/noveno/plan v/MuseoVirtualUdeM/Content/Blueprints/ThirdPersonCharacter.uasset" SILENT=true
[2020.09.17-14.55.04:432][623]LogSavePackage: Save=318.21ms
[2020.09.17-14.55.04:432][623]LogSavePackage: Moving '../../../../../../Tareas/Trabajos/noveno/plan v/MuseoVirtualUdeM/Saved/ThirdPersonCharacter4F742157430762635FEC309BB7C94A5B.tmp' to '../../../../../../Tareas/Trabajos/noveno/plan v/MuseoVirtualUdeM/Content/Blueprints/ThirdPersonCharacter.uasset'
[2020.09.17-14.55.04:443][623]LogSavePackage: Display: Finished SavePackage ../../../../../../Tareas/Trabajos/noveno/plan v/MuseoVirtualUdeM/Content/Blueprints/ThirdPersonCharacter.uasset
[2020.09.17-14.59.18:820][865]LogMaterial: Missing cached shader map for material M_Basic_Wall, compiling. 
[2020.09.17-15.00.07:883][ 85]LogTextFormatter: Warning: Failed to parse argument "0 '{0" as a number (using "0" as a fallback). Please check your format string for errors: "Ninguna imagen en '{0 '{0}' ({1}x{2})".
[2020.09.17-15.00.10:957][ 85]LogSlate: Only BGRA pngs, bmps or icos are supported in by External Image Picker
[2020.09.17-15.00.11:432][ 88]LogTemp: Executing iPhonePackager certificates Engine -bundlename com.YourCompany.MuseoVirtualUdem
[2020.09.17-15.00.11:432][ 88]LogTemp: CWD: D:\epix\Epic Games\UE_4.18\Engine\Binaries\DotNET\IOS
[2020.09.17-15.00.11:432][ 88]LogTemp: Initial Dir: D:\epix\Epic Games\UE_4.18
[2020.09.17-15.00.11:432][ 88]LogTemp: Env CWD: D:\epix\Epic Games\UE_4.18\Engine\Binaries\DotNET\IOS
[2020.09.17-15.00.11:432][ 88]LogTemp: BranchPath = DESKTOP-BLSB23F/D/epix/Epic Games/UE_4.18/Engine/Binaries --- GameBranchPath = DESKTOP-BLSB23F/D/epix/Epic Games/UE_4.18/Engine/Binaries
[2020.09.17-15.00.11:885][111]LogTemp: IPP ERROR: Could not find provision directory 'C:\Users\Usuario\AppData\Local/Apple Computer/MobileDevice/Provisioning Profiles/'.
[2020.09.17-15.01.41:051][303]LogFileHelpers: Editor autosave (incl. sublevels) for '/Game/ThirdPersonBP/Maps/ThirdPersonExampleMap' took 0.086
[2020.09.17-15.01.41:081][303]OBJ SavePackage: Generating thumbnails for [0] asset(s) in package [/Game/Blueprints/ThirdPersonCharacter] ([1] browsable assets)...
[2020.09.17-15.01.41:081][303]OBJ SavePackage: Finished generating thumbnails for package [/Game/Blueprints/ThirdPersonCharacter]
[2020.09.17-15.01.41:229][303]LogSavePackage: Save=126.85ms
[2020.09.17-15.01.41:229][303]LogSavePackage: Moving '../../../../../../Tareas/Trabajos/noveno/plan v/MuseoVirtualUdeM/Saved/ThirdPersonCharacter_Auto174DE40F64C9148A0615F3FB83598BA21.tmp' to '../../../../../../Tareas/Trabajos/noveno/plan v/MuseoVirtualUdeM/Saved/Autosaves/Game/Blueprints/ThirdPersonCharacter_Auto1.uasset'
[2020.09.17-15.01.41:232][303]LogSavePackage: Display: Finished SavePackage ../../../../../../Tareas/Trabajos/noveno/plan v/MuseoVirtualUdeM/Saved/Autosaves/Game/Blueprints/ThirdPersonCharacter_Auto1.uasset
[2020.09.17-15.01.41:234][303]OBJ SavePackage: Generating thumbnails for [1] asset(s) in package [/Game/Blueprints/Obra] ([1] browsable assets)...
[2020.09.17-15.01.41:306][303]OBJ SavePackage:     Rendered thumbnail for [Blueprint /Game/Blueprints/Obra.Obra]
[2020.09.17-15.01.41:306][303]OBJ SavePackage: Finished generating thumbnails for package [/Game/Blueprints/Obra]
[2020.09.17-15.01.41:307][303]Cmd: OBJ SAVEPACKAGE PACKAGE="/Game/Blueprints/Obra" FILE="../../../../../../Tareas/Trabajos/noveno/plan v/MuseoVirtualUdeM/Saved/Autosaves/Game/Blueprints/Obra_Auto1.uasset" SILENT=false AUTOSAVING=true
[2020.09.17-15.01.41:344][303]LogSavePackage: Save=32.10ms
[2020.09.17-15.01.41:344][303]LogSavePackage: Moving '../../../../../../Tareas/Trabajos/noveno/plan v/MuseoVirtualUdeM/Saved/Obra_Auto1C72934D346F5AD551B25DDB182602DAB.tmp' to '../../../../../../Tareas/Trabajos/noveno/plan v/MuseoVirtualUdeM/Saved/Autosaves/Game/Blueprints/Obra_Auto1.uasset'
[2020.09.17-15.01.41:346][303]LogSavePackage: Display: Finished SavePackage ../../../../../../Tareas/Trabajos/noveno/plan v/MuseoVirtualUdeM/Saved/Autosaves/Game/Blueprints/Obra_Auto1.uasset
[2020.09.17-15.01.41:346][303]LogFileHelpers: Auto-saving content packages took 0.295
[2020.09.17-15.03.18:752][373]LogClass: Warning: In asset 'None', there is an enum property of type 'ECollisionChannel' with an invalid value of ''
[2020.09.17-15.03.18:752][373]LogClass: Warning: In asset 'None', there is an enum property of type 'ECollisionChannel' with an invalid value of ''
[2020.09.17-15.04.13:791][758]BlueprintLog: New page: Compilar Obra
[2020.09.17-15.04.15:380][859]Cmd: OBJ SAVEPACKAGE PACKAGE="/Game/Blueprints/Obra" FILE="../../../../../../Tareas/Trabajos/noveno/plan v/MuseoVirtualUdeM/Content/Blueprints/Obra.uasset" SILENT=true
[2020.09.17-15.04.15:459][859]LogSavePackage: Save=72.61ms
[2020.09.17-15.04.15:459][859]LogSavePackage: Moving '../../../../../../Tareas/Trabajos/noveno/plan v/MuseoVirtualUdeM/Saved/Obra30B671CF4990A0B69466EDB5498F1C33.tmp' to '../../../../../../Tareas/Trabajos/noveno/plan v/MuseoVirtualUdeM/Content/Blueprints/Obra.uasset'
[2020.09.17-15.04.15:471][859]LogSavePackage: Display: Finished SavePackage ../../../../../../Tareas/Trabajos/noveno/plan v/MuseoVirtualUdeM/Content/Blueprints/Obra.uasset
[2020.09.17-15.07.33:621][938]BlueprintLog: New page: Compilar ThirdPersonCharacter
[2020.09.17-15.07.33:689][938]LogBlueprint: Error: [Compiler ThirdPersonCharacter] This blueprint (self) is not a Obra_C, therefore ' Meta ' must have a connection.
[2020.09.17-15.07.33:690][938]LogBlueprint: Error: [Compiler ThirdPersonCharacter] El tipo de  Object  no está determinado. Conectar algo a  Proyectar a Obra  para implicar un tipo específico.
[2020.09.17-15.07.33:691][938]LogBlueprint: Error: [Compiler ThirdPersonCharacter] The current value of the ' Object ' pin is invalid: Unsupported type Objeto Wildcard on pin Object
[2020.09.17-15.07.34:202][938]LogBlueprint: Warning: [Compiler ThirdPersonCharacter] [1359,65] Compile of ThirdPersonCharacter failed. 3 Fatal Issue(s) 0 Warning(s) [in 580 ms] (/Game/Blueprints/ThirdPersonCharacter.ThirdPersonCharacter)
[2020.09.17-15.07.53:953][821]BlueprintLog: New page: Compilar ThirdPersonCharacter
[2020.09.17-15.07.54:012][821]LogBlueprint: Error: [Compiler ThirdPersonCharacter] El tipo de  Object  no está determinado. Conectar algo a  Proyectar a Obra  para implicar un tipo específico.
[2020.09.17-15.07.54:013][821]LogBlueprint: Error: [Compiler ThirdPersonCharacter] The current value of the ' Object ' pin is invalid: Unsupported type Objeto Wildcard on pin Object
[2020.09.17-15.07.54:514][821]LogBlueprint: Warning: [Compiler ThirdPersonCharacter] [1379,96] Compile of ThirdPersonCharacter failed. 2 Fatal Issue(s) 0 Warning(s) [in 560 ms] (/Game/Blueprints/ThirdPersonCharacter.ThirdPersonCharacter)
[2020.09.17-15.08.53:040][447]BlueprintLog: New page: Compilar ThirdPersonCharacter
[2020.09.17-15.08.56:377][663]Cmd: OBJ SAVEPACKAGE PACKAGE="/Game/Blueprints/ThirdPersonCharacter" FILE="../../../../../../Tareas/Trabajos/noveno/plan v/MuseoVirtualUdeM/Content/Blueprints/ThirdPersonCharacter.uasset" SILENT=true
[2020.09.17-15.08.56:615][663]LogSavePackage: Save=163.25ms
[2020.09.17-15.08.56:615][663]LogSavePackage: Moving '../../../../../../Tareas/Trabajos/noveno/plan v/MuseoVirtualUdeM/Saved/ThirdPersonCharacter2E82D082449615F6788ECFBD26644F93.tmp' to '../../../../../../Tareas/Trabajos/noveno/plan v/MuseoVirtualUdeM/Content/Blueprints/ThirdPersonCharacter.uasset'
[2020.09.17-15.08.56:621][663]LogSavePackage: Display: Finished SavePackage ../../../../../../Tareas/Trabajos/noveno/plan v/MuseoVirtualUdeM/Content/Blueprints/ThirdPersonCharacter.uasset
[2020.09.17-15.09.23:519][ 50]LogTemp: Repeating last play command: Selected Viewport
[2020.09.17-15.09.23:557][ 50]LogBlueprintUserMessages: Early PlayInEditor Detection: Level '/Game/ThirdPersonBP/Maps/ThirdPersonExampleMap.ThirdPersonExampleMap:PersistentLevel' has LevelScriptBlueprint '/Game/ThirdPersonBP/Maps/ThirdPersonExampleMap.ThirdPersonExampleMap:PersistentLevel.ThirdPersonExampleMap' with GeneratedClass '/Game/ThirdPersonBP/Maps/ThirdPersonExampleMap.ThirdPersonExampleMap_C' with ClassGeneratedBy '/Game/ThirdPersonBP/Maps/ThirdPersonExampleMap.ThirdPersonExampleMap:PersistentLevel.ThirdPersonExampleMap'
[2020.09.17-15.09.23:557][ 50]LogPlayLevel: PlayLevel: No blueprints needed recompiling
[2020.09.17-15.09.23:558][ 50]PIE: New page: Sesión PIE (reproducción en el editor): ThirdPersonExampleMap (17/09/2020 5:09:23 a. m.)
[2020.09.17-15.09.23:559][ 50]LogPlayLevel: Creating play world package: /Game/ThirdPersonBP/Maps/UEDPIE_1_ThirdPersonExampleMap
[2020.09.17-15.09.23:578][ 50]LogPlayLevel: PIE: StaticDuplicateObject took: (0.019111s)
[2020.09.17-15.09.23:579][ 50]LogAIModule: Creating AISystem for world ThirdPersonExampleMap
[2020.09.17-15.09.23:580][ 50]LogPlayLevel: PIE: World Init took: (0.001884s)
[2020.09.17-15.09.23:580][ 50]LogPlayLevel: PIE: Created PIE world by copying editor world from /Game/ThirdPersonBP/Maps/ThirdPersonExampleMap.ThirdPersonExampleMap to /Game/ThirdPersonBP/Maps/UEDPIE_1_ThirdPersonExampleMap.ThirdPersonExampleMap (0.021634s)
[2020.09.17-15.09.23:722][ 50]LogInit: XAudio2 using 'Altavoces (Conexant SmartAudio HD)' : 2 channels at 48 kHz using 32 bits per sample (channel mask 0x3)
[2020.09.17-15.09.23:863][ 50]LogInit: FAudioDevice initialized.
[2020.09.17-15.09.23:898][ 50]LogLoad: Game class is 'BP_GameMode_C'
[2020.09.17-15.09.23:901][ 50]LogWorld: Bringing World /Game/ThirdPersonBP/Maps/UEDPIE_1_ThirdPersonExampleMap.ThirdPersonExampleMap up for play (max tick rate 0) at 2020.09.17-10.09.23
[2020.09.17-15.09.23:924][ 50]LogWorld: Bringing up level for play took: 0.025348
[2020.09.17-15.09.23:925][ 50]LogTemp: Display: ParseSettings for GameNetDriver
[2020.09.17-15.09.23:925][ 50]LogTemp: Display: ParseSettings for IpNetDriver_2
[2020.09.17-15.09.23:925][ 50]LogTemp: Display: ParseSettings for GameNetDriver
[2020.09.17-15.09.23:926][ 50]LogInit: WinSock: Socket queue 131072 / 131072
[2020.09.17-15.09.23:926][ 50]PacketHandlerLog: Loaded PacketHandler component: Engine.EngineHandlerComponentFactory (StatelessConnectHandlerComponent)
[2020.09.17-15.09.23:926][ 50]LogNet: GameNetDriver IpNetDriver_2 IpNetDriver listening on port 17777
[2020.09.17-15.09.23:926][ 50]LogGameMode: Display: Match State Changed from EnteringMap to WaitingToStart
[2020.09.17-15.09.23:926][ 50]LogGameState: Match State Changed from EnteringMap to WaitingToStart
[2020.09.17-15.09.23:927][ 50]LogGameMode: Display: Match State Changed from WaitingToStart to InProgress
[2020.09.17-15.09.23:931][ 50]UGameSparksModuleLog: Warning: GameSparks::Initialize
[2020.09.17-15.09.23:951][ 50]UGameSparksModuleLog: Initialized
[2020.09.17-15.09.23:951][ 50]LogGameState: Match State Changed from WaitingToStart to InProgress
[2020.09.17-15.09.23:951][ 50]PIE: Tiempo de inicio de la reproducción en el editor para  /Game/ThirdPersonBP/Maps/UEDPIE_1_ThirdPersonExampleMap 0,629
[2020.09.17-15.09.23:952][ 50]PIE: New page: Sesión PIE (reproducción en el editor): ThirdPersonExampleMap (17/09/2020 5:09:23 a. m.)
[2020.09.17-15.09.24:011][ 50]LogNet: Browse: 127.0.0.1:17777//Game/ThirdPersonBP/Maps/ThirdPersonExampleMap
[2020.09.17-15.09.24:011][ 50]LogTemp: Display: ParseSettings for GameNetDriver
[2020.09.17-15.09.24:011][ 50]LogTemp: Display: ParseSettings for IpNetDriver_3
[2020.09.17-15.09.24:011][ 50]LogTemp: Display: ParseSettings for PendingNetDriver
[2020.09.17-15.09.24:011][ 50]LogInit: WinSock: Socket queue 32768 / 32768
[2020.09.17-15.09.24:012][ 50]PacketHandlerLog: Loaded PacketHandler component: Engine.EngineHandlerComponentFactory (StatelessConnectHandlerComponent)
[2020.09.17-15.09.24:012][ 50]LogNet: Game client on port 17777, rate 10000
[2020.09.17-15.09.24:019][ 50]PIE: Tiempo de inicio de la reproducción en el editor para  /Game/ThirdPersonBP/Maps/ThirdPersonExampleMap 0,697
[2020.09.17-15.09.24:029][ 50]LogBlueprintUserMessages: Late PlayInEditor Detection: Level '/Game/ThirdPersonBP/Maps/ThirdPersonExampleMap.ThirdPersonExampleMap:PersistentLevel' has LevelScriptBlueprint '/Game/ThirdPersonBP/Maps/ThirdPersonExampleMap.ThirdPersonExampleMap:PersistentLevel.ThirdPersonExampleMap' with GeneratedClass '/Game/ThirdPersonBP/Maps/ThirdPersonExampleMap.ThirdPersonExampleMap_C' with ClassGeneratedBy '/Game/ThirdPersonBP/Maps/ThirdPersonExampleMap.ThirdPersonExampleMap:PersistentLevel.ThirdPersonExampleMap'
[2020.09.17-15.09.24:030][ 50]LogNet: NotifyAcceptingConnection accepted from: 127.0.0.1:64048
[2020.09.17-15.09.24:030][ 50]LogHandshake: SendConnectChallenge. Timestamp: 0.008335, Cookie: 084236115042226096150088112053213056035154194092216207007238
[2020.09.17-15.09.24:032][ 50]LogHandshake: SendChallengeResponse. Timestamp: 0.008335, Cookie: 084236115042226096150088112053213056035154194092216207007238
[2020.09.17-15.09.24:033][ 50]UGameSparksModuleLog: Create new connection
[2020.09.17-15.09.24:034][ 50]UGameSparksModuleLog: WebSocket closed
[2020.09.17-15.09.25:208][ 51]LogNet: NotifyAcceptingConnection accepted from: 127.0.0.1:64048
[2020.09.17-15.09.25:208][ 51]LogHandshake: SendChallengeAck. InCookie: 084236115042226096150088112053213056035154194092216207007238
[2020.09.17-15.09.25:208][ 51]LogNet: Server accepting post-challenge connection from: 127.0.0.1:64048
[2020.09.17-15.09.25:208][ 51]PacketHandlerLog: Loaded PacketHandler component: Engine.EngineHandlerComponentFactory (StatelessConnectHandlerComponent)
[2020.09.17-15.09.25:208][ 51]LogNet: NotifyAcceptedConnection: Name: ThirdPersonExampleMap, TimeStamp: 09/17/20 10:09:25, [UNetConnection] RemoteAddr: 127.0.0.1:64048, Name: IpConnection_3, Driver: GameNetDriver IpNetDriver_2, IsServer: YES, PC: NULL, Owner: NULL
[2020.09.17-15.09.25:208][ 51]LogNet: AddClientConnection: Added client connection: [UNetConnection] RemoteAddr: 127.0.0.1:64048, Name: IpConnection_3, Driver: GameNetDriver IpNetDriver_2, IsServer: YES, PC: NULL, Owner: NULL
[2020.09.17-15.09.25:209][ 51]LogNet: UPendingNetGame::SendInitialJoin: Sending hello. [UNetConnection] RemoteAddr: 127.0.0.1:17777, Name: IpConnection_2, Driver: PendingNetDriver IpNetDriver_3, IsServer: NO, PC: NULL, Owner: NULL
[2020.09.17-15.09.25:226][ 52]LogNet: NotifyAcceptingChannel Control 0 server World /Game/ThirdPersonBP/Maps/UEDPIE_1_ThirdPersonExampleMap.ThirdPersonExampleMap: Accepted
[2020.09.17-15.09.25:226][ 52]LogNet: Remote platform little endian=1
[2020.09.17-15.09.25:226][ 52]LogNet: This platform little endian=1
[2020.09.17-15.09.25:264][ 53]LogNet: Login request: /Game/ThirdPersonBP/Maps/ThirdPersonExampleMap userId: Invalid
[2020.09.17-15.09.25:265][ 53]LogNet: Welcomed by server (Level: /Game/ThirdPersonBP/Maps/UEDPIE_1_ThirdPersonExampleMap, Game: /Game/Blueprints/BP_GameMode.BP_GameMode_C)
[2020.09.17-15.09.25:375][ 53]LogLoad: LoadMap: 127.0.0.1:17777//Game/ThirdPersonBP/Maps/UEDPIE_1_ThirdPersonExampleMap?game=/Game/Blueprints/BP_GameMode.BP_GameMode_C
[2020.09.17-15.09.25:447][ 53]LogAIModule: Creating AISystem for world ThirdPersonExampleMap
[2020.09.17-15.09.25:447][ 53]LogTemp: Display: ParseSettings for GameNetDriver
[2020.09.17-15.09.25:450][ 53]LogWorld: Bringing World /Game/ThirdPersonBP/Maps/UEDPIE_2_ThirdPersonExampleMap.ThirdPersonExampleMap up for play (max tick rate 0) at 2020.09.17-10.09.25
[2020.09.17-15.09.25:450][ 53]LogWorld: Bringing up level for play took: 0.002295
[2020.09.17-15.09.25:451][ 53]LogLoad: Took 0.075573 seconds to LoadMap(/Game/ThirdPersonBP/Maps/UEDPIE_1_ThirdPersonExampleMap)
[2020.09.17-15.09.25:451][ 53]UGameSparksModuleLog: WebSocket callback: {"@class": ".AuthenticatedConnectResponse","connectUrl": "wss://gsp-aeu000-se06.gamesparks.net/ws/device/293711ZXWjA9","requestId": "0"}
[2020.09.17-15.09.25:451][ 53]UGameSparksModuleLog: Received new connection url from gamesparks backend. Establishing new connection now.
[2020.09.17-15.09.25:451][ 53]UGameSparksModuleLog: Create new connection
[2020.09.17-15.09.25:452][ 53]UGameSparksModuleLog: Handle authentication connect response with immediate handshake
[2020.09.17-15.09.25:453][ 53]UGameSparksModuleLog: WebSocket closed
[2020.09.17-15.09.25:473][ 54]LogNet: Client netspeed is 10000
[2020.09.17-15.09.25:473][ 54]LogNet: Join request: /Game/ThirdPersonBP/Maps/ThirdPersonExampleMap?SplitscreenCount=1
[2020.09.17-15.09.25:478][ 54]LogNet: Join succeeded: User259
[2020.09.17-15.09.26:830][100]UGameSparksModuleLog: WebSocket callback: {"@class":".AuthenticatedConnectResponse","nonce":"6c2210d8-e388-445f-a268-95521d9c55a1","requestId":"0"}
[2020.09.17-15.09.26:830][100]UGameSparksModuleLog: Handle authentication connect response with immediate handshake
[2020.09.17-15.09.26:832][100]UGameSparksModuleLog: Send immediate request: {
	"@class":	".AuthenticatedConnectRequest",
	"hmac":	"mQGBi2dZS2zE7MQBz5mhWE3CE32BqSWJVCrbfDoZn8Y=",
	"os":	"Windows",
	"platform":	"Windows",
	"deviceId":	"14fea1e1237c6fe24e8a9d0e6b27545d",
	"deviceStats":	{
		"cpu.cores":	"4",
		"cpu.vendor":	"Intel(R) Core(TM) i5-6200U CPU @ 2.30GHz",
		"engine":	"Unreal Engine",
		"engine.version":	"4.18.0",
		"manufacturer":	"Microsoft",
		"memory":	"8085 MB",
		"model":	"PC",
		"os.name":	"Windows",
		"os.version":	"10.0.18362.329",
		"os.version.major":	"10",
		"os.version.major.minor":	"10.0",
		"resolution":	"1366x768",
		"gssdk":	"1.1.18.0"
	},
	"authToken":	"07a447f1-1724-4eed-bf06-18caa27adb08",
	"sessionId":	"66a5af5b-748a-49d4-a889-fadb07b20ea4"
}
[2020.09.17-15.09.26:832][100]UGameSparksModuleLog: Handshake request sent
[2020.09.17-15.09.27:047][108]UGameSparksModuleLog: WebSocket callback: {"@class":".AuthenticatedConnectResponse","authToken":"598ae596-e496-479f-874f-2975f024b86f","requestId":"0","sessionId":"66a5af5b-748a-49d4-a889-fadb07b20ea4","userId":"5f62d7cd6dd3e1738bd4fba1"}
[2020.09.17-15.09.27:047][108]UGameSparksModuleLog: Received auth token
[2020.09.17-15.09.27:055][108]UGameSparksModuleLog: Handle authentication connect response with immediate handshake
[2020.09.17-15.09.27:059][108]UGameSparksModuleLog: Warning: GameSparks::GameSparksAvailable_Static
[2020.09.17-15.09.27:059][108]LogBlueprintUserMessages: [BP_GameMode_C_0] Server: Gamesparks available
[2020.09.17-15.09.32:721][297]UGameSparksModuleLog: Send immediate request: {
	"@class":	".AuthenticationRequest",
	"password":	"flk",
	"userName":	"flk",
	"requestId":	"1600355372_5"
}
[2020.09.17-15.09.32:910][303]UGameSparksModuleLog: WebSocket callback: {"@class":".AuthenticationResponse","authToken":"97097c8d-5385-4604-8a34-b2b2b5c22c48","displayName":"flk","newPlayer":false,"requestId":"1600355372_5","userId":"5f62d7cd6dd3e1738bd4fba1"}
[2020.09.17-15.09.32:910][303]UGameSparksModuleLog: Received auth token
[2020.09.17-15.09.32:977][303]LogBlueprintUserMessages: [LoginUI_C_5] Server: Welcome back flk
[2020.09.17-15.09.32:977][303]PIE: Error: SetInputMode_GameOnly expects a valid player controller as target
[2020.09.17-15.09.37:403][414]UGameSparksModuleLog: Send immediate request: {
	"@class":	".AuthenticationRequest",
	"password":	"flk",
	"userName":	"flk",
	"requestId":	"1600355377_6"
}
[2020.09.17-15.09.37:731][419]UGameSparksModuleLog: WebSocket callback: {"@class":".AuthenticationResponse","authToken":"49a1f10a-2552-4ede-a17a-f7dd1186a4b4","displayName":"flk","newPlayer":false,"requestId":"1600355377_6","userId":"5f62d7cd6dd3e1738bd4fba1"}
[2020.09.17-15.09.37:731][419]UGameSparksModuleLog: Received auth token
[2020.09.17-15.09.37:744][419]LogBlueprintUserMessages: [LoginUI_C_4] Server: Welcome back flk
[2020.09.17-15.09.37:745][419]PIE: Error: SetInputMode_GameOnly expects a valid player controller as target
[2020.09.17-15.10.09:887][995]LogBlueprintUserMessages: Early EndPlayMap Detection: Level '/Game/ThirdPersonBP/Maps/ThirdPersonExampleMap.ThirdPersonExampleMap:PersistentLevel' has LevelScriptBlueprint '/Game/ThirdPersonBP/Maps/ThirdPersonExampleMap.ThirdPersonExampleMap:PersistentLevel.ThirdPersonExampleMap' with GeneratedClass '/Game/ThirdPersonBP/Maps/ThirdPersonExampleMap.ThirdPersonExampleMap_C' with ClassGeneratedBy '/Game/ThirdPersonBP/Maps/ThirdPersonExampleMap.ThirdPersonExampleMap:PersistentLevel.ThirdPersonExampleMap'
[2020.09.17-15.10.09:967][995]UGameSparksModuleLog: Warning: GameSparks::Shutdown
[2020.09.17-15.10.09:967][995]UGameSparksModuleLog: Starting connection terminate
[2020.09.17-15.10.09:967][995]UGameSparksModuleLog: WebSocket closed
[2020.09.17-15.10.09:967][995]UGameSparksModuleLog: Connection terminated
[2020.09.17-15.10.09:967][995]UGameSparksModuleLog: Warning: GameSparks::GameSparksAvailable_Static
[2020.09.17-15.10.09:968][995]LogBlueprintUserMessages: [BP_GameMode_C_0] Server: Gamesparks unavailable
[2020.09.17-15.10.10:000][995]LogBlueprintUserMessages: Late EndPlayMap Detection: Level '/Game/ThirdPersonBP/Maps/ThirdPersonExampleMap.ThirdPersonExampleMap:PersistentLevel' has LevelScriptBlueprint '/Game/ThirdPersonBP/Maps/ThirdPersonExampleMap.ThirdPersonExampleMap:PersistentLevel.ThirdPersonExampleMap' with GeneratedClass '/Game/ThirdPersonBP/Maps/ThirdPersonExampleMap.ThirdPersonExampleMap_C' with ClassGeneratedBy '/Game/ThirdPersonBP/Maps/ThirdPersonExampleMap.ThirdPersonExampleMap:PersistentLevel.ThirdPersonExampleMap'
[2020.09.17-15.10.10:041][995]LogNet: UChannel::CleanUp: ChIndex == 0. Closing connection. [UChannel] ChIndex: 0, Closing: 0 [UNetConnection] RemoteAddr: 127.0.0.1:64048, Name: IpConnection_3, Driver: GameNetDriver IpNetDriver_2, IsServer: YES, PC: None, Owner: None
[2020.09.17-15.10.10:041][995]LogNet: UNetConnection::Close: [UNetConnection] RemoteAddr: 127.0.0.1:64048, Name: IpConnection_3, Driver: GameNetDriver IpNetDriver_2, IsServer: YES, PC: None, Owner: None, Channels: 2, Time: 2020.09.17-15.10.10
[2020.09.17-15.10.10:041][995]LogNet: UChannel::Close: Sending CloseBunch. ChIndex == 0. Name: [UChannel] ChIndex: 0, Closing: 0 [UNetConnection] RemoteAddr: 127.0.0.1:64048, Name: IpConnection_3, Driver: GameNetDriver IpNetDriver_2, IsServer: YES, PC: None, Owner: None
[2020.09.17-15.10.10:041][995]LogNet: UChannel::CleanUp: ChIndex == 0. Closing connection. [UChannel] ChIndex: 0, Closing: 0 [UNetConnection] RemoteAddr: 127.0.0.1:17777, Name: IpConnection_2, Driver: GameNetDriver IpNetDriver_3, IsServer: NO, PC: None, Owner: None
[2020.09.17-15.10.10:041][995]LogNet: UNetConnection::Close: [UNetConnection] RemoteAddr: 127.0.0.1:17777, Name: IpConnection_2, Driver: GameNetDriver IpNetDriver_3, IsServer: NO, PC: None, Owner: None, Channels: 2, Time: 2020.09.17-15.10.10
[2020.09.17-15.10.10:041][995]LogNet: UChannel::Close: Sending CloseBunch. ChIndex == 0. Name: [UChannel] ChIndex: 0, Closing: 0 [UNetConnection] RemoteAddr: 127.0.0.1:17777, Name: IpConnection_2, Driver: GameNetDriver IpNetDriver_3, IsServer: NO, PC: None, Owner: None
[2020.09.17-15.10.10:046][995]LogExit: GameNetDriver None shut down
[2020.09.17-15.10.10:047][995]LogExit: GameNetDriver None shut down
[2020.09.17-15.11.46:670][822]BlueprintLog: New page: Compilar ThirdPersonCharacter
[2020.09.17-15.11.48:155][869]Cmd: OBJ SAVEPACKAGE PACKAGE="/Game/Blueprints/ThirdPersonCharacter" FILE="../../../../../../Tareas/Trabajos/noveno/plan v/MuseoVirtualUdeM/Content/Blueprints/ThirdPersonCharacter.uasset" SILENT=true
[2020.09.17-15.11.48:399][869]LogSavePackage: Save=182.11ms
[2020.09.17-15.11.48:399][869]LogSavePackage: Moving '../../../../../../Tareas/Trabajos/noveno/plan v/MuseoVirtualUdeM/Saved/ThirdPersonCharacterD273BEE3474CD4F20255479FCB5D3727.tmp' to '../../../../../../Tareas/Trabajos/noveno/plan v/MuseoVirtualUdeM/Content/Blueprints/ThirdPersonCharacter.uasset'
[2020.09.17-15.11.48:406][869]LogSavePackage: Display: Finished SavePackage ../../../../../../Tareas/Trabajos/noveno/plan v/MuseoVirtualUdeM/Content/Blueprints/ThirdPersonCharacter.uasset
[2020.09.17-15.11.56:812][538]LogTemp: Repeating last play command: Selected Viewport
[2020.09.17-15.11.56:861][538]LogBlueprintUserMessages: Early PlayInEditor Detection: Level '/Game/ThirdPersonBP/Maps/ThirdPersonExampleMap.ThirdPersonExampleMap:PersistentLevel' has LevelScriptBlueprint '/Game/ThirdPersonBP/Maps/ThirdPersonExampleMap.ThirdPersonExampleMap:PersistentLevel.ThirdPersonExampleMap' with GeneratedClass '/Game/ThirdPersonBP/Maps/ThirdPersonExampleMap.ThirdPersonExampleMap_C' with ClassGeneratedBy '/Game/ThirdPersonBP/Maps/ThirdPersonExampleMap.ThirdPersonExampleMap:PersistentLevel.ThirdPersonExampleMap'
[2020.09.17-15.11.56:861][538]LogPlayLevel: PlayLevel: No blueprints needed recompiling
[2020.09.17-15.11.56:863][538]PIE: New page: Sesión PIE (reproducción en el editor): ThirdPersonExampleMap (17/09/2020 5:11:56 a. m.)
[2020.09.17-15.11.56:863][538]LogPlayLevel: Creating play world package: /Game/ThirdPersonBP/Maps/UEDPIE_1_ThirdPersonExampleMap
[2020.09.17-15.11.56:896][538]LogPlayLevel: PIE: StaticDuplicateObject took: (0.033264s)
[2020.09.17-15.11.56:898][538]LogAIModule: Creating AISystem for world ThirdPersonExampleMap
[2020.09.17-15.11.56:898][538]LogPlayLevel: PIE: World Init took: (0.002024s)
[2020.09.17-15.11.56:899][538]LogPlayLevel: PIE: Created PIE world by copying editor world from /Game/ThirdPersonBP/Maps/ThirdPersonExampleMap.ThirdPersonExampleMap to /Game/ThirdPersonBP/Maps/UEDPIE_1_ThirdPersonExampleMap.ThirdPersonExampleMap (0.035898s)
[2020.09.17-15.11.56:979][538]LogInit: XAudio2 using 'Altavoces (Conexant SmartAudio HD)' : 2 channels at 48 kHz using 32 bits per sample (channel mask 0x3)
[2020.09.17-15.11.57:146][538]LogInit: FAudioDevice initialized.
[2020.09.17-15.11.57:181][538]LogLoad: Game class is 'BP_GameMode_C'
[2020.09.17-15.11.57:184][538]LogWorld: Bringing World /Game/ThirdPersonBP/Maps/UEDPIE_1_ThirdPersonExampleMap.ThirdPersonExampleMap up for play (max tick rate 0) at 2020.09.17-10.11.57
[2020.09.17-15.11.57:184][538]LogWorld: Bringing up level for play took: 0.002417
[2020.09.17-15.11.57:185][538]LogTemp: Display: ParseSettings for GameNetDriver
[2020.09.17-15.11.57:185][538]LogTemp: Display: ParseSettings for IpNetDriver_4
[2020.09.17-15.11.57:185][538]LogTemp: Display: ParseSettings for GameNetDriver
[2020.09.17-15.11.57:186][538]LogInit: WinSock: Socket queue 131072 / 131072
[2020.09.17-15.11.57:186][538]PacketHandlerLog: Loaded PacketHandler component: Engine.EngineHandlerComponentFactory (StatelessConnectHandlerComponent)
[2020.09.17-15.11.57:186][538]LogNet: GameNetDriver IpNetDriver_4 IpNetDriver listening on port 17777
[2020.09.17-15.11.57:187][538]LogGameMode: Display: Match State Changed from EnteringMap to WaitingToStart
[2020.09.17-15.11.57:187][538]LogGameState: Match State Changed from EnteringMap to WaitingToStart
[2020.09.17-15.11.57:187][538]LogGameMode: Display: Match State Changed from WaitingToStart to InProgress
[2020.09.17-15.11.57:192][538]UGameSparksModuleLog: Warning: GameSparks::Initialize
[2020.09.17-15.11.57:194][538]UGameSparksModuleLog: Initialized
[2020.09.17-15.11.57:194][538]LogGameState: Match State Changed from WaitingToStart to InProgress
[2020.09.17-15.11.57:194][538]PIE: Tiempo de inicio de la reproducción en el editor para  /Game/ThirdPersonBP/Maps/UEDPIE_1_ThirdPersonExampleMap -0,127
[2020.09.17-15.11.57:196][538]PIE: New page: Sesión PIE (reproducción en el editor): ThirdPersonExampleMap (17/09/2020 5:11:57 a. m.)
[2020.09.17-15.11.57:262][538]LogNet: Browse: 127.0.0.1:17777//Game/ThirdPersonBP/Maps/ThirdPersonExampleMap
[2020.09.17-15.11.57:262][538]LogTemp: Display: ParseSettings for GameNetDriver
[2020.09.17-15.11.57:262][538]LogTemp: Display: ParseSettings for IpNetDriver_5
[2020.09.17-15.11.57:262][538]LogTemp: Display: ParseSettings for PendingNetDriver
[2020.09.17-15.11.57:262][538]LogInit: WinSock: Socket queue 32768 / 32768
[2020.09.17-15.11.57:263][538]PacketHandlerLog: Loaded PacketHandler component: Engine.EngineHandlerComponentFactory (StatelessConnectHandlerComponent)
[2020.09.17-15.11.57:263][538]LogNet: Game client on port 17777, rate 10000
[2020.09.17-15.11.57:269][538]PIE: Tiempo de inicio de la reproducción en el editor para  /Game/ThirdPersonBP/Maps/ThirdPersonExampleMap -0,052
[2020.09.17-15.11.57:283][538]LogBlueprintUserMessages: Late PlayInEditor Detection: Level '/Game/ThirdPersonBP/Maps/ThirdPersonExampleMap.ThirdPersonExampleMap:PersistentLevel' has LevelScriptBlueprint '/Game/ThirdPersonBP/Maps/ThirdPersonExampleMap.ThirdPersonExampleMap:PersistentLevel.ThirdPersonExampleMap' with GeneratedClass '/Game/ThirdPersonBP/Maps/ThirdPersonExampleMap.ThirdPersonExampleMap_C' with ClassGeneratedBy '/Game/ThirdPersonBP/Maps/ThirdPersonExampleMap.ThirdPersonExampleMap:PersistentLevel.ThirdPersonExampleMap'
[2020.09.17-15.11.57:284][538]LogNet: NotifyAcceptingConnection accepted from: 127.0.0.1:60131
[2020.09.17-15.11.57:284][538]LogHandshake: SendConnectChallenge. Timestamp: 0.010360, Cookie: 215070204112132115139003157134199151234017208217217195248059
[2020.09.17-15.11.57:286][538]LogHandshake: SendChallengeResponse. Timestamp: 0.010360, Cookie: 215070204112132115139003157134199151234017208217217195248059
[2020.09.17-15.11.57:287][538]UGameSparksModuleLog: Create new connection
[2020.09.17-15.11.57:289][538]UGameSparksModuleLog: WebSocket closed
[2020.09.17-15.11.58:421][539]LogNet: NotifyAcceptingConnection accepted from: 127.0.0.1:60131
[2020.09.17-15.11.58:421][539]LogHandshake: SendChallengeAck. InCookie: 215070204112132115139003157134199151234017208217217195248059
[2020.09.17-15.11.58:422][539]LogNet: Server accepting post-challenge connection from: 127.0.0.1:60131
[2020.09.17-15.11.58:422][539]PacketHandlerLog: Loaded PacketHandler component: Engine.EngineHandlerComponentFactory (StatelessConnectHandlerComponent)
[2020.09.17-15.11.58:422][539]LogNet: NotifyAcceptedConnection: Name: ThirdPersonExampleMap, TimeStamp: 09/17/20 10:11:58, [UNetConnection] RemoteAddr: 127.0.0.1:60131, Name: IpConnection_5, Driver: GameNetDriver IpNetDriver_4, IsServer: YES, PC: NULL, Owner: NULL
[2020.09.17-15.11.58:422][539]LogNet: AddClientConnection: Added client connection: [UNetConnection] RemoteAddr: 127.0.0.1:60131, Name: IpConnection_5, Driver: GameNetDriver IpNetDriver_4, IsServer: YES, PC: NULL, Owner: NULL
[2020.09.17-15.11.58:423][539]LogNet: UPendingNetGame::SendInitialJoin: Sending hello. [UNetConnection] RemoteAddr: 127.0.0.1:17777, Name: IpConnection_4, Driver: PendingNetDriver IpNetDriver_5, IsServer: NO, PC: NULL, Owner: NULL
[2020.09.17-15.11.58:440][540]LogNet: NotifyAcceptingChannel Control 0 server World /Game/ThirdPersonBP/Maps/UEDPIE_1_ThirdPersonExampleMap.ThirdPersonExampleMap: Accepted
[2020.09.17-15.11.58:440][540]LogNet: Remote platform little endian=1
[2020.09.17-15.11.58:440][540]LogNet: This platform little endian=1
[2020.09.17-15.11.58:479][541]LogNet: Login request: /Game/ThirdPersonBP/Maps/ThirdPersonExampleMap userId: Invalid
[2020.09.17-15.11.58:481][541]LogNet: Welcomed by server (Level: /Game/ThirdPersonBP/Maps/UEDPIE_1_ThirdPersonExampleMap, Game: /Game/Blueprints/BP_GameMode.BP_GameMode_C)
[2020.09.17-15.11.58:591][541]LogLoad: LoadMap: 127.0.0.1:17777//Game/ThirdPersonBP/Maps/UEDPIE_1_ThirdPersonExampleMap?game=/Game/Blueprints/BP_GameMode.BP_GameMode_C
[2020.09.17-15.11.58:653][541]LogAIModule: Creating AISystem for world ThirdPersonExampleMap
[2020.09.17-15.11.58:654][541]LogTemp: Display: ParseSettings for GameNetDriver
[2020.09.17-15.11.58:657][541]LogWorld: Bringing World /Game/ThirdPersonBP/Maps/UEDPIE_2_ThirdPersonExampleMap.ThirdPersonExampleMap up for play (max tick rate 0) at 2020.09.17-10.11.58
[2020.09.17-15.11.58:658][541]LogWorld: Bringing up level for play took: 0.002733
[2020.09.17-15.11.58:658][541]LogLoad: Took 0.066918 seconds to LoadMap(/Game/ThirdPersonBP/Maps/UEDPIE_1_ThirdPersonExampleMap)
[2020.09.17-15.11.58:674][542]LogNet: Client netspeed is 10000
[2020.09.17-15.11.58:674][542]LogNet: Join request: /Game/ThirdPersonBP/Maps/ThirdPersonExampleMap?SplitscreenCount=1
[2020.09.17-15.11.58:680][542]LogNet: Join succeeded: User261
[2020.09.17-15.11.58:683][542]UGameSparksModuleLog: WebSocket callback: {"@class": ".AuthenticatedConnectResponse","connectUrl": "wss://gsp-aeu000-se01.gamesparks.net/ws/device/293711ZXWjA9","requestId": "0"}
[2020.09.17-15.11.58:683][542]UGameSparksModuleLog: Received new connection url from gamesparks backend. Establishing new connection now.
[2020.09.17-15.11.58:683][542]UGameSparksModuleLog: Create new connection
[2020.09.17-15.11.58:684][542]UGameSparksModuleLog: Handle authentication connect response with immediate handshake
[2020.09.17-15.11.58:684][542]UGameSparksModuleLog: WebSocket closed
[2020.09.17-15.12.00:084][591]UGameSparksModuleLog: WebSocket callback: {"@class":".AuthenticatedConnectResponse","nonce":"73186122-e016-4ecb-93de-3c4ec825251b","requestId":"0"}
[2020.09.17-15.12.00:084][591]UGameSparksModuleLog: Handle authentication connect response with immediate handshake
[2020.09.17-15.12.00:086][591]UGameSparksModuleLog: Send immediate request: {
	"@class":	".AuthenticatedConnectRequest",
	"hmac":	"l7NAeMcqxaAy0eoEKeKexvGrIyDYlNswX9c4pXgF/bk=",
	"os":	"Windows",
	"platform":	"Windows",
	"deviceId":	"14fea1e1237c6fe24e8a9d0e6b27545d",
	"deviceStats":	{
		"cpu.cores":	"4",
		"cpu.vendor":	"Intel(R) Core(TM) i5-6200U CPU @ 2.30GHz",
		"engine":	"Unreal Engine",
		"engine.version":	"4.18.0",
		"manufacturer":	"Microsoft",
		"memory":	"8085 MB",
		"model":	"PC",
		"os.name":	"Windows",
		"os.version":	"10.0.18362.329",
		"os.version.major":	"10",
		"os.version.major.minor":	"10.0",
		"resolution":	"1366x768",
		"gssdk":	"1.1.18.0"
	},
	"authToken":	"49a1f10a-2552-4ede-a17a-f7dd1186a4b4",
	"sessionId":	"66a5af5b-748a-49d4-a889-fadb07b20ea4"
}
[2020.09.17-15.12.00:086][591]UGameSparksModuleLog: Handshake request sent
[2020.09.17-15.12.00:321][599]UGameSparksModuleLog: WebSocket callback: {"@class":".AuthenticatedConnectResponse","authToken":"18ad4679-7930-4504-a63b-526d4eadec57","requestId":"0","sessionId":"66a5af5b-748a-49d4-a889-fadb07b20ea4","userId":"5f62d7cd6dd3e1738bd4fba1"}
[2020.09.17-15.12.00:321][599]UGameSparksModuleLog: Received auth token
[2020.09.17-15.12.00:337][599]UGameSparksModuleLog: Handle authentication connect response with immediate handshake
[2020.09.17-15.12.00:339][599]UGameSparksModuleLog: Warning: GameSparks::GameSparksAvailable_Static
[2020.09.17-15.12.00:340][599]LogBlueprintUserMessages: [BP_GameMode_C_0] Server: Gamesparks available
[2020.09.17-15.12.06:681][714]UGameSparksModuleLog: Send immediate request: {
	"@class":	".AuthenticationRequest",
	"password":	"flk",
	"userName":	"flk",
	"requestId":	"1600355526_7"
}
[2020.09.17-15.12.06:878][717]UGameSparksModuleLog: WebSocket callback: {"@class":".AuthenticationResponse","authToken":"2ce5f91d-0329-42b5-88fd-410d33559d40","displayName":"flk","newPlayer":false,"requestId":"1600355526_7","userId":"5f62d7cd6dd3e1738bd4fba1"}
[2020.09.17-15.12.06:878][717]UGameSparksModuleLog: Received auth token
[2020.09.17-15.12.06:892][717]LogBlueprintUserMessages: [LoginUI_C_8] Server: Welcome back flk
[2020.09.17-15.12.06:893][717]PIE: Error: SetInputMode_GameOnly expects a valid player controller as target
[2020.09.17-15.12.11:056][782]UGameSparksModuleLog: Send immediate request: {
	"@class":	".AuthenticationRequest",
	"password":	"flk",
	"userName":	"flk",
	"requestId":	"1600355531_8"
}
[2020.09.17-15.12.11:252][785]UGameSparksModuleLog: WebSocket callback: {"@class":".AuthenticationResponse","authToken":"b302908e-1dab-4639-bab8-ca5f28087fd2","displayName":"flk","newPlayer":false,"requestId":"1600355531_8","userId":"5f62d7cd6dd3e1738bd4fba1"}
[2020.09.17-15.12.11:252][785]UGameSparksModuleLog: Received auth token
[2020.09.17-15.12.11:264][785]LogBlueprintUserMessages: [LoginUI_C_7] Server: Welcome back flk
[2020.09.17-15.12.11:264][785]PIE: Error: SetInputMode_GameOnly expects a valid player controller as target
[2020.09.17-15.12.58:468][604]LogBlueprintUserMessages: Early EndPlayMap Detection: Level '/Game/ThirdPersonBP/Maps/ThirdPersonExampleMap.ThirdPersonExampleMap:PersistentLevel' has LevelScriptBlueprint '/Game/ThirdPersonBP/Maps/ThirdPersonExampleMap.ThirdPersonExampleMap:PersistentLevel.ThirdPersonExampleMap' with GeneratedClass '/Game/ThirdPersonBP/Maps/ThirdPersonExampleMap.ThirdPersonExampleMap_C' with ClassGeneratedBy '/Game/ThirdPersonBP/Maps/ThirdPersonExampleMap.ThirdPersonExampleMap:PersistentLevel.ThirdPersonExampleMap'
[2020.09.17-15.12.58:593][604]UGameSparksModuleLog: Warning: GameSparks::Shutdown
[2020.09.17-15.12.58:593][604]UGameSparksModuleLog: Starting connection terminate
[2020.09.17-15.12.58:593][604]UGameSparksModuleLog: WebSocket closed
[2020.09.17-15.12.58:593][604]UGameSparksModuleLog: Connection terminated
[2020.09.17-15.12.58:593][604]UGameSparksModuleLog: Warning: GameSparks::GameSparksAvailable_Static
[2020.09.17-15.12.58:593][604]LogBlueprintUserMessages: [BP_GameMode_C_0] Server: Gamesparks unavailable
[2020.09.17-15.12.58:633][604]LogBlueprintUserMessages: Late EndPlayMap Detection: Level '/Game/ThirdPersonBP/Maps/ThirdPersonExampleMap.ThirdPersonExampleMap:PersistentLevel' has LevelScriptBlueprint '/Game/ThirdPersonBP/Maps/ThirdPersonExampleMap.ThirdPersonExampleMap:PersistentLevel.ThirdPersonExampleMap' with GeneratedClass '/Game/ThirdPersonBP/Maps/ThirdPersonExampleMap.ThirdPersonExampleMap_C' with ClassGeneratedBy '/Game/ThirdPersonBP/Maps/ThirdPersonExampleMap.ThirdPersonExampleMap:PersistentLevel.ThirdPersonExampleMap'
[2020.09.17-15.12.58:677][604]LogNet: UChannel::CleanUp: ChIndex == 0. Closing connection. [UChannel] ChIndex: 0, Closing: 0 [UNetConnection] RemoteAddr: 127.0.0.1:60131, Name: IpConnection_5, Driver: GameNetDriver None, IsServer: YES, PC: None, Owner: None
[2020.09.17-15.12.58:677][604]LogNet: UNetConnection::Close: [UNetConnection] RemoteAddr: 127.0.0.1:60131, Name: IpConnection_5, Driver: GameNetDriver None, IsServer: YES, PC: None, Owner: None, Channels: 2, Time: 2020.09.17-15.12.58
[2020.09.17-15.12.58:677][604]LogNet: UChannel::Close: Sending CloseBunch. ChIndex == 0. Name: [UChannel] ChIndex: 0, Closing: 0 [UNetConnection] RemoteAddr: 127.0.0.1:60131, Name: IpConnection_5, Driver: GameNetDriver None, IsServer: YES, PC: None, Owner: None
[2020.09.17-15.12.58:677][604]LogNet: UChannel::CleanUp: ChIndex == 0. Closing connection. [UChannel] ChIndex: 0, Closing: 0 [UNetConnection] RemoteAddr: 127.0.0.1:17777, Name: IpConnection_4, Driver: GameNetDriver IpNetDriver_5, IsServer: NO, PC: None, Owner: None
[2020.09.17-15.12.58:678][604]LogNet: UNetConnection::Close: [UNetConnection] RemoteAddr: 127.0.0.1:17777, Name: IpConnection_4, Driver: GameNetDriver IpNetDriver_5, IsServer: NO, PC: None, Owner: None, Channels: 2, Time: 2020.09.17-15.12.58
[2020.09.17-15.12.58:678][604]LogNet: UChannel::Close: Sending CloseBunch. ChIndex == 0. Name: [UChannel] ChIndex: 0, Closing: 0 [UNetConnection] RemoteAddr: 127.0.0.1:17777, Name: IpConnection_4, Driver: GameNetDriver IpNetDriver_5, IsServer: NO, PC: None, Owner: None
[2020.09.17-15.12.58:685][604]LogExit: GameNetDriver None shut down
[2020.09.17-15.12.58:685][604]LogExit: GameNetDriver None shut down
[2020.09.17-15.13.22:732][734]LogSavePackage: Save=249.03ms
[2020.09.17-15.13.22:732][734]LogSavePackage: Moving '../../../../../../Tareas/Trabajos/noveno/plan v/MuseoVirtualUdeM/Saved/ThirdPersonExampleMap62AE332B49767D21BC4793A60295D0C3.tmp' to '../../../../../../Tareas/Trabajos/noveno/plan v/MuseoVirtualUdeM/Content/ThirdPersonBP/Maps/ThirdPersonExampleMap.umap'
[2020.09.17-15.13.22:740][734]LogSavePackage: Display: Finished SavePackage ../../../../../../Tareas/Trabajos/noveno/plan v/MuseoVirtualUdeM/Content/ThirdPersonBP/Maps/ThirdPersonExampleMap.umap
[2020.09.17-15.13.22:813][734]LogFileHelpers: Saving map 'ThirdPersonExampleMap' took 0.612
