Log file open, 09/17/20 20:10:32
LogWindows: Failed to load 'aqProf.dll' (GetLastError=126)
LogWindows: File 'aqProf.dll' does not exist
LogWindows: Failed to load 'VtuneApi.dll' (GetLastError=126)
LogWindows: File 'VtuneApi.dll' does not exist
LogWindows: Failed to load 'VtuneApi32e.dll' (GetLastError=126)
LogWindows: File 'VtuneApi32e.dll' does not exist
LogInit: Display: Running engine for game: MuseoVirtualUdem
LogPlatformFile: Not using cached read wrapper
LogInit: Display: RandInit(1257421527) SRandInit(1257421528).
LogInit: Read version file with build ID '3709383'
LogInit: Overriding engine version to CL 3832480, compatible CL 3709383
LogInit: Registered custom module enumerator with build ID '3709383'
LogTaskGraph: Started task graph with 5 named threads and 14 total threads with 3 sets of task threads.
LogStats: Stats thread started at 0.765655
LogD3D11RHI: Aftermath initialized
LogModuleManager: Display: Found up-to-date module file ../../../Engine/Plugins/Marketplace/GameSparks/Binaries/Win64/UE4Editor-GameSparks.dll (API version 3709383).
LogModuleManager: Display: Found up-to-date module file ../../../Engine/Plugins/Marketplace/GameSparks/Binaries/Win64/UE4Editor-OnlineSubsystemGameSparks.dll (API version 3709383).
LogModuleManager: Display: Found up-to-date module file ../../../Engine/Plugins/Online/OnlineSubsystem/Binaries/Win64/UE4Editor-OnlineSubsystem.dll (API version 3709383).
LogModuleManager: Display: Found up-to-date module file ../../../Engine/Plugins/Online/OnlineSubsystemUtils/Binaries/Win64/UE4Editor-OnlineSubsystemUtils.dll (API version 3709383).
LogModuleManager: Display: Found up-to-date module file ../../../Engine/Plugins/Online/OnlineSubsystemUtils/Binaries/Win64/UE4Editor-OnlineBlueprintSupport.dll (API version 3709383).
LogModuleManager: Display: Found up-to-date module file ../../../Engine/Plugins/2D/Paper2D/Binaries/Win64/UE4Editor-Paper2D.dll (API version 3709383).
LogModuleManager: Display: Found up-to-date module file ../../../Engine/Plugins/2D/Paper2D/Binaries/Win64/UE4Editor-Paper2DEditor.dll (API version 3709383).
LogModuleManager: Display: Found up-to-date module file ../../../Engine/Plugins/2D/Paper2D/Binaries/Win64/UE4Editor-PaperSpriteSheetImporter.dll (API version 3709383).
LogModuleManager: Display: Found up-to-date module file ../../../Engine/Plugins/2D/Paper2D/Binaries/Win64/UE4Editor-PaperTiledImporter.dll (API version 3709383).
LogModuleManager: Display: Found up-to-date module file ../../../Engine/Plugins/2D/Paper2D/Binaries/Win64/UE4Editor-SmartSnapping.dll (API version 3709383).
LogModuleManager: Display: Found up-to-date module file ../../../Engine/Plugins/Blendables/LightPropagationVolume/Binaries/Win64/UE4Editor-LightPropagationVolumeRuntime.dll (API version 3709383).
LogModuleManager: Display: Found up-to-date module file ../../../Engine/Plugins/Blendables/LightPropagationVolume/Binaries/Win64/UE4Editor-LightPropagationVolumeEditor.dll (API version 3709383).
LogModuleManager: Display: Found up-to-date module file ../../../Engine/Plugins/Developer/GitSourceControl/Binaries/Win64/UE4Editor-GitSourceControl.dll (API version 3709383).
LogModuleManager: Display: Found up-to-date module file ../../../Engine/Plugins/Developer/PerforceSourceControl/Binaries/Win64/UE4Editor-PerforceSourceControl.dll (API version 3709383).
LogModuleManager: Display: Found up-to-date module file ../../../Engine/Plugins/Developer/SubversionSourceControl/Binaries/Win64/UE4Editor-SubversionSourceControl.dll (API version 3709383).
LogModuleManager: Display: Found up-to-date module file ../../../Engine/Plugins/Developer/UObjectPlugin/Binaries/Win64/UE4Editor-UObjectPlugin.dll (API version 3709383).
LogModuleManager: Display: Found up-to-date module file ../../../Engine/Plugins/Developer/VisualStudioCodeSourceCodeAccess/Binaries/Win64/UE4Editor-VisualStudioCodeSourceCodeAccess.dll (API version 3709383).
LogModuleManager: Display: Found up-to-date module file ../../../Engine/Plugins/Developer/VisualStudioSourceCodeAccess/Binaries/Win64/UE4Editor-VisualStudioSourceCodeAccess.dll (API version 3709383).
LogModuleManager: Display: Found up-to-date module file ../../../Engine/Plugins/Editor/AssetManagerEditor/Binaries/Win64/UE4Editor-AssetManagerEditor.dll (API version 3709383).
LogModuleManager: Display: Found up-to-date module file ../../../Engine/Plugins/Editor/AudioCapture/Binaries/Win64/UE4Editor-AudioCapture.dll (API version 3709383).
LogModuleManager: Display: Found up-to-date module file ../../../Engine/Plugins/Editor/FacialAnimation/Binaries/Win64/UE4Editor-FacialAnimation.dll (API version 3709383).
LogModuleManager: Display: Found up-to-date module file ../../../Engine/Plugins/Editor/FacialAnimation/Binaries/Win64/UE4Editor-FacialAnimationEditor.dll (API version 3709383).
LogModuleManager: Display: Found up-to-date module file ../../../Engine/Plugins/Editor/GameplayTagsEditor/Binaries/Win64/UE4Editor-GameplayTagsEditor.dll (API version 3709383).
LogModuleManager: Display: Found up-to-date module file ../../../Engine/Plugins/Editor/MobileLauncherProfileWizard/Binaries/Win64/UE4Editor-MobileLauncherProfileWizard.dll (API version 3709383).
LogModuleManager: Display: Found up-to-date module file ../../../Engine/Plugins/Editor/PluginBrowser/Binaries/Win64/UE4Editor-PluginBrowser.dll (API version 3709383).
LogModuleManager: Display: Found up-to-date module file ../../../Engine/Plugins/Editor/SpeedTreeImporter/Binaries/Win64/UE4Editor-SpeedTreeImporter.dll (API version 3709383).
LogModuleManager: Display: Found up-to-date module file ../../../Engine/Plugins/Experimental/AlembicImporter/Binaries/Win64/UE4Editor-AlembicImporter.dll (API version 3709383).
LogModuleManager: Display: Found up-to-date module file ../../../Engine/Plugins/Experimental/AlembicImporter/Binaries/Win64/UE4Editor-AlembicLibrary.dll (API version 3709383).
LogModuleManager: Display: Found up-to-date module file ../../../Engine/Plugins/Experimental/CharacterAI/Binaries/Win64/UE4Editor-CharacterAI.dll (API version 3709383).
LogModuleManager: Display: Found up-to-date module file ../../../Engine/Plugins/Experimental/HTML5Networking/Binaries/Win64/UE4Editor-HTML5Networking.dll (API version 3709383).
LogModuleManager: Display: Found up-to-date module file ../../../Engine/Plugins/Media/AndroidMedia/Binaries/Win64/UE4Editor-AndroidMediaEditor.dll (API version 3709383).
LogModuleManager: Display: Found up-to-date module file ../../../Engine/Plugins/Media/AndroidMedia/Binaries/Win64/UE4Editor-AndroidMediaFactory.dll (API version 3709383).
LogModuleManager: Display: Found up-to-date module file ../../../Engine/Plugins/Media/AvfMedia/Binaries/Win64/UE4Editor-AvfMediaEditor.dll (API version 3709383).
LogModuleManager: Display: Found up-to-date module file ../../../Engine/Plugins/Media/AvfMedia/Binaries/Win64/UE4Editor-AvfMediaFactory.dll (API version 3709383).
LogModuleManager: Display: Found up-to-date module file ../../../Engine/Plugins/Media/AvfMedia/Binaries/Win64/UE4Editor-AvfMediaFactory.dll (API version 3709383).
LogModuleManager: Display: Found up-to-date module file ../../../Engine/Plugins/Media/ImgMedia/Binaries/Win64/UE4Editor-ImgMedia.dll (API version 3709383).
LogModuleManager: Display: Found up-to-date module file ../../../Engine/Plugins/Media/ImgMedia/Binaries/Win64/UE4Editor-ImgMediaEditor.dll (API version 3709383).
LogModuleManager: Display: Found up-to-date module file ../../../Engine/Plugins/Media/ImgMedia/Binaries/Win64/UE4Editor-ImgMediaFactory.dll (API version 3709383).
LogModuleManager: Display: Found up-to-date module file ../../../Engine/Plugins/Media/ImgMedia/Binaries/Win64/UE4Editor-ImgMediaFactory.dll (API version 3709383).
LogModuleManager: Display: Found up-to-date module file ../../../Engine/Plugins/Media/ImgMedia/Binaries/Win64/UE4Editor-OpenExrWrapper.dll (API version 3709383).
LogModuleManager: Display: Found up-to-date module file ../../../Engine/Plugins/Media/MediaCompositing/Binaries/Win64/UE4Editor-MediaCompositing.dll (API version 3709383).
LogModuleManager: Display: Found up-to-date module file ../../../Engine/Plugins/Media/MediaCompositing/Binaries/Win64/UE4Editor-MediaCompositingEditor.dll (API version 3709383).
LogModuleManager: Display: Found up-to-date module file ../../../Engine/Plugins/Media/MediaPlayerEditor/Binaries/Win64/UE4Editor-MediaPlayerEditor.dll (API version 3709383).
LogModuleManager: Display: Found up-to-date module file ../../../Engine/Plugins/Media/WmfMedia/Binaries/Win64/UE4Editor-WmfMedia.dll (API version 3709383).
LogModuleManager: Display: Found up-to-date module file ../../../Engine/Plugins/Media/WmfMedia/Binaries/Win64/UE4Editor-WmfMediaEditor.dll (API version 3709383).
LogModuleManager: Display: Found up-to-date module file ../../../Engine/Plugins/Media/WmfMedia/Binaries/Win64/UE4Editor-WmfMediaFactory.dll (API version 3709383).
LogModuleManager: Display: Found up-to-date module file ../../../Engine/Plugins/Media/WmfMedia/Binaries/Win64/UE4Editor-WmfMediaFactory.dll (API version 3709383).
LogModuleManager: Display: Found up-to-date module file ../../../Engine/Plugins/Messaging/TcpMessaging/Binaries/Win64/UE4Editor-TcpMessaging.dll (API version 3709383).
LogModuleManager: Display: Found up-to-date module file ../../../Engine/Plugins/Messaging/UdpMessaging/Binaries/Win64/UE4Editor-UdpMessaging.dll (API version 3709383).
LogModuleManager: Display: Found up-to-date module file ../../../Engine/Plugins/MovieScene/ActorSequence/Binaries/Win64/UE4Editor-ActorSequence.dll (API version 3709383).
LogModuleManager: Display: Found up-to-date module file ../../../Engine/Plugins/MovieScene/LevelSequenceEditor/Binaries/Win64/UE4Editor-LevelSequenceEditor.dll (API version 3709383).
LogModuleManager: Display: Found up-to-date module file ../../../Engine/Plugins/MovieScene/MatineeToLevelSequence/Binaries/Win64/UE4Editor-MatineeToLevelSequence.dll (API version 3709383).
LogModuleManager: Display: Found up-to-date module file ../../../Engine/Plugins/Runtime/AndroidPermission/Binaries/Win64/UE4Editor-AndroidPermission.dll (API version 3709383).
LogModuleManager: Display: Found up-to-date module file ../../../Engine/Plugins/Online/OnlineSubsystemNull/Binaries/Win64/UE4Editor-OnlineSubsystemNull.dll (API version 3709383).
LogModuleManager: Display: Found up-to-date module file ../../../Engine/Plugins/Runtime/AndroidDeviceProfileSelector/Binaries/Win64/UE4Editor-AndroidDeviceProfileSelector.dll (API version 3709383).
LogModuleManager: Display: Found up-to-date module file ../../../Engine/Plugins/Runtime/AppleARKit/Binaries/Win64/UE4Editor-AppleARKit.dll (API version 3709383).
LogModuleManager: Display: Found up-to-date module file ../../../Engine/Plugins/Runtime/ArchVisCharacter/Binaries/Win64/UE4Editor-ArchVisCharacter.dll (API version 3709383).
LogModuleManager: Display: Found up-to-date module file ../../../Engine/Plugins/Runtime/CableComponent/Binaries/Win64/UE4Editor-CableComponent.dll (API version 3709383).
LogModuleManager: Display: Found up-to-date module file ../../../Engine/Plugins/Runtime/CustomMeshComponent/Binaries/Win64/UE4Editor-CustomMeshComponent.dll (API version 3709383).
LogModuleManager: Display: Found up-to-date module file ../../../Engine/Plugins/Runtime/ExampleDeviceProfileSelector/Binaries/Win64/UE4Editor-ExampleDeviceProfileSelector.dll (API version 3709383).
LogModuleManager: Display: Found up-to-date module file ../../../Engine/Plugins/Runtime/ImmediatePhysics/Binaries/Win64/UE4Editor-ImmediatePhysics.dll (API version 3709383).
LogModuleManager: Display: Found up-to-date module file ../../../Engine/Plugins/Runtime/ImmediatePhysics/Binaries/Win64/UE4Editor-ImmediatePhysicsEditor.dll (API version 3709383).
LogModuleManager: Display: Found up-to-date module file ../../../Engine/Plugins/Runtime/LocationServicesBPLibrary/Binaries/Win64/UE4Editor-LocationServicesBPLibrary.dll (API version 3709383).
LogModuleManager: Display: Found up-to-date module file ../../../Engine/Plugins/Runtime/MobilePatchingUtils/Binaries/Win64/UE4Editor-MobilePatchingUtils.dll (API version 3709383).
LogModuleManager: Display: Found up-to-date module file ../../../Engine/Plugins/Runtime/Oculus/OculusVR/Binaries/Win64/UE4Editor-OculusHMD.dll (API version 3709383).
LogModuleManager: Display: Found up-to-date module file ../../../Engine/Plugins/Runtime/Oculus/OculusVR/Binaries/Win64/UE4Editor-OculusInput.dll (API version 3709383).
LogModuleManager: Display: Found up-to-date module file ../../../Engine/Plugins/Runtime/Oculus/OculusVR/Binaries/Win64/UE4Editor-OculusEditor.dll (API version 3709383).
LogModuleManager: Display: Found up-to-date module file ../../../Engine/Plugins/Runtime/PhysXVehicles/Binaries/Win64/UE4Editor-PhysXVehicles.dll (API version 3709383).
LogModuleManager: Display: Found up-to-date module file ../../../Engine/Plugins/Runtime/PhysXVehicles/Binaries/Win64/UE4Editor-PhysXVehiclesEditor.dll (API version 3709383).
LogModuleManager: Display: Found up-to-date module file ../../../Engine/Plugins/Runtime/ProceduralMeshComponent/Binaries/Win64/UE4Editor-ProceduralMeshComponent.dll (API version 3709383).
LogModuleManager: Display: Found up-to-date module file ../../../Engine/Plugins/Runtime/ProceduralMeshComponent/Binaries/Win64/UE4Editor-ProceduralMeshComponentEditor.dll (API version 3709383).
LogModuleManager: Display: Found up-to-date module file ../../../Engine/Plugins/Runtime/RuntimePhysXCooking/Binaries/Win64/UE4Editor-RuntimePhysXCooking.dll (API version 3709383).
LogModuleManager: Display: Found up-to-date module file ../../../Engine/Plugins/Runtime/Steam/SteamVR/Binaries/Win64/UE4Editor-SteamVR.dll (API version 3709383).
LogModuleManager: Display: Found up-to-date module file ../../../Engine/Plugins/Runtime/Steam/SteamVR/Binaries/Win64/UE4Editor-SteamVRController.dll (API version 3709383).
LogModuleManager: Display: Found up-to-date module file ../../../Engine/Plugins/Runtime/WindowsMoviePlayer/Binaries/Win64/UE4Editor-WindowsMoviePlayer.dll (API version 3709383).
LogPluginManager: Mounting plugin Paper2D
LogPluginManager: Mounting plugin LightPropagationVolume
LogPluginManager: Mounting plugin CodeLiteSourceCodeAccess
LogPluginManager: Mounting plugin GitSourceControl
LogPluginManager: Mounting plugin KDevelopSourceCodeAccess
LogPluginManager: Mounting plugin NullSourceCodeAccess
LogPluginManager: Mounting plugin PerforceSourceControl
LogPluginManager: Mounting plugin SubversionSourceControl
LogPluginManager: Mounting plugin UObjectPlugin
LogPluginManager: Mounting plugin VisualStudioCodeSourceCodeAccess
LogPluginManager: Mounting plugin VisualStudioSourceCodeAccess
LogPluginManager: Mounting plugin XCodeSourceCodeAccess
LogPluginManager: Mounting plugin AssetManagerEditor
LogPluginManager: Mounting plugin AudioCapture
LogPluginManager: Mounting plugin FacialAnimation
LogPluginManager: Mounting plugin GameplayTagsEditor
LogPluginManager: Mounting plugin MobileLauncherProfileWizard
LogPluginManager: Mounting plugin PluginBrowser
LogPluginManager: Mounting plugin SpeedTreeImporter
LogPluginManager: Mounting plugin AlembicImporter
LogPluginManager: Mounting plugin CharacterAI
LogPluginManager: Mounting plugin HTML5Networking
LogPluginManager: Mounting plugin GameSparks
LogPluginManager: Mounting plugin AndroidMedia
LogPluginManager: Mounting plugin AvfMedia
LogPluginManager: Mounting plugin ImgMedia
LogPluginManager: Mounting plugin MediaCompositing
LogPluginManager: Mounting plugin MediaPlayerEditor
LogPluginManager: Mounting plugin WmfMedia
LogPluginManager: Mounting plugin TcpMessaging
LogPluginManager: Mounting plugin UdpMessaging
LogPluginManager: Mounting plugin ActorSequence
LogPluginManager: Mounting plugin LevelSequenceEditor
LogPluginManager: Mounting plugin MatineeToLevelSequence
LogPluginManager: Mounting plugin OnlineSubsystemGooglePlay
LogPluginManager: Mounting plugin OnlineSubsystemIOS
LogPluginManager: Mounting plugin OnlineSubsystem
LogPluginManager: Mounting plugin OnlineSubsystemNull
LogPluginManager: Mounting plugin OnlineSubsystemUtils
LogPluginManager: Mounting plugin AndroidDeviceProfileSelector
LogPluginManager: Mounting plugin AndroidMoviePlayer
LogPluginManager: Mounting plugin AndroidPermission
LogPluginManager: Mounting plugin AppleARKit
LogPluginManager: Mounting plugin AppleMoviePlayer
LogPluginManager: Mounting plugin ArchVisCharacter
LogPluginManager: Mounting plugin CableComponent
LogPluginManager: Mounting plugin CustomMeshComponent
LogPluginManager: Mounting plugin ExampleDeviceProfileSelector
LogPluginManager: Mounting plugin GoogleCloudMessaging
LogPluginManager: Mounting plugin ImmediatePhysics
LogPluginManager: Mounting plugin IOSDeviceProfileSelector
LogPluginManager: Mounting plugin LinuxDeviceProfileSelector
LogPluginManager: Mounting plugin LocationServicesBPLibrary
LogPluginManager: Mounting plugin MobilePatchingUtils
LogPluginManager: Mounting plugin OculusVR
LogPluginManager: Plugin shader directory ../../../Engine/Plugins/Runtime/Oculus/OculusVR/Shaders found
LogPluginManager: Mapping shader source directory ../../../Engine/Plugins/Runtime/Oculus/OculusVR/Shaders to virtual directory /Plugin/OculusVR
LogPluginManager: Mounting plugin PhysXVehicles
LogPluginManager: Mounting plugin ProceduralMeshComponent
LogPluginManager: Mounting plugin RuntimePhysXCooking
LogPluginManager: Mounting plugin SteamVR
LogPluginManager: Mounting plugin WindowsMoviePlayer
LogInit: Using libcurl 7.47.1
LogInit:  - built for x86_64-pc-win32
LogInit:  - supports SSL with OpenSSL/1.0.2g
LogInit:  - supports HTTP deflate (compression) using libz 1.2.8
LogInit:  - other features:
LogInit:      CURL_VERSION_SSL
LogInit:      CURL_VERSION_LIBZ
LogInit:      CURL_VERSION_IPV6
LogInit:      CURL_VERSION_ASYNCHDNS
LogInit:      CURL_VERSION_LARGEFILE
LogInit:      CURL_VERSION_IDN
LogInit:  CurlRequestOptions (configurable via config and command line):
LogInit:  - bVerifyPeer = false  - Libcurl will NOT verify peer certificate
LogInit:  - bUseHttpProxy = false  - Libcurl will NOT use HTTP proxy
LogInit:  - bDontReuseConnections = false  - Libcurl will reuse connections
LogInit:  - CertBundlePath = nullptr  - Libcurl will use whatever was configured at build time.
LogInit: Build: ++UE4+Release-4.18-CL-3832480
LogInit: Engine Version: 4.18.3-3832480+++UE4+Release-4.18
LogInit: Compatible Engine Version: 4.18.0-3709383+++UE4+Release-4.18
LogInit: Net CL: 3709383
LogDevObjectVersion: Number of dev versions registered: 16
LogDevObjectVersion:   Dev-Blueprints (B0D832E4-1F89-4F0D-ACCF-7EB736FD4AA2): 10
LogDevObjectVersion:   Dev-Build (E1C64328-A22C-4D53-A36C-8E866417BD8C): 0
LogDevObjectVersion:   Dev-Core (375EC13C-06E4-48FB-B500-84F0262A717E): 2
LogDevObjectVersion:   Dev-Editor (E4B068ED-F494-42E9-A231-DA0B2E46BB41): 20
LogDevObjectVersion:   Dev-Framework (CFFC743F-43B0-4480-9391-14DF171D2073): 30
LogDevObjectVersion:   Dev-Mobile (B02B49B5-BB20-44E9-A304-32B752E40360): 0
LogDevObjectVersion:   Dev-Networking (A4E4105C-59A1-49B5-A7C5-40C4547EDFEE): 0
LogDevObjectVersion:   Dev-Online (39C831C9-5AE6-47DC-9A44-9C173E1C8E7C): 0
LogDevObjectVersion:   Dev-Physics (78F01B33-EBEA-4F98-B9B4-84EACCB95AA2): 0
LogDevObjectVersion:   Dev-Platform (6631380F-2D4D-43E0-8009-CF276956A95A): 0
LogDevObjectVersion:   Dev-Rendering (12F88B9F-8875-4AFC-A67C-D90C383ABD29): 20
LogDevObjectVersion:   Dev-Sequencer (7B5AE74C-D270-4C10-A958-57980B212A5A): 4
LogDevObjectVersion:   Dev-VR (D7296918-1DD6-4BDD-9DE2-64A83CC13884): 0
LogDevObjectVersion:   Dev-LoadTimes (C2A15278-BFE7-4AFE-6C17-90FF531DF755): 1
LogDevObjectVersion:   Private-Geometry (6EACA3D4-40EC-4CC1-B786-8BED09428FC5): 1
LogDevObjectVersion:   Dev-AnimPhys (29E575DD-E0A3-4627-9D10-D276232CDCEA): 12
LogInit: Compiled (64-bit): Jan 12 2018 02:04:55
LogInit: Compiled with Visual C++: 19.00.24215.01
LogInit: Build Configuration: Development
LogInit: Branch Name: ++UE4+Release-4.18
LogInit: Command line: 
LogInit: Base directory: C:/Program Files/Epic Games/UE_4.18/Engine/Binaries/Win64/
LogInit: Installed Engine Build: 1
LogInit: Presizing for max 8388607 objects, including 0 objects not considered by GC, pre-allocating 0 bytes for permanent pool.
LogInit: Object subsystem initialized
[2020.09.18-01.10.42:997][  0]LogInit: Selected Device Profile: [Windows]
[2020.09.18-01.10.42:998][  0]LogInit: Applying CVar settings loaded from the selected device profile: [Windows]
[2020.09.18-01.10.43:036][  0]LogInit: Computer: DESKTOP-IJ1U86O
[2020.09.18-01.10.43:036][  0]LogInit: User: DANIELFS
[2020.09.18-01.10.43:036][  0]LogInit: CPU Page size=4096, Cores=4
[2020.09.18-01.10.43:036][  0]LogInit: High frequency timer resolution =10.000000 MHz
[2020.09.18-01.10.43:037][  0]LogMemory: Memory total: Physical=6.9GB (7GB approx)
[2020.09.18-01.10.43:037][  0]LogMemory: Platform Memory Stats for Windows
[2020.09.18-01.10.43:037][  0]LogMemory: Process Physical Memory: 273.06 MB used, 273.06 MB peak
[2020.09.18-01.10.43:037][  0]LogMemory: Process Virtual Memory: 270.68 MB used, 270.68 MB peak
[2020.09.18-01.10.43:037][  0]LogMemory: Physical Memory: 3932.86 MB used,  3165.68 MB free, 7098.54 MB total
[2020.09.18-01.10.43:037][  0]LogMemory: Virtual Memory: 4749.62 MB used,  3165.68 MB free, 134217728.00 MB total
[2020.09.18-01.10.44:290][  0]LogInit: Overriding language with editor language configuration option (en).
[2020.09.18-01.10.44:290][  0]LogInit: Overriding locale with editor locale configuration option (en).
[2020.09.18-01.10.45:672][  0]LogInit: Setting process to per monitor DPI aware
[2020.09.18-01.10.46:922][  0]LogD3D11RHI: D3D11 adapters:
[2020.09.18-01.10.47:007][  0]LogD3D11RHI:    0. 'AMD Radeon(TM) R7 Graphics' (Feature Level 11_0)
[2020.09.18-01.10.47:007][  0]LogD3D11RHI:       1004/0/3549 MB DedicatedVideo/DedicatedSystem/SharedSystem, Outputs:1, VendorId:0x1002
[2020.09.18-01.10.47:014][  0]LogD3D11RHI:    1. 'Microsoft Basic Render Driver' (Feature Level 11_0)
[2020.09.18-01.10.47:014][  0]LogD3D11RHI:       0/0/3549 MB DedicatedVideo/DedicatedSystem/SharedSystem, Outputs:0, VendorId:0x1414
[2020.09.18-01.10.47:014][  0]LogD3D11RHI: Chosen D3D11 Adapter: 0
[2020.09.18-01.10.47:033][  0]LogD3D11RHI: Creating new Direct3DDevice
[2020.09.18-01.10.47:033][  0]LogD3D11RHI:     GPU DeviceId: 0x1309 (for the marketing name, search the web for "GPU Device Id")
[2020.09.18-01.10.47:033][  0]LogWindows: EnumDisplayDevices:
[2020.09.18-01.10.47:034][  0]LogWindows:    0. 'AMD Radeon(TM) R7 Graphics' (P:1 D:1)
[2020.09.18-01.10.47:035][  0]LogWindows:    1. 'AMD Radeon(TM) R7 Graphics' (P:0 D:0)
[2020.09.18-01.10.47:035][  0]LogWindows:    2. 'AMD Radeon(TM) R7 Graphics' (P:0 D:0)
[2020.09.18-01.10.47:036][  0]LogWindows:    3. 'AMD Radeon(TM) R7 Graphics' (P:0 D:0)
[2020.09.18-01.10.47:037][  0]LogWindows:    4. 'AMD Radeon(TM) R7 Graphics' (P:0 D:0)
[2020.09.18-01.10.47:037][  0]LogWindows:    5. 'AMD Radeon(TM) R7 Graphics' (P:0 D:0)
[2020.09.18-01.10.47:038][  0]LogWindows: DebugString: GetVideoDriverDetailsInvalid PrimaryIsNotTheChoosenAdapter GetVideoDriverDetailsInvalid PrimaryIsNotTheChoosenAdapter GetVideoDriverDetailsInvalid PrimaryIsNotTheChoosenAdapter GetVideoDriverDetailsInvalid PrimaryIsNotTheChoosenAdapter GetVideoDriverDetailsInvalid PrimaryIsNotTheChoosenAdapter GetVideoDriverDetailsInvalid PrimaryIsNotTheChoosenAdapter FoundDriverCount:0 
[2020.09.18-01.10.47:038][  0]LogD3D11RHI:     Adapter Name: AMD Radeon(TM) R7 Graphics
[2020.09.18-01.10.47:038][  0]LogD3D11RHI:   Driver Version: Unknown (internal:Unknown, unified:Unknown)
[2020.09.18-01.10.47:038][  0]LogD3D11RHI:      Driver Date: Unknown
[2020.09.18-01.10.47:038][  0]LogRHI: Texture pool is 703 MB (70% of 1004 MB)
[2020.09.18-01.10.47:185][  0]LogD3D11RHI: Async texture creation enabled
[2020.09.18-01.10.47:229][  0]LogD3D11RHI: GPU Timing Frequency: 27.000000 (Debug: 2 2)
[2020.09.18-01.10.47:233][  0]LogShaderCompilers: Guid format shader working directory is -18 characters bigger than the processId version (../../../../../../Users/DANIEL_FS/Documents/GitHub/MuseoVirtualUdeM/Intermediate/Shaders/WorkingDirectory/40924/).
[2020.09.18-01.10.47:234][  0]LogShaderCompilers: Cleaned the shader compiler working directory 'C:/Users/DANIEL_FS/AppData/Local/Temp/UnrealShaderWorkingDir/7FC76ABB4097BFBE99F2C18CF4CB3623/'.
[2020.09.18-01.10.47:234][  0]LogShaderCompilers: Display: Using Local Shader Compiler.
[2020.09.18-01.10.52:128][  0]LogTemp: Display: Loaded TP AllDesktopTargetPlatform
[2020.09.18-01.10.52:441][  0]LogTemp: Display: Loaded TP MacClientTargetPlatform
[2020.09.18-01.10.52:769][  0]LogTemp: Display: Loaded TP MacNoEditorTargetPlatform
[2020.09.18-01.10.53:078][  0]LogTemp: Display: Loaded TP MacServerTargetPlatform
[2020.09.18-01.10.53:411][  0]LogTemp: Display: Loaded TP MacTargetPlatform
[2020.09.18-01.10.53:719][  0]LogTemp: Display: Loaded TP WindowsClientTargetPlatform
[2020.09.18-01.10.54:014][  0]LogTemp: Display: Loaded TP WindowsNoEditorTargetPlatform
[2020.09.18-01.10.54:307][  0]LogTemp: Display: Loaded TP WindowsServerTargetPlatform
[2020.09.18-01.10.54:599][  0]LogTemp: Display: Loaded TP WindowsTargetPlatform
[2020.09.18-01.10.54:922][  0]LogTemp: Display: Loaded TP Android_ASTCTargetPlatform
[2020.09.18-01.10.55:264][  0]LogTemp: Display: Loaded TP Android_ATCTargetPlatform
[2020.09.18-01.10.55:610][  0]LogTemp: Display: Loaded TP Android_DXTTargetPlatform
[2020.09.18-01.10.55:959][  0]LogTemp: Display: Loaded TP Android_ETC1TargetPlatform
[2020.09.18-01.10.56:325][  0]LogTemp: Display: Loaded TP Android_ETC2TargetPlatform
[2020.09.18-01.10.56:994][  0]LogTemp: Display: Loaded TP Android_MultiTargetPlatform
[2020.09.18-01.10.56:995][  0]LogTemp: Display: Loaded TP Android_PVRTCTargetPlatform
[2020.09.18-01.10.57:335][  0]LogTemp: Display: Loaded TP AndroidTargetPlatform
[2020.09.18-01.10.57:601][  0]LogTemp: Display: Loaded TP HTML5TargetPlatform
[2020.09.18-01.10.58:072][  0]LogTemp: Display: Loaded TP IOSTargetPlatform
[2020.09.18-01.10.58:239][  0]LogTemp: Display: Loaded TP TVOSTargetPlatform
[2020.09.18-01.10.58:529][  0]LogTemp: Display: Loaded TP LinuxClientTargetPlatform
[2020.09.18-01.10.58:814][  0]LogTemp: Display: Loaded TP LinuxNoEditorTargetPlatform
[2020.09.18-01.10.59:116][  0]LogTemp: Display: Loaded TP LinuxServerTargetPlatform
[2020.09.18-01.10.59:418][  0]LogTemp: Display: Loaded TP LinuxTargetPlatform
[2020.09.18-01.10.59:419][  0]LogTargetPlatformManager: Display: Building Assets For Windows
[2020.09.18-01.11.02:776][  0]LogDerivedDataCache: Display: Max Cache Size: 512 MB
[2020.09.18-01.11.03:047][  0]LogDerivedDataCache: Loaded boot cache 0.27s 78MB C:/Users/DANIEL_FS/AppData/Local/UnrealEngine/4.18/DerivedDataCache/Boot.ddc.
[2020.09.18-01.11.03:047][  0]LogDerivedDataCache: Display: Loaded Boot cache: C:/Users/DANIEL_FS/AppData/Local/UnrealEngine/4.18/DerivedDataCache/Boot.ddc
[2020.09.18-01.11.03:048][  0]LogDerivedDataCache: FDerivedDataBackendGraph:  Pak pak cache file ../../../../../../Users/DANIEL_FS/Documents/GitHub/MuseoVirtualUdeM/DerivedDataCache/DDC.ddp not found, will not use a pak cache.
[2020.09.18-01.11.03:048][  0]LogDerivedDataCache: Unable to find inner node Pak for hierarchical cache Hierarchy.
[2020.09.18-01.11.03:048][  0]LogDerivedDataCache: FDerivedDataBackendGraph:  CompressedPak pak cache file ../../../../../../Users/DANIEL_FS/Documents/GitHub/MuseoVirtualUdeM/DerivedDataCache/Compressed.ddp not found, will not use a pak cache.
[2020.09.18-01.11.03:048][  0]LogDerivedDataCache: Unable to find inner node CompressedPak for hierarchical cache Hierarchy.
[2020.09.18-01.11.03:099][  0]LogDerivedDataCache: Display: Pak cache opened for reading ../../../Engine/DerivedDataCache/Compressed.ddp.
[2020.09.18-01.11.03:116][  0]LogDerivedDataCache: Using Local data cache path C:/Users/DANIEL_FS/AppData/Local/UnrealEngine/Common/DerivedDataCache: Writable
[2020.09.18-01.11.03:147][  0]LogMaterial: Verifying Global Shaders for PCD3D_SM5
[2020.09.18-01.11.03:149][  0]LogSlate: Using Freetype 2.6.0
[2020.09.18-01.11.03:151][  0]LogSlate: SlateFontCache - WITH_FREETYPE: 1, WITH_HARFBUZZ: 1
[2020.09.18-01.11.03:152][  0]LogSlate: SlateFontCache - WITH_FREETYPE: 1, WITH_HARFBUZZ: 1
[2020.09.18-01.11.04:524][  0]LogInit: Selected Device Profile: [Windows]
[2020.09.18-01.11.06:359][  0]LogSimplygon: Simplygon DLL not present - disabling.
[2020.09.18-01.11.06:615][  0]LogMeshReduction: Using SimplygonSwarm for distributed automatic mesh merging
[2020.09.18-01.11.06:615][  0]LogMeshReduction: Using QuadricMeshReduction for automatic static mesh reduction
[2020.09.18-01.11.06:615][  0]LogMeshReduction: No automatic skeletal mesh reduction module available
[2020.09.18-01.11.06:615][  0]LogMeshReduction: No automatic mesh merging module available
[2020.09.18-01.11.06:615][  0]LogMeshMerging: No automatic mesh merging module available
[2020.09.18-01.11.07:008][  0]LogNetVersion: MuseoVirtualUdem , NetCL: 3709383, EngineNetVer: 2, GameNetVer: 0 (Checksum: 2631075334)
[2020.09.18-01.11.08:099][  0]LogAssetRegistry: FAssetRegistry took 0.0385 seconds to start up
[2020.09.18-01.11.10:422][  0]LogPackageLocalizationCache: Processed 8 localized package path(s) for 1 prioritized culture(s) in 0.096207 seconds
[2020.09.18-01.11.10:435][  0]LogUObjectArray: 35870 objects as part of root set at end of initial load.
[2020.09.18-01.11.10:435][  0]LogUObjectAllocator: 7363696 out of 0 bytes used by permanent object pool.
[2020.09.18-01.11.10:435][  0]LogUObjectArray: CloseDisregardForGC: 0/0 objects in disregard for GC pool
[2020.09.18-01.11.10:835][  0]LogInit: WinSock: version 1.1 (2.2), MaxSocks=32767, MaxUdp=65467
[2020.09.18-01.11.28:776][  0]UGameSparksModuleLog: Warning: GameSparks::StartupModule
[2020.09.18-01.11.29:054][  0]LogTcpMessaging: Initializing TcpMessaging bridge
[2020.09.18-01.11.29:310][  0]LogUdpMessaging: Initializing bridge on interface 0.0.0.0:0 to multicast group 230.0.0.1:6666.
[2020.09.18-01.11.33:606][  0]LogMaterial: Uniform references updated for custom material expression Custom.
[2020.09.18-01.11.36:084][  0]SourceControl: Source control is disabled
[2020.09.18-01.11.36:084][  0]SourceControl: Source control is disabled
[2020.09.18-01.11.36:473][  0]SourceControl: Source control is disabled
[2020.09.18-01.11.36:842][  0]SourceControl: Source control is disabled
[2020.09.18-01.11.42:923][  0]LogAndroidPermission: UAndroidPermissionCallbackProxy::GetInstance
[2020.09.18-01.11.45:182][  0]LogOcInput: OculusInput pre-init called
[2020.09.18-01.11.47:329][  0]LogEngine: Initializing Engine...
[2020.09.18-01.11.47:342][  0]LogHMD: Failed to initialize OpenVR with code 110
[2020.09.18-01.11.48:234][  0]LogStats: UGameplayTagsManager::ConstructGameplayTagTree: Construct from data asset -  0.000 s
[2020.09.18-01.11.48:234][  0]LogStats: UGameplayTagsManager::ConstructGameplayTagTree: GameplayTagTreeChangedEvent.Broadcast -  0.000 s
[2020.09.18-01.11.49:155][  0]LogAIModule: Creating AISystem for world Untitled
[2020.09.18-01.11.49:193][  0]LogInit: XAudio2 using 'Altavoces (Conexant SmartAudio HD)' : 2 channels at 44.1 kHz using 32 bits per sample (channel mask 0x3)
[2020.09.18-01.11.49:301][  0]LogInit: FAudioDevice initialized.
[2020.09.18-01.11.49:512][  0]LogDerivedDataCache: Saved boot cache 0.21s 78MB C:/Users/DANIEL_FS/AppData/Local/UnrealEngine/4.18/DerivedDataCache/Boot.ddc.
[2020.09.18-01.11.49:562][  0]LogInit: Texture streaming: Enabled
[2020.09.18-01.11.50:277][  0]LogEngineSessionManager: EngineSessionManager initialized
[2020.09.18-01.11.51:094][  0]LogInit: Transaction tracking system initialized
[2020.09.18-01.11.53:666][  0]BlueprintLog: New page: Editor Load
[2020.09.18-01.12.01:863][  0]LocalizationService: Localization service is disabled
[2020.09.18-01.12.08:921][  0]LogConsoleResponse: Display: 
[2020.09.18-01.12.09:698][  0]LogCook: Display: Max memory allowance for cook 16384mb min free memory 0mb
[2020.09.18-01.12.09:698][  0]LogCook: Display: Mobile HDR setting 1
[2020.09.18-01.12.09:699][  0]LogGameplayTags: Display: UGameplayTagsManager::DoneAddingNativeTags. DelegateIsBound: 0
[2020.09.18-01.12.09:943][  0]LogFileCache: Scanning file cache for directory 'C:/Users/DANIEL_FS/Documents/GitHub/MuseoVirtualUdeM/Content/' took 0.04s
[2020.09.18-01.12.18:637][  0]SourceControl: Source control is disabled
[2020.09.18-01.12.18:638][  0]Cmd: MAP LOAD FILE="../../../../../../Users/DANIEL_FS/Documents/GitHub/MuseoVirtualUdeM/Content/Scenes/ThirdPersonExampleMap.umap" TEMPLATE=0 SHOWPROGRESS=1 FEATURELEVEL=3
[2020.09.18-01.12.18:639][  0]LightingResults: New page: Lighting Build
[2020.09.18-01.12.18:985][  0]MapCheck: New page: Map Check
[2020.09.18-01.12.18:985][  0]LightingResults: New page: Lighting Build
[2020.09.18-01.12.20:689][  0]LogTexture: Display: Building textures: HQ_Lightmap0_2 (AutoDXT, 128X128)
[2020.09.18-01.12.20:689][  0]LogTexture: Display: Building textures: HQ_Lightmap0_1 (AutoDXT, 1024X1024)
[2020.09.18-01.12.20:689][  0]LogTexture: Display: Building textures: HQ_Lightmap0_3 (AutoDXT, 64X64)
[2020.09.18-01.12.20:689][  0]LogTexture: Display: Building textures: LQ_Lightmap_0_1 (DXT1, 1024X1024)
[2020.09.18-01.12.21:553][  0]LogTexture: Display: Building textures: LQ_Lightmap_0_2 (DXT1, 128X128)
[2020.09.18-01.12.21:553][  0]LogTexture: Display: Building textures: LQ_Lightmap_0_3 (DXT1, 64X64)
[2020.09.18-01.12.21:553][  0]LogTexture: Display: Building textures: SkyOcclusion0_1 (AutoDXT, 1024X512)
[2020.09.18-01.12.21:554][  0]LogTexture: Display: Building textures: SkyOcclusion0_2 (AutoDXT, 128X64)
[2020.09.18-01.12.21:554][  0]LogTexture: Display: Building textures: SkyOcclusion0_3 (AutoDXT, 64X32)
[2020.09.18-01.12.22:008][  0]LogAIModule: Creating AISystem for world ThirdPersonExampleMap
[2020.09.18-01.12.22:044][  0]LogEditorServer: Finished looking for orphan Actors (0.000 secs)
[2020.09.18-01.12.22:102][  0]Cmd: MAP CHECKDEP NOCLEARLOG
[2020.09.18-01.12.22:364][  0]MapCheck: Map check complete: 0 Error(s), 0 Warning(s), took 261.362ms to complete.
[2020.09.18-01.12.22:364][  0]LogFileHelpers: Loading map 'ThirdPersonExampleMap' took 3.727
[2020.09.18-01.12.22:784][  0]LogCollectionManager: Loaded 0 collections in 0.010632 seconds
[2020.09.18-01.12.23:095][  0]LogFileCache: Scanning file cache for directory 'C:/Users/DANIEL_FS/Documents/GitHub/MuseoVirtualUdeM/Saved/Collections/' took 0.01s
[2020.09.18-01.12.23:095][  0]LogFileCache: Scanning file cache for directory 'C:/Users/DANIEL_FS/Documents/GitHub/MuseoVirtualUdeM/Content/Developers/DANIELFS/Collections/' took 0.01s
[2020.09.18-01.12.23:095][  0]LogFileCache: Scanning file cache for directory 'C:/Users/DANIEL_FS/Documents/GitHub/MuseoVirtualUdeM/Content/Collections/' took 0.02s
[2020.09.18-01.12.23:095][  0]LogCollectionManager: Rebuilt the GUID cache for 0 collections in 0.000001 seconds
[2020.09.18-01.12.23:125][  0]LogContentBrowser: Native class hierarchy populated in 0.0293 seconds. Added 2462 classes and 523 folders.
[2020.09.18-01.12.23:536][  0]LogContentBrowser: Native class hierarchy updated for 'WidgetCarousel' in 0.0016 seconds. Added 0 classes and 0 folders.
[2020.09.18-01.12.23:581][  0]LogContentBrowser: Native class hierarchy updated for 'AddContentDialog' in 0.0005 seconds. Added 0 classes and 0 folders.
[2020.09.18-01.12.23:874][  0]LogContentBrowser: Native class hierarchy updated for 'SceneOutliner' in 0.0006 seconds. Added 1 classes and 2 folders.
[2020.09.18-01.12.23:927][  0]LogSlate: Took 0.000688 seconds to synchronously load lazily loaded font '../../../Engine/Content/Slate/Fonts/Roboto-Regular.ttf' (155K)
[2020.09.18-01.12.23:933][  0]LogSlate: Took 0.000690 seconds to synchronously load lazily loaded font '../../../Engine/Content/Slate/Fonts/Roboto-Bold.ttf' (160K)
[2020.09.18-01.12.23:952][  0]LogSlate: Took 0.003605 seconds to synchronously load lazily loaded font '../../../Engine/Content/Editor/Slate/Fonts/FontAwesome.ttf' (139K)
[2020.09.18-01.12.24:257][  0]LogRenderer: Reallocating scene render targets to support 624x328 Format 10 NumSamples 1 (Frame:1).
[2020.09.18-01.12.25:175][  0]LogContentBrowser: Native class hierarchy updated for 'HierarchicalLODOutliner' in 0.0010 seconds. Added 1 classes and 2 folders.
[2020.09.18-01.12.25:176][  0]LogLoad: (Engine Initialization) Total time: 117.29 seconds
[2020.09.18-01.12.25:176][  0]LogLoad: (Engine Initialization) Total Blueprint compile time: 0.00 seconds
[2020.09.18-01.12.25:176][  0]LogExternalProfiler: Found external profiler: VSPerf
[2020.09.18-01.12.25:176][  0]LogExternalProfiler: Using external profiler: VSPerf
[2020.09.18-01.12.25:549][  0]LogContentStreaming: Texture pool size now 1000 MB
[2020.09.18-01.12.25:666][  0]LogSlate: Took 0.013150 seconds to synchronously load lazily loaded font '../../../Engine/Content/Slate/Fonts/Roboto-Light.ttf' (159K)
[2020.09.18-01.12.28:804][  8]LogAssetRegistry: Asset discovery search completed in 80.7282 seconds
[2020.09.18-01.12.28:815][  8]LogCollectionManager: Rebuilt the object cache for 0 collections in 0.000001 seconds (found 0 objects)
[2020.09.18-01.12.28:816][  8]LogCollectionManager: Fixed up redirectors for 0 collections in 0.000263 seconds (updated 0 objects)
[2020.09.18-01.12.34:815][261]LogEditorViewport: Clicking on Actor (LMB): StaticMeshActor (Floor)
[2020.09.18-01.13.11:247][685]LogSlate: Took 0.000492 seconds to synchronously load lazily loaded font '../../../Engine/Content/Slate/Fonts/Roboto-Light.ttf' (159K)
[2020.09.18-01.13.12:878][685]LogFbx: Warning: FBX version number for this version of the FBX SDK is 7.5.0


[2020.09.18-01.13.21:549][911]LogFactory: FactoryCreateFile: StaticMesh with FbxFactory (0 0 C:\Users\DANIEL_FS\Downloads\ThirdPersonExampleMap.fbx)
[2020.09.18-01.13.21:598][911]LogFbx: ItemName: GlobalSettings, ItemCount : 1
[2020.09.18-01.13.21:598][911]LogFbx: ItemName: AnimationStack, ItemCount : 1
[2020.09.18-01.13.21:598][911]LogFbx: ItemName: AnimationLayer, ItemCount : 1
[2020.09.18-01.13.21:598][911]LogFbx: ItemName: Model, ItemCount : 74
[2020.09.18-01.13.21:598][911]LogFbx: ItemName: Geometry, ItemCount : 5
[2020.09.18-01.13.21:598][911]LogFbx: ItemName: Material, ItemCount : 5
[2020.09.18-01.13.21:598][911]LogFbx: ItemName: NodeAttribute, ItemCount : 68
[2020.09.18-01.13.21:598][911]LogFbx: ItemName: Deformer, ItemCount : 69
[2020.09.18-01.13.21:598][911]LogFbx: ItemName: Pose, ItemCount : 1
[2020.09.18-01.13.21:615][911]LogFbx: Loading FBX Scene from C:\Users\DANIEL_FS\Downloads\ThirdPersonExampleMap.fbx
[2020.09.18-01.13.21:750][911]LogFbx: FBX Scene Loaded Succesfully
[2020.09.18-01.13.37:726][911]LogFbx: Loading FBX Scene from C:\Users\DANIEL_FS\Downloads\ThirdPersonExampleMap.fbx
[2020.09.18-01.13.37:843][911]LogFbx: FBX Scene Loaded Succesfully
[2020.09.18-01.13.37:850][911]LogLinker: Can't find file '/Game/Training/M_Basic_Floor'
[2020.09.18-01.13.37:851][911]LogLinker: Can't find file '/Game/Training/M_Basic_Floor'
[2020.09.18-01.13.38:218][911]LogMaterial: Missing cached shader map for material M_Basic_Floor, compiling. 
[2020.09.18-01.13.38:326][911]LogStaticMesh: Building static mesh ThirdPersonExampleMap_Floor_1...
[2020.09.18-01.13.38:340][911]LogStaticMesh: Built static mesh [0.02s] /Game/Training/ThirdPersonExampleMap_Floor_1.ThirdPersonExampleMap_Floor_1
[2020.09.18-01.13.38:351][911]LogLinker: Can't find file '/Game/Training/lambert1'
[2020.09.18-01.13.38:351][911]LogLinker: Can't find file '/Game/Training/lambert1'
[2020.09.18-01.13.38:384][911]LogMaterial: Missing cached shader map for material lambert1, compiling. 
[2020.09.18-01.13.38:443][911]LogFbx: Warning: Triangulating mesh UCX_V_20 for collision model
[2020.09.18-01.13.38:559][911]LogStaticMesh: Building static mesh ThirdPersonExampleMap_V_20...
[2020.09.18-01.13.39:169][911]LogStaticMesh: Built static mesh [0.61s] /Game/Training/ThirdPersonExampleMap_V_20.ThirdPersonExampleMap_V_20
[2020.09.18-01.13.39:242][911]LogStaticMesh: Warning: ThirdPersonExampleMap_V_20 has some nearly zero bi-normals which can create some issues. (Tolerance of 1E-4)
[2020.09.18-01.13.39:245][911]LogLinker: Can't find file '/Game/Training/WorldGridMaterial'
[2020.09.18-01.13.39:247][911]LogLinker: Can't find file '/Game/Training/WorldGridMaterial'
[2020.09.18-01.13.39:281][911]LogMaterial: Missing cached shader map for material WorldGridMaterial, compiling. 
[2020.09.18-01.13.39:351][911]LogStaticMesh: Building static mesh ThirdPersonExampleMap_M...
[2020.09.18-01.13.39:376][911]LogStaticMesh: Built static mesh [0.03s] /Game/Training/ThirdPersonExampleMap_M.ThirdPersonExampleMap_M
[2020.09.18-01.13.39:379][911]LogSlate: Took 0.000734 seconds to synchronously load lazily loaded font '../../../Engine/Content/Slate/Fonts/Roboto-Regular.ttf' (155K)
[2020.09.18-01.13.39:398][911]LogStaticMesh: Warning: ThirdPersonExampleMap_M has some nearly zero bi-normals which can create some issues. (Tolerance of 1E-4)
[2020.09.18-01.13.39:415][911]LogLinker: Can't find file '/Game/Training/M_UE4Man_Body'
[2020.09.18-01.13.39:416][911]LogLinker: Can't find file '/Game/Training/M_UE4Man_Body'
[2020.09.18-01.13.39:451][911]LogMaterial: Missing cached shader map for material M_UE4Man_Body, compiling. 
[2020.09.18-01.13.39:520][911]LogLinker: Can't find file '/Game/Training/M_UE4Man_ChestLogo'
[2020.09.18-01.13.39:521][911]LogLinker: Can't find file '/Game/Training/M_UE4Man_ChestLogo'
[2020.09.18-01.13.39:556][911]LogMaterial: Missing cached shader map for material M_UE4Man_ChestLogo, compiling. 
[2020.09.18-01.13.39:886][911]LogStaticMesh: Building static mesh ThirdPersonExampleMap_SkeletalMesh...
[2020.09.18-01.13.41:452][911]LogStaticMesh: Built static mesh [1.57s] /Game/Training/ThirdPersonExampleMap_SkeletalMesh.ThirdPersonExampleMap_SkeletalMesh
[2020.09.18-01.13.41:821][911]FBXImport: Warning: No smoothing group information was found in this FBX scene.  Please make sure to enable the 'Export Smoothing Groups' option in the FBX Exporter plug-in before exporting the file.  Even for tools that don't support smoothing groups, the FBX Exporter will generate appropriate smoothing data at export-time so that correct vertex normals can be inferred while importing. 
[2020.09.18-01.13.41:821][911]FBXImport: Warning: ThirdPersonExampleMap_V_20 has some nearly zero bi-normals which can create some issues. (Tolerance of 1E-4) 
[2020.09.18-01.13.41:822][911]FBXImport: Warning: ThirdPersonExampleMap_M has some nearly zero bi-normals which can create some issues. (Tolerance of 1E-4) 
[2020.09.18-01.13.50:432][104]LogActorFactory: Actor Factory created ThirdPersonExampleMap_Floor_1
[2020.09.18-01.13.52:258][170]LogActorFactory: Actor Factory created ThirdPersonExampleMap_Floor_1
[2020.09.18-01.13.52:905][193]LogActorFactory: Actor Factory created ThirdPersonExampleMap_Floor_1
[2020.09.18-01.14.00:826][495]LogEditorViewport: Clicking on Actor (LMB): StaticMeshActor (ThirdPersonExampleMap_Floor_1)
[2020.09.18-01.14.07:518][794]Cmd: DELETE
[2020.09.18-01.14.07:518][794]Cmd: ACTOR DELETE
[2020.09.18-01.14.07:523][794]LogEditorActor: Deleted Actor: StaticMeshActor
[2020.09.18-01.14.07:565][794]LogEditorActor: Deleted 1 Actors (0.047 secs)
[2020.09.18-01.14.21:341][987]LogActorFactory: Actor Factory created ThirdPersonExampleMap_M
[2020.09.18-01.14.22:399][ 36]LogActorFactory: Actor Factory created ThirdPersonExampleMap_M
[2020.09.18-01.14.26:319][212]LogActorFactory: Actor Factory created ThirdPersonExampleMap_M
[2020.09.18-01.14.27:400][257]LogActorFactory: Actor Factory created ThirdPersonExampleMap_M
[2020.09.18-01.14.28:176][289]LogActorFactory: Actor Factory created ThirdPersonExampleMap_M
[2020.09.18-01.14.38:305][744]Cmd: DELETE
[2020.09.18-01.14.38:305][744]Cmd: ACTOR DELETE
[2020.09.18-01.14.38:309][744]LogEditorActor: Deleted Actor: StaticMeshActor
[2020.09.18-01.14.38:352][744]LogEditorActor: Deleted 1 Actors (0.047 secs)
[2020.09.18-01.15.15:183][154]LogFactory: FactoryCreateFile: StaticMesh with FbxFactory (0 0 C:\Users\DANIEL_FS\Downloads\ThirdPersonExampleMap.fbx)
[2020.09.18-01.15.15:210][154]LogFbx: ItemName: GlobalSettings, ItemCount : 1
[2020.09.18-01.15.15:210][154]LogFbx: ItemName: AnimationStack, ItemCount : 1
[2020.09.18-01.15.15:210][154]LogFbx: ItemName: AnimationLayer, ItemCount : 1
[2020.09.18-01.15.15:210][154]LogFbx: ItemName: Model, ItemCount : 74
[2020.09.18-01.15.15:210][154]LogFbx: ItemName: Geometry, ItemCount : 5
[2020.09.18-01.15.15:210][154]LogFbx: ItemName: Material, ItemCount : 5
[2020.09.18-01.15.15:210][154]LogFbx: ItemName: NodeAttribute, ItemCount : 68
[2020.09.18-01.15.15:210][154]LogFbx: ItemName: Deformer, ItemCount : 69
[2020.09.18-01.15.15:210][154]LogFbx: ItemName: Pose, ItemCount : 1
[2020.09.18-01.15.15:223][154]LogFbx: Loading FBX Scene from C:\Users\DANIEL_FS\Downloads\ThirdPersonExampleMap.fbx
[2020.09.18-01.15.15:354][154]LogFbx: FBX Scene Loaded Succesfully
[2020.09.18-01.15.20:713][154]LogFbx: Loading FBX Scene from C:\Users\DANIEL_FS\Downloads\ThirdPersonExampleMap.fbx
[2020.09.18-01.15.20:848][154]LogFbx: FBX Scene Loaded Succesfully
[2020.09.18-01.15.20:849][154]LogFbx: =================================================
[2020.09.18-01.15.20:849][154]LogFbx: Dumping Node START [Floor_1] 
[2020.09.18-01.15.20:849][154]LogFbx: 	Total Deformer Count 739659296.
[2020.09.18-01.15.20:849][154]LogFbx: 	Attribute (Floor_400x400) Type (4).
[2020.09.18-01.15.20:850][154]LogFbx: 		[Node Attribute Child 1] Floor_1 (Type Mesh).
[2020.09.18-01.15.20:850][154]LogFbx: Dumping Node END [Floor_1]
[2020.09.18-01.15.20:850][154]LogFbx: =================================================
[2020.09.18-01.15.20:850][154]LogFbx: Dumping Node START [V_20] 
[2020.09.18-01.15.20:850][154]LogFbx: 	Total Deformer Count 739969536.
[2020.09.18-01.15.20:850][154]LogFbx: 	Attribute (V) Type (4).
[2020.09.18-01.15.20:850][154]LogFbx: 		[Node Attribute Child 1] V_20 (Type Mesh).
[2020.09.18-01.15.20:850][154]LogFbx: Dumping Node END [V_20]
[2020.09.18-01.15.20:850][154]LogFbx: =================================================
[2020.09.18-01.15.20:850][154]LogFbx: Dumping Node START [UCX_V_20] 
[2020.09.18-01.15.20:850][154]LogFbx: 	Total Deformer Count 739659296.
[2020.09.18-01.15.20:850][154]LogFbx: 	Attribute (UCX_V) Type (4).
[2020.09.18-01.15.20:850][154]LogFbx: 		[Node Attribute Child 1] UCX_V_20 (Type Mesh).
[2020.09.18-01.15.20:850][154]LogFbx: Dumping Node END [UCX_V_20]
[2020.09.18-01.15.20:850][154]LogFbx: =================================================
[2020.09.18-01.15.20:851][154]LogFbx: Dumping Node START [M] 
[2020.09.18-01.15.20:851][154]LogFbx: 	Total Deformer Count 781375784.
[2020.09.18-01.15.20:851][154]LogFbx: 	Attribute (ensayo) Type (4).
[2020.09.18-01.15.20:851][154]LogFbx: 		[Node Attribute Child 1] M (Type Mesh).
[2020.09.18-01.15.20:851][154]LogFbx: Dumping Node END [M]
[2020.09.18-01.15.20:851][154]LogFbx: =================================================
[2020.09.18-01.15.20:851][154]LogFbx: Dumping Node START [SkeletalMesh] 
[2020.09.18-01.15.20:851][154]LogFbx: 	Total Deformer Count 810525824.
[2020.09.18-01.15.20:851][154]LogFbx: 		[Node 1]  (Type Skin).
[2020.09.18-01.15.20:851][154]LogFbx: =================================================
[2020.09.18-01.15.20:851][154]LogFbx: 	Attribute (SkeletalMesh) Type (4).
[2020.09.18-01.15.20:851][154]LogFbx: 		[Node Attribute Child 1] SkeletalMesh (Type Mesh).
[2020.09.18-01.15.20:851][154]LogFbx: Dumping Node END [SkeletalMesh]
[2020.09.18-01.15.20:852][154]LogFbx: =================================================
[2020.09.18-01.15.20:852][154]LogFbx: Dumping Node START [V_20] 
[2020.09.18-01.15.20:852][154]LogFbx: 	Total Deformer Count 739982496.
[2020.09.18-01.15.20:852][154]LogFbx: 	Attribute (V) Type (4).
[2020.09.18-01.15.20:852][154]LogFbx: 		[Node Attribute Child 1] V_20 (Type Mesh).
[2020.09.18-01.15.20:852][154]LogFbx: Dumping Node END [V_20]
[2020.09.18-01.15.20:852][154]LogFbx: =================================================
[2020.09.18-01.15.20:852][154]LogFbx: Dumping Node START [UCX_V_20] 
[2020.09.18-01.15.20:852][154]LogFbx: 	Total Deformer Count 739664392.
[2020.09.18-01.15.20:852][154]LogFbx: 	Attribute (UCX_V) Type (4).
[2020.09.18-01.15.20:852][154]LogFbx: 		[Node Attribute Child 1] UCX_V_20 (Type Mesh).
[2020.09.18-01.15.20:852][154]LogFbx: Dumping Node END [UCX_V_20]
[2020.09.18-01.15.20:852][154]LogFbx: =================================================
[2020.09.18-01.15.20:853][154]LogFbx: Dumping Node START [SkeletalMesh] 
[2020.09.18-01.15.20:853][154]LogFbx: 	Total Deformer Count 810524704.
[2020.09.18-01.15.20:853][154]LogFbx: 		[Node 1]  (Type Skin).
[2020.09.18-01.15.20:853][154]LogFbx: =================================================
[2020.09.18-01.15.20:853][154]LogFbx: 	Attribute (SkeletalMesh) Type (4).
[2020.09.18-01.15.20:853][154]LogFbx: 		[Node Attribute Child 1] SkeletalMesh (Type Mesh).
[2020.09.18-01.15.20:853][154]LogFbx: Dumping Node END [SkeletalMesh]
[2020.09.18-01.15.20:856][154]LogFbx: =================================================
[2020.09.18-01.15.20:856][154]LogFbx: Dumping Node START [SkeletalMesh] 
[2020.09.18-01.15.20:856][154]LogFbx: 	Total Deformer Count 810524704.
[2020.09.18-01.15.20:856][154]LogFbx: 		[Node 1]  (Type Skin).
[2020.09.18-01.15.20:856][154]LogFbx: =================================================
[2020.09.18-01.15.20:856][154]LogFbx: 	Attribute (SkeletalMesh) Type (4).
[2020.09.18-01.15.20:856][154]LogFbx: 		[Node Attribute Child 1] SkeletalMesh (Type Mesh).
[2020.09.18-01.15.20:856][154]LogFbx: Dumping Node END [SkeletalMesh]
[2020.09.18-01.15.20:856][154]LogFbx: =================================================
[2020.09.18-01.15.20:856][154]LogFbx: Dumping Node START [Floor_1] 
[2020.09.18-01.15.20:856][154]LogFbx: 	Total Deformer Count 739664392.
[2020.09.18-01.15.20:856][154]LogFbx: 	Attribute (Floor_400x400) Type (4).
[2020.09.18-01.15.20:857][154]LogFbx: 		[Node Attribute Child 1] Floor_1 (Type Mesh).
[2020.09.18-01.15.20:857][154]LogFbx: Dumping Node END [Floor_1]
[2020.09.18-01.15.20:857][154]LogFbx: =================================================
[2020.09.18-01.15.20:857][154]LogFbx: Dumping Node START [M] 
[2020.09.18-01.15.20:857][154]LogFbx: 	Total Deformer Count 781375784.
[2020.09.18-01.15.20:857][154]LogFbx: 	Attribute (ensayo) Type (4).
[2020.09.18-01.15.20:857][154]LogFbx: 		[Node Attribute Child 1] M (Type Mesh).
[2020.09.18-01.15.20:857][154]LogFbx: Dumping Node END [M]
[2020.09.18-01.15.20:861][154]LogFbx: Valid bind pose for Pose (SkeletalMesh) - SkeletalMesh
[2020.09.18-01.15.20:899][154]LogMaterial: Warning: Material /Game/Training/M_UE4Man_Body.M_UE4Man_Body needed to have new flag set bUsedWithSkeletalMesh !
[2020.09.18-01.15.20:904][154]LogMaterial: Missing cached shader map for material M_UE4Man_Body, compiling. 
[2020.09.18-01.15.21:066][154]LogMaterial: Missing cached shader map for material M_UE4Man_Body, compiling. 
[2020.09.18-01.15.21:250][154]LogMaterial: Warning: Material /Game/Training/M_UE4Man_ChestLogo.M_UE4Man_ChestLogo needed to have new flag set bUsedWithSkeletalMesh !
[2020.09.18-01.15.21:255][154]LogMaterial: Missing cached shader map for material M_UE4Man_ChestLogo, compiling. 
[2020.09.18-01.15.21:445][154]LogMaterial: Missing cached shader map for material M_UE4Man_ChestLogo, compiling. 
[2020.09.18-01.15.21:844][154]LogFbx: Warning: Bones digested - 68  Depth of hierarchy - 12
[2020.09.18-01.15.24:375][154]LogSkeletalMesh: Section 0: 23274 vertices, 60 active bones
[2020.09.18-01.15.24:375][154]LogSkeletalMesh: Section 1: 35 vertices, 4 active bones
[2020.09.18-01.15.24:555][154]LogSkeletalMesh: Section 0: Material=0, 41004 triangles
[2020.09.18-01.15.24:555][154]LogSkeletalMesh: Section 1: Material=1, 48 triangles
[2020.09.18-01.15.24:610][154]LogLinker: Can't find file '/Game/Training/ThirdPersonExampleMap_Skeleton'
[2020.09.18-01.15.24:611][154]LogLinker: Can't find file '/Game/Training/ThirdPersonExampleMap_Skeleton'
[2020.09.18-01.15.24:616][154]LogLinker: Can't find file '/Game/Training/ThirdPersonExampleMap_PhysicsAsset'
[2020.09.18-01.15.24:617][154]LogLinker: Can't find file '/Game/Training/ThirdPersonExampleMap_PhysicsAsset'
[2020.09.18-01.15.24:668][154]FBXImport: Warning: No smoothing group information was found in this FBX scene.  Please make sure to enable the 'Export Smoothing Groups' option in the FBX Exporter plug-in before exporting the file.  Even for tools that don't support smoothing groups, the FBX Exporter will generate appropriate smoothing data at export-time so that correct vertex normals can be inferred while importing. 
[2020.09.18-01.15.44:467][707]Cmd: DELETE
[2020.09.18-01.15.44:467][707]Cmd: ACTOR DELETE
[2020.09.18-01.15.44:490][707]LogEditorActor: Deleted Actor: SkeletalMeshActor
[2020.09.18-01.15.44:534][707]LogEditorActor: Deleted 1 Actors (0.066 secs)
[2020.09.18-01.16.38:569][457]LogEditorViewport: Clicking on Actor (LMB): BP_NPC_C (BP_NPC)
[2020.09.18-01.16.58:079][290]LogRenderer: Reallocating scene render targets to support 624x332 Format 10 NumSamples 1 (Frame:2647).
[2020.09.18-01.16.58:222][291]LogRenderer: Reallocating scene render targets to support 624x356 Format 10 NumSamples 1 (Frame:2649).
[2020.09.18-01.16.58:353][292]LogRenderer: Reallocating scene render targets to support 624x372 Format 10 NumSamples 1 (Frame:2651).
[2020.09.18-01.16.58:458][293]LogRenderer: Reallocating scene render targets to support 624x408 Format 10 NumSamples 1 (Frame:2653).
[2020.09.18-01.16.58:564][294]LogRenderer: Reallocating scene render targets to support 624x424 Format 10 NumSamples 1 (Frame:2655).
[2020.09.18-01.16.58:672][295]LogRenderer: Reallocating scene render targets to support 624x448 Format 10 NumSamples 1 (Frame:2657).
[2020.09.18-01.16.58:777][296]LogRenderer: Reallocating scene render targets to support 624x464 Format 10 NumSamples 1 (Frame:2659).
[2020.09.18-01.16.58:876][297]LogRenderer: Reallocating scene render targets to support 624x484 Format 10 NumSamples 1 (Frame:2661).
[2020.09.18-01.16.58:968][298]LogRenderer: Reallocating scene render targets to support 624x488 Format 10 NumSamples 1 (Frame:2663).
[2020.09.18-01.16.59:067][299]LogRenderer: Reallocating scene render targets to support 624x492 Format 10 NumSamples 1 (Frame:2665).
[2020.09.18-01.16.59:168][300]LogRenderer: Reallocating scene render targets to support 624x504 Format 10 NumSamples 1 (Frame:2667).
[2020.09.18-01.16.59:302][303]LogRenderer: Reallocating scene render targets to support 624x508 Format 10 NumSamples 1 (Frame:2669).
[2020.09.18-01.16.59:402][304]LogRenderer: Reallocating scene render targets to support 624x512 Format 10 NumSamples 1 (Frame:2671).
[2020.09.18-01.16.59:501][305]LogRenderer: Reallocating scene render targets to support 624x520 Format 10 NumSamples 1 (Frame:2673).
[2020.09.18-01.17.02:018][439]LogRenderer: Reallocating scene render targets to support 644x520 Format 10 NumSamples 1 (Frame:2680).
[2020.09.18-01.17.02:184][440]LogRenderer: Reallocating scene render targets to support 672x520 Format 10 NumSamples 1 (Frame:2682).
[2020.09.18-01.17.02:325][441]LogRenderer: Reallocating scene render targets to support 688x520 Format 10 NumSamples 1 (Frame:2684).
[2020.09.18-01.17.02:446][442]LogRenderer: Reallocating scene render targets to support 708x520 Format 10 NumSamples 1 (Frame:2686).
[2020.09.18-01.17.02:559][443]LogRenderer: Reallocating scene render targets to support 712x520 Format 10 NumSamples 1 (Frame:2688).
[2020.09.18-01.17.02:670][444]LogRenderer: Reallocating scene render targets to support 720x520 Format 10 NumSamples 1 (Frame:2690).
[2020.09.18-01.17.02:767][445]LogRenderer: Reallocating scene render targets to support 724x520 Format 10 NumSamples 1 (Frame:2692).
[2020.09.18-01.17.02:868][446]LogRenderer: Reallocating scene render targets to support 728x520 Format 10 NumSamples 1 (Frame:2694).
[2020.09.18-01.17.02:969][447]LogRenderer: Reallocating scene render targets to support 732x520 Format 10 NumSamples 1 (Frame:2696).
[2020.09.18-01.17.03:069][448]LogRenderer: Reallocating scene render targets to support 736x520 Format 10 NumSamples 1 (Frame:2698).
[2020.09.18-01.17.03:168][449]LogRenderer: Reallocating scene render targets to support 740x520 Format 10 NumSamples 1 (Frame:2700).
[2020.09.18-01.17.03:269][450]LogRenderer: Reallocating scene render targets to support 744x520 Format 10 NumSamples 1 (Frame:2702).
[2020.09.18-01.17.23:981][499]Cmd: DUPLICATE
[2020.09.18-01.17.23:982][499]Cmd: ACTOR DUPLICATE
[2020.09.18-01.22.16:519][207]LogSlate: Took 0.000808 seconds to synchronously load lazily loaded font '../../../Engine/Content/Slate/Fonts/Roboto-Light.ttf' (159K)
[2020.09.18-01.22.26:458][234]LogSavePackage: Save=663.56ms
[2020.09.18-01.22.26:458][234]LogSavePackage: Moving '../../../../../../Users/DANIEL_FS/Documents/GitHub/MuseoVirtualUdeM/Saved/ThirdPersonExampleMap_Auto17FD91CCA45F65409D0677895F534332D.tmp' to '../../../../../../Users/DANIEL_FS/Documents/GitHub/MuseoVirtualUdeM/Saved/Autosaves/Game/Scenes/ThirdPersonExampleMap_Auto1.umap'
[2020.09.18-01.22.26:465][234]LogSavePackage: Display: Finished SavePackage ../../../../../../Users/DANIEL_FS/Documents/GitHub/MuseoVirtualUdeM/Saved/Autosaves/Game/Scenes/ThirdPersonExampleMap_Auto1.umap
[2020.09.18-01.22.26:475][234]LogFileHelpers: Editor autosave (incl. sublevels) for '/Game/Scenes/ThirdPersonExampleMap' took 0.878
[2020.09.18-01.22.26:475][234]LogFileHelpers: Editor autosave (incl. sublevels) for all levels took 0.878
[2020.09.18-01.22.26:488][234]OBJ SavePackage: Generating thumbnails for [0] asset(s) in package [/Game/Blueprints/BP_GameMode] ([1] browsable assets)...
[2020.09.18-01.22.26:489][234]OBJ SavePackage: Finished generating thumbnails for package [/Game/Blueprints/BP_GameMode]
[2020.09.18-01.22.26:612][234]LogSavePackage: Save=82.78ms
[2020.09.18-01.22.26:612][234]LogSavePackage: Moving '../../../../../../Users/DANIEL_FS/Documents/GitHub/MuseoVirtualUdeM/Saved/BP_GameMode_Auto17C3EFBCC49862A103F0D3FA198E88F71.tmp' to '../../../../../../Users/DANIEL_FS/Documents/GitHub/MuseoVirtualUdeM/Saved/Autosaves/Game/Blueprints/BP_GameMode_Auto1.uasset'
[2020.09.18-01.22.26:618][234]LogSavePackage: Display: Finished SavePackage ../../../../../../Users/DANIEL_FS/Documents/GitHub/MuseoVirtualUdeM/Saved/Autosaves/Game/Blueprints/BP_GameMode_Auto1.uasset
[2020.09.18-01.22.26:621][234]OBJ SavePackage: Generating thumbnails for [0] asset(s) in package [/Game/UI/LoginUI] ([1] browsable assets)...
[2020.09.18-01.22.26:621][234]OBJ SavePackage: Finished generating thumbnails for package [/Game/UI/LoginUI]
[2020.09.18-01.22.26:621][234]Cmd: OBJ SAVEPACKAGE PACKAGE="/Game/UI/LoginUI" FILE="../../../../../../Users/DANIEL_FS/Documents/GitHub/MuseoVirtualUdeM/Saved/Autosaves/Game/UI/LoginUI_Auto1.uasset" SILENT=false AUTOSAVING=true
[2020.09.18-01.22.26:966][234]LogSavePackage: Save=297.53ms
[2020.09.18-01.22.26:967][234]LogSavePackage: Moving '../../../../../../Users/DANIEL_FS/Documents/GitHub/MuseoVirtualUdeM/Saved/LoginUI_Auto1A968E0A442550D62570452AE3CECF47C.tmp' to '../../../../../../Users/DANIEL_FS/Documents/GitHub/MuseoVirtualUdeM/Saved/Autosaves/Game/UI/LoginUI_Auto1.uasset'
[2020.09.18-01.22.26:972][234]LogSavePackage: Display: Finished SavePackage ../../../../../../Users/DANIEL_FS/Documents/GitHub/MuseoVirtualUdeM/Saved/Autosaves/Game/UI/LoginUI_Auto1.uasset
[2020.09.18-01.22.26:972][234]LogFileHelpers: Auto-saving content packages took 0.493
[2020.09.18-01.25.10:289][588]LogSavePackage: Save=553.60ms
[2020.09.18-01.25.10:289][588]LogSavePackage: Moving '../../../../../../Users/DANIEL_FS/Documents/GitHub/MuseoVirtualUdeM/Saved/ThirdPersonExampleMap4AFF5C0A4FB8D1822B7253BF97D85966.tmp' to '../../../../../../Users/DANIEL_FS/Documents/GitHub/MuseoVirtualUdeM/Content/Scenes/ThirdPersonExampleMap.umap'
[2020.09.18-01.25.10:299][588]LogSavePackage: Display: Finished SavePackage ../../../../../../Users/DANIEL_FS/Documents/GitHub/MuseoVirtualUdeM/Content/Scenes/ThirdPersonExampleMap.umap
[2020.09.18-01.25.55:061][830]Cmd: OBJ SAVEPACKAGE PACKAGE="/Game/Blueprints/BP_GameMode" FILE="../../../../../../Users/DANIEL_FS/Documents/GitHub/MuseoVirtualUdeM/Content/Blueprints/BP_GameMode.uasset" SILENT=true
[2020.09.18-01.25.55:198][830]LogSavePackage: Save=95.99ms
[2020.09.18-01.25.55:198][830]LogSavePackage: Moving '../../../../../../Users/DANIEL_FS/Documents/GitHub/MuseoVirtualUdeM/Saved/BP_GameMode13A1506A4161CD3868CB678D9F2E806C.tmp' to '../../../../../../Users/DANIEL_FS/Documents/GitHub/MuseoVirtualUdeM/Content/Blueprints/BP_GameMode.uasset'
[2020.09.18-01.25.55:209][830]LogSavePackage: Display: Finished SavePackage ../../../../../../Users/DANIEL_FS/Documents/GitHub/MuseoVirtualUdeM/Content/Blueprints/BP_GameMode.uasset
[2020.09.18-01.25.55:219][830]Cmd: OBJ SAVEPACKAGE PACKAGE="/Game/UI/LoginUI" FILE="../../../../../../Users/DANIEL_FS/Documents/GitHub/MuseoVirtualUdeM/Content/UI/LoginUI.uasset" SILENT=true
[2020.09.18-01.25.55:471][830]LogSavePackage: Save=218.45ms
[2020.09.18-01.25.55:471][830]LogSavePackage: Moving '../../../../../../Users/DANIEL_FS/Documents/GitHub/MuseoVirtualUdeM/Saved/LoginUIF1DE5AEF4A47ADAEC763AB99364CD8DD.tmp' to '../../../../../../Users/DANIEL_FS/Documents/GitHub/MuseoVirtualUdeM/Content/UI/LoginUI.uasset'
[2020.09.18-01.25.55:481][830]LogSavePackage: Display: Finished SavePackage ../../../../../../Users/DANIEL_FS/Documents/GitHub/MuseoVirtualUdeM/Content/UI/LoginUI.uasset
[2020.09.18-01.25.56:146][831]Cmd: QUIT_EDITOR
[2020.09.18-01.25.56:207][831]LogWindowsTextInputMethodSystem: Display: IME system now deactivated.
[2020.09.18-01.25.56:242][831]LogExit: Preparing to exit.
[2020.09.18-01.25.56:869][831]LogDirectoryWatcher: A directory notification for 'C:/Users/DANIEL_FS/Documents/GitHub/MuseoVirtualUdeM/Content/' was aborted.
[2020.09.18-01.25.57:037][831]LogExit: Editor shut down
[2020.09.18-01.25.57:060][831]LogExit: Transaction tracking system shut down
[2020.09.18-01.25.57:337][831]LogDirectoryWatcher: A directory notification for '../../../Engine/Content/' was aborted.
[2020.09.18-01.25.57:337][831]LogDirectoryWatcher: A directory notification for '../../../../../../Users/DANIEL_FS/Documents/GitHub/MuseoVirtualUdeM/Content/' was aborted.
[2020.09.18-01.25.57:337][831]LogDirectoryWatcher: A directory notification for '../../../Engine/Plugins/2D/Paper2D/Content/' was aborted.
[2020.09.18-01.25.57:337][831]LogDirectoryWatcher: A directory notification for '../../../Engine/Plugins/Marketplace/GameSparks/Content/' was aborted.
[2020.09.18-01.25.57:337][831]LogDirectoryWatcher: A directory notification for '../../../Engine/Plugins/Media/MediaCompositing/Content/' was aborted.
[2020.09.18-01.25.57:338][831]LogDirectoryWatcher: A directory notification for '../../../Engine/Plugins/Runtime/AppleARKit/Content/' was aborted.
[2020.09.18-01.25.57:338][831]LogDirectoryWatcher: A directory notification for '../../../Engine/Plugins/Runtime/Oculus/OculusVR/Content/' was aborted.
[2020.09.18-01.25.57:338][831]LogDirectoryWatcher: A directory notification for '../../../Engine/Plugins/Runtime/Steam/SteamVR/Content/' was aborted.
[2020.09.18-01.25.57:629][831]LogExit: Object subsystem successfully closed.
[2020.09.18-01.25.57:783][831]LogD3D11RHI: Shutdown
[2020.09.18-01.25.57:784][831]LogD3D11RHI: CleanupD3DDevice
[2020.09.18-01.25.57:827][831]LogD3D11RHI: ~FD3D11DynamicRHI
[2020.09.18-01.25.57:985][831]LogModuleManager: Shutting down and abandoning module HierarchicalLODUtilities (554)
[2020.09.18-01.25.57:985][831]LogModuleManager: Shutting down and abandoning module HierarchicalLODOutliner (552)
[2020.09.18-01.25.57:985][831]LogModuleManager: Shutting down and abandoning module SceneOutliner (550)
[2020.09.18-01.25.57:986][831]LogModuleManager: Shutting down and abandoning module AddContentDialog (548)
[2020.09.18-01.25.57:986][831]LogDirectoryWatcher: A directory notification for 'C:/Program Files/Epic Games/UE_4.18/FeaturePacks/' was aborted.
[2020.09.18-01.25.57:986][831]LogModuleManager: Shutting down and abandoning module WidgetCarousel (547)
[2020.09.18-01.25.57:986][831]LogModuleManager: Shutting down and abandoning module EditorWidgets (544)
[2020.09.18-01.25.57:986][831]LogModuleManager: Shutting down and abandoning module CollectionManager (542)
[2020.09.18-01.25.57:986][831]LogDirectoryWatcher: A directory notification for 'C:/Users/DANIEL_FS/Documents/GitHub/MuseoVirtualUdeM/Content/Collections/' was aborted.
[2020.09.18-01.25.57:986][831]LogDirectoryWatcher: A directory notification for 'C:/Users/DANIEL_FS/Documents/GitHub/MuseoVirtualUdeM/Content/Developers/DANIELFS/Collections/' was aborted.
[2020.09.18-01.25.57:986][831]LogDirectoryWatcher: A directory notification for 'C:/Users/DANIEL_FS/Documents/GitHub/MuseoVirtualUdeM/Saved/Collections/' was aborted.
[2020.09.18-01.25.57:987][831]LogModuleManager: Shutting down and abandoning module StatsViewer (540)
[2020.09.18-01.25.57:987][831]LogModuleManager: Shutting down and abandoning module FoliageEdit (538)
[2020.09.18-01.25.57:987][831]LogModuleManager: Shutting down and abandoning module LandscapeEditor (536)
[2020.09.18-01.25.57:987][831]LogModuleManager: Shutting down and abandoning module MeshPaintMode (534)
[2020.09.18-01.25.57:987][831]LogModuleManager: Shutting down and abandoning module SceneDepthPickerMode (532)
[2020.09.18-01.25.57:987][831]LogModuleManager: Shutting down and abandoning module ActorPickerMode (530)
[2020.09.18-01.25.57:987][831]LogModuleManager: Shutting down and abandoning module GeometryMode (528)
[2020.09.18-01.25.57:987][831]LogModuleManager: Shutting down and abandoning module TextureAlignMode (526)
[2020.09.18-01.25.57:987][831]LogModuleManager: Shutting down and abandoning module BspMode (524)
[2020.09.18-01.25.57:987][831]LogModuleManager: Shutting down and abandoning module PIEPreviewDeviceProfileSelector (522)
[2020.09.18-01.25.57:988][831]LogModuleManager: Shutting down and abandoning module HardwareSurvey (520)
[2020.09.18-01.25.57:988][831]LogModuleManager: Shutting down and abandoning module SequenceRecorderSections (518)
[2020.09.18-01.25.57:988][831]LogModuleManager: Shutting down and abandoning module AutomationWorker (516)
[2020.09.18-01.25.57:988][831]LogModuleManager: Shutting down and abandoning module MatineeToLevelSequence (514)
[2020.09.18-01.25.57:989][831]LogModuleManager: Shutting down and abandoning module LevelSequenceEditor (512)
[2020.09.18-01.25.57:989][831]LogModuleManager: Shutting down and abandoning module PlacementMode (511)
[2020.09.18-01.25.57:990][831]LogModuleManager: Shutting down and abandoning module WmfMediaFactory (508)
[2020.09.18-01.25.57:990][831]LogModuleManager: Shutting down and abandoning module WmfMediaEditor (506)
[2020.09.18-01.25.57:990][831]LogModuleManager: Shutting down and abandoning module OpenExrWrapper (504)
[2020.09.18-01.25.57:990][831]LogModuleManager: Shutting down and abandoning module ImgMediaFactory (502)
[2020.09.18-01.25.57:990][831]LogModuleManager: Shutting down and abandoning module ImgMediaEditor (500)
[2020.09.18-01.25.57:990][831]LogModuleManager: Shutting down and abandoning module AvfMediaFactory (498)
[2020.09.18-01.25.57:990][831]LogModuleManager: Shutting down and abandoning module AvfMediaEditor (496)
[2020.09.18-01.25.57:990][831]LogModuleManager: Shutting down and abandoning module AndroidMediaFactory (494)
[2020.09.18-01.25.57:990][831]LogModuleManager: Shutting down and abandoning module AndroidMediaEditor (492)
[2020.09.18-01.25.57:990][831]LogModuleManager: Shutting down and abandoning module CharacterAI (490)
[2020.09.18-01.25.57:991][831]LogModuleManager: Shutting down and abandoning module AudioCapture (488)
[2020.09.18-01.25.57:991][831]LogModuleManager: Shutting down and abandoning module SequenceRecorder (487)
[2020.09.18-01.25.57:991][831]LogModuleManager: Shutting down and abandoning module SmartSnapping (484)
[2020.09.18-01.25.57:991][831]LogModuleManager: Shutting down and abandoning module SessionServices (482)
[2020.09.18-01.25.57:991][831]LogModuleManager: Shutting down and abandoning module ViewportSnapping (480)
[2020.09.18-01.25.57:991][831]LogModuleManager: Shutting down and abandoning module ViewportInteraction (478)
[2020.09.18-01.25.57:991][831]LogModuleManager: Shutting down and abandoning module ClothPainter (476)
[2020.09.18-01.25.57:991][831]LogModuleManager: Shutting down and abandoning module SkeletalMeshEditor (475)
[2020.09.18-01.25.57:991][831]LogModuleManager: Shutting down and abandoning module LogVisualizer (472)
[2020.09.18-01.25.57:991][831]LogModuleManager: Shutting down and abandoning module IntroTutorials (470)
[2020.09.18-01.25.57:992][831]LogModuleManager: Shutting down and abandoning module GameProjectGeneration (469)
[2020.09.18-01.25.57:992][831]LogModuleManager: Shutting down and abandoning module IOSPlatformEditor (466)
[2020.09.18-01.25.57:992][831]LogModuleManager: Shutting down and abandoning module HTML5PlatformEditor (464)
[2020.09.18-01.25.57:992][831]LogModuleManager: Shutting down and abandoning module AndroidPlatformEditor (462)
[2020.09.18-01.25.57:992][831]LogModuleManager: Shutting down and abandoning module AndroidDeviceDetection (461)
[2020.09.18-01.25.58:163][831]LogModuleManager: Shutting down and abandoning module WindowsPlatformEditor (458)
[2020.09.18-01.25.58:163][831]LogModuleManager: Shutting down and abandoning module IOSRuntimeSettings (456)
[2020.09.18-01.25.58:163][831]LogModuleManager: Shutting down and abandoning module AndroidRuntimeSettings (454)
[2020.09.18-01.25.58:163][831]LogModuleManager: Shutting down and abandoning module InputBindingEditor (452)
[2020.09.18-01.25.58:163][831]LogModuleManager: Shutting down and abandoning module MergeActors (450)
[2020.09.18-01.25.58:163][831]LogModuleManager: Shutting down and abandoning module SizeMap (448)
[2020.09.18-01.25.58:163][831]LogModuleManager: Shutting down and abandoning module TreeMap (446)
[2020.09.18-01.25.58:163][831]LogModuleManager: Shutting down and abandoning module ReferenceViewer (444)
[2020.09.18-01.25.58:163][831]LogModuleManager: Shutting down and abandoning module LocalizationDashboard (442)
[2020.09.18-01.25.58:163][831]LogModuleManager: Shutting down and abandoning module LocalizationService (441)
[2020.09.18-01.25.58:164][831]LogModuleManager: Shutting down and abandoning module HardwareTargeting (438)
[2020.09.18-01.25.58:164][831]LogModuleManager: Shutting down and abandoning module DeviceProfileEditor (436)
[2020.09.18-01.25.58:164][831]LogModuleManager: Shutting down and abandoning module UndoHistory (434)
[2020.09.18-01.25.58:164][831]LogModuleManager: Shutting down and abandoning module XmlParser (432)
[2020.09.18-01.25.58:164][831]LogModuleManager: Shutting down and abandoning module Blutility (430)
[2020.09.18-01.25.58:164][831]LogModuleManager: Shutting down and abandoning module ProjectSettingsViewer (428)
[2020.09.18-01.25.58:164][831]LogModuleManager: Shutting down and abandoning module ProjectTargetPlatformEditor (427)
[2020.09.18-01.25.58:165][831]LogModuleManager: Shutting down and abandoning module EditorSettingsViewer (424)
[2020.09.18-01.25.58:165][831]LogModuleManager: Shutting down and abandoning module SettingsEditor (422)
[2020.09.18-01.25.58:165][831]LogModuleManager: Shutting down and abandoning module ProjectLauncher (420)
[2020.09.18-01.25.58:165][831]LogModuleManager: Shutting down and abandoning module SessionFrontend (418)
[2020.09.18-01.25.58:165][831]LogModuleManager: Shutting down and abandoning module ProfilerClient (416)
[2020.09.18-01.25.58:165][831]LogModuleManager: Shutting down and abandoning module DeviceManager (414)
[2020.09.18-01.25.58:165][831]LogModuleManager: Shutting down and abandoning module TargetDeviceServices (413)
[2020.09.18-01.25.58:232][831]LogModuleManager: Shutting down and abandoning module AutomationController (410)
[2020.09.18-01.25.58:232][831]LogModuleManager: Shutting down and abandoning module AutomationWindow (408)
[2020.09.18-01.25.58:232][831]LogModuleManager: Shutting down and abandoning module Layers (406)
[2020.09.18-01.25.58:232][831]LogModuleManager: Shutting down and abandoning module ComponentVisualizers (404)
[2020.09.18-01.25.58:232][831]LogModuleManager: Shutting down and abandoning module DetailCustomizations (402)
[2020.09.18-01.25.58:232][831]LogModuleManager: Shutting down and abandoning module PackagesDialog (400)
[2020.09.18-01.25.58:232][831]LogModuleManager: Shutting down and abandoning module Persona (398)
[2020.09.18-01.25.58:232][831]LogModuleManager: Shutting down and abandoning module AdvancedPreviewScene (397)
[2020.09.18-01.25.58:232][831]LogModuleManager: Shutting down and abandoning module AnimGraph (395)
[2020.09.18-01.25.58:232][831]LogModuleManager: Shutting down and abandoning module Kismet (392)
[2020.09.18-01.25.58:233][831]LogModuleManager: Shutting down and abandoning module ClassViewer (390)
[2020.09.18-01.25.58:233][831]LogModuleManager: Shutting down and abandoning module Toolbox (388)
[2020.09.18-01.25.58:233][831]LogModuleManager: Shutting down and abandoning module ModuleUI (386)
[2020.09.18-01.25.58:233][831]LogModuleManager: Shutting down and abandoning module MovieSceneTools (384)
[2020.09.18-01.25.58:233][831]LogModuleManager: Shutting down and abandoning module OutputLog (382)
[2020.09.18-01.25.58:233][831]LogModuleManager: Shutting down and abandoning module GammaUI (380)
[2020.09.18-01.25.58:233][831]LogModuleManager: Shutting down and abandoning module Documentation (378)
[2020.09.18-01.25.58:233][831]LogModuleManager: Shutting down and abandoning module MovieSceneTracks (376)
[2020.09.18-01.25.58:233][831]LogModuleManager: Shutting down and abandoning module MovieScene (374)
[2020.09.18-01.25.58:234][831]LogModuleManager: Shutting down and abandoning module StreamingPauseRendering (372)
[2020.09.18-01.25.58:234][831]LogModuleManager: Shutting down and abandoning module LauncherPlatform (370)
[2020.09.18-01.25.58:234][831]LogModuleManager: Shutting down and abandoning module AnalyticsET (368)
[2020.09.18-01.25.58:234][831]LogModuleManager: Shutting down and abandoning module PortalServices (366)
[2020.09.18-01.25.58:234][831]LogModuleManager: Shutting down and abandoning module PortalRpc (364)
[2020.09.18-01.25.58:234][831]LogModuleManager: Shutting down and abandoning module MessagingRpc (362)
[2020.09.18-01.25.58:234][831]LogModuleManager: Shutting down and abandoning module AIModule (360)
[2020.09.18-01.25.58:234][831]LogModuleManager: Shutting down and abandoning module GameplayDebugger (359)
[2020.09.18-01.25.58:234][831]LogModuleManager: Shutting down and abandoning module AITestSuite (357)
[2020.09.18-01.25.58:234][831]LogModuleManager: Shutting down and abandoning module DesktopPlatform (354)
[2020.09.18-01.25.58:234][831]LogModuleManager: Shutting down and abandoning module ProfilerService (352)
[2020.09.18-01.25.58:367][831]LogModuleManager: Shutting down and abandoning module TaskGraph (350)
[2020.09.18-01.25.58:367][831]LogModuleManager: Shutting down and abandoning module SteamVRController (348)
[2020.09.18-01.25.58:368][831]LogModuleManager: Shutting down and abandoning module ProceduralMeshComponentEditor (346)
[2020.09.18-01.25.58:368][831]LogModuleManager: Shutting down and abandoning module ProceduralMeshComponent (344)
[2020.09.18-01.25.58:368][831]LogModuleManager: Shutting down and abandoning module OculusInput (342)
[2020.09.18-01.25.58:368][831]LogModuleManager: Shutting down and abandoning module MobilePatchingUtils (340)
[2020.09.18-01.25.58:368][831]LogModuleManager: Shutting down and abandoning module CustomMeshComponent (338)
[2020.09.18-01.25.58:368][831]LogModuleManager: Shutting down and abandoning module CableComponent (336)
[2020.09.18-01.25.58:368][831]LogModuleManager: Shutting down and abandoning module ArchVisCharacter (334)
[2020.09.18-01.25.58:368][831]LogModuleManager: Shutting down and abandoning module AndroidPermission (332)
[2020.09.18-01.25.58:368][831]LogModuleManager: Shutting down and abandoning module ActorSequence (328)
[2020.09.18-01.25.58:368][831]LogModuleManager: Shutting down and abandoning module MediaPlayerEditor (326)
[2020.09.18-01.25.58:368][831]LogModuleManager: Shutting down and abandoning module MediaCompositingEditor (324)
[2020.09.18-01.25.58:368][831]LogModuleManager: Shutting down and abandoning module MediaCompositing (322)
[2020.09.18-01.25.58:368][831]LogModuleManager: Shutting down and abandoning module HTML5Networking (318)
[2020.09.18-01.25.58:368][831]LogModuleManager: Shutting down and abandoning module AlembicImporter (316)
[2020.09.18-01.25.58:368][831]LogModuleManager: Shutting down and abandoning module AlembicLibrary (315)
[2020.09.18-01.25.58:368][831]LogModuleManager: Shutting down and abandoning module GeometryCache (314)
[2020.09.18-01.25.58:368][831]LogModuleManager: Shutting down and abandoning module GeometryCacheEd (313)
[2020.09.18-01.25.58:368][831]LogModuleManager: Shutting down and abandoning module SpeedTreeImporter (308)
[2020.09.18-01.25.58:369][831]LogModuleManager: Shutting down and abandoning module PluginBrowser (306)
[2020.09.18-01.25.58:369][831]LogModuleManager: Shutting down and abandoning module MobileLauncherProfileWizard (304)
[2020.09.18-01.25.58:369][831]LogModuleManager: Shutting down and abandoning module VisualStudioSourceCodeAccess (302)
[2020.09.18-01.25.58:369][831]LogModuleManager: Shutting down and abandoning module VisualStudioCodeSourceCodeAccess (300)
[2020.09.18-01.25.58:369][831]LogModuleManager: Shutting down and abandoning module UObjectPlugin (298)
[2020.09.18-01.25.58:369][831]LogModuleManager: Shutting down and abandoning module SubversionSourceControl (296)
[2020.09.18-01.25.58:369][831]LogModuleManager: Shutting down and abandoning module PerforceSourceControl (294)
[2020.09.18-01.25.58:369][831]LogModuleManager: Shutting down and abandoning module GitSourceControl (292)
[2020.09.18-01.25.58:369][831]LogModuleManager: Shutting down and abandoning module SourceControl (291)
[2020.09.18-01.25.58:369][831]LogModuleManager: Shutting down and abandoning module LightPropagationVolumeEditor (288)
[2020.09.18-01.25.58:369][831]LogModuleManager: Shutting down and abandoning module PaperTiledImporter (286)
[2020.09.18-01.25.58:370][831]LogModuleManager: Shutting down and abandoning module PaperSpriteSheetImporter (284)
[2020.09.18-01.25.58:370][831]LogModuleManager: Shutting down and abandoning module Paper2DEditor (282)
[2020.09.18-01.25.58:370][831]LogModuleManager: Shutting down and abandoning module MeshPaint (281)
[2020.09.18-01.25.58:370][831]LogModuleManager: Shutting down and abandoning module LevelEditor (279)
[2020.09.18-01.25.58:374][831]LogModuleManager: Shutting down and abandoning module PixelInspectorModule (278)
[2020.09.18-01.25.58:374][831]LogModuleManager: Shutting down and abandoning module MainFrame (276)
[2020.09.18-01.25.58:374][831]LogModuleManager: Shutting down and abandoning module HotReload (275)
[2020.09.18-01.25.58:376][831]LogModuleManager: Shutting down and abandoning module RuntimePhysXCooking (270)
[2020.09.18-01.25.58:376][831]LogModuleManager: Shutting down and abandoning module PhysXVehiclesEditor (268)
[2020.09.18-01.25.58:376][831]LogModuleManager: Shutting down and abandoning module PhysXVehicles (266)
[2020.09.18-01.25.58:376][831]LogModuleManager: Shutting down and abandoning module OculusEditor (264)
[2020.09.18-01.25.58:376][831]LogModuleManager: Shutting down and abandoning module LocationServicesBPLibrary (262)
[2020.09.18-01.25.58:376][831]LogModuleManager: Shutting down and abandoning module ImmediatePhysicsEditor (260)
[2020.09.18-01.25.58:376][831]LogModuleManager: Shutting down and abandoning module ImmediatePhysics (258)
[2020.09.18-01.25.58:376][831]LogModuleManager: Shutting down and abandoning module UdpMessaging (256)
[2020.09.18-01.25.58:477][831]LogModuleManager: Shutting down and abandoning module TcpMessaging (254)
[2020.09.18-01.25.58:580][831]LogModuleManager: Shutting down and abandoning module GameSparks (252)
[2020.09.18-01.25.58:580][831]LogModuleManager: Shutting down and abandoning module GameplayTagsEditor (250)
[2020.09.18-01.25.58:580][831]LogModuleManager: Shutting down and abandoning module FacialAnimationEditor (248)
[2020.09.18-01.25.58:580][831]LogModuleManager: Shutting down and abandoning module FacialAnimation (246)
[2020.09.18-01.25.58:580][831]LogModuleManager: Shutting down and abandoning module AssetManagerEditor (244)
[2020.09.18-01.25.58:580][831]LogModuleManager: Shutting down and abandoning module GraphEditor (243)
[2020.09.18-01.25.58:580][831]LogModuleManager: Shutting down and abandoning module ContentBrowser (241)
[2020.09.18-01.25.58:582][831]LogModuleManager: Shutting down and abandoning module LightPropagationVolumeRuntime (238)
[2020.09.18-01.25.58:582][831]LogModuleManager: Shutting down and abandoning module Paper2D (236)
[2020.09.18-01.25.58:582][831]LogModuleManager: Shutting down and abandoning module WindowsMoviePlayer (234)
[2020.09.18-01.25.58:582][831]LogModuleManager: Shutting down and abandoning module WmfMedia (232)
[2020.09.18-01.25.58:586][831]LogModuleManager: Shutting down and abandoning module ImgMedia (230)
[2020.09.18-01.25.58:586][831]LogModuleManager: Shutting down and abandoning module PacketHandler (228)
[2020.09.18-01.25.58:586][831]LogModuleManager: Shutting down and abandoning module ClothingSystemEditor (226)
[2020.09.18-01.25.58:586][831]LogModuleManager: Shutting down and abandoning module ClothingSystemRuntime (224)
[2020.09.18-01.25.58:586][831]LogModuleManager: Shutting down and abandoning module MediaAssets (222)
[2020.09.18-01.25.58:586][831]LogModuleManager: Shutting down and abandoning module Media (221)
[2020.09.18-01.25.58:594][831]LogModuleManager: Shutting down and abandoning module Overlay (218)
[2020.09.18-01.25.58:594][831]LogModuleManager: Shutting down and abandoning module OverlayEditor (217)
[2020.09.18-01.25.58:594][831]LogModuleManager: Shutting down and abandoning module VREditor (214)
[2020.09.18-01.25.58:594][831]LogModuleManager: Shutting down and abandoning module StringTableEditor (212)
[2020.09.18-01.25.58:594][831]LogModuleManager: Shutting down and abandoning module GameplayTasksEditor (210)
[2020.09.18-01.25.58:594][831]LogModuleManager: Shutting down and abandoning module BehaviorTreeEditor (208)
[2020.09.18-01.25.58:594][831]LogModuleManager: Shutting down and abandoning module FunctionalTesting (206)
[2020.09.18-01.25.58:594][831]LogModuleManager: Shutting down and abandoning module CollisionAnalyzer (204)
[2020.09.18-01.25.58:594][831]LogModuleManager: Shutting down and abandoning module WorkspaceMenuStructure (203)
[2020.09.18-01.25.58:594][831]LogModuleManager: Shutting down and abandoning module UMG (200)
[2020.09.18-01.25.58:594][831]LogModuleManager: Shutting down and abandoning module UMGEditor (199)
[2020.09.18-01.25.58:594][831]LogModuleManager: Shutting down and abandoning module Sequencer (198)
[2020.09.18-01.25.58:594][831]LogModuleManager: Shutting down and abandoning module MessageLog (195)
[2020.09.18-01.25.58:594][831]LogModuleManager: Shutting down and abandoning module SlateReflector (190)
[2020.09.18-01.25.58:594][831]LogModuleManager: Shutting down and abandoning module Slate (188)
[2020.09.18-01.25.58:595][831]LogModuleManager: Shutting down and abandoning module EditorStyle (186)
[2020.09.18-01.25.58:600][831]LogModuleManager: Shutting down and abandoning module MRMesh (184)
[2020.09.18-01.25.58:600][831]LogModuleManager: Shutting down and abandoning module SourceCodeAccess (182)
[2020.09.18-01.25.58:600][831]LogModuleManager: Shutting down and abandoning module HeadMountedDisplay (180)
[2020.09.18-01.25.58:601][831]LogModuleManager: Shutting down and abandoning module XAudio2 (178)
[2020.09.18-01.25.58:601][831]LogModuleManager: Shutting down and abandoning module Networking (176)
[2020.09.18-01.25.58:601][831]LogModuleManager: Shutting down and abandoning module Core (172)
[2020.09.18-01.25.58:601][831]LogModuleManager: Shutting down and abandoning module LevelSequence (168)
[2020.09.18-01.25.58:601][831]LogModuleManager: Shutting down and abandoning module DirectoryWatcher (166)
[2020.09.18-01.25.58:604][831]LogModuleManager: Shutting down and abandoning module KismetCompiler (164)
[2020.09.18-01.25.58:604][831]LogModuleManager: Shutting down and abandoning module MeshUtilities (162)
[2020.09.18-01.25.58:604][831]LogModuleManager: Shutting down and abandoning module MeshMergeUtilities (161)
[2020.09.18-01.25.58:604][831]LogModuleManager: Shutting down and abandoning module MeshReductionInterface (160)
[2020.09.18-01.25.58:604][831]LogModuleManager: Shutting down and abandoning module SimplygonSwarm (159)
[2020.09.18-01.25.58:604][831]LogModuleManager: Shutting down and abandoning module SimplygonMeshReduction (157)
[2020.09.18-01.25.58:604][831]LogModuleManager: Shutting down and abandoning module QuadricMeshReduction (155)
[2020.09.18-01.25.58:604][831]LogModuleManager: Shutting down and abandoning module MaterialBaking (151)
[2020.09.18-01.25.58:604][831]LogModuleManager: Shutting down and abandoning module DerivedDataCache (148)
[2020.09.18-01.25.58:673][831]LogDerivedDataCache: Shutdown
[2020.09.18-01.25.58:673][831]LogModuleManager: Shutting down and abandoning module TargetPlatform (146)
[2020.09.18-01.25.58:673][831]LogModuleManager: Shutting down and abandoning module VulkanShaderFormat (145)
[2020.09.18-01.25.58:673][831]LogModuleManager: Shutting down and abandoning module ShaderFormatVectorVM (143)
[2020.09.18-01.25.58:674][831]LogModuleManager: Shutting down and abandoning module ShaderFormatOpenGL (141)
[2020.09.18-01.25.58:674][831]LogModuleManager: Shutting down and abandoning module ShaderFormatD3D (139)
[2020.09.18-01.25.58:674][831]LogModuleManager: Shutting down and abandoning module MetalShaderFormat (137)
[2020.09.18-01.25.58:674][831]LogModuleManager: Shutting down and abandoning module TextureFormatUncompressed (135)
[2020.09.18-01.25.58:674][831]LogModuleManager: Shutting down and abandoning module TextureFormatPVR (133)
[2020.09.18-01.25.58:674][831]LogModuleManager: Shutting down and abandoning module TextureFormatDXT (131)
[2020.09.18-01.25.58:674][831]LogModuleManager: Shutting down and abandoning module TextureFormatIntelISPCTexComp (129)
[2020.09.18-01.25.58:675][831]LogModuleManager: Shutting down and abandoning module TextureFormatASTC (127)
[2020.09.18-01.25.58:675][831]LogModuleManager: Shutting down and abandoning module ImageWrapper (126)
[2020.09.18-01.25.58:676][831]LogModuleManager: Shutting down and abandoning module TextureFormatAndroid (123)
[2020.09.18-01.25.58:676][831]LogModuleManager: Shutting down and abandoning module AudioFormatOpus (121)
[2020.09.18-01.25.58:676][831]LogModuleManager: Shutting down and abandoning module AudioFormatOgg (119)
[2020.09.18-01.25.58:676][831]LogModuleManager: Shutting down and abandoning module AudioFormatADPCM (117)
[2020.09.18-01.25.58:676][831]LogModuleManager: Shutting down and abandoning module LinuxTargetPlatform (115)
[2020.09.18-01.25.58:676][831]LogModuleManager: Shutting down and abandoning module LinuxServerTargetPlatform (113)
[2020.09.18-01.25.58:676][831]LogModuleManager: Shutting down and abandoning module LinuxNoEditorTargetPlatform (111)
[2020.09.18-01.25.58:676][831]LogModuleManager: Shutting down and abandoning module LinuxClientTargetPlatform (109)
[2020.09.18-01.25.58:676][831]LogModuleManager: Shutting down and abandoning module TVOSTargetPlatform (107)
[2020.09.18-01.25.58:676][831]LogModuleManager: Shutting down and abandoning module Messaging (105)
[2020.09.18-01.25.58:676][831]LogModuleManager: Shutting down and abandoning module IOSTargetPlatform (103)
[2020.09.18-01.25.58:676][831]LogModuleManager: Shutting down and abandoning module HTML5TargetPlatform (101)
[2020.09.18-01.25.58:677][831]LogModuleManager: Shutting down and abandoning module AndroidTargetPlatform (99)
[2020.09.18-01.25.58:677][831]LogModuleManager: Shutting down and abandoning module Android_PVRTCTargetPlatform (97)
[2020.09.18-01.25.58:677][831]LogModuleManager: Shutting down and abandoning module Android_MultiTargetPlatform (95)
[2020.09.18-01.25.58:677][831]LogModuleManager: Shutting down and abandoning module Android_ETC2TargetPlatform (93)
[2020.09.18-01.25.58:677][831]LogModuleManager: Shutting down and abandoning module Android_ETC1TargetPlatform (91)
[2020.09.18-01.25.58:678][831]LogModuleManager: Shutting down and abandoning module Android_DXTTargetPlatform (89)
[2020.09.18-01.25.58:678][831]LogModuleManager: Shutting down and abandoning module Android_ATCTargetPlatform (87)
[2020.09.18-01.25.58:678][831]LogModuleManager: Shutting down and abandoning module Android_ASTCTargetPlatform (85)
[2020.09.18-01.25.58:678][831]LogModuleManager: Shutting down and abandoning module WindowsTargetPlatform (83)
[2020.09.18-01.25.58:678][831]LogModuleManager: Shutting down and abandoning module WindowsServerTargetPlatform (81)
[2020.09.18-01.25.58:678][831]LogModuleManager: Shutting down and abandoning module WindowsNoEditorTargetPlatform (79)
[2020.09.18-01.25.58:678][831]LogModuleManager: Shutting down and abandoning module WindowsClientTargetPlatform (77)
[2020.09.18-01.25.58:678][831]LogModuleManager: Shutting down and abandoning module MacTargetPlatform (75)
[2020.09.18-01.25.58:678][831]LogModuleManager: Shutting down and abandoning module MacServerTargetPlatform (73)
[2020.09.18-01.25.58:678][831]LogModuleManager: Shutting down and abandoning module MacNoEditorTargetPlatform (71)
[2020.09.18-01.25.58:678][831]LogModuleManager: Shutting down and abandoning module MacClientTargetPlatform (69)
[2020.09.18-01.25.58:678][831]LogModuleManager: Shutting down and abandoning module AllDesktopTargetPlatform (67)
[2020.09.18-01.25.58:678][831]LogModuleManager: Shutting down and abandoning module InputCore (64)
[2020.09.18-01.25.58:678][831]LogModuleManager: Shutting down and abandoning module Settings (62)
[2020.09.18-01.25.58:678][831]LogModuleManager: Shutting down and abandoning module PhysXCooking (60)
[2020.09.18-01.25.58:678][831]LogModuleManager: Shutting down and abandoning module SteamVR (58)
[2020.09.18-01.25.58:678][831]LogModuleManager: Shutting down and abandoning module OculusHMD (56)
[2020.09.18-01.25.58:678][831]LogModuleManager: Shutting down and abandoning module ExampleDeviceProfileSelector (54)
[2020.09.18-01.25.58:679][831]LogModuleManager: Shutting down and abandoning module AppleARKit (52)
[2020.09.18-01.25.58:679][831]LogModuleManager: Shutting down and abandoning module AugmentedReality (51)
[2020.09.18-01.25.58:679][831]LogModuleManager: Shutting down and abandoning module OnlineBlueprintSupport (48)
[2020.09.18-01.25.58:679][831]LogModuleManager: Shutting down and abandoning module OnlineSubsystem (44)
[2020.09.18-01.25.58:679][831]LogModuleManager: Shutting down and abandoning module XMPP (43)
[2020.09.18-01.25.58:679][831]LogModuleManager: Shutting down and abandoning module HTTP (41)
[2020.09.18-01.25.58:679][831]LogHttp: Display: Http module shutting down, but needs to wait on 1 outstanding Http requests:
[2020.09.18-01.25.58:679][831]LogHttp: Display: 	verb=[POST] url=[https://datarouter.ol.epicgames.com/datarouter/api/v1/public/data?SessionID=%7BFD71512E-46B3-14DA-21F4-C1BC264DCBB5%7D&AppID=UEEditor.Rocket.Release&AppVersion=4.18.3-3832480%2B%2B%2BUE4%2BRelease-4.18&UserID=9b6dbcb4445d4601be87fb895c674e51%7C2e912bc81e1a4bbaaeef14cf93f0304b%7Cd9b6a37d-0c37-4dde-affb-64daeea4b517&AppEnvironment=datacollector-binary&UploadType=eteventstream] status=Processing
[2020.09.18-01.25.58:712][831]LogModuleManager: Shutting down and abandoning module SSL (40)
[2020.09.18-01.25.58:715][831]LogModuleManager: Shutting down and abandoning module AnimationModifiers (36)
[2020.09.18-01.25.58:715][831]LogModuleManager: Shutting down and abandoning module PropertyEditor (35)
[2020.09.18-01.25.58:715][831]LogModuleManager: Shutting down and abandoning module AudioEditor (32)
[2020.09.18-01.25.58:715][831]LogModuleManager: Shutting down and abandoning module TextureCompressor (30)
[2020.09.18-01.25.58:715][831]LogModuleManager: Shutting down and abandoning module ShaderCore (28)
[2020.09.18-01.25.58:715][831]LogModuleManager: Shutting down and abandoning module Landscape (26)
[2020.09.18-01.25.58:715][831]LogModuleManager: Shutting down and abandoning module SlateRHIRenderer (24)
[2020.09.18-01.25.58:718][831]LogModuleManager: Shutting down and abandoning module OpenGLDrv (22)
[2020.09.18-01.25.58:719][831]LogModuleManager: Shutting down and abandoning module D3D11RHI (20)
[2020.09.18-01.25.58:719][831]LogModuleManager: Shutting down and abandoning module AnimGraphRuntime (18)
[2020.09.18-01.25.58:719][831]LogModuleManager: Shutting down and abandoning module Renderer (16)
[2020.09.18-01.25.58:719][831]LogModuleManager: Shutting down and abandoning module Engine (14)
[2020.09.18-01.25.58:719][831]LogModuleManager: Shutting down and abandoning module CoreUObject (12)
[2020.09.18-01.25.58:719][831]LogModuleManager: Shutting down and abandoning module NetworkFile (10)
[2020.09.18-01.25.58:719][831]LogModuleManager: Shutting down and abandoning module CookedIterativeFile (8)
[2020.09.18-01.25.58:719][831]LogModuleManager: Shutting down and abandoning module StreamingFile (6)
[2020.09.18-01.25.58:719][831]LogModuleManager: Shutting down and abandoning module SandboxFile (4)
[2020.09.18-01.25.58:719][831]LogModuleManager: Shutting down and abandoning module PakFile (2)
[2020.09.18-01.25.58:733][831]LogExit: Exiting.
[2020.09.18-01.25.58:791][831]Log file closed, 09/17/20 20:25:58
